
===========================================================================
report_checks -unconstrained
===========================================================================
======================= Typical Corner ===================================

Startpoint: rst (input port clocked by clk)
Endpoint: _350_ (recovery check against rising-edge clock clk)
Path Group: asynchronous
Path Type: max

Fanout     Cap    Slew   Delay    Time   Description
-----------------------------------------------------------------------------
                  0.15    0.00    0.00   clock clk (rise edge)
                          0.00    0.00   clock network delay (ideal)
                          2.00    2.00 v input external delay
     4    0.01    0.03    0.02    2.02 v rst (in)
                                         rst (net)
                  0.03    0.00    2.02 v _316_/A (sky130_fd_sc_hd__buf_1)
    10    0.04    0.25    0.26    2.28 v _316_/X (sky130_fd_sc_hd__buf_1)
                                         _167_ (net)
                  0.25    0.00    2.28 v _317_/A (sky130_fd_sc_hd__inv_2)
     1    0.00    0.06    0.10    2.38 ^ _317_/Y (sky130_fd_sc_hd__inv_2)
                                         _027_ (net)
                  0.06    0.00    2.38 ^ _350_/RESET_B (sky130_fd_sc_hd__dfrtp_2)
                                  2.38   data arrival time

                  0.15   10.00   10.00   clock clk (rise edge)
                          0.00   10.00   clock network delay (ideal)
                         -0.25    9.75   clock uncertainty
                          0.00    9.75   clock reconvergence pessimism
                                  9.75 ^ _350_/CLK (sky130_fd_sc_hd__dfrtp_2)
                          0.25   10.00   library recovery time
                                 10.00   data required time
-----------------------------------------------------------------------------
                                 10.00   data required time
                                 -2.38   data arrival time
-----------------------------------------------------------------------------
                                  7.61   slack (MET)


Startpoint: _362_ (rising edge-triggered flip-flop clocked by clk)
Endpoint: _350_ (rising edge-triggered flip-flop clocked by clk)
Path Group: clk
Path Type: max

Fanout     Cap    Slew   Delay    Time   Description
-----------------------------------------------------------------------------
                  0.15    0.00    0.00   clock clk (rise edge)
                          0.00    0.00   clock network delay (ideal)
                  0.15    0.00    0.00 ^ _362_/CLK (sky130_fd_sc_hd__dfrtp_2)
     4    0.01    0.05    0.45    0.45 v _362_/Q (sky130_fd_sc_hd__dfrtp_2)
                                         one_second_counter[8] (net)
                  0.05    0.00    0.45 v _184_/A (sky130_fd_sc_hd__or4_2)
     3    0.01    0.13    0.74    1.19 v _184_/X (sky130_fd_sc_hd__or4_2)
                                         _066_ (net)
                  0.13    0.00    1.19 v _193_/A (sky130_fd_sc_hd__nor3b_2)
     1    0.00    0.14    0.23    1.42 ^ _193_/Y (sky130_fd_sc_hd__nor3b_2)
                                         _073_ (net)
                  0.14    0.00    1.42 ^ _194_/D (sky130_fd_sc_hd__nand4_2)
     1    0.00    0.06    0.11    1.53 v _194_/Y (sky130_fd_sc_hd__nand4_2)
                                         _074_ (net)
                  0.06    0.00    1.53 v _195_/C (sky130_fd_sc_hd__or4b_2)
     2    0.01    0.13    0.69    2.21 v _195_/X (sky130_fd_sc_hd__or4b_2)
                                         _075_ (net)
                  0.13    0.00    2.21 v _198_/A (sky130_fd_sc_hd__and3_2)
     1    0.00    0.04    0.21    2.42 v _198_/X (sky130_fd_sc_hd__and3_2)
                                         _077_ (net)
                  0.04    0.00    2.42 v _199_/A (sky130_fd_sc_hd__buf_1)
     1    0.00    0.02    0.08    2.50 v _199_/X (sky130_fd_sc_hd__buf_1)
                                         _058_ (net)
                  0.02    0.00    2.50 v _350_/D (sky130_fd_sc_hd__dfrtp_2)
                                  2.50   data arrival time

                  0.15   10.00   10.00   clock clk (rise edge)
                          0.00   10.00   clock network delay (ideal)
                         -0.25    9.75   clock uncertainty
                          0.00    9.75   clock reconvergence pessimism
                                  9.75 ^ _350_/CLK (sky130_fd_sc_hd__dfrtp_2)
                         -0.08    9.67   library setup time
                                  9.67   data required time
-----------------------------------------------------------------------------
                                  9.67   data required time
                                 -2.50   data arrival time
-----------------------------------------------------------------------------
                                  7.16   slack (MET)




===========================================================================
report_checks --slack_max -0.01
============================================================================
======================= Typical Corner ===================================

No paths found.


===========================================================================
 report_check_types -max_slew -max_cap -max_fanout -violators
============================================================================
======================= Typical Corner ===================================


max slew violations count Typical: 0
max fanout violations count Typical: 0
max cap violations count Typical: 0

===========================================================================
report_parasitic_annotation -report_unannotated
============================================================================
Found 224 unannotated drivers.
 clk
 rst
 _175_/X
 _176_/X
 _177_/X
 _178_/X
 _179_/X
 _180_/X
 _181_/X
 _182_/Y
 _183_/Y
 _184_/X
 _185_/Y
 _186_/X
 _187_/X
 _188_/X
 _189_/X
 _190_/X
 _191_/X
 _192_/X
 _193_/Y
 _194_/Y
 _195_/X
 _196_/Y
 _197_/X
 _198_/X
 _199_/X
 _200_/Y
 _201_/Y
 _202_/X
 _203_/X
 _204_/X
 _205_/Y
 _206_/Y
 _207_/X
 _208_/X
 _209_/X
 _210_/X
 _211_/Y
 _212_/X
 _213_/X
 _214_/X
 _215_/Y
 _216_/X
 _217_/X
 _218_/X
 _219_/X
 _220_/X
 _221_/X
 _222_/X
 _223_/X
 _224_/Y
 _225_/X
 _226_/X
 _227_/X
 _228_/X
 _229_/Y
 _230_/X
 _231_/X
 _232_/Y
 _233_/X
 _234_/X
 _235_/X
 _236_/X
 _237_/X
 _238_/X
 _239_/Y
 _240_/X
 _241_/X
 _242_/X
 _243_/X
 _244_/Y
 _245_/X
 _246_/X
 _247_/X
 _248_/X
 _249_/Y
 _250_/X
 _251_/X
 _252_/X
 _253_/X
 _254_/X
 _255_/X
 _256_/Y
 _257_/X
 _258_/X
 _259_/X
 _260_/Y
 _261_/X
 _262_/X
 _263_/X
 _264_/Y
 _265_/X
 _266_/X
 _267_/Y
 _268_/X
 _269_/X
 _270_/X
 _271_/X
 _272_/X
 _273_/Y
 _274_/X
 _275_/X
 _276_/Y
 _277_/X
 _278_/X
 _279_/X
 _280_/Y
 _281_/X
 _282_/X
 _283_/X
 _284_/X
 _285_/X
 _286_/Y
 _287_/X
 _288_/X
 _289_/X
 _290_/X
 _291_/X
 _292_/Y
 _293_/X
 _294_/Y
 _295_/X
 _296_/X
 _297_/X
 _298_/Y
 _299_/X
 _300_/X
 _301_/Y
 _302_/X
 _303_/X
 _304_/Y
 _305_/X
 _306_/X
 _307_/X
 _308_/X
 _309_/X
 _310_/X
 _311_/Y
 _312_/X
 _313_/X
 _314_/X
 _315_/Y
 _316_/X
 _317_/Y
 _318_/Y
 _319_/Y
 _320_/Y
 _321_/Y
 _322_/Y
 _323_/Y
 _324_/Y
 _325_/Y
 _326_/Y
 _327_/X
 _328_/Y
 _329_/Y
 _330_/Y
 _331_/Y
 _332_/Y
 _333_/Y
 _334_/Y
 _335_/Y
 _336_/Y
 _337_/Y
 _338_/X
 _339_/Y
 _340_/Y
 _341_/Y
 _342_/Y
 _343_/Y
 _344_/Y
 _345_/Y
 _346_/Y
 _347_/Y
 _348_/Y
 _349_/Y
 _350_/Q
 _351_/Q
 _352_/Q
 _353_/Q
 _354_/Q
 _355_/Q
 _356_/Q
 _357_/Q
 _358_/Q
 _359_/Q
 _360_/Q
 _361_/Q
 _362_/Q
 _363_/Q
 _364_/Q
 _365_/Q
 _366_/Q
 _367_/Q
 _368_/Q
 _369_/Q
 _370_/Q
 _371_/Q
 _372_/Q
 _373_/Q
 _374_/Q
 _375_/Q
 _376_/Q
 _377_/Q
 _378_/Q
 _379_/Q
 _380_/Q
 _381_/HI
 _381_/LO
 _382_/HI
 _382_/LO
 _383_/HI
 _383_/LO
 _384_/HI
 _384_/LO
 _385_/HI
 _385_/LO
 _386_/HI
 _386_/LO
 _387_/HI
 _387_/LO
 _388_/HI
 _388_/LO
Found 0 partially unannotated drivers.

===========================================================================
max slew violation count 0
max fanout violation count 0
max cap violation count 0
============================================================================

===========================================================================
check_setup -verbose -unconstrained_endpoints -multiple_clock -no_clock -no_input_delay -loops -generated_clocks
===========================================================================
Warning: There are 8 unconstrained endpoints.
  AN[0]
  AN[1]
  AN[2]
  AN[3]
  AN[4]
  AN[5]
  AN[6]
  AN[7]
