OpenROAD b16bda7e82721d10566ff7e2b68f1ff0be9f9e38 
Features included (+) or not (-): +Charts +GPU +GUI +Python
This program is licensed under the BSD-3 license. See the LICENSE file for details.
Components of this program may be licensed under more restrictive licenses which must be honored.
define_corners Typical
read_liberty -corner Typical /home/beeri/.volare/sky130A/libs.ref/sky130_fd_sc_hd/lib/sky130_fd_sc_hd__tt_025C_1v80.lib
Using 1e-12 for capacitance...
Using 1e+03 for resistance...
Using 1e-09 for time...
Using 1e+00 for voltage...
Using 1e-03 for current...
Using 1e-09 for power...
Using 1e-06 for distance...
[INFO]: Reading ODB at '/openlane/designs/project2/runs/RUN_2025.05.10_13.53.11/results/placement/alu.odb'…
Reading design constraints file at '/openlane/scripts/base.sdc'…
[INFO]: Setting output delay to: 2.0
[INFO]: Setting input delay to: 2.0
[WARNING STA-0366] port '__VIRTUAL_CLK__' not found.
[INFO]: Setting load to: 0.033442
[INFO]: Setting clock uncertainty to: 0.25
[INFO]: Setting clock transition to: 0.15
[WARNING STA-0419] transition time can not be specified for virtual clocks.
[INFO]: Setting timing derate to: 5.0 %
[INFO]: Setting RC values...
min_report

===========================================================================
report_checks -path_delay min (Hold)
============================================================================
======================= Typical Corner ===================================

Startpoint: A[6] (input port clocked by __VIRTUAL_CLK__)
Endpoint: out[6] (output port clocked by __VIRTUAL_CLK__)
Path Group: __VIRTUAL_CLK__
Path Type: min

Fanout     Cap    Slew   Delay    Time   Description
-----------------------------------------------------------------------------
                  0.00    0.00    0.00   clock __VIRTUAL_CLK__ (rise edge)
                          0.00    0.00   clock network delay (ideal)
                          2.00    2.00 ^ input external delay
     1    0.00    0.02    0.01    2.01 ^ A[6] (in)
                                         A[6] (net)
                  0.02    0.00    2.01 ^ input7/A (sky130_fd_sc_hd__buf_4)
    10    0.05    0.15    0.17    2.19 ^ input7/X (sky130_fd_sc_hd__buf_4)
                                         net7 (net)
                  0.15    0.00    2.19 ^ _453_/A1 (sky130_fd_sc_hd__a22oi_2)
     1    0.01    0.06    0.10    2.29 v _453_/Y (sky130_fd_sc_hd__a22oi_2)
                                         net26 (net)
                  0.06    0.00    2.29 v output26/A (sky130_fd_sc_hd__buf_2)
     1    0.03    0.09    0.18    2.47 v output26/X (sky130_fd_sc_hd__buf_2)
                                         out[6] (net)
                  0.09    0.00    2.47 v out[6] (out)
                                  2.47   data arrival time

                  0.00    0.00    0.00   clock __VIRTUAL_CLK__ (rise edge)
                          0.00    0.00   clock network delay (ideal)
                          0.25    0.25   clock uncertainty
                          0.00    0.25   clock reconvergence pessimism
                         -2.00   -1.75   output external delay
                                 -1.75   data required time
-----------------------------------------------------------------------------
                                 -1.75   data required time
                                 -2.47   data arrival time
-----------------------------------------------------------------------------
                                  4.22   slack (MET)


Startpoint: A[7] (input port clocked by __VIRTUAL_CLK__)
Endpoint: out[7] (output port clocked by __VIRTUAL_CLK__)
Path Group: __VIRTUAL_CLK__
Path Type: min

Fanout     Cap    Slew   Delay    Time   Description
-----------------------------------------------------------------------------
                  0.00    0.00    0.00   clock __VIRTUAL_CLK__ (rise edge)
                          0.00    0.00   clock network delay (ideal)
                          2.00    2.00 v input external delay
     1    0.00    0.01    0.00    2.00 v A[7] (in)
                                         A[7] (net)
                  0.01    0.00    2.00 v input8/A (sky130_fd_sc_hd__buf_2)
     6    0.03    0.08    0.15    2.15 v input8/X (sky130_fd_sc_hd__buf_2)
                                         net8 (net)
                  0.08    0.00    2.15 v _502_/A (sky130_fd_sc_hd__inv_2)
     1    0.01    0.04    0.06    2.21 ^ _502_/Y (sky130_fd_sc_hd__inv_2)
                                         _179_ (net)
                  0.04    0.00    2.21 ^ _503_/B2 (sky130_fd_sc_hd__o32a_1)
     1    0.01    0.10    0.15    2.36 ^ _503_/X (sky130_fd_sc_hd__o32a_1)
                                         net27 (net)
                  0.10    0.00    2.36 ^ output27/A (sky130_fd_sc_hd__buf_2)
     1    0.03    0.17    0.21    2.57 ^ output27/X (sky130_fd_sc_hd__buf_2)
                                         out[7] (net)
                  0.17    0.00    2.57 ^ out[7] (out)
                                  2.57   data arrival time

                  0.00    0.00    0.00   clock __VIRTUAL_CLK__ (rise edge)
                          0.00    0.00   clock network delay (ideal)
                          0.25    0.25   clock uncertainty
                          0.00    0.25   clock reconvergence pessimism
                         -2.00   -1.75   output external delay
                                 -1.75   data required time
-----------------------------------------------------------------------------
                                 -1.75   data required time
                                 -2.57   data arrival time
-----------------------------------------------------------------------------
                                  4.32   slack (MET)


Startpoint: A[5] (input port clocked by __VIRTUAL_CLK__)
Endpoint: out[5] (output port clocked by __VIRTUAL_CLK__)
Path Group: __VIRTUAL_CLK__
Path Type: min

Fanout     Cap    Slew   Delay    Time   Description
-----------------------------------------------------------------------------
                  0.00    0.00    0.00   clock __VIRTUAL_CLK__ (rise edge)
                          0.00    0.00   clock network delay (ideal)
                          2.00    2.00 ^ input external delay
     1    0.00    0.02    0.01    2.01 ^ A[5] (in)
                                         A[5] (net)
                  0.02    0.00    2.01 ^ input6/A (sky130_fd_sc_hd__clkbuf_2)
     3    0.02    0.11    0.14    2.15 ^ input6/X (sky130_fd_sc_hd__clkbuf_2)
                                         net6 (net)
                  0.11    0.00    2.15 ^ _374_/A (sky130_fd_sc_hd__clkbuf_4)
    10    0.05    0.14    0.22    2.37 ^ _374_/X (sky130_fd_sc_hd__clkbuf_4)
                                         _052_ (net)
                  0.14    0.00    2.37 ^ _410_/A1 (sky130_fd_sc_hd__a21oi_1)
     1    0.01    0.05    0.10    2.47 v _410_/Y (sky130_fd_sc_hd__a21oi_1)
                                         net25 (net)
                  0.05    0.00    2.47 v output25/A (sky130_fd_sc_hd__buf_2)
     1    0.03    0.09    0.17    2.64 v output25/X (sky130_fd_sc_hd__buf_2)
                                         out[5] (net)
                  0.09    0.00    2.64 v out[5] (out)
                                  2.64   data arrival time

                  0.00    0.00    0.00   clock __VIRTUAL_CLK__ (rise edge)
                          0.00    0.00   clock network delay (ideal)
                          0.25    0.25   clock uncertainty
                          0.00    0.25   clock reconvergence pessimism
                         -2.00   -1.75   output external delay
                                 -1.75   data required time
-----------------------------------------------------------------------------
                                 -1.75   data required time
                                 -2.64   data arrival time
-----------------------------------------------------------------------------
                                  4.39   slack (MET)


Startpoint: A[4] (input port clocked by __VIRTUAL_CLK__)
Endpoint: out[4] (output port clocked by __VIRTUAL_CLK__)
Path Group: __VIRTUAL_CLK__
Path Type: min

Fanout     Cap    Slew   Delay    Time   Description
-----------------------------------------------------------------------------
                  0.00    0.00    0.00   clock __VIRTUAL_CLK__ (rise edge)
                          0.00    0.00   clock network delay (ideal)
                          2.00    2.00 v input external delay
     1    0.00    0.01    0.00    2.00 v A[4] (in)
                                         A[4] (net)
                  0.01    0.00    2.00 v input5/A (sky130_fd_sc_hd__buf_2)
     4    0.03    0.07    0.14    2.15 v input5/X (sky130_fd_sc_hd__buf_2)
                                         net5 (net)
                  0.07    0.00    2.15 v _340_/A (sky130_fd_sc_hd__buf_4)
    10    0.04    0.07    0.18    2.33 v _340_/X (sky130_fd_sc_hd__buf_4)
                                         _019_ (net)
                  0.07    0.00    2.33 v _373_/A1_N (sky130_fd_sc_hd__o2bb2a_1)
     1    0.00    0.04    0.23    2.56 ^ _373_/X (sky130_fd_sc_hd__o2bb2a_1)
                                         net24 (net)
                  0.04    0.00    2.56 ^ output24/A (sky130_fd_sc_hd__buf_2)
     1    0.03    0.17    0.19    2.74 ^ output24/X (sky130_fd_sc_hd__buf_2)
                                         out[4] (net)
                  0.17    0.00    2.74 ^ out[4] (out)
                                  2.74   data arrival time

                  0.00    0.00    0.00   clock __VIRTUAL_CLK__ (rise edge)
                          0.00    0.00   clock network delay (ideal)
                          0.25    0.25   clock uncertainty
                          0.00    0.25   clock reconvergence pessimism
                         -2.00   -1.75   output external delay
                                 -1.75   data required time
-----------------------------------------------------------------------------
                                 -1.75   data required time
                                 -2.74   data arrival time
-----------------------------------------------------------------------------
                                  4.49   slack (MET)


Startpoint: opcode[0] (input port clocked by __VIRTUAL_CLK__)
Endpoint: out[0] (output port clocked by __VIRTUAL_CLK__)
Path Group: __VIRTUAL_CLK__
Path Type: min

Fanout     Cap    Slew   Delay    Time   Description
-----------------------------------------------------------------------------
                  0.00    0.00    0.00   clock __VIRTUAL_CLK__ (rise edge)
                          0.00    0.00   clock network delay (ideal)
                          2.00    2.00 v input external delay
     1    0.00    0.01    0.00    2.00 v opcode[0] (in)
                                         opcode[0] (net)
                  0.01    0.00    2.00 v input17/A (sky130_fd_sc_hd__buf_2)
     5    0.03    0.07    0.14    2.14 v input17/X (sky130_fd_sc_hd__buf_2)
                                         net17 (net)
                  0.07    0.00    2.15 v _254_/A (sky130_fd_sc_hd__nand2_2)
     3    0.02    0.13    0.12    2.27 ^ _254_/Y (sky130_fd_sc_hd__nand2_2)
                                         _185_ (net)
                  0.13    0.00    2.27 ^ _261_/A2 (sky130_fd_sc_hd__a31o_1)
     1    0.00    0.05    0.15    2.42 ^ _261_/X (sky130_fd_sc_hd__a31o_1)
                                         _192_ (net)
                  0.05    0.00    2.42 ^ _262_/B2 (sky130_fd_sc_hd__a2bb2o_1)
     1    0.01    0.10    0.16    2.58 ^ _262_/X (sky130_fd_sc_hd__a2bb2o_1)
                                         net20 (net)
                  0.10    0.00    2.58 ^ output20/A (sky130_fd_sc_hd__buf_2)
     1    0.03    0.17    0.21    2.79 ^ output20/X (sky130_fd_sc_hd__buf_2)
                                         out[0] (net)
                  0.17    0.00    2.79 ^ out[0] (out)
                                  2.79   data arrival time

                  0.00    0.00    0.00   clock __VIRTUAL_CLK__ (rise edge)
                          0.00    0.00   clock network delay (ideal)
                          0.25    0.25   clock uncertainty
                          0.00    0.25   clock reconvergence pessimism
                         -2.00   -1.75   output external delay
                                 -1.75   data required time
-----------------------------------------------------------------------------
                                 -1.75   data required time
                                 -2.79   data arrival time
-----------------------------------------------------------------------------
                                  4.54   slack (MET)


Startpoint: A[3] (input port clocked by __VIRTUAL_CLK__)
Endpoint: out[3] (output port clocked by __VIRTUAL_CLK__)
Path Group: __VIRTUAL_CLK__
Path Type: min

Fanout     Cap    Slew   Delay    Time   Description
-----------------------------------------------------------------------------
                  0.00    0.00    0.00   clock __VIRTUAL_CLK__ (rise edge)
                          0.00    0.00   clock network delay (ideal)
                          2.00    2.00 v input external delay
     1    0.00    0.01    0.00    2.00 v A[3] (in)
                                         A[3] (net)
                  0.01    0.00    2.00 v input4/A (sky130_fd_sc_hd__buf_2)
     7    0.03    0.08    0.15    2.16 v input4/X (sky130_fd_sc_hd__buf_2)
                                         net4 (net)
                  0.08    0.00    2.16 v _310_/A (sky130_fd_sc_hd__buf_4)
    10    0.05    0.07    0.19    2.34 v _310_/X (sky130_fd_sc_hd__buf_4)
                                         _238_ (net)
                  0.07    0.00    2.34 v _339_/A1_N (sky130_fd_sc_hd__o2bb2a_1)
     1    0.01    0.08    0.26    2.60 ^ _339_/X (sky130_fd_sc_hd__o2bb2a_1)
                                         net23 (net)
                  0.08    0.00    2.60 ^ output23/A (sky130_fd_sc_hd__buf_2)
     1    0.03    0.17    0.20    2.80 ^ output23/X (sky130_fd_sc_hd__buf_2)
                                         out[3] (net)
                  0.17    0.00    2.80 ^ out[3] (out)
                                  2.80   data arrival time

                  0.00    0.00    0.00   clock __VIRTUAL_CLK__ (rise edge)
                          0.00    0.00   clock network delay (ideal)
                          0.25    0.25   clock uncertainty
                          0.00    0.25   clock reconvergence pessimism
                         -2.00   -1.75   output external delay
                                 -1.75   data required time
-----------------------------------------------------------------------------
                                 -1.75   data required time
                                 -2.80   data arrival time
-----------------------------------------------------------------------------
                                  4.55   slack (MET)


Startpoint: A[1] (input port clocked by __VIRTUAL_CLK__)
Endpoint: out[1] (output port clocked by __VIRTUAL_CLK__)
Path Group: __VIRTUAL_CLK__
Path Type: min

Fanout     Cap    Slew   Delay    Time   Description
-----------------------------------------------------------------------------
                  0.00    0.00    0.00   clock __VIRTUAL_CLK__ (rise edge)
                          0.00    0.00   clock network delay (ideal)
                          2.00    2.00 ^ input external delay
     1    0.00    0.02    0.01    2.01 ^ A[1] (in)
                                         A[1] (net)
                  0.02    0.00    2.01 ^ input2/A (sky130_fd_sc_hd__clkbuf_4)
    10    0.04    0.12    0.17    2.18 ^ input2/X (sky130_fd_sc_hd__clkbuf_4)
                                         net2 (net)
                  0.12    0.00    2.18 ^ _263_/A (sky130_fd_sc_hd__buf_2)
    10    0.03    0.17    0.21    2.39 ^ _263_/X (sky130_fd_sc_hd__buf_2)
                                         _193_ (net)
                  0.17    0.00    2.39 ^ _287_/A1_N (sky130_fd_sc_hd__o2bb2a_1)
     1    0.01    0.06    0.25    2.64 v _287_/X (sky130_fd_sc_hd__o2bb2a_1)
                                         net21 (net)
                  0.06    0.00    2.64 v output21/A (sky130_fd_sc_hd__buf_2)
     1    0.03    0.09    0.18    2.82 v output21/X (sky130_fd_sc_hd__buf_2)
                                         out[1] (net)
                  0.09    0.00    2.82 v out[1] (out)
                                  2.82   data arrival time

                  0.00    0.00    0.00   clock __VIRTUAL_CLK__ (rise edge)
                          0.00    0.00   clock network delay (ideal)
                          0.25    0.25   clock uncertainty
                          0.00    0.25   clock reconvergence pessimism
                         -2.00   -1.75   output external delay
                                 -1.75   data required time
-----------------------------------------------------------------------------
                                 -1.75   data required time
                                 -2.82   data arrival time
-----------------------------------------------------------------------------
                                  4.57   slack (MET)


Startpoint: A[2] (input port clocked by __VIRTUAL_CLK__)
Endpoint: out[2] (output port clocked by __VIRTUAL_CLK__)
Path Group: __VIRTUAL_CLK__
Path Type: min

Fanout     Cap    Slew   Delay    Time   Description
-----------------------------------------------------------------------------
                  0.00    0.00    0.00   clock __VIRTUAL_CLK__ (rise edge)
                          0.00    0.00   clock network delay (ideal)
                          2.00    2.00 ^ input external delay
     1    0.00    0.02    0.01    2.01 ^ A[2] (in)
                                         A[2] (net)
                  0.02    0.00    2.01 ^ input3/A (sky130_fd_sc_hd__clkbuf_4)
     8    0.04    0.12    0.17    2.18 ^ input3/X (sky130_fd_sc_hd__clkbuf_4)
                                         net3 (net)
                  0.12    0.00    2.18 ^ _288_/A (sky130_fd_sc_hd__clkbuf_4)
    10    0.04    0.14    0.22    2.40 ^ _288_/X (sky130_fd_sc_hd__clkbuf_4)
                                         _217_ (net)
                  0.14    0.00    2.40 ^ _309_/A1_N (sky130_fd_sc_hd__o2bb2a_1)
     1    0.01    0.07    0.26    2.66 v _309_/X (sky130_fd_sc_hd__o2bb2a_1)
                                         net22 (net)
                  0.07    0.00    2.66 v output22/A (sky130_fd_sc_hd__buf_2)
     1    0.03    0.09    0.18    2.84 v output22/X (sky130_fd_sc_hd__buf_2)
                                         out[2] (net)
                  0.09    0.00    2.84 v out[2] (out)
                                  2.84   data arrival time

                  0.00    0.00    0.00   clock __VIRTUAL_CLK__ (rise edge)
                          0.00    0.00   clock network delay (ideal)
                          0.25    0.25   clock uncertainty
                          0.00    0.25   clock reconvergence pessimism
                         -2.00   -1.75   output external delay
                                 -1.75   data required time
-----------------------------------------------------------------------------
                                 -1.75   data required time
                                 -2.84   data arrival time
-----------------------------------------------------------------------------
                                  4.59   slack (MET)



worst slack corner Typical: 4.2176
min_report_end
max_report

===========================================================================
report_checks -path_delay max (Setup)
============================================================================
======================= Typical Corner ===================================

Startpoint: B[1] (input port clocked by __VIRTUAL_CLK__)
Endpoint: out[7] (output port clocked by __VIRTUAL_CLK__)
Path Group: __VIRTUAL_CLK__
Path Type: max

Fanout     Cap    Slew   Delay    Time   Description
-----------------------------------------------------------------------------
                  0.00    0.00    0.00   clock __VIRTUAL_CLK__ (rise edge)
                          0.00    0.00   clock network delay (ideal)
                          2.00    2.00 v input external delay
     1    0.00    0.01    0.01    2.01 v B[1] (in)
                                         B[1] (net)
                  0.01    0.00    2.01 v input10/A (sky130_fd_sc_hd__clkbuf_2)
     4    0.02    0.10    0.15    2.16 v input10/X (sky130_fd_sc_hd__clkbuf_2)
                                         net10 (net)
                  0.10    0.00    2.16 v _266_/A (sky130_fd_sc_hd__buf_4)
    10    0.05    0.08    0.22    2.38 v _266_/X (sky130_fd_sc_hd__buf_4)
                                         _196_ (net)
                  0.08    0.00    2.38 v _383_/A1 (sky130_fd_sc_hd__a22o_2)
     3    0.02    0.07    0.30    2.69 v _383_/X (sky130_fd_sc_hd__a22o_2)
                                         _061_ (net)
                  0.07    0.00    2.69 v _385_/A2 (sky130_fd_sc_hd__a21o_1)
     2    0.02    0.09    0.25    2.94 v _385_/X (sky130_fd_sc_hd__a21o_1)
                                         _063_ (net)
                  0.09    0.00    2.94 v _389_/A1 (sky130_fd_sc_hd__a21o_1)
     3    0.02    0.09    0.23    3.17 v _389_/X (sky130_fd_sc_hd__a21o_1)
                                         _067_ (net)
                  0.09    0.00    3.17 v _395_/A2 (sky130_fd_sc_hd__a21o_1)
     3    0.02    0.09    0.25    3.42 v _395_/X (sky130_fd_sc_hd__a21o_1)
                                         _073_ (net)
                  0.09    0.00    3.42 v _398_/A (sky130_fd_sc_hd__and3_1)
     2    0.01    0.07    0.20    3.63 v _398_/X (sky130_fd_sc_hd__and3_1)
                                         _076_ (net)
                  0.07    0.00    3.63 v _401_/B (sky130_fd_sc_hd__or3_4)
     4    0.02    0.09    0.44    4.06 v _401_/X (sky130_fd_sc_hd__or3_4)
                                         _079_ (net)
                  0.09    0.00    4.06 v _465_/A2 (sky130_fd_sc_hd__a211o_1)
     2    0.01    0.09    0.37    4.44 v _465_/X (sky130_fd_sc_hd__a211o_1)
                                         _141_ (net)
                  0.09    0.00    4.44 v _494_/A (sky130_fd_sc_hd__or3_1)
     2    0.01    0.09    0.43    4.87 v _494_/X (sky130_fd_sc_hd__or3_1)
                                         _170_ (net)
                  0.09    0.00    4.87 v _496_/B (sky130_fd_sc_hd__and3_1)
     1    0.00    0.05    0.20    5.06 v _496_/X (sky130_fd_sc_hd__and3_1)
                                         _172_ (net)
                  0.05    0.00    5.06 v _498_/A1 (sky130_fd_sc_hd__o21a_1)
     1    0.01    0.06    0.22    5.29 v _498_/X (sky130_fd_sc_hd__o21a_1)
                                         _174_ (net)
                  0.06    0.00    5.29 v _503_/A2 (sky130_fd_sc_hd__o32a_1)
     1    0.01    0.08    0.38    5.67 v _503_/X (sky130_fd_sc_hd__o32a_1)
                                         net27 (net)
                  0.08    0.00    5.67 v output27/A (sky130_fd_sc_hd__buf_2)
     1    0.03    0.09    0.20    5.87 v output27/X (sky130_fd_sc_hd__buf_2)
                                         out[7] (net)
                  0.09    0.00    5.87 v out[7] (out)
                                  5.87   data arrival time

                  0.00   10.00   10.00   clock __VIRTUAL_CLK__ (rise edge)
                          0.00   10.00   clock network delay (ideal)
                         -0.25    9.75   clock uncertainty
                          0.00    9.75   clock reconvergence pessimism
                         -2.00    7.75   output external delay
                                  7.75   data required time
-----------------------------------------------------------------------------
                                  7.75   data required time
                                 -5.87   data arrival time
-----------------------------------------------------------------------------
                                  1.88   slack (MET)


Startpoint: B[1] (input port clocked by __VIRTUAL_CLK__)
Endpoint: out[6] (output port clocked by __VIRTUAL_CLK__)
Path Group: __VIRTUAL_CLK__
Path Type: max

Fanout     Cap    Slew   Delay    Time   Description
-----------------------------------------------------------------------------
                  0.00    0.00    0.00   clock __VIRTUAL_CLK__ (rise edge)
                          0.00    0.00   clock network delay (ideal)
                          2.00    2.00 v input external delay
     1    0.00    0.01    0.01    2.01 v B[1] (in)
                                         B[1] (net)
                  0.01    0.00    2.01 v input10/A (sky130_fd_sc_hd__clkbuf_2)
     4    0.02    0.10    0.15    2.16 v input10/X (sky130_fd_sc_hd__clkbuf_2)
                                         net10 (net)
                  0.10    0.00    2.16 v _266_/A (sky130_fd_sc_hd__buf_4)
    10    0.05    0.08    0.22    2.38 v _266_/X (sky130_fd_sc_hd__buf_4)
                                         _196_ (net)
                  0.08    0.00    2.38 v _383_/A1 (sky130_fd_sc_hd__a22o_2)
     3    0.02    0.07    0.30    2.69 v _383_/X (sky130_fd_sc_hd__a22o_2)
                                         _061_ (net)
                  0.07    0.00    2.69 v _385_/A2 (sky130_fd_sc_hd__a21o_1)
     2    0.02    0.09    0.25    2.94 v _385_/X (sky130_fd_sc_hd__a21o_1)
                                         _063_ (net)
                  0.09    0.00    2.94 v _389_/A1 (sky130_fd_sc_hd__a21o_1)
     3    0.02    0.09    0.23    3.17 v _389_/X (sky130_fd_sc_hd__a21o_1)
                                         _067_ (net)
                  0.09    0.00    3.17 v _395_/A2 (sky130_fd_sc_hd__a21o_1)
     3    0.02    0.09    0.25    3.42 v _395_/X (sky130_fd_sc_hd__a21o_1)
                                         _073_ (net)
                  0.09    0.00    3.42 v _398_/A (sky130_fd_sc_hd__and3_1)
     2    0.01    0.07    0.20    3.63 v _398_/X (sky130_fd_sc_hd__and3_1)
                                         _076_ (net)
                  0.07    0.00    3.63 v _401_/B (sky130_fd_sc_hd__or3_4)
     4    0.02    0.09    0.44    4.06 v _401_/X (sky130_fd_sc_hd__or3_4)
                                         _079_ (net)
                  0.09    0.00    4.06 v _437_/C1 (sky130_fd_sc_hd__o211a_1)
     2    0.01    0.07    0.17    4.23 v _437_/X (sky130_fd_sc_hd__o211a_1)
                                         _114_ (net)
                  0.07    0.00    4.23 v _439_/B (sky130_fd_sc_hd__or2_1)
     1    0.00    0.05    0.23    4.46 v _439_/X (sky130_fd_sc_hd__or2_1)
                                         _116_ (net)
                  0.05    0.00    4.46 v _440_/A2 (sky130_fd_sc_hd__a21bo_1)
     1    0.00    0.04    0.21    4.66 v _440_/X (sky130_fd_sc_hd__a21bo_1)
                                         _117_ (net)
                  0.04    0.00    4.66 v _441_/B (sky130_fd_sc_hd__or2_1)
     1    0.01    0.06    0.23    4.89 v _441_/X (sky130_fd_sc_hd__or2_1)
                                         _118_ (net)
                  0.06    0.00    4.89 v _453_/B1 (sky130_fd_sc_hd__a22oi_2)
     1    0.01    0.17    0.16    5.05 ^ _453_/Y (sky130_fd_sc_hd__a22oi_2)
                                         net26 (net)
                  0.17    0.00    5.05 ^ output26/A (sky130_fd_sc_hd__buf_2)
     1    0.03    0.17    0.25    5.30 ^ output26/X (sky130_fd_sc_hd__buf_2)
                                         out[6] (net)
                  0.17    0.00    5.30 ^ out[6] (out)
                                  5.30   data arrival time

                  0.00   10.00   10.00   clock __VIRTUAL_CLK__ (rise edge)
                          0.00   10.00   clock network delay (ideal)
                         -0.25    9.75   clock uncertainty
                          0.00    9.75   clock reconvergence pessimism
                         -2.00    7.75   output external delay
                                  7.75   data required time
-----------------------------------------------------------------------------
                                  7.75   data required time
                                 -5.30   data arrival time
-----------------------------------------------------------------------------
                                  2.45   slack (MET)


Startpoint: B[2] (input port clocked by __VIRTUAL_CLK__)
Endpoint: out[5] (output port clocked by __VIRTUAL_CLK__)
Path Group: __VIRTUAL_CLK__
Path Type: max

Fanout     Cap    Slew   Delay    Time   Description
-----------------------------------------------------------------------------
                  0.00    0.00    0.00   clock __VIRTUAL_CLK__ (rise edge)
                          0.00    0.00   clock network delay (ideal)
                          2.00    2.00 ^ input external delay
     1    0.00    0.02    0.01    2.01 ^ B[2] (in)
                                         B[2] (net)
                  0.02    0.00    2.01 ^ input11/A (sky130_fd_sc_hd__clkbuf_2)
     5    0.02    0.14    0.17    2.18 ^ input11/X (sky130_fd_sc_hd__clkbuf_2)
                                         net11 (net)
                  0.14    0.00    2.19 ^ _289_/A (sky130_fd_sc_hd__buf_4)
    10    0.06    0.16    0.24    2.43 ^ _289_/X (sky130_fd_sc_hd__buf_4)
                                         _218_ (net)
                  0.16    0.00    2.43 ^ _322_/B (sky130_fd_sc_hd__nand2_2)
     3    0.02    0.09    0.12    2.55 v _322_/Y (sky130_fd_sc_hd__nand2_2)
                                         _002_ (net)
                  0.09    0.00    2.55 v _325_/A (sky130_fd_sc_hd__or3_2)
     2    0.01    0.11    0.56    3.11 v _325_/X (sky130_fd_sc_hd__or3_2)
                                         _005_ (net)
                  0.11    0.00    3.12 v _330_/A1 (sky130_fd_sc_hd__a21o_1)
     2    0.01    0.07    0.22    3.34 v _330_/X (sky130_fd_sc_hd__a21o_1)
                                         _010_ (net)
                  0.07    0.00    3.34 v _331_/B (sky130_fd_sc_hd__and2b_1)
     1    0.01    0.06    0.20    3.54 v _331_/X (sky130_fd_sc_hd__and2b_1)
                                         _011_ (net)
                  0.06    0.00    3.54 v _332_/B (sky130_fd_sc_hd__xnor2_1)
     2    0.01    0.20    0.21    3.75 ^ _332_/Y (sky130_fd_sc_hd__xnor2_1)
                                         _012_ (net)
                  0.20    0.00    3.75 ^ _333_/B (sky130_fd_sc_hd__nand2_1)
     3    0.01    0.11    0.15    3.90 v _333_/Y (sky130_fd_sc_hd__nand2_1)
                                         _013_ (net)
                  0.11    0.00    3.90 v _359_/A_N (sky130_fd_sc_hd__nand3b_2)
     4    0.02    0.12    0.30    4.20 v _359_/Y (sky130_fd_sc_hd__nand3b_2)
                                         _038_ (net)
                  0.12    0.00    4.20 v _403_/A2 (sky130_fd_sc_hd__a21o_1)
     2    0.01    0.06    0.25    4.45 v _403_/X (sky130_fd_sc_hd__a21o_1)
                                         _081_ (net)
                  0.06    0.00    4.45 v _408_/A2 (sky130_fd_sc_hd__a31o_1)
     1    0.01    0.06    0.25    4.70 v _408_/X (sky130_fd_sc_hd__a31o_1)
                                         _086_ (net)
                  0.06    0.00    4.70 v _409_/B1 (sky130_fd_sc_hd__a21oi_1)
     1    0.00    0.14    0.15    4.84 ^ _409_/Y (sky130_fd_sc_hd__a21oi_1)
                                         _087_ (net)
                  0.14    0.00    4.84 ^ _410_/B1 (sky130_fd_sc_hd__a21oi_1)
     1    0.01    0.07    0.08    4.92 v _410_/Y (sky130_fd_sc_hd__a21oi_1)
                                         net25 (net)
                  0.07    0.00    4.92 v output25/A (sky130_fd_sc_hd__buf_2)
     1    0.03    0.09    0.20    5.13 v output25/X (sky130_fd_sc_hd__buf_2)
                                         out[5] (net)
                  0.09    0.00    5.13 v out[5] (out)
                                  5.13   data arrival time

                  0.00   10.00   10.00   clock __VIRTUAL_CLK__ (rise edge)
                          0.00   10.00   clock network delay (ideal)
                         -0.25    9.75   clock uncertainty
                          0.00    9.75   clock reconvergence pessimism
                         -2.00    7.75   output external delay
                                  7.75   data required time
-----------------------------------------------------------------------------
                                  7.75   data required time
                                 -5.13   data arrival time
-----------------------------------------------------------------------------
                                  2.62   slack (MET)


Startpoint: B[2] (input port clocked by __VIRTUAL_CLK__)
Endpoint: out[4] (output port clocked by __VIRTUAL_CLK__)
Path Group: __VIRTUAL_CLK__
Path Type: max

Fanout     Cap    Slew   Delay    Time   Description
-----------------------------------------------------------------------------
                  0.00    0.00    0.00   clock __VIRTUAL_CLK__ (rise edge)
                          0.00    0.00   clock network delay (ideal)
                          2.00    2.00 ^ input external delay
     1    0.00    0.02    0.01    2.01 ^ B[2] (in)
                                         B[2] (net)
                  0.02    0.00    2.01 ^ input11/A (sky130_fd_sc_hd__clkbuf_2)
     5    0.02    0.14    0.17    2.18 ^ input11/X (sky130_fd_sc_hd__clkbuf_2)
                                         net11 (net)
                  0.14    0.00    2.19 ^ _289_/A (sky130_fd_sc_hd__buf_4)
    10    0.06    0.16    0.24    2.43 ^ _289_/X (sky130_fd_sc_hd__buf_4)
                                         _218_ (net)
                  0.16    0.00    2.43 ^ _322_/B (sky130_fd_sc_hd__nand2_2)
     3    0.02    0.09    0.12    2.55 v _322_/Y (sky130_fd_sc_hd__nand2_2)
                                         _002_ (net)
                  0.09    0.00    2.55 v _325_/A (sky130_fd_sc_hd__or3_2)
     2    0.01    0.11    0.56    3.11 v _325_/X (sky130_fd_sc_hd__or3_2)
                                         _005_ (net)
                  0.11    0.00    3.12 v _330_/A1 (sky130_fd_sc_hd__a21o_1)
     2    0.01    0.07    0.22    3.34 v _330_/X (sky130_fd_sc_hd__a21o_1)
                                         _010_ (net)
                  0.07    0.00    3.34 v _331_/B (sky130_fd_sc_hd__and2b_1)
     1    0.01    0.06    0.20    3.54 v _331_/X (sky130_fd_sc_hd__and2b_1)
                                         _011_ (net)
                  0.06    0.00    3.54 v _332_/B (sky130_fd_sc_hd__xnor2_1)
     2    0.01    0.20    0.21    3.75 ^ _332_/Y (sky130_fd_sc_hd__xnor2_1)
                                         _012_ (net)
                  0.20    0.00    3.75 ^ _333_/B (sky130_fd_sc_hd__nand2_1)
     3    0.01    0.11    0.15    3.90 v _333_/Y (sky130_fd_sc_hd__nand2_1)
                                         _013_ (net)
                  0.11    0.00    3.90 v _359_/A_N (sky130_fd_sc_hd__nand3b_2)
     4    0.02    0.12    0.30    4.20 v _359_/Y (sky130_fd_sc_hd__nand3b_2)
                                         _038_ (net)
                  0.12    0.00    4.20 v _360_/C (sky130_fd_sc_hd__and3_1)
     1    0.00    0.04    0.23    4.43 v _360_/X (sky130_fd_sc_hd__and3_1)
                                         _039_ (net)
                  0.04    0.00    4.43 v _373_/B1 (sky130_fd_sc_hd__o2bb2a_1)
     1    0.00    0.05    0.29    4.72 v _373_/X (sky130_fd_sc_hd__o2bb2a_1)
                                         net24 (net)
                  0.05    0.00    4.72 v output24/A (sky130_fd_sc_hd__buf_2)
     1    0.03    0.09    0.19    4.91 v output24/X (sky130_fd_sc_hd__buf_2)
                                         out[4] (net)
                  0.09    0.00    4.91 v out[4] (out)
                                  4.91   data arrival time

                  0.00   10.00   10.00   clock __VIRTUAL_CLK__ (rise edge)
                          0.00   10.00   clock network delay (ideal)
                         -0.25    9.75   clock uncertainty
                          0.00    9.75   clock reconvergence pessimism
                         -2.00    7.75   output external delay
                                  7.75   data required time
-----------------------------------------------------------------------------
                                  7.75   data required time
                                 -4.91   data arrival time
-----------------------------------------------------------------------------
                                  2.84   slack (MET)


Startpoint: B[2] (input port clocked by __VIRTUAL_CLK__)
Endpoint: out[3] (output port clocked by __VIRTUAL_CLK__)
Path Group: __VIRTUAL_CLK__
Path Type: max

Fanout     Cap    Slew   Delay    Time   Description
-----------------------------------------------------------------------------
                  0.00    0.00    0.00   clock __VIRTUAL_CLK__ (rise edge)
                          0.00    0.00   clock network delay (ideal)
                          2.00    2.00 ^ input external delay
     1    0.00    0.02    0.01    2.01 ^ B[2] (in)
                                         B[2] (net)
                  0.02    0.00    2.01 ^ input11/A (sky130_fd_sc_hd__clkbuf_2)
     5    0.02    0.14    0.17    2.18 ^ input11/X (sky130_fd_sc_hd__clkbuf_2)
                                         net11 (net)
                  0.14    0.00    2.19 ^ _289_/A (sky130_fd_sc_hd__buf_4)
    10    0.06    0.16    0.24    2.43 ^ _289_/X (sky130_fd_sc_hd__buf_4)
                                         _218_ (net)
                  0.16    0.00    2.43 ^ _322_/B (sky130_fd_sc_hd__nand2_2)
     3    0.02    0.09    0.12    2.55 v _322_/Y (sky130_fd_sc_hd__nand2_2)
                                         _002_ (net)
                  0.09    0.00    2.55 v _325_/A (sky130_fd_sc_hd__or3_2)
     2    0.01    0.11    0.56    3.11 v _325_/X (sky130_fd_sc_hd__or3_2)
                                         _005_ (net)
                  0.11    0.00    3.12 v _330_/A1 (sky130_fd_sc_hd__a21o_1)
     2    0.01    0.07    0.22    3.34 v _330_/X (sky130_fd_sc_hd__a21o_1)
                                         _010_ (net)
                  0.07    0.00    3.34 v _331_/B (sky130_fd_sc_hd__and2b_1)
     1    0.01    0.06    0.20    3.54 v _331_/X (sky130_fd_sc_hd__and2b_1)
                                         _011_ (net)
                  0.06    0.00    3.54 v _332_/B (sky130_fd_sc_hd__xnor2_1)
     2    0.01    0.07    0.15    3.69 v _332_/Y (sky130_fd_sc_hd__xnor2_1)
                                         _012_ (net)
                  0.07    0.00    3.69 v _334_/B (sky130_fd_sc_hd__or2_1)
     1    0.01    0.07    0.26    3.95 v _334_/X (sky130_fd_sc_hd__or2_1)
                                         _014_ (net)
                  0.07    0.00    3.95 v _338_/A3 (sky130_fd_sc_hd__a31o_1)
     1    0.00    0.05    0.24    4.19 v _338_/X (sky130_fd_sc_hd__a31o_1)
                                         _018_ (net)
                  0.05    0.00    4.19 v _339_/B2 (sky130_fd_sc_hd__o2bb2a_1)
     1    0.01    0.07    0.31    4.51 v _339_/X (sky130_fd_sc_hd__o2bb2a_1)
                                         net23 (net)
                  0.07    0.00    4.51 v output23/A (sky130_fd_sc_hd__buf_2)
     1    0.03    0.09    0.20    4.71 v output23/X (sky130_fd_sc_hd__buf_2)
                                         out[3] (net)
                  0.09    0.00    4.71 v out[3] (out)
                                  4.71   data arrival time

                  0.00   10.00   10.00   clock __VIRTUAL_CLK__ (rise edge)
                          0.00   10.00   clock network delay (ideal)
                         -0.25    9.75   clock uncertainty
                          0.00    9.75   clock reconvergence pessimism
                         -2.00    7.75   output external delay
                                  7.75   data required time
-----------------------------------------------------------------------------
                                  7.75   data required time
                                 -4.71   data arrival time
-----------------------------------------------------------------------------
                                  3.04   slack (MET)


Startpoint: B[1] (input port clocked by __VIRTUAL_CLK__)
Endpoint: out[2] (output port clocked by __VIRTUAL_CLK__)
Path Group: __VIRTUAL_CLK__
Path Type: max

Fanout     Cap    Slew   Delay    Time   Description
-----------------------------------------------------------------------------
                  0.00    0.00    0.00   clock __VIRTUAL_CLK__ (rise edge)
                          0.00    0.00   clock network delay (ideal)
                          2.00    2.00 v input external delay
     1    0.00    0.01    0.01    2.01 v B[1] (in)
                                         B[1] (net)
                  0.01    0.00    2.01 v input10/A (sky130_fd_sc_hd__clkbuf_2)
     4    0.02    0.10    0.15    2.16 v input10/X (sky130_fd_sc_hd__clkbuf_2)
                                         net10 (net)
                  0.10    0.00    2.16 v _266_/A (sky130_fd_sc_hd__buf_4)
    10    0.05    0.08    0.22    2.38 v _266_/X (sky130_fd_sc_hd__buf_4)
                                         _196_ (net)
                  0.08    0.00    2.38 v _267_/A (sky130_fd_sc_hd__clkbuf_4)
    10    0.04    0.09    0.21    2.60 v _267_/X (sky130_fd_sc_hd__clkbuf_4)
                                         _197_ (net)
                  0.09    0.00    2.60 v _277_/B (sky130_fd_sc_hd__and3_1)
     2    0.01    0.07    0.23    2.82 v _277_/X (sky130_fd_sc_hd__and3_1)
                                         _207_ (net)
                  0.07    0.00    2.82 v _279_/C (sky130_fd_sc_hd__or3_1)
     2    0.01    0.10    0.38    3.21 v _279_/X (sky130_fd_sc_hd__or3_1)
                                         _209_ (net)
                  0.10    0.00    3.21 v _301_/A2 (sky130_fd_sc_hd__a21o_1)
     3    0.01    0.08    0.26    3.47 v _301_/X (sky130_fd_sc_hd__a21o_1)
                                         _230_ (net)
                  0.08    0.00    3.47 v _303_/A2 (sky130_fd_sc_hd__o21a_1)
     1    0.00    0.04    0.19    3.66 v _303_/X (sky130_fd_sc_hd__o21a_1)
                                         _232_ (net)
                  0.04    0.00    3.66 v _308_/A2 (sky130_fd_sc_hd__a211o_1)
     1    0.00    0.06    0.31    3.97 v _308_/X (sky130_fd_sc_hd__a211o_1)
                                         _237_ (net)
                  0.06    0.00    3.97 v _309_/B2 (sky130_fd_sc_hd__o2bb2a_1)
     1    0.01    0.09    0.34    4.31 v _309_/X (sky130_fd_sc_hd__o2bb2a_1)
                                         net22 (net)
                  0.09    0.00    4.31 v output22/A (sky130_fd_sc_hd__buf_2)
     1    0.03    0.09    0.21    4.52 v output22/X (sky130_fd_sc_hd__buf_2)
                                         out[2] (net)
                  0.09    0.00    4.52 v out[2] (out)
                                  4.52   data arrival time

                  0.00   10.00   10.00   clock __VIRTUAL_CLK__ (rise edge)
                          0.00   10.00   clock network delay (ideal)
                         -0.25    9.75   clock uncertainty
                          0.00    9.75   clock reconvergence pessimism
                         -2.00    7.75   output external delay
                                  7.75   data required time
-----------------------------------------------------------------------------
                                  7.75   data required time
                                 -4.52   data arrival time
-----------------------------------------------------------------------------
                                  3.23   slack (MET)


Startpoint: B[1] (input port clocked by __VIRTUAL_CLK__)
Endpoint: out[1] (output port clocked by __VIRTUAL_CLK__)
Path Group: __VIRTUAL_CLK__
Path Type: max

Fanout     Cap    Slew   Delay    Time   Description
-----------------------------------------------------------------------------
                  0.00    0.00    0.00   clock __VIRTUAL_CLK__ (rise edge)
                          0.00    0.00   clock network delay (ideal)
                          2.00    2.00 ^ input external delay
     1    0.00    0.02    0.01    2.01 ^ B[1] (in)
                                         B[1] (net)
                  0.02    0.00    2.01 ^ input10/A (sky130_fd_sc_hd__clkbuf_2)
     4    0.03    0.14    0.18    2.19 ^ input10/X (sky130_fd_sc_hd__clkbuf_2)
                                         net10 (net)
                  0.14    0.00    2.19 ^ _266_/A (sky130_fd_sc_hd__buf_4)
    10    0.05    0.16    0.24    2.43 ^ _266_/X (sky130_fd_sc_hd__buf_4)
                                         _196_ (net)
                  0.16    0.00    2.43 ^ _267_/A (sky130_fd_sc_hd__clkbuf_4)
    10    0.04    0.13    0.25    2.68 ^ _267_/X (sky130_fd_sc_hd__clkbuf_4)
                                         _197_ (net)
                  0.13    0.00    2.68 ^ _277_/B (sky130_fd_sc_hd__and3_1)
     2    0.01    0.13    0.24    2.92 ^ _277_/X (sky130_fd_sc_hd__and3_1)
                                         _207_ (net)
                  0.13    0.00    2.92 ^ _279_/C (sky130_fd_sc_hd__or3_1)
     2    0.01    0.11    0.18    3.10 ^ _279_/X (sky130_fd_sc_hd__or3_1)
                                         _209_ (net)
                  0.11    0.00    3.10 ^ _280_/B_N (sky130_fd_sc_hd__or2b_1)
     1    0.01    0.08    0.29    3.39 v _280_/X (sky130_fd_sc_hd__or2b_1)
                                         _210_ (net)
                  0.08    0.00    3.39 v _281_/B (sky130_fd_sc_hd__xnor2_1)
     1    0.00    0.05    0.14    3.53 v _281_/Y (sky130_fd_sc_hd__xnor2_1)
                                         _211_ (net)
                  0.05    0.00    3.53 v _286_/A2 (sky130_fd_sc_hd__a211o_1)
     1    0.01    0.06    0.32    3.85 v _286_/X (sky130_fd_sc_hd__a211o_1)
                                         _216_ (net)
                  0.06    0.00    3.85 v _287_/B2 (sky130_fd_sc_hd__o2bb2a_1)
     1    0.01    0.07    0.32    4.17 v _287_/X (sky130_fd_sc_hd__o2bb2a_1)
                                         net21 (net)
                  0.07    0.00    4.17 v output21/A (sky130_fd_sc_hd__buf_2)
     1    0.03    0.09    0.20    4.38 v output21/X (sky130_fd_sc_hd__buf_2)
                                         out[1] (net)
                  0.09    0.00    4.38 v out[1] (out)
                                  4.38   data arrival time

                  0.00   10.00   10.00   clock __VIRTUAL_CLK__ (rise edge)
                          0.00   10.00   clock network delay (ideal)
                         -0.25    9.75   clock uncertainty
                          0.00    9.75   clock reconvergence pessimism
                         -2.00    7.75   output external delay
                                  7.75   data required time
-----------------------------------------------------------------------------
                                  7.75   data required time
                                 -4.38   data arrival time
-----------------------------------------------------------------------------
                                  3.37   slack (MET)


Startpoint: B[0] (input port clocked by __VIRTUAL_CLK__)
Endpoint: out[0] (output port clocked by __VIRTUAL_CLK__)
Path Group: __VIRTUAL_CLK__
Path Type: max

Fanout     Cap    Slew   Delay    Time   Description
-----------------------------------------------------------------------------
                  0.00    0.00    0.00   clock __VIRTUAL_CLK__ (rise edge)
                          0.00    0.00   clock network delay (ideal)
                          2.00    2.00 ^ input external delay
     1    0.00    0.02    0.01    2.01 ^ B[0] (in)
                                         B[0] (net)
                  0.02    0.00    2.01 ^ input9/A (sky130_fd_sc_hd__buf_2)
     5    0.03    0.15    0.18    2.19 ^ input9/X (sky130_fd_sc_hd__buf_2)
                                         net9 (net)
                  0.15    0.00    2.19 ^ _251_/A (sky130_fd_sc_hd__buf_4)
    10    0.06    0.16    0.24    2.44 ^ _251_/X (sky130_fd_sc_hd__buf_4)
                                         _182_ (net)
                  0.16    0.00    2.44 ^ _252_/A (sky130_fd_sc_hd__clkbuf_4)
    10    0.04    0.12    0.25    2.68 ^ _252_/X (sky130_fd_sc_hd__clkbuf_4)
                                         _183_ (net)
                  0.12    0.00    2.68 ^ _257_/B (sky130_fd_sc_hd__nand3_1)
     1    0.01    0.09    0.12    2.80 v _257_/Y (sky130_fd_sc_hd__nand3_1)
                                         _188_ (net)
                  0.09    0.00    2.80 v _261_/A3 (sky130_fd_sc_hd__a31o_1)
     1    0.00    0.04    0.24    3.05 v _261_/X (sky130_fd_sc_hd__a31o_1)
                                         _192_ (net)
                  0.04    0.00    3.05 v _262_/B2 (sky130_fd_sc_hd__a2bb2o_1)
     1    0.01    0.08    0.29    3.33 v _262_/X (sky130_fd_sc_hd__a2bb2o_1)
                                         net20 (net)
                  0.08    0.00    3.34 v output20/A (sky130_fd_sc_hd__buf_2)
     1    0.03    0.09    0.21    3.54 v output20/X (sky130_fd_sc_hd__buf_2)
                                         out[0] (net)
                  0.09    0.00    3.54 v out[0] (out)
                                  3.54   data arrival time

                  0.00   10.00   10.00   clock __VIRTUAL_CLK__ (rise edge)
                          0.00   10.00   clock network delay (ideal)
                         -0.25    9.75   clock uncertainty
                          0.00    9.75   clock reconvergence pessimism
                         -2.00    7.75   output external delay
                                  7.75   data required time
-----------------------------------------------------------------------------
                                  7.75   data required time
                                 -3.54   data arrival time
-----------------------------------------------------------------------------
                                  4.21   slack (MET)



worst slack corner Typical: 1.8801
max_report_end
checks_report

===========================================================================
report_checks -unconstrained
===========================================================================
======================= Typical Corner ===================================

Startpoint: B[1] (input port clocked by __VIRTUAL_CLK__)
Endpoint: out[7] (output port clocked by __VIRTUAL_CLK__)
Path Group: __VIRTUAL_CLK__
Path Type: max

Fanout     Cap    Slew   Delay    Time   Description
-----------------------------------------------------------------------------
                  0.00    0.00    0.00   clock __VIRTUAL_CLK__ (rise edge)
                          0.00    0.00   clock network delay (ideal)
                          2.00    2.00 v input external delay
     1    0.00    0.01    0.01    2.01 v B[1] (in)
                                         B[1] (net)
                  0.01    0.00    2.01 v input10/A (sky130_fd_sc_hd__clkbuf_2)
     4    0.02    0.10    0.15    2.16 v input10/X (sky130_fd_sc_hd__clkbuf_2)
                                         net10 (net)
                  0.10    0.00    2.16 v _266_/A (sky130_fd_sc_hd__buf_4)
    10    0.05    0.08    0.22    2.38 v _266_/X (sky130_fd_sc_hd__buf_4)
                                         _196_ (net)
                  0.08    0.00    2.38 v _383_/A1 (sky130_fd_sc_hd__a22o_2)
     3    0.02    0.07    0.30    2.69 v _383_/X (sky130_fd_sc_hd__a22o_2)
                                         _061_ (net)
                  0.07    0.00    2.69 v _385_/A2 (sky130_fd_sc_hd__a21o_1)
     2    0.02    0.09    0.25    2.94 v _385_/X (sky130_fd_sc_hd__a21o_1)
                                         _063_ (net)
                  0.09    0.00    2.94 v _389_/A1 (sky130_fd_sc_hd__a21o_1)
     3    0.02    0.09    0.23    3.17 v _389_/X (sky130_fd_sc_hd__a21o_1)
                                         _067_ (net)
                  0.09    0.00    3.17 v _395_/A2 (sky130_fd_sc_hd__a21o_1)
     3    0.02    0.09    0.25    3.42 v _395_/X (sky130_fd_sc_hd__a21o_1)
                                         _073_ (net)
                  0.09    0.00    3.42 v _398_/A (sky130_fd_sc_hd__and3_1)
     2    0.01    0.07    0.20    3.63 v _398_/X (sky130_fd_sc_hd__and3_1)
                                         _076_ (net)
                  0.07    0.00    3.63 v _401_/B (sky130_fd_sc_hd__or3_4)
     4    0.02    0.09    0.44    4.06 v _401_/X (sky130_fd_sc_hd__or3_4)
                                         _079_ (net)
                  0.09    0.00    4.06 v _465_/A2 (sky130_fd_sc_hd__a211o_1)
     2    0.01    0.09    0.37    4.44 v _465_/X (sky130_fd_sc_hd__a211o_1)
                                         _141_ (net)
                  0.09    0.00    4.44 v _494_/A (sky130_fd_sc_hd__or3_1)
     2    0.01    0.09    0.43    4.87 v _494_/X (sky130_fd_sc_hd__or3_1)
                                         _170_ (net)
                  0.09    0.00    4.87 v _496_/B (sky130_fd_sc_hd__and3_1)
     1    0.00    0.05    0.20    5.06 v _496_/X (sky130_fd_sc_hd__and3_1)
                                         _172_ (net)
                  0.05    0.00    5.06 v _498_/A1 (sky130_fd_sc_hd__o21a_1)
     1    0.01    0.06    0.22    5.29 v _498_/X (sky130_fd_sc_hd__o21a_1)
                                         _174_ (net)
                  0.06    0.00    5.29 v _503_/A2 (sky130_fd_sc_hd__o32a_1)
     1    0.01    0.08    0.38    5.67 v _503_/X (sky130_fd_sc_hd__o32a_1)
                                         net27 (net)
                  0.08    0.00    5.67 v output27/A (sky130_fd_sc_hd__buf_2)
     1    0.03    0.09    0.20    5.87 v output27/X (sky130_fd_sc_hd__buf_2)
                                         out[7] (net)
                  0.09    0.00    5.87 v out[7] (out)
                                  5.87   data arrival time

                  0.00   10.00   10.00   clock __VIRTUAL_CLK__ (rise edge)
                          0.00   10.00   clock network delay (ideal)
                         -0.25    9.75   clock uncertainty
                          0.00    9.75   clock reconvergence pessimism
                         -2.00    7.75   output external delay
                                  7.75   data required time
-----------------------------------------------------------------------------
                                  7.75   data required time
                                 -5.87   data arrival time
-----------------------------------------------------------------------------
                                  1.88   slack (MET)




===========================================================================
report_checks --slack_max -0.01
============================================================================
======================= Typical Corner ===================================

No paths found.


===========================================================================
 report_check_types -max_slew -max_cap -max_fanout -violators
============================================================================
======================= Typical Corner ===================================


max slew violations count Typical: 0
max fanout violations count Typical: 0
max cap violations count Typical: 0

===========================================================================
report_parasitic_annotation -report_unannotated
============================================================================
Found 0 unannotated drivers.
Found 0 partially unannotated drivers.

===========================================================================
max slew violation count 0
max fanout violation count 0
max cap violation count 0
============================================================================

===========================================================================
check_setup -verbose -unconstrained_endpoints -multiple_clock -no_clock -no_input_delay -loops -generated_clocks
===========================================================================
checks_report_end
power_report

===========================================================================
 report_power
============================================================================
======================= Typical Corner ===================================

Group                  Internal  Switching    Leakage      Total
                          Power      Power      Power      Power (Watts)
----------------------------------------------------------------
Sequential             0.00e+00   0.00e+00   0.00e+00   0.00e+00   0.0%
Combinational          6.82e-05   1.19e-04   1.13e-09   1.88e-04 100.0%
Clock                  0.00e+00   0.00e+00   1.81e-10   1.81e-10   0.0%
Macro                  0.00e+00   0.00e+00   0.00e+00   0.00e+00   0.0%
Pad                    0.00e+00   0.00e+00   0.00e+00   0.00e+00   0.0%
----------------------------------------------------------------
Total                  6.82e-05   1.19e-04   1.31e-09   1.88e-04 100.0%
                          36.4%      63.6%       0.0%

power_report_end
summary_report

===========================================================================
report_tns
============================================================================
tns 0.00

===========================================================================
report_wns
============================================================================
wns 0.00

===========================================================================
report_worst_slack -max (Setup)
============================================================================
worst slack 1.88

===========================================================================
report_worst_slack -min (Hold)
============================================================================
worst slack 4.22
summary_report_end
area_report

===========================================================================
report_design_area
============================================================================
Design area 2382 u^2 35% utilization.
area_report_end
check_nonpropagated_clocks
__VIRTUAL_CLK__
check_nonpropagated_clocks_end
[WARNING] Did not save OpenROAD database!
Writing SDF to '/openlane/designs/project2/runs/RUN_2025.05.10_13.53.11/results/signoff/alu.sdf'…
