OpenROAD b16bda7e82721d10566ff7e2b68f1ff0be9f9e38 
Features included (+) or not (-): +Charts +GPU +GUI +Python
This program is licensed under the BSD-3 license. See the LICENSE file for details.
Components of this program may be licensed under more restrictive licenses which must be honored.
define_corners Typical
read_liberty -corner Typical /home/beeri/.volare/sky130A/libs.ref/sky130_fd_sc_hd/lib/sky130_fd_sc_hd__tt_025C_1v80.lib
Using 1e-12 for capacitance...
Using 1e+03 for resistance...
Using 1e-09 for time...
Using 1e+00 for voltage...
Using 1e-03 for current...
Using 1e-09 for power...
Using 1e-06 for distance...
[INFO]: Reading ODB at '/openlane/designs/project2/runs/RUN_2025.05.10_13.46.55/results/cts/alu.odb'…
Reading design constraints file at '/openlane/scripts/base.sdc'…
[INFO]: Setting output delay to: 2.0
[INFO]: Setting input delay to: 2.0
[WARNING STA-0366] port '__VIRTUAL_CLK__' not found.
[INFO]: Setting load to: 0.033442
[INFO]: Setting clock uncertainty to: 0.25
[INFO]: Setting clock transition to: 0.15
[WARNING STA-0419] transition time can not be specified for virtual clocks.
[INFO]: Setting timing derate to: 5.0 %
[INFO]: Propagating all clocks
[WARNING STA-0450] virtual clock __VIRTUAL_CLK__ can not be propagated.
[INFO]: Setting RC values...
min_report

===========================================================================
report_checks -path_delay min (Hold)
============================================================================
======================= Typical Corner ===================================

Startpoint: A[6] (input port clocked by __VIRTUAL_CLK__)
Endpoint: out[6] (output port clocked by __VIRTUAL_CLK__)
Path Group: __VIRTUAL_CLK__
Path Type: min

Fanout     Cap    Slew   Delay    Time   Description
-----------------------------------------------------------------------------
                  0.00    0.00    0.00   clock __VIRTUAL_CLK__ (rise edge)
                          0.00    0.00   clock network delay (ideal)
                          2.00    2.00 ^ input external delay
     1    0.00    0.02    0.01    2.01 ^ A[6] (in)
                                         A[6] (net)
                  0.02    0.00    2.01 ^ input7/A (sky130_fd_sc_hd__buf_4)
    10    0.05    0.15    0.17    2.18 ^ input7/X (sky130_fd_sc_hd__buf_4)
                                         net7 (net)
                  0.15    0.00    2.19 ^ _453_/A1 (sky130_fd_sc_hd__a22oi_2)
     1    0.01    0.06    0.10    2.29 v _453_/Y (sky130_fd_sc_hd__a22oi_2)
                                         net26 (net)
                  0.06    0.00    2.29 v output26/A (sky130_fd_sc_hd__buf_2)
     1    0.03    0.09    0.18    2.46 v output26/X (sky130_fd_sc_hd__buf_2)
                                         out[6] (net)
                  0.09    0.00    2.46 v out[6] (out)
                                  2.46   data arrival time

                  0.00    0.00    0.00   clock __VIRTUAL_CLK__ (rise edge)
                          0.00    0.00   clock network delay (ideal)
                          0.25    0.25   clock uncertainty
                          0.00    0.25   clock reconvergence pessimism
                         -2.00   -1.75   output external delay
                                 -1.75   data required time
-----------------------------------------------------------------------------
                                 -1.75   data required time
                                 -2.46   data arrival time
-----------------------------------------------------------------------------
                                  4.21   slack (MET)


Startpoint: A[7] (input port clocked by __VIRTUAL_CLK__)
Endpoint: out[7] (output port clocked by __VIRTUAL_CLK__)
Path Group: __VIRTUAL_CLK__
Path Type: min

Fanout     Cap    Slew   Delay    Time   Description
-----------------------------------------------------------------------------
                  0.00    0.00    0.00   clock __VIRTUAL_CLK__ (rise edge)
                          0.00    0.00   clock network delay (ideal)
                          2.00    2.00 v input external delay
     1    0.00    0.01    0.00    2.00 v A[7] (in)
                                         A[7] (net)
                  0.01    0.00    2.00 v input8/A (sky130_fd_sc_hd__buf_2)
     6    0.03    0.09    0.15    2.16 v input8/X (sky130_fd_sc_hd__buf_2)
                                         net8 (net)
                  0.09    0.00    2.16 v _502_/A (sky130_fd_sc_hd__inv_2)
     1    0.01    0.05    0.07    2.23 ^ _502_/Y (sky130_fd_sc_hd__inv_2)
                                         _179_ (net)
                  0.05    0.00    2.23 ^ _503_/B2 (sky130_fd_sc_hd__o32a_1)
     1    0.01    0.09    0.15    2.37 ^ _503_/X (sky130_fd_sc_hd__o32a_1)
                                         net27 (net)
                  0.09    0.00    2.37 ^ output27/A (sky130_fd_sc_hd__buf_2)
     1    0.03    0.17    0.20    2.58 ^ output27/X (sky130_fd_sc_hd__buf_2)
                                         out[7] (net)
                  0.17    0.00    2.58 ^ out[7] (out)
                                  2.58   data arrival time

                  0.00    0.00    0.00   clock __VIRTUAL_CLK__ (rise edge)
                          0.00    0.00   clock network delay (ideal)
                          0.25    0.25   clock uncertainty
                          0.00    0.25   clock reconvergence pessimism
                         -2.00   -1.75   output external delay
                                 -1.75   data required time
-----------------------------------------------------------------------------
                                 -1.75   data required time
                                 -2.58   data arrival time
-----------------------------------------------------------------------------
                                  4.33   slack (MET)


Startpoint: A[5] (input port clocked by __VIRTUAL_CLK__)
Endpoint: out[5] (output port clocked by __VIRTUAL_CLK__)
Path Group: __VIRTUAL_CLK__
Path Type: min

Fanout     Cap    Slew   Delay    Time   Description
-----------------------------------------------------------------------------
                  0.00    0.00    0.00   clock __VIRTUAL_CLK__ (rise edge)
                          0.00    0.00   clock network delay (ideal)
                          2.00    2.00 ^ input external delay
     1    0.00    0.02    0.01    2.01 ^ A[5] (in)
                                         A[5] (net)
                  0.02    0.00    2.01 ^ input6/A (sky130_fd_sc_hd__clkbuf_2)
     3    0.02    0.10    0.13    2.14 ^ input6/X (sky130_fd_sc_hd__clkbuf_2)
                                         net6 (net)
                  0.10    0.00    2.14 ^ _374_/A (sky130_fd_sc_hd__buf_4)
    10    0.05    0.14    0.19    2.34 ^ _374_/X (sky130_fd_sc_hd__buf_4)
                                         _052_ (net)
                  0.14    0.00    2.34 ^ _410_/A1 (sky130_fd_sc_hd__a21oi_1)
     1    0.01    0.07    0.11    2.45 v _410_/Y (sky130_fd_sc_hd__a21oi_1)
                                         net25 (net)
                  0.07    0.00    2.45 v output25/A (sky130_fd_sc_hd__buf_2)
     1    0.03    0.09    0.18    2.63 v output25/X (sky130_fd_sc_hd__buf_2)
                                         out[5] (net)
                  0.09    0.00    2.63 v out[5] (out)
                                  2.63   data arrival time

                  0.00    0.00    0.00   clock __VIRTUAL_CLK__ (rise edge)
                          0.00    0.00   clock network delay (ideal)
                          0.25    0.25   clock uncertainty
                          0.00    0.25   clock reconvergence pessimism
                         -2.00   -1.75   output external delay
                                 -1.75   data required time
-----------------------------------------------------------------------------
                                 -1.75   data required time
                                 -2.63   data arrival time
-----------------------------------------------------------------------------
                                  4.38   slack (MET)


Startpoint: opcode[0] (input port clocked by __VIRTUAL_CLK__)
Endpoint: out[0] (output port clocked by __VIRTUAL_CLK__)
Path Group: __VIRTUAL_CLK__
Path Type: min

Fanout     Cap    Slew   Delay    Time   Description
-----------------------------------------------------------------------------
                  0.00    0.00    0.00   clock __VIRTUAL_CLK__ (rise edge)
                          0.00    0.00   clock network delay (ideal)
                          2.00    2.00 v input external delay
     1    0.00    0.01    0.00    2.00 v opcode[0] (in)
                                         opcode[0] (net)
                  0.01    0.00    2.00 v input17/A (sky130_fd_sc_hd__buf_2)
     5    0.02    0.07    0.14    2.14 v input17/X (sky130_fd_sc_hd__buf_2)
                                         net17 (net)
                  0.07    0.00    2.14 v _254_/A (sky130_fd_sc_hd__nand2_2)
     3    0.02    0.11    0.11    2.26 ^ _254_/Y (sky130_fd_sc_hd__nand2_2)
                                         _185_ (net)
                  0.11    0.00    2.26 ^ _261_/A2 (sky130_fd_sc_hd__a31o_1)
     1    0.01    0.06    0.16    2.42 ^ _261_/X (sky130_fd_sc_hd__a31o_1)
                                         _192_ (net)
                  0.06    0.00    2.42 ^ _262_/B2 (sky130_fd_sc_hd__a2bb2o_1)
     1    0.00    0.04    0.11    2.53 ^ _262_/X (sky130_fd_sc_hd__a2bb2o_1)
                                         net20 (net)
                  0.04    0.00    2.53 ^ output20/A (sky130_fd_sc_hd__buf_2)
     1    0.03    0.17    0.19    2.72 ^ output20/X (sky130_fd_sc_hd__buf_2)
                                         out[0] (net)
                  0.17    0.00    2.72 ^ out[0] (out)
                                  2.72   data arrival time

                  0.00    0.00    0.00   clock __VIRTUAL_CLK__ (rise edge)
                          0.00    0.00   clock network delay (ideal)
                          0.25    0.25   clock uncertainty
                          0.00    0.25   clock reconvergence pessimism
                         -2.00   -1.75   output external delay
                                 -1.75   data required time
-----------------------------------------------------------------------------
                                 -1.75   data required time
                                 -2.72   data arrival time
-----------------------------------------------------------------------------
                                  4.47   slack (MET)


Startpoint: A[3] (input port clocked by __VIRTUAL_CLK__)
Endpoint: out[3] (output port clocked by __VIRTUAL_CLK__)
Path Group: __VIRTUAL_CLK__
Path Type: min

Fanout     Cap    Slew   Delay    Time   Description
-----------------------------------------------------------------------------
                  0.00    0.00    0.00   clock __VIRTUAL_CLK__ (rise edge)
                          0.00    0.00   clock network delay (ideal)
                          2.00    2.00 v input external delay
     1    0.00    0.01    0.00    2.00 v A[3] (in)
                                         A[3] (net)
                  0.01    0.00    2.00 v input4/A (sky130_fd_sc_hd__buf_2)
     7    0.03    0.08    0.15    2.15 v input4/X (sky130_fd_sc_hd__buf_2)
                                         net4 (net)
                  0.08    0.00    2.16 v _310_/A (sky130_fd_sc_hd__buf_4)
    10    0.05    0.08    0.19    2.35 v _310_/X (sky130_fd_sc_hd__buf_4)
                                         _238_ (net)
                  0.08    0.00    2.35 v _339_/A1_N (sky130_fd_sc_hd__o2bb2a_1)
     1    0.01    0.07    0.25    2.60 ^ _339_/X (sky130_fd_sc_hd__o2bb2a_1)
                                         net23 (net)
                  0.07    0.00    2.60 ^ output23/A (sky130_fd_sc_hd__buf_2)
     1    0.03    0.17    0.20    2.80 ^ output23/X (sky130_fd_sc_hd__buf_2)
                                         out[3] (net)
                  0.17    0.00    2.80 ^ out[3] (out)
                                  2.80   data arrival time

                  0.00    0.00    0.00   clock __VIRTUAL_CLK__ (rise edge)
                          0.00    0.00   clock network delay (ideal)
                          0.25    0.25   clock uncertainty
                          0.00    0.25   clock reconvergence pessimism
                         -2.00   -1.75   output external delay
                                 -1.75   data required time
-----------------------------------------------------------------------------
                                 -1.75   data required time
                                 -2.80   data arrival time
-----------------------------------------------------------------------------
                                  4.55   slack (MET)


Startpoint: A[4] (input port clocked by __VIRTUAL_CLK__)
Endpoint: out[4] (output port clocked by __VIRTUAL_CLK__)
Path Group: __VIRTUAL_CLK__
Path Type: min

Fanout     Cap    Slew   Delay    Time   Description
-----------------------------------------------------------------------------
                  0.00    0.00    0.00   clock __VIRTUAL_CLK__ (rise edge)
                          0.00    0.00   clock network delay (ideal)
                          2.00    2.00 ^ input external delay
     1    0.00    0.02    0.01    2.01 ^ A[4] (in)
                                         A[4] (net)
                  0.02    0.00    2.01 ^ input5/A (sky130_fd_sc_hd__buf_2)
     4    0.03    0.14    0.16    2.16 ^ input5/X (sky130_fd_sc_hd__buf_2)
                                         net5 (net)
                  0.14    0.00    2.17 ^ _340_/A (sky130_fd_sc_hd__clkbuf_4)
    10    0.04    0.14    0.23    2.39 ^ _340_/X (sky130_fd_sc_hd__clkbuf_4)
                                         _019_ (net)
                  0.14    0.00    2.39 ^ _373_/A1_N (sky130_fd_sc_hd__o2bb2a_1)
     1    0.01    0.06    0.24    2.64 v _373_/X (sky130_fd_sc_hd__o2bb2a_1)
                                         net24 (net)
                  0.06    0.00    2.64 v output24/A (sky130_fd_sc_hd__buf_2)
     1    0.03    0.09    0.18    2.81 v output24/X (sky130_fd_sc_hd__buf_2)
                                         out[4] (net)
                  0.09    0.00    2.81 v out[4] (out)
                                  2.81   data arrival time

                  0.00    0.00    0.00   clock __VIRTUAL_CLK__ (rise edge)
                          0.00    0.00   clock network delay (ideal)
                          0.25    0.25   clock uncertainty
                          0.00    0.25   clock reconvergence pessimism
                         -2.00   -1.75   output external delay
                                 -1.75   data required time
-----------------------------------------------------------------------------
                                 -1.75   data required time
                                 -2.81   data arrival time
-----------------------------------------------------------------------------
                                  4.56   slack (MET)


Startpoint: A[2] (input port clocked by __VIRTUAL_CLK__)
Endpoint: out[2] (output port clocked by __VIRTUAL_CLK__)
Path Group: __VIRTUAL_CLK__
Path Type: min

Fanout     Cap    Slew   Delay    Time   Description
-----------------------------------------------------------------------------
                  0.00    0.00    0.00   clock __VIRTUAL_CLK__ (rise edge)
                          0.00    0.00   clock network delay (ideal)
                          2.00    2.00 ^ input external delay
     1    0.00    0.02    0.01    2.01 ^ A[2] (in)
                                         A[2] (net)
                  0.02    0.00    2.01 ^ input3/A (sky130_fd_sc_hd__clkbuf_4)
     8    0.04    0.12    0.17    2.18 ^ input3/X (sky130_fd_sc_hd__clkbuf_4)
                                         net3 (net)
                  0.12    0.00    2.19 ^ _288_/A (sky130_fd_sc_hd__clkbuf_4)
    10    0.04    0.14    0.22    2.41 ^ _288_/X (sky130_fd_sc_hd__clkbuf_4)
                                         _217_ (net)
                  0.14    0.00    2.41 ^ _309_/A1_N (sky130_fd_sc_hd__o2bb2a_1)
     1    0.01    0.07    0.25    2.65 v _309_/X (sky130_fd_sc_hd__o2bb2a_1)
                                         net22 (net)
                  0.07    0.00    2.65 v output22/A (sky130_fd_sc_hd__buf_2)
     1    0.03    0.09    0.18    2.83 v output22/X (sky130_fd_sc_hd__buf_2)
                                         out[2] (net)
                  0.09    0.00    2.83 v out[2] (out)
                                  2.83   data arrival time

                  0.00    0.00    0.00   clock __VIRTUAL_CLK__ (rise edge)
                          0.00    0.00   clock network delay (ideal)
                          0.25    0.25   clock uncertainty
                          0.00    0.25   clock reconvergence pessimism
                         -2.00   -1.75   output external delay
                                 -1.75   data required time
-----------------------------------------------------------------------------
                                 -1.75   data required time
                                 -2.83   data arrival time
-----------------------------------------------------------------------------
                                  4.58   slack (MET)


Startpoint: A[1] (input port clocked by __VIRTUAL_CLK__)
Endpoint: out[1] (output port clocked by __VIRTUAL_CLK__)
Path Group: __VIRTUAL_CLK__
Path Type: min

Fanout     Cap    Slew   Delay    Time   Description
-----------------------------------------------------------------------------
                  0.00    0.00    0.00   clock __VIRTUAL_CLK__ (rise edge)
                          0.00    0.00   clock network delay (ideal)
                          2.00    2.00 ^ input external delay
     1    0.00    0.02    0.01    2.01 ^ A[1] (in)
                                         A[1] (net)
                  0.02    0.00    2.01 ^ input2/A (sky130_fd_sc_hd__clkbuf_4)
    10    0.04    0.14    0.18    2.19 ^ input2/X (sky130_fd_sc_hd__clkbuf_4)
                                         net2 (net)
                  0.14    0.00    2.20 ^ _263_/A (sky130_fd_sc_hd__clkbuf_4)
    10    0.03    0.11    0.21    2.40 ^ _263_/X (sky130_fd_sc_hd__clkbuf_4)
                                         _193_ (net)
                  0.11    0.00    2.41 ^ _287_/A1_N (sky130_fd_sc_hd__o2bb2a_1)
     1    0.01    0.08    0.26    2.66 v _287_/X (sky130_fd_sc_hd__o2bb2a_1)
                                         net21 (net)
                  0.08    0.00    2.67 v output21/A (sky130_fd_sc_hd__buf_2)
     1    0.03    0.09    0.19    2.85 v output21/X (sky130_fd_sc_hd__buf_2)
                                         out[1] (net)
                  0.09    0.00    2.85 v out[1] (out)
                                  2.85   data arrival time

                  0.00    0.00    0.00   clock __VIRTUAL_CLK__ (rise edge)
                          0.00    0.00   clock network delay (ideal)
                          0.25    0.25   clock uncertainty
                          0.00    0.25   clock reconvergence pessimism
                         -2.00   -1.75   output external delay
                                 -1.75   data required time
-----------------------------------------------------------------------------
                                 -1.75   data required time
                                 -2.85   data arrival time
-----------------------------------------------------------------------------
                                  4.60   slack (MET)



worst slack corner Typical: 4.2119
min_report_end
max_report

===========================================================================
report_checks -path_delay max (Setup)
============================================================================
======================= Typical Corner ===================================

Startpoint: B[1] (input port clocked by __VIRTUAL_CLK__)
Endpoint: out[7] (output port clocked by __VIRTUAL_CLK__)
Path Group: __VIRTUAL_CLK__
Path Type: max

Fanout     Cap    Slew   Delay    Time   Description
-----------------------------------------------------------------------------
                  0.00    0.00    0.00   clock __VIRTUAL_CLK__ (rise edge)
                          0.00    0.00   clock network delay (ideal)
                          2.00    2.00 v input external delay
     1    0.00    0.01    0.01    2.01 v B[1] (in)
                                         B[1] (net)
                  0.01    0.00    2.01 v input10/A (sky130_fd_sc_hd__clkbuf_2)
     4    0.02    0.10    0.15    2.16 v input10/X (sky130_fd_sc_hd__clkbuf_2)
                                         net10 (net)
                  0.10    0.00    2.16 v _266_/A (sky130_fd_sc_hd__buf_4)
    10    0.05    0.08    0.22    2.38 v _266_/X (sky130_fd_sc_hd__buf_4)
                                         _196_ (net)
                  0.08    0.00    2.38 v _383_/A1 (sky130_fd_sc_hd__a22o_1)
     3    0.02    0.10    0.29    2.67 v _383_/X (sky130_fd_sc_hd__a22o_1)
                                         _061_ (net)
                  0.10    0.00    2.67 v _385_/A2 (sky130_fd_sc_hd__a21o_1)
     2    0.01    0.08    0.25    2.92 v _385_/X (sky130_fd_sc_hd__a21o_1)
                                         _063_ (net)
                  0.08    0.00    2.92 v _389_/A1 (sky130_fd_sc_hd__a21o_1)
     3    0.01    0.08    0.22    3.14 v _389_/X (sky130_fd_sc_hd__a21o_1)
                                         _067_ (net)
                  0.08    0.00    3.14 v _395_/A2 (sky130_fd_sc_hd__a21o_1)
     3    0.01    0.08    0.25    3.39 v _395_/X (sky130_fd_sc_hd__a21o_1)
                                         _073_ (net)
                  0.08    0.00    3.39 v _398_/A (sky130_fd_sc_hd__and3_1)
     2    0.01    0.05    0.18    3.57 v _398_/X (sky130_fd_sc_hd__and3_1)
                                         _076_ (net)
                  0.05    0.00    3.57 v _401_/B (sky130_fd_sc_hd__or3_2)
     4    0.02    0.13    0.55    4.13 v _401_/X (sky130_fd_sc_hd__or3_2)
                                         _079_ (net)
                  0.13    0.00    4.13 v _465_/A2 (sky130_fd_sc_hd__a211o_1)
     2    0.01    0.07    0.36    4.49 v _465_/X (sky130_fd_sc_hd__a211o_1)
                                         _141_ (net)
                  0.07    0.00    4.49 v _494_/A (sky130_fd_sc_hd__or3_1)
     2    0.01    0.10    0.44    4.93 v _494_/X (sky130_fd_sc_hd__or3_1)
                                         _170_ (net)
                  0.10    0.00    4.93 v _496_/B (sky130_fd_sc_hd__and3_1)
     1    0.01    0.06    0.22    5.15 v _496_/X (sky130_fd_sc_hd__and3_1)
                                         _172_ (net)
                  0.06    0.00    5.15 v _498_/A1 (sky130_fd_sc_hd__o21a_1)
     1    0.01    0.05    0.21    5.36 v _498_/X (sky130_fd_sc_hd__o21a_1)
                                         _174_ (net)
                  0.05    0.00    5.36 v _503_/A2 (sky130_fd_sc_hd__o32a_1)
     1    0.01    0.07    0.37    5.73 v _503_/X (sky130_fd_sc_hd__o32a_1)
                                         net27 (net)
                  0.07    0.00    5.73 v output27/A (sky130_fd_sc_hd__buf_2)
     1    0.03    0.09    0.20    5.94 v output27/X (sky130_fd_sc_hd__buf_2)
                                         out[7] (net)
                  0.09    0.00    5.94 v out[7] (out)
                                  5.94   data arrival time

                  0.00   10.00   10.00   clock __VIRTUAL_CLK__ (rise edge)
                          0.00   10.00   clock network delay (ideal)
                         -0.25    9.75   clock uncertainty
                          0.00    9.75   clock reconvergence pessimism
                         -2.00    7.75   output external delay
                                  7.75   data required time
-----------------------------------------------------------------------------
                                  7.75   data required time
                                 -5.94   data arrival time
-----------------------------------------------------------------------------
                                  1.81   slack (MET)


Startpoint: B[1] (input port clocked by __VIRTUAL_CLK__)
Endpoint: out[6] (output port clocked by __VIRTUAL_CLK__)
Path Group: __VIRTUAL_CLK__
Path Type: max

Fanout     Cap    Slew   Delay    Time   Description
-----------------------------------------------------------------------------
                  0.00    0.00    0.00   clock __VIRTUAL_CLK__ (rise edge)
                          0.00    0.00   clock network delay (ideal)
                          2.00    2.00 v input external delay
     1    0.00    0.01    0.01    2.01 v B[1] (in)
                                         B[1] (net)
                  0.01    0.00    2.01 v input10/A (sky130_fd_sc_hd__clkbuf_2)
     4    0.02    0.10    0.15    2.16 v input10/X (sky130_fd_sc_hd__clkbuf_2)
                                         net10 (net)
                  0.10    0.00    2.16 v _266_/A (sky130_fd_sc_hd__buf_4)
    10    0.05    0.08    0.22    2.38 v _266_/X (sky130_fd_sc_hd__buf_4)
                                         _196_ (net)
                  0.08    0.00    2.38 v _383_/A1 (sky130_fd_sc_hd__a22o_1)
     3    0.02    0.10    0.29    2.67 v _383_/X (sky130_fd_sc_hd__a22o_1)
                                         _061_ (net)
                  0.10    0.00    2.67 v _385_/A2 (sky130_fd_sc_hd__a21o_1)
     2    0.01    0.08    0.25    2.92 v _385_/X (sky130_fd_sc_hd__a21o_1)
                                         _063_ (net)
                  0.08    0.00    2.92 v _389_/A1 (sky130_fd_sc_hd__a21o_1)
     3    0.01    0.08    0.22    3.14 v _389_/X (sky130_fd_sc_hd__a21o_1)
                                         _067_ (net)
                  0.08    0.00    3.14 v _395_/A2 (sky130_fd_sc_hd__a21o_1)
     3    0.01    0.08    0.25    3.39 v _395_/X (sky130_fd_sc_hd__a21o_1)
                                         _073_ (net)
                  0.08    0.00    3.39 v _398_/A (sky130_fd_sc_hd__and3_1)
     2    0.01    0.05    0.18    3.57 v _398_/X (sky130_fd_sc_hd__and3_1)
                                         _076_ (net)
                  0.05    0.00    3.57 v _401_/B (sky130_fd_sc_hd__or3_2)
     4    0.02    0.13    0.55    4.13 v _401_/X (sky130_fd_sc_hd__or3_2)
                                         _079_ (net)
                  0.13    0.00    4.13 v _437_/C1 (sky130_fd_sc_hd__o211a_1)
     2    0.02    0.10    0.21    4.33 v _437_/X (sky130_fd_sc_hd__o211a_1)
                                         _114_ (net)
                  0.10    0.00    4.34 v _439_/B (sky130_fd_sc_hd__or2_1)
     1    0.00    0.06    0.25    4.58 v _439_/X (sky130_fd_sc_hd__or2_1)
                                         _116_ (net)
                  0.06    0.00    4.58 v _440_/A2 (sky130_fd_sc_hd__a21bo_1)
     1    0.00    0.04    0.20    4.78 v _440_/X (sky130_fd_sc_hd__a21bo_1)
                                         _117_ (net)
                  0.04    0.00    4.78 v _441_/B (sky130_fd_sc_hd__or2_1)
     1    0.01    0.07    0.24    5.02 v _441_/X (sky130_fd_sc_hd__or2_1)
                                         _118_ (net)
                  0.07    0.00    5.02 v _453_/B1 (sky130_fd_sc_hd__a22oi_2)
     1    0.01    0.16    0.15    5.17 ^ _453_/Y (sky130_fd_sc_hd__a22oi_2)
                                         net26 (net)
                  0.16    0.00    5.17 ^ output26/A (sky130_fd_sc_hd__buf_2)
     1    0.03    0.17    0.25    5.42 ^ output26/X (sky130_fd_sc_hd__buf_2)
                                         out[6] (net)
                  0.17    0.00    5.42 ^ out[6] (out)
                                  5.42   data arrival time

                  0.00   10.00   10.00   clock __VIRTUAL_CLK__ (rise edge)
                          0.00   10.00   clock network delay (ideal)
                         -0.25    9.75   clock uncertainty
                          0.00    9.75   clock reconvergence pessimism
                         -2.00    7.75   output external delay
                                  7.75   data required time
-----------------------------------------------------------------------------
                                  7.75   data required time
                                 -5.42   data arrival time
-----------------------------------------------------------------------------
                                  2.33   slack (MET)


Startpoint: B[1] (input port clocked by __VIRTUAL_CLK__)
Endpoint: out[5] (output port clocked by __VIRTUAL_CLK__)
Path Group: __VIRTUAL_CLK__
Path Type: max

Fanout     Cap    Slew   Delay    Time   Description
-----------------------------------------------------------------------------
                  0.00    0.00    0.00   clock __VIRTUAL_CLK__ (rise edge)
                          0.00    0.00   clock network delay (ideal)
                          2.00    2.00 v input external delay
     1    0.00    0.01    0.01    2.01 v B[1] (in)
                                         B[1] (net)
                  0.01    0.00    2.01 v input10/A (sky130_fd_sc_hd__clkbuf_2)
     4    0.02    0.10    0.15    2.16 v input10/X (sky130_fd_sc_hd__clkbuf_2)
                                         net10 (net)
                  0.10    0.00    2.16 v _266_/A (sky130_fd_sc_hd__buf_4)
    10    0.05    0.08    0.22    2.38 v _266_/X (sky130_fd_sc_hd__buf_4)
                                         _196_ (net)
                  0.08    0.00    2.38 v _383_/A1 (sky130_fd_sc_hd__a22o_1)
     3    0.02    0.10    0.29    2.67 v _383_/X (sky130_fd_sc_hd__a22o_1)
                                         _061_ (net)
                  0.10    0.00    2.67 v _385_/A2 (sky130_fd_sc_hd__a21o_1)
     2    0.01    0.08    0.25    2.92 v _385_/X (sky130_fd_sc_hd__a21o_1)
                                         _063_ (net)
                  0.08    0.00    2.92 v _389_/A1 (sky130_fd_sc_hd__a21o_1)
     3    0.01    0.08    0.22    3.14 v _389_/X (sky130_fd_sc_hd__a21o_1)
                                         _067_ (net)
                  0.08    0.00    3.14 v _395_/A2 (sky130_fd_sc_hd__a21o_1)
     3    0.01    0.08    0.25    3.39 v _395_/X (sky130_fd_sc_hd__a21o_1)
                                         _073_ (net)
                  0.08    0.00    3.39 v _398_/A (sky130_fd_sc_hd__and3_1)
     2    0.01    0.05    0.18    3.57 v _398_/X (sky130_fd_sc_hd__and3_1)
                                         _076_ (net)
                  0.05    0.00    3.57 v _401_/B (sky130_fd_sc_hd__or3_2)
     4    0.02    0.13    0.55    4.13 v _401_/X (sky130_fd_sc_hd__or3_2)
                                         _079_ (net)
                  0.13    0.00    4.13 v _402_/B (sky130_fd_sc_hd__nand2_2)
     3    0.02    0.12    0.16    4.29 ^ _402_/Y (sky130_fd_sc_hd__nand2_2)
                                         _080_ (net)
                  0.12    0.00    4.29 ^ _403_/B1 (sky130_fd_sc_hd__a21o_1)
     2    0.01    0.11    0.16    4.45 ^ _403_/X (sky130_fd_sc_hd__a21o_1)
                                         _081_ (net)
                  0.11    0.00    4.45 ^ _408_/A2 (sky130_fd_sc_hd__a31o_1)
     1    0.00    0.05    0.16    4.61 ^ _408_/X (sky130_fd_sc_hd__a31o_1)
                                         _086_ (net)
                  0.05    0.00    4.61 ^ _409_/B1 (sky130_fd_sc_hd__a21oi_1)
     1    0.01    0.08    0.06    4.67 v _409_/Y (sky130_fd_sc_hd__a21oi_1)
                                         _087_ (net)
                  0.08    0.00    4.67 v _410_/B1 (sky130_fd_sc_hd__a21oi_1)
     1    0.01    0.21    0.22    4.88 ^ _410_/Y (sky130_fd_sc_hd__a21oi_1)
                                         net25 (net)
                  0.21    0.00    4.88 ^ output25/A (sky130_fd_sc_hd__buf_2)
     1    0.03    0.17    0.26    5.15 ^ output25/X (sky130_fd_sc_hd__buf_2)
                                         out[5] (net)
                  0.17    0.00    5.15 ^ out[5] (out)
                                  5.15   data arrival time

                  0.00   10.00   10.00   clock __VIRTUAL_CLK__ (rise edge)
                          0.00   10.00   clock network delay (ideal)
                         -0.25    9.75   clock uncertainty
                          0.00    9.75   clock reconvergence pessimism
                         -2.00    7.75   output external delay
                                  7.75   data required time
-----------------------------------------------------------------------------
                                  7.75   data required time
                                 -5.15   data arrival time
-----------------------------------------------------------------------------
                                  2.60   slack (MET)


Startpoint: B[0] (input port clocked by __VIRTUAL_CLK__)
Endpoint: out[4] (output port clocked by __VIRTUAL_CLK__)
Path Group: __VIRTUAL_CLK__
Path Type: max

Fanout     Cap    Slew   Delay    Time   Description
-----------------------------------------------------------------------------
                  0.00    0.00    0.00   clock __VIRTUAL_CLK__ (rise edge)
                          0.00    0.00   clock network delay (ideal)
                          2.00    2.00 ^ input external delay
     1    0.00    0.02    0.01    2.01 ^ B[0] (in)
                                         B[0] (net)
                  0.02    0.00    2.01 ^ input9/A (sky130_fd_sc_hd__buf_2)
     5    0.03    0.14    0.18    2.19 ^ input9/X (sky130_fd_sc_hd__buf_2)
                                         net9 (net)
                  0.14    0.00    2.19 ^ _251_/A (sky130_fd_sc_hd__buf_4)
    10    0.05    0.16    0.24    2.43 ^ _251_/X (sky130_fd_sc_hd__buf_4)
                                         _182_ (net)
                  0.16    0.00    2.43 ^ _252_/A (sky130_fd_sc_hd__clkbuf_4)
    10    0.04    0.12    0.24    2.67 ^ _252_/X (sky130_fd_sc_hd__clkbuf_4)
                                         _183_ (net)
                  0.12    0.00    2.67 ^ _276_/A1 (sky130_fd_sc_hd__a21oi_1)
     2    0.01    0.08    0.12    2.79 v _276_/Y (sky130_fd_sc_hd__a21oi_1)
                                         _206_ (net)
                  0.08    0.00    2.79 v _279_/B (sky130_fd_sc_hd__or3_1)
     2    0.01    0.10    0.41    3.21 v _279_/X (sky130_fd_sc_hd__or3_1)
                                         _209_ (net)
                  0.10    0.00    3.21 v _301_/A2 (sky130_fd_sc_hd__a21o_1)
     3    0.01    0.06    0.24    3.45 v _301_/X (sky130_fd_sc_hd__a21o_1)
                                         _230_ (net)
                  0.06    0.00    3.45 v _312_/A2 (sky130_fd_sc_hd__a21o_1)
     3    0.02    0.09    0.25    3.69 v _312_/X (sky130_fd_sc_hd__a21o_1)
                                         _240_ (net)
                  0.09    0.00    3.69 v _366_/A1 (sky130_fd_sc_hd__a21bo_1)
     3    0.01    0.08    0.24    3.94 v _366_/X (sky130_fd_sc_hd__a21bo_1)
                                         _045_ (net)
                  0.08    0.00    3.94 v _368_/B (sky130_fd_sc_hd__or2_1)
     1    0.01    0.07    0.25    4.19 v _368_/X (sky130_fd_sc_hd__or2_1)
                                         _047_ (net)
                  0.07    0.00    4.19 v _372_/A3 (sky130_fd_sc_hd__a31o_1)
     1    0.01    0.06    0.26    4.45 v _372_/X (sky130_fd_sc_hd__a31o_1)
                                         _051_ (net)
                  0.06    0.00    4.45 v _373_/B2 (sky130_fd_sc_hd__o2bb2a_1)
     1    0.01    0.08    0.33    4.77 v _373_/X (sky130_fd_sc_hd__o2bb2a_1)
                                         net24 (net)
                  0.08    0.00    4.77 v output24/A (sky130_fd_sc_hd__buf_2)
     1    0.03    0.09    0.20    4.98 v output24/X (sky130_fd_sc_hd__buf_2)
                                         out[4] (net)
                  0.09    0.00    4.98 v out[4] (out)
                                  4.98   data arrival time

                  0.00   10.00   10.00   clock __VIRTUAL_CLK__ (rise edge)
                          0.00   10.00   clock network delay (ideal)
                         -0.25    9.75   clock uncertainty
                          0.00    9.75   clock reconvergence pessimism
                         -2.00    7.75   output external delay
                                  7.75   data required time
-----------------------------------------------------------------------------
                                  7.75   data required time
                                 -4.98   data arrival time
-----------------------------------------------------------------------------
                                  2.77   slack (MET)


Startpoint: B[0] (input port clocked by __VIRTUAL_CLK__)
Endpoint: out[3] (output port clocked by __VIRTUAL_CLK__)
Path Group: __VIRTUAL_CLK__
Path Type: max

Fanout     Cap    Slew   Delay    Time   Description
-----------------------------------------------------------------------------
                  0.00    0.00    0.00   clock __VIRTUAL_CLK__ (rise edge)
                          0.00    0.00   clock network delay (ideal)
                          2.00    2.00 ^ input external delay
     1    0.00    0.02    0.01    2.01 ^ B[0] (in)
                                         B[0] (net)
                  0.02    0.00    2.01 ^ input9/A (sky130_fd_sc_hd__buf_2)
     5    0.03    0.14    0.18    2.19 ^ input9/X (sky130_fd_sc_hd__buf_2)
                                         net9 (net)
                  0.14    0.00    2.19 ^ _251_/A (sky130_fd_sc_hd__buf_4)
    10    0.05    0.16    0.24    2.43 ^ _251_/X (sky130_fd_sc_hd__buf_4)
                                         _182_ (net)
                  0.16    0.00    2.43 ^ _252_/A (sky130_fd_sc_hd__clkbuf_4)
    10    0.04    0.12    0.24    2.67 ^ _252_/X (sky130_fd_sc_hd__clkbuf_4)
                                         _183_ (net)
                  0.12    0.00    2.67 ^ _276_/A1 (sky130_fd_sc_hd__a21oi_1)
     2    0.01    0.08    0.12    2.79 v _276_/Y (sky130_fd_sc_hd__a21oi_1)
                                         _206_ (net)
                  0.08    0.00    2.79 v _279_/B (sky130_fd_sc_hd__or3_1)
     2    0.01    0.10    0.41    3.21 v _279_/X (sky130_fd_sc_hd__or3_1)
                                         _209_ (net)
                  0.10    0.00    3.21 v _301_/A2 (sky130_fd_sc_hd__a21o_1)
     3    0.01    0.06    0.24    3.45 v _301_/X (sky130_fd_sc_hd__a21o_1)
                                         _230_ (net)
                  0.06    0.00    3.45 v _312_/A2 (sky130_fd_sc_hd__a21o_1)
     3    0.02    0.09    0.25    3.69 v _312_/X (sky130_fd_sc_hd__a21o_1)
                                         _240_ (net)
                  0.09    0.00    3.69 v _319_/B1 (sky130_fd_sc_hd__a21o_1)
     1    0.01    0.06    0.20    3.90 v _319_/X (sky130_fd_sc_hd__a21o_1)
                                         _247_ (net)
                  0.06    0.00    3.90 v _320_/B (sky130_fd_sc_hd__and3b_1)
     1    0.00    0.05    0.18    4.08 v _320_/X (sky130_fd_sc_hd__and3b_1)
                                         _000_ (net)
                  0.05    0.00    4.08 v _339_/B1 (sky130_fd_sc_hd__o2bb2a_1)
     1    0.01    0.07    0.32    4.40 v _339_/X (sky130_fd_sc_hd__o2bb2a_1)
                                         net23 (net)
                  0.07    0.00    4.40 v output23/A (sky130_fd_sc_hd__buf_2)
     1    0.03    0.09    0.20    4.60 v output23/X (sky130_fd_sc_hd__buf_2)
                                         out[3] (net)
                  0.09    0.00    4.60 v out[3] (out)
                                  4.60   data arrival time

                  0.00   10.00   10.00   clock __VIRTUAL_CLK__ (rise edge)
                          0.00   10.00   clock network delay (ideal)
                         -0.25    9.75   clock uncertainty
                          0.00    9.75   clock reconvergence pessimism
                         -2.00    7.75   output external delay
                                  7.75   data required time
-----------------------------------------------------------------------------
                                  7.75   data required time
                                 -4.60   data arrival time
-----------------------------------------------------------------------------
                                  3.15   slack (MET)


Startpoint: B[0] (input port clocked by __VIRTUAL_CLK__)
Endpoint: out[2] (output port clocked by __VIRTUAL_CLK__)
Path Group: __VIRTUAL_CLK__
Path Type: max

Fanout     Cap    Slew   Delay    Time   Description
-----------------------------------------------------------------------------
                  0.00    0.00    0.00   clock __VIRTUAL_CLK__ (rise edge)
                          0.00    0.00   clock network delay (ideal)
                          2.00    2.00 ^ input external delay
     1    0.00    0.02    0.01    2.01 ^ B[0] (in)
                                         B[0] (net)
                  0.02    0.00    2.01 ^ input9/A (sky130_fd_sc_hd__buf_2)
     5    0.03    0.14    0.18    2.19 ^ input9/X (sky130_fd_sc_hd__buf_2)
                                         net9 (net)
                  0.14    0.00    2.19 ^ _251_/A (sky130_fd_sc_hd__buf_4)
    10    0.05    0.16    0.24    2.43 ^ _251_/X (sky130_fd_sc_hd__buf_4)
                                         _182_ (net)
                  0.16    0.00    2.43 ^ _252_/A (sky130_fd_sc_hd__clkbuf_4)
    10    0.04    0.12    0.24    2.67 ^ _252_/X (sky130_fd_sc_hd__clkbuf_4)
                                         _183_ (net)
                  0.12    0.00    2.67 ^ _276_/A1 (sky130_fd_sc_hd__a21oi_1)
     2    0.01    0.08    0.12    2.79 v _276_/Y (sky130_fd_sc_hd__a21oi_1)
                                         _206_ (net)
                  0.08    0.00    2.79 v _279_/B (sky130_fd_sc_hd__or3_1)
     2    0.01    0.10    0.41    3.21 v _279_/X (sky130_fd_sc_hd__or3_1)
                                         _209_ (net)
                  0.10    0.00    3.21 v _301_/A2 (sky130_fd_sc_hd__a21o_1)
     3    0.01    0.06    0.24    3.45 v _301_/X (sky130_fd_sc_hd__a21o_1)
                                         _230_ (net)
                  0.06    0.00    3.45 v _303_/A2 (sky130_fd_sc_hd__o21a_1)
     1    0.01    0.05    0.20    3.65 v _303_/X (sky130_fd_sc_hd__o21a_1)
                                         _232_ (net)
                  0.05    0.00    3.65 v _308_/A2 (sky130_fd_sc_hd__a211o_1)
     1    0.01    0.06    0.32    3.97 v _308_/X (sky130_fd_sc_hd__a211o_1)
                                         _237_ (net)
                  0.06    0.00    3.97 v _309_/B2 (sky130_fd_sc_hd__o2bb2a_1)
     1    0.01    0.08    0.33    4.30 v _309_/X (sky130_fd_sc_hd__o2bb2a_1)
                                         net22 (net)
                  0.08    0.00    4.30 v output22/A (sky130_fd_sc_hd__buf_2)
     1    0.03    0.09    0.20    4.50 v output22/X (sky130_fd_sc_hd__buf_2)
                                         out[2] (net)
                  0.09    0.00    4.50 v out[2] (out)
                                  4.50   data arrival time

                  0.00   10.00   10.00   clock __VIRTUAL_CLK__ (rise edge)
                          0.00   10.00   clock network delay (ideal)
                         -0.25    9.75   clock uncertainty
                          0.00    9.75   clock reconvergence pessimism
                         -2.00    7.75   output external delay
                                  7.75   data required time
-----------------------------------------------------------------------------
                                  7.75   data required time
                                 -4.50   data arrival time
-----------------------------------------------------------------------------
                                  3.25   slack (MET)


Startpoint: B[0] (input port clocked by __VIRTUAL_CLK__)
Endpoint: out[1] (output port clocked by __VIRTUAL_CLK__)
Path Group: __VIRTUAL_CLK__
Path Type: max

Fanout     Cap    Slew   Delay    Time   Description
-----------------------------------------------------------------------------
                  0.00    0.00    0.00   clock __VIRTUAL_CLK__ (rise edge)
                          0.00    0.00   clock network delay (ideal)
                          2.00    2.00 ^ input external delay
     1    0.00    0.02    0.01    2.01 ^ B[0] (in)
                                         B[0] (net)
                  0.02    0.00    2.01 ^ input9/A (sky130_fd_sc_hd__buf_2)
     5    0.03    0.14    0.18    2.19 ^ input9/X (sky130_fd_sc_hd__buf_2)
                                         net9 (net)
                  0.14    0.00    2.19 ^ _251_/A (sky130_fd_sc_hd__buf_4)
    10    0.05    0.16    0.24    2.43 ^ _251_/X (sky130_fd_sc_hd__buf_4)
                                         _182_ (net)
                  0.16    0.00    2.43 ^ _252_/A (sky130_fd_sc_hd__clkbuf_4)
    10    0.04    0.12    0.24    2.67 ^ _252_/X (sky130_fd_sc_hd__clkbuf_4)
                                         _183_ (net)
                  0.12    0.00    2.67 ^ _276_/A1 (sky130_fd_sc_hd__a21oi_1)
     2    0.01    0.08    0.12    2.79 v _276_/Y (sky130_fd_sc_hd__a21oi_1)
                                         _206_ (net)
                  0.08    0.00    2.79 v _279_/B (sky130_fd_sc_hd__or3_1)
     2    0.01    0.10    0.41    3.21 v _279_/X (sky130_fd_sc_hd__or3_1)
                                         _209_ (net)
                  0.10    0.00    3.21 v _280_/B_N (sky130_fd_sc_hd__or2b_1)
     1    0.01    0.10    0.23    3.44 ^ _280_/X (sky130_fd_sc_hd__or2b_1)
                                         _210_ (net)
                  0.10    0.00    3.44 ^ _281_/B (sky130_fd_sc_hd__xnor2_1)
     1    0.00    0.06    0.08    3.52 v _281_/Y (sky130_fd_sc_hd__xnor2_1)
                                         _211_ (net)
                  0.06    0.00    3.52 v _286_/A2 (sky130_fd_sc_hd__a211o_1)
     1    0.01    0.08    0.35    3.87 v _286_/X (sky130_fd_sc_hd__a211o_1)
                                         _216_ (net)
                  0.08    0.00    3.87 v _287_/B2 (sky130_fd_sc_hd__o2bb2a_1)
     1    0.01    0.10    0.36    4.23 v _287_/X (sky130_fd_sc_hd__o2bb2a_1)
                                         net21 (net)
                  0.10    0.00    4.23 v output21/A (sky130_fd_sc_hd__buf_2)
     1    0.03    0.09    0.21    4.44 v output21/X (sky130_fd_sc_hd__buf_2)
                                         out[1] (net)
                  0.09    0.00    4.44 v out[1] (out)
                                  4.44   data arrival time

                  0.00   10.00   10.00   clock __VIRTUAL_CLK__ (rise edge)
                          0.00   10.00   clock network delay (ideal)
                         -0.25    9.75   clock uncertainty
                          0.00    9.75   clock reconvergence pessimism
                         -2.00    7.75   output external delay
                                  7.75   data required time
-----------------------------------------------------------------------------
                                  7.75   data required time
                                 -4.44   data arrival time
-----------------------------------------------------------------------------
                                  3.31   slack (MET)


Startpoint: opcode[0] (input port clocked by __VIRTUAL_CLK__)
Endpoint: out[0] (output port clocked by __VIRTUAL_CLK__)
Path Group: __VIRTUAL_CLK__
Path Type: max

Fanout     Cap    Slew   Delay    Time   Description
-----------------------------------------------------------------------------
                  0.00    0.00    0.00   clock __VIRTUAL_CLK__ (rise edge)
                          0.00    0.00   clock network delay (ideal)
                          2.00    2.00 v input external delay
     1    0.00    0.01    0.00    2.00 v opcode[0] (in)
                                         opcode[0] (net)
                  0.01    0.00    2.00 v input17/A (sky130_fd_sc_hd__buf_2)
     5    0.02    0.07    0.15    2.16 v input17/X (sky130_fd_sc_hd__buf_2)
                                         net17 (net)
                  0.07    0.00    2.16 v _249_/A (sky130_fd_sc_hd__or2_2)
     5    0.02    0.10    0.38    2.54 v _249_/X (sky130_fd_sc_hd__or2_2)
                                         _180_ (net)
                  0.10    0.00    2.54 v _258_/B (sky130_fd_sc_hd__nor2_2)
     8    0.03    0.34    0.32    2.86 ^ _258_/Y (sky130_fd_sc_hd__nor2_2)
                                         _189_ (net)
                  0.34    0.00    2.86 ^ _260_/A1 (sky130_fd_sc_hd__o211a_1)
     1    0.01    0.07    0.24    3.10 ^ _260_/X (sky130_fd_sc_hd__o211a_1)
                                         _191_ (net)
                  0.07    0.00    3.10 ^ _261_/B1 (sky130_fd_sc_hd__a31o_1)
     1    0.01    0.07    0.12    3.22 ^ _261_/X (sky130_fd_sc_hd__a31o_1)
                                         _192_ (net)
                  0.07    0.00    3.22 ^ _262_/B2 (sky130_fd_sc_hd__a2bb2o_1)
     1    0.00    0.04    0.13    3.34 ^ _262_/X (sky130_fd_sc_hd__a2bb2o_1)
                                         net20 (net)
                  0.04    0.00    3.34 ^ output20/A (sky130_fd_sc_hd__buf_2)
     1    0.03    0.17    0.21    3.55 ^ output20/X (sky130_fd_sc_hd__buf_2)
                                         out[0] (net)
                  0.17    0.00    3.55 ^ out[0] (out)
                                  3.55   data arrival time

                  0.00   10.00   10.00   clock __VIRTUAL_CLK__ (rise edge)
                          0.00   10.00   clock network delay (ideal)
                         -0.25    9.75   clock uncertainty
                          0.00    9.75   clock reconvergence pessimism
                         -2.00    7.75   output external delay
                                  7.75   data required time
-----------------------------------------------------------------------------
                                  7.75   data required time
                                 -3.55   data arrival time
-----------------------------------------------------------------------------
                                  4.20   slack (MET)



worst slack corner Typical: 1.8135
max_report_end
checks_report

===========================================================================
report_checks -unconstrained
===========================================================================
======================= Typical Corner ===================================

Startpoint: B[1] (input port clocked by __VIRTUAL_CLK__)
Endpoint: out[7] (output port clocked by __VIRTUAL_CLK__)
Path Group: __VIRTUAL_CLK__
Path Type: max

Fanout     Cap    Slew   Delay    Time   Description
-----------------------------------------------------------------------------
                  0.00    0.00    0.00   clock __VIRTUAL_CLK__ (rise edge)
                          0.00    0.00   clock network delay (ideal)
                          2.00    2.00 v input external delay
     1    0.00    0.01    0.01    2.01 v B[1] (in)
                                         B[1] (net)
                  0.01    0.00    2.01 v input10/A (sky130_fd_sc_hd__clkbuf_2)
     4    0.02    0.10    0.15    2.16 v input10/X (sky130_fd_sc_hd__clkbuf_2)
                                         net10 (net)
                  0.10    0.00    2.16 v _266_/A (sky130_fd_sc_hd__buf_4)
    10    0.05    0.08    0.22    2.38 v _266_/X (sky130_fd_sc_hd__buf_4)
                                         _196_ (net)
                  0.08    0.00    2.38 v _383_/A1 (sky130_fd_sc_hd__a22o_1)
     3    0.02    0.10    0.29    2.67 v _383_/X (sky130_fd_sc_hd__a22o_1)
                                         _061_ (net)
                  0.10    0.00    2.67 v _385_/A2 (sky130_fd_sc_hd__a21o_1)
     2    0.01    0.08    0.25    2.92 v _385_/X (sky130_fd_sc_hd__a21o_1)
                                         _063_ (net)
                  0.08    0.00    2.92 v _389_/A1 (sky130_fd_sc_hd__a21o_1)
     3    0.01    0.08    0.22    3.14 v _389_/X (sky130_fd_sc_hd__a21o_1)
                                         _067_ (net)
                  0.08    0.00    3.14 v _395_/A2 (sky130_fd_sc_hd__a21o_1)
     3    0.01    0.08    0.25    3.39 v _395_/X (sky130_fd_sc_hd__a21o_1)
                                         _073_ (net)
                  0.08    0.00    3.39 v _398_/A (sky130_fd_sc_hd__and3_1)
     2    0.01    0.05    0.18    3.57 v _398_/X (sky130_fd_sc_hd__and3_1)
                                         _076_ (net)
                  0.05    0.00    3.57 v _401_/B (sky130_fd_sc_hd__or3_2)
     4    0.02    0.13    0.55    4.13 v _401_/X (sky130_fd_sc_hd__or3_2)
                                         _079_ (net)
                  0.13    0.00    4.13 v _465_/A2 (sky130_fd_sc_hd__a211o_1)
     2    0.01    0.07    0.36    4.49 v _465_/X (sky130_fd_sc_hd__a211o_1)
                                         _141_ (net)
                  0.07    0.00    4.49 v _494_/A (sky130_fd_sc_hd__or3_1)
     2    0.01    0.10    0.44    4.93 v _494_/X (sky130_fd_sc_hd__or3_1)
                                         _170_ (net)
                  0.10    0.00    4.93 v _496_/B (sky130_fd_sc_hd__and3_1)
     1    0.01    0.06    0.22    5.15 v _496_/X (sky130_fd_sc_hd__and3_1)
                                         _172_ (net)
                  0.06    0.00    5.15 v _498_/A1 (sky130_fd_sc_hd__o21a_1)
     1    0.01    0.05    0.21    5.36 v _498_/X (sky130_fd_sc_hd__o21a_1)
                                         _174_ (net)
                  0.05    0.00    5.36 v _503_/A2 (sky130_fd_sc_hd__o32a_1)
     1    0.01    0.07    0.37    5.73 v _503_/X (sky130_fd_sc_hd__o32a_1)
                                         net27 (net)
                  0.07    0.00    5.73 v output27/A (sky130_fd_sc_hd__buf_2)
     1    0.03    0.09    0.20    5.94 v output27/X (sky130_fd_sc_hd__buf_2)
                                         out[7] (net)
                  0.09    0.00    5.94 v out[7] (out)
                                  5.94   data arrival time

                  0.00   10.00   10.00   clock __VIRTUAL_CLK__ (rise edge)
                          0.00   10.00   clock network delay (ideal)
                         -0.25    9.75   clock uncertainty
                          0.00    9.75   clock reconvergence pessimism
                         -2.00    7.75   output external delay
                                  7.75   data required time
-----------------------------------------------------------------------------
                                  7.75   data required time
                                 -5.94   data arrival time
-----------------------------------------------------------------------------
                                  1.81   slack (MET)




===========================================================================
report_checks --slack_max -0.01
============================================================================
======================= Typical Corner ===================================

No paths found.


===========================================================================
 report_check_types -max_slew -max_cap -max_fanout -violators
============================================================================
======================= Typical Corner ===================================


max slew violations count Typical: 0
max fanout violations count Typical: 0
max cap violations count Typical: 0

===========================================================================
report_parasitic_annotation -report_unannotated
============================================================================
Found 0 unannotated drivers.
Found 0 partially unannotated drivers.

===========================================================================
max slew violation count 0
max fanout violation count 0
max cap violation count 0
============================================================================

===========================================================================
check_setup -verbose -unconstrained_endpoints -multiple_clock -no_clock -no_input_delay -loops -generated_clocks
===========================================================================
checks_report_end
power_report

===========================================================================
 report_power
============================================================================
======================= Typical Corner ===================================

Group                  Internal  Switching    Leakage      Total
                          Power      Power      Power      Power (Watts)
----------------------------------------------------------------
Sequential             0.00e+00   0.00e+00   0.00e+00   0.00e+00   0.0%
Combinational          6.84e-05   1.22e-04   1.16e-09   1.90e-04 100.0%
Clock                  0.00e+00   0.00e+00   1.81e-10   1.81e-10   0.0%
Macro                  0.00e+00   0.00e+00   0.00e+00   0.00e+00   0.0%
Pad                    0.00e+00   0.00e+00   0.00e+00   0.00e+00   0.0%
----------------------------------------------------------------
Total                  6.84e-05   1.22e-04   1.34e-09   1.90e-04 100.0%
                          36.0%      64.0%       0.0%

power_report_end
summary_report

===========================================================================
report_tns
============================================================================
tns 0.00

===========================================================================
report_wns
============================================================================
wns 0.00

===========================================================================
report_worst_slack -max (Setup)
============================================================================
worst slack 1.81

===========================================================================
report_worst_slack -min (Hold)
============================================================================
worst slack 4.21
summary_report_end
area_report

===========================================================================
report_design_area
============================================================================
Design area 2396 u^2 35% utilization.
area_report_end
check_nonpropagated_clocks
__VIRTUAL_CLK__
check_nonpropagated_clocks_end
[WARNING] Did not save OpenROAD database!
Writing SDF to '/openlane/designs/project2/runs/RUN_2025.05.10_13.46.55/results/signoff/alu.sdf'…
Writing timing model to '/openlane/designs/project2/runs/RUN_2025.05.10_13.46.55/results/signoff/alu.lib'…
