OpenROAD b16bda7e82721d10566ff7e2b68f1ff0be9f9e38 
Features included (+) or not (-): +Charts +GPU +GUI +Python
This program is licensed under the BSD-3 license. See the LICENSE file for details.
Components of this program may be licensed under more restrictive licenses which must be honored.
define_corners Typical
read_liberty -corner Typical /home/beeri/.volare/sky130A/libs.ref/sky130_fd_sc_hd/lib/sky130_fd_sc_hd__tt_025C_1v80.lib
Using 1e-12 for capacitance...
Using 1e+03 for resistance...
Using 1e-09 for time...
Using 1e+00 for voltage...
Using 1e-03 for current...
Using 1e-09 for power...
Using 1e-06 for distance...
[INFO]: Reading ODB at '/openlane/designs/project3/runs/RUN_2025.05.20_20.08.17/tmp/routing/25-fill.odb'…
Reading design constraints file at '/openlane/scripts/base.sdc'…
[INFO]: Setting output delay to: 2.0
[INFO]: Setting input delay to: 2.0
[INFO]: Setting load to: 0.033442
[INFO]: Setting clock uncertainty to: 0.25
[INFO]: Setting clock transition to: 0.15
[INFO]: Setting timing derate to: 5.0 %
[INFO ORD-0030] Using 2 thread(s).
[INFO DRT-0149] Reading tech and libs.
[WARNING DRT-0349] LEF58_ENCLOSURE with no CUTCLASS is not supported. Skipping for layer mcon
[WARNING DRT-0349] LEF58_ENCLOSURE with no CUTCLASS is not supported. Skipping for layer mcon
[WARNING DRT-0349] LEF58_ENCLOSURE with no CUTCLASS is not supported. Skipping for layer via
[WARNING DRT-0349] LEF58_ENCLOSURE with no CUTCLASS is not supported. Skipping for layer via
[WARNING DRT-0349] LEF58_ENCLOSURE with no CUTCLASS is not supported. Skipping for layer via2
[WARNING DRT-0349] LEF58_ENCLOSURE with no CUTCLASS is not supported. Skipping for layer via2
[WARNING DRT-0349] LEF58_ENCLOSURE with no CUTCLASS is not supported. Skipping for layer via3
[WARNING DRT-0349] LEF58_ENCLOSURE with no CUTCLASS is not supported. Skipping for layer via3
[WARNING DRT-0349] LEF58_ENCLOSURE with no CUTCLASS is not supported. Skipping for layer via4
[WARNING DRT-0349] LEF58_ENCLOSURE with no CUTCLASS is not supported. Skipping for layer via4

Units:                1000
Number of layers:     13
Number of macros:     441
Number of vias:       29
Number of viarulegen: 25

[INFO DRT-0150] Reading design.

Design:                   ZeroToFiveCounter
Die area:                 ( 0 0 ) ( 74435 85155 )
Number of track patterns: 12
Number of DEF vias:       0
Number of components:     565
Number of terminals:      16
Number of snets:          2
Number of nets:           231

[INFO DRT-0167] List of default vias:
  Layer via
    default via: M1M2_PR
  Layer via2
    default via: M2M3_PR
  Layer via3
    default via: M3M4_PR
  Layer via4
    default via: M4M5_PR
[INFO DRT-0162] Library cell analysis.
[INFO DRT-0163] Instance analysis.
[INFO DRT-0164] Number of unique instances = 104.
[INFO DRT-0168] Init region query.
[INFO DRT-0024]   Complete FR_MASTERSLICE.
[INFO DRT-0024]   Complete Fr_VIA.
[INFO DRT-0024]   Complete li1.
[INFO DRT-0024]   Complete mcon.
[INFO DRT-0024]   Complete met1.
[INFO DRT-0024]   Complete via.
[INFO DRT-0024]   Complete met2.
[INFO DRT-0024]   Complete via2.
[INFO DRT-0024]   Complete met3.
[INFO DRT-0024]   Complete via3.
[INFO DRT-0024]   Complete met4.
[INFO DRT-0024]   Complete via4.
[INFO DRT-0024]   Complete met5.
[INFO DRT-0033] FR_MASTERSLICE shape region query size = 0.
[INFO DRT-0033] FR_VIA shape region query size = 0.
[INFO DRT-0033] li1 shape region query size = 11518.
[INFO DRT-0033] mcon shape region query size = 1512.
[INFO DRT-0033] met1 shape region query size = 1684.
[INFO DRT-0033] via shape region query size = 480.
[INFO DRT-0033] met2 shape region query size = 292.
[INFO DRT-0033] via2 shape region query size = 384.
[INFO DRT-0033] met3 shape region query size = 298.
[INFO DRT-0033] via3 shape region query size = 384.
[INFO DRT-0033] met4 shape region query size = 144.
[INFO DRT-0033] via4 shape region query size = 32.
[INFO DRT-0033] met5 shape region query size = 48.
[INFO DRT-0165] Start pin access.
[INFO DRT-0078]   Complete 291 pins.
[INFO DRT-0081]   Complete 86 unique inst patterns.
[INFO DRT-0084]   Complete 123 groups.
#scanned instances     = 565
#unique  instances     = 104
#stdCellGenAp          = 2399
#stdCellValidPlanarAp  = 20
#stdCellValidViaAp     = 1838
#stdCellPinNoAp        = 0
#stdCellPinCnt         = 733
#instTermValidViaApCnt = 0
#macroGenAp            = 0
#macroValidPlanarAp    = 0
#macroValidViaAp       = 0
#macroNoAp             = 0
[INFO DRT-0166] Complete pin access.
[INFO DRT-0267] cpu time = 00:00:14, elapsed time = 00:00:05, memory = 122.18 (MB), peak = 122.18 (MB)

Number of guides:     1426

[INFO DRT-0169] Post process guides.
[INFO DRT-0176] GCELLGRID X 0 DO 10 STEP 6900 ;
[INFO DRT-0177] GCELLGRID Y 0 DO 12 STEP 6900 ;
[INFO DRT-0028]   Complete FR_MASTERSLICE.
[INFO DRT-0028]   Complete Fr_VIA.
[INFO DRT-0028]   Complete li1.
[INFO DRT-0028]   Complete mcon.
[INFO DRT-0028]   Complete met1.
[INFO DRT-0028]   Complete via.
[INFO DRT-0028]   Complete met2.
[INFO DRT-0028]   Complete via2.
[INFO DRT-0028]   Complete met3.
[INFO DRT-0028]   Complete via3.
[INFO DRT-0028]   Complete met4.
[INFO DRT-0028]   Complete via4.
[INFO DRT-0028]   Complete met5.
[INFO DRT-0178] Init guide query.
[INFO DRT-0035]   Complete FR_MASTERSLICE (guide).
[INFO DRT-0035]   Complete Fr_VIA (guide).
[INFO DRT-0035]   Complete li1 (guide).
[INFO DRT-0035]   Complete mcon (guide).
[INFO DRT-0035]   Complete met1 (guide).
[INFO DRT-0035]   Complete via (guide).
[INFO DRT-0035]   Complete met2 (guide).
[INFO DRT-0035]   Complete via2 (guide).
[INFO DRT-0035]   Complete met3 (guide).
[INFO DRT-0035]   Complete via3 (guide).
[INFO DRT-0035]   Complete met4 (guide).
[INFO DRT-0035]   Complete via4 (guide).
[INFO DRT-0035]   Complete met5 (guide).
[INFO DRT-0036] FR_MASTERSLICE guide region query size = 0.
[INFO DRT-0036] FR_VIA guide region query size = 0.
[INFO DRT-0036] li1 guide region query size = 510.
[INFO DRT-0036] mcon guide region query size = 0.
[INFO DRT-0036] met1 guide region query size = 368.
[INFO DRT-0036] via guide region query size = 0.
[INFO DRT-0036] met2 guide region query size = 187.
[INFO DRT-0036] via2 guide region query size = 0.
[INFO DRT-0036] met3 guide region query size = 14.
[INFO DRT-0036] via3 guide region query size = 0.
[INFO DRT-0036] met4 guide region query size = 3.
[INFO DRT-0036] via4 guide region query size = 0.
[INFO DRT-0036] met5 guide region query size = 0.
[INFO DRT-0179] Init gr pin query.
[INFO DRT-0245] skipped writing guide updates to database.
[INFO DRT-0185] Post process initialize RPin region query.
[INFO DRT-0181] Start track assignment.
[INFO DRT-0184] Done with 700 vertical wires in 1 frboxes and 382 horizontal wires in 1 frboxes.
[INFO DRT-0186] Done with 71 vertical wires in 1 frboxes and 94 horizontal wires in 1 frboxes.
[INFO DRT-0182] Complete track assignment.
[INFO DRT-0267] cpu time = 00:00:00, elapsed time = 00:00:00, memory = 125.65 (MB), peak = 125.65 (MB)
[INFO DRT-0187] Start routing data preparation.
[INFO DRT-0267] cpu time = 00:00:00, elapsed time = 00:00:00, memory = 125.65 (MB), peak = 125.65 (MB)
[INFO DRT-0194] Start detail routing.
[INFO DRT-0195] Start 0th optimization iteration.
    Completing 10% with 0 violations.
    elapsed time = 00:00:00, memory = 134.21 (MB).
    Completing 20% with 19 violations.
    elapsed time = 00:00:01, memory = 144.43 (MB).
    Completing 30% with 32 violations.
    elapsed time = 00:00:01, memory = 144.43 (MB).
    Completing 40% with 59 violations.
    elapsed time = 00:00:01, memory = 144.43 (MB).
[INFO DRT-0199]   Number of violations = 86.
Viol/Layer         li1   met1   met2   met3
Metal Spacing        3     14      2      3
Min Hole             0      1      0      0
Recheck              0     14      5      1
Short                0     43      0      0
[INFO DRT-0267] cpu time = 00:00:03, elapsed time = 00:00:02, memory = 487.82 (MB), peak = 487.82 (MB)
Total wire length = 3406 um.
Total wire length on LAYER li1 = 0 um.
Total wire length on LAYER met1 = 1737 um.
Total wire length on LAYER met2 = 1532 um.
Total wire length on LAYER met3 = 92 um.
Total wire length on LAYER met4 = 44 um.
Total wire length on LAYER met5 = 0 um.
Total number of vias = 1397.
Up-via summary (total 1397):

-----------------------
 FR_MASTERSLICE       0
            li1     702
           met1     673
           met2      17
           met3       5
           met4       0
-----------------------
                   1397


[INFO DRT-0195] Start 1st optimization iteration.
    Completing 10% with 86 violations.
    elapsed time = 00:00:00, memory = 487.82 (MB).
    Completing 20% with 85 violations.
    elapsed time = 00:00:00, memory = 487.82 (MB).
    Completing 30% with 69 violations.
    elapsed time = 00:00:00, memory = 487.82 (MB).
    Completing 40% with 32 violations.
    elapsed time = 00:00:01, memory = 487.82 (MB).
[INFO DRT-0199]   Number of violations = 8.
Viol/Layer        met1   met2
Metal Spacing        1      1
Short                6      0
[INFO DRT-0267] cpu time = 00:00:02, elapsed time = 00:00:01, memory = 491.03 (MB), peak = 491.03 (MB)
Total wire length = 3326 um.
Total wire length on LAYER li1 = 0 um.
Total wire length on LAYER met1 = 1701 um.
Total wire length on LAYER met2 = 1489 um.
Total wire length on LAYER met3 = 91 um.
Total wire length on LAYER met4 = 42 um.
Total wire length on LAYER met5 = 0 um.
Total number of vias = 1398.
Up-via summary (total 1398):

-----------------------
 FR_MASTERSLICE       0
            li1     702
           met1     676
           met2      15
           met3       5
           met4       0
-----------------------
                   1398


[INFO DRT-0195] Start 2nd optimization iteration.
    Completing 10% with 8 violations.
    elapsed time = 00:00:00, memory = 491.03 (MB).
    Completing 20% with 8 violations.
    elapsed time = 00:00:00, memory = 491.03 (MB).
    Completing 30% with 8 violations.
    elapsed time = 00:00:00, memory = 491.03 (MB).
    Completing 40% with 8 violations.
    elapsed time = 00:00:00, memory = 491.03 (MB).
    Completing 50% with 8 violations.
    elapsed time = 00:00:00, memory = 491.03 (MB).
    Completing 60% with 8 violations.
    elapsed time = 00:00:00, memory = 491.03 (MB).
    Completing 70% with 8 violations.
    elapsed time = 00:00:00, memory = 491.03 (MB).
    Completing 80% with 8 violations.
    elapsed time = 00:00:00, memory = 491.03 (MB).
    Completing 90% with 8 violations.
    elapsed time = 00:00:02, memory = 491.03 (MB).
    Completing 100% with 25 violations.
    elapsed time = 00:00:02, memory = 491.03 (MB).
[INFO DRT-0199]   Number of violations = 25.
Viol/Layer        met1
Metal Spacing        4
Short               21
[INFO DRT-0267] cpu time = 00:00:02, elapsed time = 00:00:02, memory = 457.38 (MB), peak = 491.03 (MB)
Total wire length = 3332 um.
Total wire length on LAYER li1 = 0 um.
Total wire length on LAYER met1 = 1720 um.
Total wire length on LAYER met2 = 1531 um.
Total wire length on LAYER met3 = 66 um.
Total wire length on LAYER met4 = 13 um.
Total wire length on LAYER met5 = 0 um.
Total number of vias = 1384.
Up-via summary (total 1384):

-----------------------
 FR_MASTERSLICE       0
            li1     702
           met1     668
           met2      12
           met3       2
           met4       0
-----------------------
                   1384


[INFO DRT-0195] Start 3rd optimization iteration.
    Completing 10% with 25 violations.
    elapsed time = 00:00:00, memory = 457.38 (MB).
    Completing 20% with 22 violations.
    elapsed time = 00:00:00, memory = 457.38 (MB).
    Completing 30% with 20 violations.
    elapsed time = 00:00:02, memory = 457.38 (MB).
    Completing 40% with 20 violations.
    elapsed time = 00:00:02, memory = 457.38 (MB).
[INFO DRT-0199]   Number of violations = 16.
Viol/Layer        met1
Metal Spacing        1
Short               15
[INFO DRT-0267] cpu time = 00:00:03, elapsed time = 00:00:02, memory = 488.17 (MB), peak = 491.03 (MB)
Total wire length = 3341 um.
Total wire length on LAYER li1 = 0 um.
Total wire length on LAYER met1 = 1721 um.
Total wire length on LAYER met2 = 1535 um.
Total wire length on LAYER met3 = 71 um.
Total wire length on LAYER met4 = 13 um.
Total wire length on LAYER met5 = 0 um.
Total number of vias = 1393.
Up-via summary (total 1393):

-----------------------
 FR_MASTERSLICE       0
            li1     702
           met1     675
           met2      14
           met3       2
           met4       0
-----------------------
                   1393


[INFO DRT-0195] Start 4th optimization iteration.
    Completing 10% with 16 violations.
    elapsed time = 00:00:00, memory = 488.17 (MB).
    Completing 20% with 16 violations.
    elapsed time = 00:00:00, memory = 488.17 (MB).
    Completing 30% with 16 violations.
    elapsed time = 00:00:00, memory = 488.17 (MB).
    Completing 40% with 0 violations.
    elapsed time = 00:00:00, memory = 488.17 (MB).
[INFO DRT-0199]   Number of violations = 0.
[INFO DRT-0267] cpu time = 00:00:00, elapsed time = 00:00:00, memory = 488.17 (MB), peak = 491.03 (MB)
Total wire length = 3344 um.
Total wire length on LAYER li1 = 0 um.
Total wire length on LAYER met1 = 1717 um.
Total wire length on LAYER met2 = 1535 um.
Total wire length on LAYER met3 = 78 um.
Total wire length on LAYER met4 = 13 um.
Total wire length on LAYER met5 = 0 um.
Total number of vias = 1400.
Up-via summary (total 1400):

-----------------------
 FR_MASTERSLICE       0
            li1     702
           met1     680
           met2      16
           met3       2
           met4       0
-----------------------
                   1400


[INFO DRT-0198] Complete detail routing.
Total wire length = 3344 um.
Total wire length on LAYER li1 = 0 um.
Total wire length on LAYER met1 = 1717 um.
Total wire length on LAYER met2 = 1535 um.
Total wire length on LAYER met3 = 78 um.
Total wire length on LAYER met4 = 13 um.
Total wire length on LAYER met5 = 0 um.
Total number of vias = 1400.
Up-via summary (total 1400):

-----------------------
 FR_MASTERSLICE       0
            li1     702
           met1     680
           met2      16
           met3       2
           met4       0
-----------------------
                   1400


[INFO DRT-0267] cpu time = 00:00:13, elapsed time = 00:00:09, memory = 488.17 (MB), peak = 491.03 (MB)

[INFO DRT-0180] Post processing.
Setting global connections for newly added cells…
Writing OpenROAD database to '/openlane/designs/project3/runs/RUN_2025.05.20_20.08.17/results/routing/ZeroToFiveCounter.odb'…
Writing netlist to '/openlane/designs/project3/runs/RUN_2025.05.20_20.08.17/results/routing/ZeroToFiveCounter.nl.v'…
Writing powered netlist to '/openlane/designs/project3/runs/RUN_2025.05.20_20.08.17/results/routing/ZeroToFiveCounter.pnl.v'…
Writing layout to '/openlane/designs/project3/runs/RUN_2025.05.20_20.08.17/results/routing/ZeroToFiveCounter.def'…
