Sat May 10 12:22:00 +0000 2025 - Executing "{openroad -exit -no_init -python /openlane/scripts/odbpy/lefutil.py get_metal_layers -o /openlane/designs/project2/runs/RUN_2025.05.10_12.22.00/tmp/layers.list /home/beeri/.volare/sky130A/libs.ref/sky130_fd_sc_hd/techlef/sky130_fd_sc_hd__nom.tlef}"

Sat May 10 12:22:01 +0000 2025 - Executing "{/openlane/scripts/mergeLef.py -o /openlane/designs/project2/runs/RUN_2025.05.10_12.22.00/tmp/merged.nom.lef -i /home/beeri/.volare/sky130A/libs.ref/sky130_fd_sc_hd/techlef/sky130_fd_sc_hd__nom.tlef {/home/beeri/.volare/sky130A/libs.ref/sky130_fd_sc_hd/lef/sky130_fd_sc_hd.lef /home/beeri/.volare/sky130A/libs.ref/sky130_fd_sc_hd/lef/sky130_ef_sc_hd.lef} |& tee /dev/null}"

Sat May 10 12:22:01 +0000 2025 - Executing "{/openlane/scripts/mergeLef.py -o /openlane/designs/project2/runs/RUN_2025.05.10_12.22.00/tmp/merged.min.lef -i /home/beeri/.volare/sky130A/libs.ref/sky130_fd_sc_hd/techlef/sky130_fd_sc_hd__min.tlef {/home/beeri/.volare/sky130A/libs.ref/sky130_fd_sc_hd/lef/sky130_fd_sc_hd.lef /home/beeri/.volare/sky130A/libs.ref/sky130_fd_sc_hd/lef/sky130_ef_sc_hd.lef} |& tee /dev/null}"

Sat May 10 12:22:01 +0000 2025 - Executing "{/openlane/scripts/mergeLef.py -o /openlane/designs/project2/runs/RUN_2025.05.10_12.22.00/tmp/merged.max.lef -i /home/beeri/.volare/sky130A/libs.ref/sky130_fd_sc_hd/techlef/sky130_fd_sc_hd__max.tlef {/home/beeri/.volare/sky130A/libs.ref/sky130_fd_sc_hd/lef/sky130_fd_sc_hd.lef /home/beeri/.volare/sky130A/libs.ref/sky130_fd_sc_hd/lef/sky130_ef_sc_hd.lef} |& tee /dev/null}"

Sat May 10 12:22:01 +0000 2025 - Executing "{python3 /openlane/scripts/mergeLib.py --output /openlane/designs/project2/runs/RUN_2025.05.10_12.22.00/tmp/synthesis/merged.lib --name sky130A_merged /home/beeri/.volare/sky130A/libs.ref/sky130_fd_sc_hd/lib/sky130_fd_sc_hd__tt_025C_1v80.lib}"

Sat May 10 12:22:01 +0000 2025 - Executing "{python3 /openlane/scripts/libtrim.py --cell-file /openlane/designs/project2/runs/RUN_2025.05.10_12.22.00/tmp/synthesis/trimmed.lib.exclude.list --output /openlane/designs/project2/runs/RUN_2025.05.10_12.22.00/tmp/synthesis/trimmed.lib /openlane/designs/project2/runs/RUN_2025.05.10_12.22.00/tmp/synthesis/merged.lib}"

Sat May 10 12:22:01 +0000 2025 - Executing "{python3 /openlane/scripts/libtrim.py --cell-file /openlane/designs/project2/runs/RUN_2025.05.10_12.22.00/tmp/cts/cts.lib.exclude.list --output /openlane/designs/project2/runs/RUN_2025.05.10_12.22.00/tmp/cts/cts.lib /home/beeri/.volare/sky130A/libs.ref/sky130_fd_sc_hd/lib/sky130_fd_sc_hd__tt_025C_1v80.lib}"

Sat May 10 12:22:01 +0000 2025 - Executing "{python3 /openlane/scripts/libtrim.py --cell-file /openlane/designs/project2/runs/RUN_2025.05.10_12.22.00/tmp/cts/cts-fastest.lib.exclude.list --output /openlane/designs/project2/runs/RUN_2025.05.10_12.22.00/tmp/cts/cts-fastest.lib /home/beeri/.volare/sky130A/libs.ref/sky130_fd_sc_hd/lib/sky130_fd_sc_hd__ff_n40C_1v95.lib}"

Sat May 10 12:22:01 +0000 2025 - Executing "{python3 /openlane/scripts/libtrim.py --cell-file /openlane/designs/project2/runs/RUN_2025.05.10_12.22.00/tmp/cts/cts-slowest.lib.exclude.list --output /openlane/designs/project2/runs/RUN_2025.05.10_12.22.00/tmp/cts/cts-slowest.lib /home/beeri/.volare/sky130A/libs.ref/sky130_fd_sc_hd/lib/sky130_fd_sc_hd__ss_100C_1v60.lib}"

Sat May 10 12:22:01 +0000 2025 - Executing "{python3 /openlane/scripts/new_tracks.py -i /home/beeri/.volare/sky130A/libs.tech/openlane/sky130_fd_sc_hd/tracks.info -o /openlane/designs/project2/runs/RUN_2025.05.10_12.22.00/tmp/routing/config.tracks}"

Sat May 10 12:22:02 +0000 2025 - Executing "{echo {OpenLane e73fb3c57e687a0023fcd4dcfd1566ecd478362a} > /openlane/designs/project2/runs/RUN_2025.05.10_12.22.00/OPENLANE_COMMIT}"

Sat May 10 12:22:02 +0000 2025 - Executing "{yosys -c /openlane/scripts/yosys/blackbox.tcl}"

Sat May 10 12:22:02 +0000 2025 - Executing "{verilator -Wall --lint-only --Wno-DECLFILENAME --top-module alu /openlane/designs/project2/runs/RUN_2025.05.10_12.22.00/tmp/synthesis/blackbox/sky130_fd_sc_hd__blackbox.v /openlane/designs/project2/src/alu.v -Wno-fatal --relative-includes |& tee /openlane/designs/project2/runs/RUN_2025.05.10_12.22.00/logs/synthesis/linter.log /dev/null}"

Sat May 10 12:22:02 +0000 2025 - Executing "{sed -E {s/^([[:space:]]+)pg_pin(.*)/\1pin\2\n\1    direction : "inout";/g} /home/beeri/.volare/sky130A/libs.ref/sky130_fd_sc_hd/lib/sky130_fd_sc_hd__tt_025C_1v80.lib > /openlane/designs/project2/runs/RUN_2025.05.10_12.22.00/tmp/synthesis/1-sky130_fd_sc_hd__tt_025C_1v80.no_pg.lib}"

Sat May 10 12:22:02 +0000 2025 - Executing "{sed -E {s/^([[:space:]]+)pg_pin(.*)/\1pin\2\n\1    direction : "inout";/g} /openlane/designs/project2/runs/RUN_2025.05.10_12.22.00/tmp/synthesis/trimmed.lib > /openlane/designs/project2/runs/RUN_2025.05.10_12.22.00/tmp/synthesis/1-trimmed.no_pg.lib}"

Sat May 10 12:22:02 +0000 2025 - Executing "yosys -c /openlane/scripts/yosys/synth.tcl |& tee /dev/null /openlane/designs/project2/runs/RUN_2025.05.10_12.22.00/logs/synthesis/1-synthesis.log"

Sat May 10 12:22:02 +0000 2025 - Executing "{yosys -c /openlane/scripts/yosys/synth.tcl |& tee /dev/null /openlane/designs/project2/runs/RUN_2025.05.10_12.22.00/logs/synthesis/1-synthesis.log}"

Sat May 10 12:22:03 +0000 2025 - Executing "{sed -i.bak -e {s/\(set ::env(CURRENT_NETLIST)\).*/\1 \/openlane\/designs\/project2\/runs\/RUN_2025.05.10_12.22.00\/results\/synthesis\/alu.v/} /openlane/designs/project2/runs/RUN_2025.05.10_12.22.00/config.tcl}"

Sat May 10 12:22:03 +0000 2025 - Executing "{sed -i.bak /defparam/d /openlane/designs/project2/runs/RUN_2025.05.10_12.22.00/results/synthesis/alu.v}"

Sat May 10 12:22:03 +0000 2025 - Executing "sta -exit -no_init /openlane/scripts/openroad/sta/multi_corner.tcl |& tee /dev/null /openlane/designs/project2/runs/RUN_2025.05.10_12.22.00/logs/synthesis/2-sta.log"

Sat May 10 12:22:03 +0000 2025 - Executing "{sta -exit -no_init /openlane/scripts/openroad/sta/multi_corner.tcl |& tee /dev/null /openlane/designs/project2/runs/RUN_2025.05.10_12.22.00/logs/synthesis/2-sta.log}"

Sat May 10 12:22:03 +0000 2025 - Executing "{python3 /openlane/scripts/write_runtime.py --conclude --seconds --time-in 1746879723 {flow failed}}"

Sat May 10 12:22:03 +0000 2025 - Executing "{python3 /openlane/scripts/generate_reports.py -d /openlane/designs/project2 --design_name alu --tag RUN_2025.05.10_12.22.00 --output_file /openlane/designs/project2/runs/RUN_2025.05.10_12.22.00/reports/metrics.csv --man_report /openlane/designs/project2/runs/RUN_2025.05.10_12.22.00/reports/manufacturability.rpt --run_path /openlane/designs/project2/runs/RUN_2025.05.10_12.22.00}"

