OpenROAD b16bda7e82721d10566ff7e2b68f1ff0be9f9e38 
Features included (+) or not (-): +Charts +GPU +GUI +Python
This program is licensed under the BSD-3 license. See the LICENSE file for details.
Components of this program may be licensed under more restrictive licenses which must be honored.
Top-level design name: TopModule
Block boundaries: 0 0 256105 266825
Horizontal Tracks Origin: 340, Count: 392, Step: 680
Vertical Tracks Origin: 230, Count: 557, Step: 460
Placement details for the #N side
Virtual pin count:  0
Actual pin count:  14
Total pin count:  14
Tracks count:  557
Tracks per pin:  39
Used tracks count:  508
Unused track count:  49
Starting track index:  24
Placement Map:
[230, 690, 1150, 1610, 2070, 2530, 2990, 3450, 3910, 4370, 4830, 5290, 5750, 6210, 6670, 7130, 7590, 8050, 8510, 8970, 9430, 9890, 10350, 10810, [91m11270[0m, 11730, 12190, 12650, 13110, 13570, 14030, 14490, 14950, 15410, 15870, 16330, 16790, 17250, 17710, 18170, 18630, 19090, 19550, 20010, 20470, 20930, 21390, 21850, 22310, 22770, 23230, 23690, 24150, 24610, 25070, 25530, 25990, 26450, 26910, 27370, 27830, 28290, 28750, [91m29210[0m, 29670, 30130, 30590, 31050, 31510, 31970, 32430, 32890, 33350, 33810, 34270, 34730, 35190, 35650, 36110, 36570, 37030, 37490, 37950, 38410, 38870, 39330, 39790, 40250, 40710, 41170, 41630, 42090, 42550, 43010, 43470, 43930, 44390, 44850, 45310, 45770, 46230, 46690, [91m47150[0m, 47610, 48070, 48530, 48990, 49450, 49910, 50370, 50830, 51290, 51750, 52210, 52670, 53130, 53590, 54050, 54510, 54970, 55430, 55890, 56350, 56810, 57270, 57730, 58190, 58650, 59110, 59570, 60030, 60490, 60950, 61410, 61870, 62330, 62790, 63250, 63710, 64170, 64630, [91m65090[0m, 65550, 66010, 66470, 66930, 67390, 67850, 68310, 68770, 69230, 69690, 70150, 70610, 71070, 71530, 71990, 72450, 72910, 73370, 73830, 74290, 74750, 75210, 75670, 76130, 76590, 77050, 77510, 77970, 78430, 78890, 79350, 79810, 80270, 80730, 81190, 81650, 82110, 82570, [91m83030[0m, 83490, 83950, 84410, 84870, 85330, 85790, 86250, 86710, 87170, 87630, 88090, 88550, 89010, 89470, 89930, 90390, 90850, 91310, 91770, 92230, 92690, 93150, 93610, 94070, 94530, 94990, 95450, 95910, 96370, 96830, 97290, 97750, 98210, 98670, 99130, 99590, 100050, 100510, [91m100970[0m, 101430, 101890, 102350, 102810, 103270, 103730, 104190, 104650, 105110, 105570, 106030, 106490, 106950, 107410, 107870, 108330, 108790, 109250, 109710, 110170, 110630, 111090, 111550, 112010, 112470, 112930, 113390, 113850, 114310, 114770, 115230, 115690, 116150, 116610, 117070, 117530, 117990, 118450, [91m118910[0m, 119370, 119830, 120290, 120750, 121210, 121670, 122130, 122590, 123050, 123510, 123970, 124430, 124890, 125350, 125810, 126270, 126730, 127190, 127650, 128110, 128570, 129030, 129490, 129950, 130410, 130870, 131330, 131790, 132250, 132710, 133170, 133630, 134090, 134550, 135010, 135470, 135930, 136390, [91m136850[0m, 137310, 137770, 138230, 138690, 139150, 139610, 140070, 140530, 140990, 141450, 141910, 142370, 142830, 143290, 143750, 144210, 144670, 145130, 145590, 146050, 146510, 146970, 147430, 147890, 148350, 148810, 149270, 149730, 150190, 150650, 151110, 151570, 152030, 152490, 152950, 153410, 153870, 154330, [91m154790[0m, 155250, 155710, 156170, 156630, 157090, 157550, 158010, 158470, 158930, 159390, 159850, 160310, 160770, 161230, 161690, 162150, 162610, 163070, 163530, 163990, 164450, 164910, 165370, 165830, 166290, 166750, 167210, 167670, 168130, 168590, 169050, 169510, 169970, 170430, 170890, 171350, 171810, 172270, [91m172730[0m, 173190, 173650, 174110, 174570, 175030, 175490, 175950, 176410, 176870, 177330, 177790, 178250, 178710, 179170, 179630, 180090, 180550, 181010, 181470, 181930, 182390, 182850, 183310, 183770, 184230, 184690, 185150, 185610, 186070, 186530, 186990, 187450, 187910, 188370, 188830, 189290, 189750, 190210, [91m190670[0m, 191130, 191590, 192050, 192510, 192970, 193430, 193890, 194350, 194810, 195270, 195730, 196190, 196650, 197110, 197570, 198030, 198490, 198950, 199410, 199870, 200330, 200790, 201250, 201710, 202170, 202630, 203090, 203550, 204010, 204470, 204930, 205390, 205850, 206310, 206770, 207230, 207690, 208150, [91m208610[0m, 209070, 209530, 209990, 210450, 210910, 211370, 211830, 212290, 212750, 213210, 213670, 214130, 214590, 215050, 215510, 215970, 216430, 216890, 217350, 217810, 218270, 218730, 219190, 219650, 220110, 220570, 221030, 221490, 221950, 222410, 222870, 223330, 223790, 224250, 224710, 225170, 225630, 226090, [91m226550[0m, 227010, 227470, 227930, 228390, 228850, 229310, 229770, 230230, 230690, 231150, 231610, 232070, 232530, 232990, 233450, 233910, 234370, 234830, 235290, 235750, 236210, 236670, 237130, 237590, 238050, 238510, 238970, 239430, 239890, 240350, 240810, 241270, 241730, 242190, 242650, 243110, 243570, 244030, [91m244490[0m, 244950, 245410, 245870, 246330, 246790, 247250, 247710, 248170, 248630, 249090, 249550, 250010, 250470, 250930, 251390, 251850, 252310, 252770, 253230, 253690, 254150, 254610, 255070, 255530, 255990, ]
Indices of used tracks: [24, 63, 102, 141, 180, 219, 258, 297, 336, 375, 414, 453, 492, 531]
---
Placement details for the #E side
Virtual pin count:  0
Actual pin count:  18
Total pin count:  18
Tracks count:  196
Tracks per pin:  10
Used tracks count:  171
Unused track count:  25
Starting track index:  12
Placement Map:
[340, 1700, 3060, 4420, 5780, 7140, 8500, 9860, 11220, 12580, 13940, 15300, [91m16660[0m, 18020, 19380, 20740, 22100, 23460, 24820, 26180, 27540, 28900, [91m30260[0m, 31620, 32980, 34340, 35700, 37060, 38420, 39780, 41140, 42500, [91m43860[0m, 45220, 46580, 47940, 49300, 50660, 52020, 53380, 54740, 56100, [91m57460[0m, 58820, 60180, 61540, 62900, 64260, 65620, 66980, 68340, 69700, [91m71060[0m, 72420, 73780, 75140, 76500, 77860, 79220, 80580, 81940, 83300, [91m84660[0m, 86020, 87380, 88740, 90100, 91460, 92820, 94180, 95540, 96900, [91m98260[0m, 99620, 100980, 102340, 103700, 105060, 106420, 107780, 109140, 110500, [91m111860[0m, 113220, 114580, 115940, 117300, 118660, 120020, 121380, 122740, 124100, [91m125460[0m, 126820, 128180, 129540, 130900, 132260, 133620, 134980, 136340, 137700, [91m139060[0m, 140420, 141780, 143140, 144500, 145860, 147220, 148580, 149940, 151300, [91m152660[0m, 154020, 155380, 156740, 158100, 159460, 160820, 162180, 163540, 164900, [91m166260[0m, 167620, 168980, 170340, 171700, 173060, 174420, 175780, 177140, 178500, [91m179860[0m, 181220, 182580, 183940, 185300, 186660, 188020, 189380, 190740, 192100, [91m193460[0m, 194820, 196180, 197540, 198900, 200260, 201620, 202980, 204340, 205700, [91m207060[0m, 208420, 209780, 211140, 212500, 213860, 215220, 216580, 217940, 219300, [91m220660[0m, 222020, 223380, 224740, 226100, 227460, 228820, 230180, 231540, 232900, [91m234260[0m, 235620, 236980, 238340, 239700, 241060, 242420, 243780, 245140, 246500, [91m247860[0m, 249220, 250580, 251940, 253300, 254660, 256020, 257380, 258740, 260100, 261460, 262820, 264180, 265540, ]
Indices of used tracks: [12, 22, 32, 42, 52, 62, 72, 82, 92, 102, 112, 122, 132, 142, 152, 162, 172, 182]
---
Placement details for the #W side
Virtual pin count:  0
Actual pin count:  3
Total pin count:  3
Tracks count:  196
Tracks per pin:  65
Used tracks count:  131
Unused track count:  65
Starting track index:  32
Placement Map:
[340, 1700, 3060, 4420, 5780, 7140, 8500, 9860, 11220, 12580, 13940, 15300, 16660, 18020, 19380, 20740, 22100, 23460, 24820, 26180, 27540, 28900, 30260, 31620, 32980, 34340, 35700, 37060, 38420, 39780, 41140, 42500, [91m43860[0m, 45220, 46580, 47940, 49300, 50660, 52020, 53380, 54740, 56100, 57460, 58820, 60180, 61540, 62900, 64260, 65620, 66980, 68340, 69700, 71060, 72420, 73780, 75140, 76500, 77860, 79220, 80580, 81940, 83300, 84660, 86020, 87380, 88740, 90100, 91460, 92820, 94180, 95540, 96900, 98260, 99620, 100980, 102340, 103700, 105060, 106420, 107780, 109140, 110500, 111860, 113220, 114580, 115940, 117300, 118660, 120020, 121380, 122740, 124100, 125460, 126820, 128180, 129540, 130900, [91m132260[0m, 133620, 134980, 136340, 137700, 139060, 140420, 141780, 143140, 144500, 145860, 147220, 148580, 149940, 151300, 152660, 154020, 155380, 156740, 158100, 159460, 160820, 162180, 163540, 164900, 166260, 167620, 168980, 170340, 171700, 173060, 174420, 175780, 177140, 178500, 179860, 181220, 182580, 183940, 185300, 186660, 188020, 189380, 190740, 192100, 193460, 194820, 196180, 197540, 198900, 200260, 201620, 202980, 204340, 205700, 207060, 208420, 209780, 211140, 212500, 213860, 215220, 216580, 217940, 219300, [91m220660[0m, 222020, 223380, 224740, 226100, 227460, 228820, 230180, 231540, 232900, 234260, 235620, 236980, 238340, 239700, 241060, 242420, 243780, 245140, 246500, 247860, 249220, 250580, 251940, 253300, 254660, 256020, 257380, 258740, 260100, 261460, 262820, 264180, 265540, ]
Indices of used tracks: [32, 97, 162]
---
