OpenROAD b16bda7e82721d10566ff7e2b68f1ff0be9f9e38 
Features included (+) or not (-): +Charts +GPU +GUI +Python
This program is licensed under the BSD-3 license. See the LICENSE file for details.
Components of this program may be licensed under more restrictive licenses which must be honored.
define_corners Typical
read_liberty -corner Typical /home/beeri/.volare/sky130A/libs.ref/sky130_fd_sc_hd/lib/sky130_fd_sc_hd__tt_025C_1v80.lib
Using 1e-12 for capacitance...
Using 1e+03 for resistance...
Using 1e-09 for time...
Using 1e+00 for voltage...
Using 1e-03 for current...
Using 1e-09 for power...
Using 1e-06 for distance...
[INFO]: Reading ODB at '/openlane/designs/project5/runs/RUN_2025.05.31_18.00.03/tmp/placement/7-global.odb'…
Reading design constraints file at '/openlane/scripts/base.sdc'…
[INFO]: Setting output delay to: 2.0
[INFO]: Setting input delay to: 2.0
[INFO]: Setting load to: 0.033442
[INFO]: Setting clock uncertainty to: 0.25
[INFO]: Setting clock transition to: 0.15
[INFO]: Setting timing derate to: 5.0 %
[INFO]: Setting RC values...
min_report

===========================================================================
report_checks -path_delay min (Hold)
============================================================================
======================= Typical Corner ===================================

No paths found.

worst slack corner Typical: INF
min_report_end
max_report

===========================================================================
report_checks -path_delay max (Setup)
============================================================================
======================= Typical Corner ===================================

No paths found.

worst slack corner Typical: INF
max_report_end
checks_report

===========================================================================
report_checks -unconstrained
===========================================================================
======================= Typical Corner ===================================

No paths found.


===========================================================================
report_checks --slack_max -0.01
============================================================================
======================= Typical Corner ===================================

No paths found.


===========================================================================
 report_check_types -max_slew -max_cap -max_fanout -violators
============================================================================
======================= Typical Corner ===================================


max slew violations count Typical: 0
max fanout violations count Typical: 0
max cap violations count Typical: 0

===========================================================================
report_parasitic_annotation -report_unannotated
============================================================================
Found 35 unannotated drivers.
 clk
 control
 reset
 _00_/HI
 _01_/HI
 _02_/HI
 _03_/HI
 _04_/HI
 _05_/HI
 _06_/HI
 _07_/HI
 _08_/HI
 _09_/HI
 _10_/HI
 _11_/HI
 _12_/HI
 _13_/HI
 _14_/HI
 _15_/HI
 _16_/HI
 _17_/HI
 _18_/HI
 _19_/HI
 _20_/HI
 _21_/HI
 _22_/HI
 _23_/HI
 _24_/HI
 _25_/HI
 _26_/HI
 _27_/HI
 _28_/HI
 _29_/HI
 _30_/HI
 _31_/HI
Found 0 partially unannotated drivers.

===========================================================================
max slew violation count 0
max fanout violation count 0
max cap violation count 0
============================================================================

===========================================================================
check_setup -verbose -unconstrained_endpoints -multiple_clock -no_clock -no_input_delay -loops -generated_clocks
===========================================================================
Warning: There are 32 unconstrained endpoints.
  Result[0]
  Result[10]
  Result[11]
  Result[12]
  Result[13]
  Result[14]
  Result[15]
  Result[16]
  Result[17]
  Result[18]
  Result[19]
  Result[1]
  Result[20]
  Result[21]
  Result[22]
  Result[23]
  Result[24]
  Result[25]
  Result[26]
  Result[27]
  Result[28]
  Result[29]
  Result[2]
  Result[30]
  Result[31]
  Result[3]
  Result[4]
  Result[5]
  Result[6]
  Result[7]
  Result[8]
  Result[9]
checks_report_end
power_report

===========================================================================
 report_power
============================================================================
======================= Typical Corner ===================================

Group                  Internal  Switching    Leakage      Total
                          Power      Power      Power      Power (Watts)
----------------------------------------------------------------
Sequential             0.00e+00   0.00e+00   0.00e+00   0.00e+00   0.0%
Combinational          0.00e+00   0.00e+00   1.04e-10   1.04e-10  15.1%
Clock                  0.00e+00   0.00e+00   5.83e-10   5.83e-10  84.9%
Macro                  0.00e+00   0.00e+00   0.00e+00   0.00e+00   0.0%
Pad                    0.00e+00   0.00e+00   0.00e+00   0.00e+00   0.0%
----------------------------------------------------------------
Total                  0.00e+00   0.00e+00   6.87e-10   6.87e-10 100.0%
                           0.0%       0.0%     100.0%

power_report_end
skew_report

===========================================================================
report_clock_skew
============================================================================
Clock clk
No launch/capture paths found.

skew_report_end
summary_report

===========================================================================
report_tns
============================================================================
tns 0.00

===========================================================================
report_wns
============================================================================
wns 0.00

===========================================================================
report_worst_slack -max (Setup)
============================================================================
worst slack INF

===========================================================================
report_worst_slack -min (Hold)
============================================================================
worst slack INF
summary_report_end
area_report

===========================================================================
report_design_area
============================================================================
Design area 1156 u^2 2% utilization.
area_report_end
check_nonpropagated_clocks
clk
check_nonpropagated_clocks_end
[WARNING] Did not save OpenROAD database!
Writing SDF to '/openlane/designs/project5/runs/RUN_2025.05.31_18.00.03/results/signoff/TopModule.sdf'…
