
===========================================================================
report_checks -unconstrained
===========================================================================
======================= Typical Corner ===================================

Startpoint: rst (input port clocked by clk)
Endpoint: _367_ (recovery check against rising-edge clock clk)
Path Group: asynchronous
Path Type: max

Fanout     Cap    Slew   Delay    Time   Description
-----------------------------------------------------------------------------
                  0.15    0.00    0.00   clock clk (rise edge)
                          0.00    0.00   clock network delay (ideal)
                          2.00    2.00 v input external delay
     4    0.01    0.03    0.02    2.02 v rst (in)
                                         rst (net)
                  0.03    0.00    2.02 v _327_/A (sky130_fd_sc_hd__buf_1)
    10    0.05    0.29    0.30    2.32 v _327_/X (sky130_fd_sc_hd__buf_1)
                                         _168_ (net)
                  0.29    0.00    2.32 v _335_/A (sky130_fd_sc_hd__inv_2)
     1    0.00    0.07    0.11    2.43 ^ _335_/Y (sky130_fd_sc_hd__inv_2)
                                         _044_ (net)
                  0.07    0.00    2.43 ^ _367_/RESET_B (sky130_fd_sc_hd__dfrtp_2)
                                  2.43   data arrival time

                  0.15   10.00   10.00   clock clk (rise edge)
                          0.00   10.00   clock network delay (ideal)
                         -0.25    9.75   clock uncertainty
                          0.00    9.75   clock reconvergence pessimism
                                  9.75 ^ _367_/CLK (sky130_fd_sc_hd__dfrtp_2)
                          0.24    9.99   library recovery time
                                  9.99   data required time
-----------------------------------------------------------------------------
                                  9.99   data required time
                                 -2.43   data arrival time
-----------------------------------------------------------------------------
                                  7.56   slack (MET)


Startpoint: _354_ (rising edge-triggered flip-flop clocked by clk)
Endpoint: _379_ (rising edge-triggered flip-flop clocked by clk)
Path Group: clk
Path Type: max

Fanout     Cap    Slew   Delay    Time   Description
-----------------------------------------------------------------------------
                  0.15    0.00    0.00   clock clk (rise edge)
                          0.00    0.00   clock network delay (ideal)
                  0.15    0.00    0.00 ^ _354_/CLK (sky130_fd_sc_hd__dfrtp_2)
     7    0.02    0.11    0.46    0.46 ^ _354_/Q (sky130_fd_sc_hd__dfrtp_2)
                                         one_second_counter[0] (net)
                  0.11    0.00    0.46 ^ _175_/A (sky130_fd_sc_hd__and4_2)
     8    0.02    0.12    0.30    0.76 ^ _175_/X (sky130_fd_sc_hd__and4_2)
                                         _170_ (net)
                  0.12    0.00    0.76 ^ _254_/B (sky130_fd_sc_hd__and4_2)
     4    0.01    0.07    0.26    1.02 ^ _254_/X (sky130_fd_sc_hd__and4_2)
                                         _121_ (net)
                  0.07    0.00    1.02 ^ _290_/C (sky130_fd_sc_hd__and4_2)
     1    0.00    0.05    0.22    1.24 ^ _290_/X (sky130_fd_sc_hd__and4_2)
                                         _149_ (net)
                  0.05    0.00    1.24 ^ _291_/A (sky130_fd_sc_hd__buf_1)
    10    0.03    0.38    0.33    1.57 ^ _291_/X (sky130_fd_sc_hd__buf_1)
                                         _150_ (net)
                  0.38    0.00    1.57 ^ _312_/D_N (sky130_fd_sc_hd__or4b_2)
     2    0.01    0.12    0.68    2.25 v _312_/X (sky130_fd_sc_hd__or4b_2)
                                         _165_ (net)
                  0.12    0.00    2.25 v _313_/C (sky130_fd_sc_hd__and3_2)
     1    0.00    0.04    0.24    2.50 v _313_/X (sky130_fd_sc_hd__and3_2)
                                         _166_ (net)
                  0.04    0.00    2.50 v _314_/A (sky130_fd_sc_hd__buf_1)
     1    0.00    0.02    0.08    2.58 v _314_/X (sky130_fd_sc_hd__buf_1)
                                         _017_ (net)
                  0.02    0.00    2.58 v _379_/D (sky130_fd_sc_hd__dfrtp_2)
                                  2.58   data arrival time

                  0.15   10.00   10.00   clock clk (rise edge)
                          0.00   10.00   clock network delay (ideal)
                         -0.25    9.75   clock uncertainty
                          0.00    9.75   clock reconvergence pessimism
                                  9.75 ^ _379_/CLK (sky130_fd_sc_hd__dfrtp_2)
                         -0.08    9.67   library setup time
                                  9.67   data required time
-----------------------------------------------------------------------------
                                  9.67   data required time
                                 -2.58   data arrival time
-----------------------------------------------------------------------------
                                  7.09   slack (MET)




===========================================================================
report_checks --slack_max -0.01
============================================================================
======================= Typical Corner ===================================

No paths found.


===========================================================================
 report_check_types -max_slew -max_cap -max_fanout -violators
============================================================================
======================= Typical Corner ===================================


max slew violations count Typical: 0
max fanout violations count Typical: 0
max cap violations count Typical: 0

===========================================================================
report_parasitic_annotation -report_unannotated
============================================================================
Found 9 unannotated drivers.
 clk
 _381_/LO
 _382_/LO
 _383_/LO
 _384_/LO
 _385_/HI
 _386_/HI
 _387_/HI
 _388_/HI
Found 0 partially unannotated drivers.

===========================================================================
max slew violation count 0
max fanout violation count 0
max cap violation count 0
============================================================================

===========================================================================
check_setup -verbose -unconstrained_endpoints -multiple_clock -no_clock -no_input_delay -loops -generated_clocks
===========================================================================
Warning: There are 8 unconstrained endpoints.
  AN[0]
  AN[1]
  AN[2]
  AN[3]
  AN[4]
  AN[5]
  AN[6]
  AN[7]
