[INFO]: Run Directory: /openlane/designs/project6/runs/RUN_2025.06.14_16.11.46
[INFO]: Saving runtime environment...
[INFO]: Preparing LEF files for the nom corner...
[INFO]: Preparing LEF files for the min corner...
[INFO]: Preparing LEF files for the max corner...
[WARNING]: PNR_SDC_FILE is not set. It is recommended to write a custom SDC file for the design. Defaulting to BASE_SDC_FILE
[WARNING]: SIGNOFF_SDC_FILE is not set. It is recommended to write a custom SDC file for the design. Defaulting to BASE_SDC_FILE
[INFO]: Running linter (Verilator) (log: designs/project6/runs/RUN_2025.06.14_16.11.46/logs/synthesis/linter.log)...
[INFO]: 0 errors found by linter
[WARNING]: 438 warnings found by linter
[INFO]: Running Synthesis (log: designs/project6/runs/RUN_2025.06.14_16.11.46/logs/synthesis/1-synthesis.log)...
[INFO]: Running Single-Corner Static Timing Analysis (log: designs/project6/runs/RUN_2025.06.14_16.11.46/logs/synthesis/2-sta.log)...
[INFO]: Running Initial Floorplanning (log: designs/project6/runs/RUN_2025.06.14_16.11.46/logs/floorplan/3-initial_fp.log)...
[INFO]: Floorplanned with width 88.78 and height 76.16.
[INFO]: Running IO Placement (log: designs/project6/runs/RUN_2025.06.14_16.11.46/logs/floorplan/4-place_io.log)...
[INFO]: Running Tap/Decap Insertion (log: designs/project6/runs/RUN_2025.06.14_16.11.46/logs/floorplan/5-tap.log)...
[INFO]: Power planning with power {VPWR} and ground {VGND}...
[INFO]: Generating PDN (log: designs/project6/runs/RUN_2025.06.14_16.11.46/logs/floorplan/6-pdn.log)...
[INFO]: Performing Random Global Placement (log: designs/project6/runs/RUN_2025.06.14_16.11.46/logs/placement/7-global.log)...
[INFO]: Running Placement Resizer Design Optimizations (log: designs/project6/runs/RUN_2025.06.14_16.11.46/logs/placement/8-resizer.log)...
