violation type: Horizontal congestion
	srcs: net:_003_ net:_004_ net:_019_ net:_021_ net:_030_ net:_052_ net:_094_ net:_122_ net:_142_ net:_172_ net:_173_ net:_182_ net:_183_ net:_196_ net:_204_ net:net7 net:net10 net:net13 net:net15 
	congestion information: capacity:18 usage:19 overflow:1
	bbox = ( 34.5, 41.4 ) - ( 41.4, 48.3) on Layer -
violation type: Horizontal congestion
	srcs: net:_002_ net:_031_ net:_036_ net:_048_ net:_049_ net:_148_ net:_149_ net:_152_ net:_186_ net:_187_ net:_200_ net:net1 net:net2 net:net11 net:net17 net:net18 net:net19 net:net35 
	congestion information: capacity:17 usage:18 overflow:1
	bbox = ( 34.5, 48.3 ) - ( 41.4, 55.2) on Layer -
violation type: Horizontal congestion
	srcs: net:_002_ net:_008_ net:_031_ net:_036_ net:_048_ net:_049_ net:_111_ net:_148_ net:_149_ net:_152_ net:_186_ net:_200_ net:net1 net:net2 net:net17 net:net18 net:net19 net:net35 
	congestion information: capacity:17 usage:18 overflow:1
	bbox = ( 41.4, 48.3 ) - ( 48.3, 55.2) on Layer -
violation type: Vertical congestion
	srcs: net:_018_ net:_025_ net:_060_ net:_061_ net:_065_ net:_066_ net:_076_ net:_081_ net:_090_ net:_091_ net:_125_ net:_165_ net:_206_ net:_207_ net:_247_ net:net16 
	congestion information: capacity:14 usage:16 overflow:2
	bbox = ( 0, 34.5 ) - ( 6.9, 41.4) on Layer -
violation type: Vertical congestion
	srcs: net:_018_ net:_025_ net:_060_ net:_061_ net:_063_ net:_065_ net:_090_ net:_091_ net:_106_ net:_125_ net:_143_ net:_167_ net:_206_ net:_207_ net:_247_ net:net16 
	congestion information: capacity:14 usage:16 overflow:2
	bbox = ( 0, 41.4 ) - ( 6.9, 48.3) on Layer -
violation type: Vertical congestion
	srcs: net:_025_ net:_032_ net:_060_ net:_081_ net:_104_ net:_106_ net:_167_ net:_175_ net:net5 net:net9 net:net19 net:net36 net:net38 
	congestion information: capacity:12 usage:13 overflow:1
	bbox = ( 6.9, 27.6 ) - ( 13.8, 34.5) on Layer -
violation type: Vertical congestion
	srcs: net:_032_ net:_036_ net:_085_ net:_106_ net:_167_ net:_168_ net:_203_ net:_239_ net:net5 net:net6 net:net9 net:net36 net:net38 
	congestion information: capacity:12 usage:13 overflow:1
	bbox = ( 6.9, 34.5 ) - ( 13.8, 41.4) on Layer -
violation type: Vertical congestion
	srcs: net:_049_ net:_066_ net:_073_ net:_076_ net:_081_ net:_085_ net:_168_ net:_203_ net:_239_ net:net5 net:net6 net:net9 net:net12 
	congestion information: capacity:12 usage:13 overflow:1
	bbox = ( 6.9, 41.4 ) - ( 13.8, 48.3) on Layer -
violation type: Vertical congestion
	srcs: net:_025_ net:_066_ net:_073_ net:_076_ net:_085_ net:_106_ net:_168_ net:_203_ net:net5 net:net6 net:net9 net:net12 net:net13 
	congestion information: capacity:12 usage:13 overflow:1
	bbox = ( 6.9, 48.3 ) - ( 13.8, 55.2) on Layer -
violation type: Vertical congestion
	srcs: net:_018_ net:_034_ net:_092_ net:_107_ net:_110_ net:_142_ net:_143_ net:_169_ net:_189_ net:_192_ net:_198_ net:_203_ net:net4 net:net6 net:net29 
	congestion information: capacity:13 usage:15 overflow:2
	bbox = ( 13.8, 27.6 ) - ( 20.7, 34.5) on Layer -
violation type: Vertical congestion
	srcs: net:_074_ net:_092_ net:_104_ net:_142_ net:_143_ net:_154_ net:_166_ net:_169_ net:_175_ net:_189_ net:_198_ net:_199_ net:net4 net:net29 
	congestion information: capacity:13 usage:14 overflow:1
	bbox = ( 13.8, 34.5 ) - ( 20.7, 41.4) on Layer -
violation type: Vertical congestion
	srcs: net:_036_ net:_048_ net:_052_ net:_074_ net:_092_ net:_104_ net:_154_ net:_166_ net:_169_ net:_174_ net:_175_ net:_189_ net:_198_ net:_199_ net:net4 
	congestion information: capacity:13 usage:15 overflow:2
	bbox = ( 13.8, 41.4 ) - ( 20.7, 48.3) on Layer -
violation type: Vertical congestion
	srcs: net:_000_ net:_036_ net:_052_ net:_060_ net:_065_ net:_104_ net:_154_ net:_166_ net:_174_ net:_175_ net:_189_ net:_206_ net:_239_ net:net4 
	congestion information: capacity:13 usage:14 overflow:1
	bbox = ( 13.8, 48.3 ) - ( 20.7, 55.2) on Layer -
violation type: Vertical congestion
	srcs: net:_002_ net:_026_ net:_027_ net:_031_ net:_062_ net:_121_ net:_144_ net:_146_ net:_176_ net:_191_ net:_194_ net:_204_ net:_229_ net:_233_ net:net1 net:net2 
	congestion information: capacity:14 usage:16 overflow:2
	bbox = ( 27.6, 34.5 ) - ( 34.5, 41.4) on Layer -
violation type: Vertical congestion
	srcs: net:_027_ net:_062_ net:_063_ net:_144_ net:_176_ net:_177_ net:_182_ net:_191_ net:_194_ net:_198_ net:_229_ net:_232_ net:_233_ net:net1 net:net20 
	congestion information: capacity:14 usage:15 overflow:1
	bbox = ( 27.6, 48.3 ) - ( 34.5, 55.2) on Layer -
violation type: Vertical congestion
	srcs: net:_028_ net:_077_ net:_079_ net:_111_ net:_119_ net:_130_ net:_154_ net:_182_ net:_187_ net:_202_ net:_212_ net:_217_ net:_228_ net:_240_ net:net3 
	congestion information: capacity:14 usage:15 overflow:1
	bbox = ( 41.4, 27.6 ) - ( 48.3, 34.5) on Layer -
violation type: Vertical congestion
	srcs: net:_021_ net:_052_ net:_077_ net:_111_ net:_119_ net:_130_ net:_160_ net:_182_ net:_187_ net:_202_ net:_212_ net:_217_ net:_223_ net:_228_ net:_240_ net:net3 
	congestion information: capacity:14 usage:16 overflow:2
	bbox = ( 41.4, 34.5 ) - ( 48.3, 41.4) on Layer -
violation type: Vertical congestion
	srcs: net:_003_ net:_052_ net:_072_ net:_083_ net:_099_ net:_101_ net:_109_ net:_163_ net:_171_ net:_196_ net:_197_ net:_200_ net:_221_ net:net10 net:net35 
	congestion information: capacity:14 usage:15 overflow:1
	bbox = ( 48.3, 27.6 ) - ( 55.2, 34.5) on Layer -
violation type: Vertical congestion
	srcs: net:_021_ net:_072_ net:_083_ net:_101_ net:_109_ net:_122_ net:_124_ net:_148_ net:_163_ net:_170_ net:_183_ net:_197_ net:_221_ net:net10 net:net18 net:net35 
	congestion information: capacity:14 usage:16 overflow:2
	bbox = ( 48.3, 41.4 ) - ( 55.2, 48.3) on Layer -
violation type: Vertical congestion
	srcs: net:_072_ net:_083_ net:_101_ net:_109_ net:_122_ net:_124_ net:_163_ net:_170_ net:_183_ net:_190_ net:_197_ net:_221_ net:net10 net:net18 net:net35 
	congestion information: capacity:14 usage:15 overflow:1
	bbox = ( 48.3, 48.3 ) - ( 55.2, 55.2) on Layer -
violation type: Vertical congestion
	srcs: net:_003_ net:_019_ net:_024_ net:_030_ net:_047_ net:_053_ net:_055_ net:_086_ net:_098_ net:_159_ net:_162_ net:_164_ net:_193_ net:_200_ net:net18 
	congestion information: capacity:12 usage:15 overflow:3
	bbox = ( 55.2, 34.5 ) - ( 62.1, 41.4) on Layer -
violation type: Vertical congestion
	srcs: net:_024_ net:_047_ net:_053_ net:_055_ net:_086_ net:_149_ net:_159_ net:_162_ net:_164_ net:_193_ net:_200_ net:_218_ net:net28 
	congestion information: capacity:12 usage:13 overflow:1
	bbox = ( 55.2, 41.4 ) - ( 62.1, 48.3) on Layer -
violation type: Vertical congestion
	srcs: net:_021_ net:_024_ net:_047_ net:_053_ net:_055_ net:_086_ net:_149_ net:_159_ net:_162_ net:_164_ net:_193_ net:_218_ net:net28 
	congestion information: capacity:12 usage:13 overflow:1
	bbox = ( 55.2, 48.3 ) - ( 62.1, 55.2) on Layer -
violation type: Vertical congestion
	srcs: net:_020_ net:_057_ net:_088_ net:_132_ net:_162_ net:_180_ net:_183_ net:_210_ net:_224_ net:_238_ net:_241_ net:net11 net:net14 
	congestion information: capacity:12 usage:13 overflow:1
	bbox = ( 62.1, 27.6 ) - ( 69, 34.5) on Layer -
violation type: Vertical congestion
	srcs: net:_008_ net:_009_ net:_012_ net:_020_ net:_056_ net:_057_ net:_132_ net:_183_ net:_224_ net:_238_ net:_241_ net:net11 net:net14 
	congestion information: capacity:12 usage:13 overflow:1
	bbox = ( 62.1, 34.5 ) - ( 69, 41.4) on Layer -
violation type: Vertical congestion
	srcs: net:_008_ net:_009_ net:_012_ net:_013_ net:_020_ net:_056_ net:_057_ net:_132_ net:_156_ net:_186_ net:_224_ net:_241_ net:net14 
	congestion information: capacity:12 usage:13 overflow:1
	bbox = ( 62.1, 41.4 ) - ( 69, 48.3) on Layer -
violation type: Vertical congestion
	srcs: net:_009_ net:_013_ net:_020_ net:_022_ net:_056_ net:_057_ net:_058_ net:_132_ net:_152_ net:_156_ net:_186_ net:_241_ net:net14 
	congestion information: capacity:12 usage:13 overflow:1
	bbox = ( 62.1, 48.3 ) - ( 69, 55.2) on Layer -
violation type: Vertical congestion
	srcs: net:_005_ net:_012_ net:_013_ net:_043_ net:_044_ net:_058_ net:_103_ net:_136_ net:_158_ net:_205_ net:_214_ net:_218_ net:_230_ net:_244_ net:_245_ 
	congestion information: capacity:14 usage:15 overflow:1
	bbox = ( 69, 27.6 ) - ( 75.9, 34.5) on Layer -
violation type: Vertical congestion
	srcs: net:_005_ net:_006_ net:_013_ net:_058_ net:_088_ net:_103_ net:_136_ net:_158_ net:_180_ net:_186_ net:_214_ net:_218_ net:_230_ net:_244_ net:_245_ 
	congestion information: capacity:14 usage:15 overflow:1
	bbox = ( 69, 34.5 ) - ( 75.9, 41.4) on Layer -
violation type: Vertical congestion
	srcs: net:_003_ net:_005_ net:_011_ net:_058_ net:_103_ net:_152_ net:_153_ net:_155_ net:_158_ net:_180_ net:_209_ net:_214_ net:_230_ net:_238_ net:_244_ net:_245_ 
	congestion information: capacity:14 usage:16 overflow:2
	bbox = ( 69, 41.4 ) - ( 75.9, 48.3) on Layer -
violation type: Vertical congestion
	srcs: net:_005_ net:_011_ net:_103_ net:_153_ net:_155_ net:_158_ net:_180_ net:_209_ net:_214_ net:_230_ net:_238_ net:_244_ net:_245_ net:net2 net:net12 
	congestion information: capacity:14 usage:15 overflow:1
	bbox = ( 69, 48.3 ) - ( 75.9, 55.2) on Layer -
violation type: Vertical congestion
	srcs: net:_004_ net:_011_ net:_028_ net:_035_ net:_044_ net:_096_ net:_112_ net:_131_ net:_137_ net:_153_ net:_155_ net:_205_ net:_208_ net:_243_ net:_246_ net:net15 
	congestion information: capacity:14 usage:16 overflow:2
	bbox = ( 75.9, 34.5 ) - ( 82.8, 41.4) on Layer -
violation type: Vertical congestion
	srcs: net:_019_ net:_038_ net:_041_ net:_054_ net:_080_ net:_115_ net:_138_ net:_161_ net:_194_ net:_200_ net:net27 net:net33 
	congestion information: capacity:11 usage:12 overflow:1
	bbox = ( 82.8, 48.3 ) - ( 89.7, 55.2) on Layer -
violation type: Vertical congestion
	srcs: net:_004_ net:_006_ net:_028_ net:_050_ net:_054_ net:_064_ net:_069_ net:_088_ net:_093_ net:_094_ net:_095_ net:_100_ net:_120_ net:_126_ net:_128_ net:_190_ net:_201_ net:_225_ net:_246_ net:net19 net:net22 net:net25 net:net26 
	congestion information: capacity:22 usage:23 overflow:1
	bbox = ( 89.7, 41.4 ) - ( 100, 48.3) on Layer -
