
63. Printing statistics.

=== ZeroToFiveCounter ===

   Number of wires:                206
   Number of wire bits:            216
   Number of public wires:          31
   Number of public wire bits:      41
   Number of memories:               0
   Number of memory bits:            0
   Number of processes:              0
   Number of cells:                214
     sky130_fd_sc_hd__a211o_2        1
     sky130_fd_sc_hd__a21boi_2       1
     sky130_fd_sc_hd__a21o_2         5
     sky130_fd_sc_hd__a21oi_2        1
     sky130_fd_sc_hd__a31o_2         9
     sky130_fd_sc_hd__a41o_2         2
     sky130_fd_sc_hd__and2_2         7
     sky130_fd_sc_hd__and2b_2        1
     sky130_fd_sc_hd__and3_2        24
     sky130_fd_sc_hd__and3b_2        3
     sky130_fd_sc_hd__and4_2         7
     sky130_fd_sc_hd__and4bb_2       1
     sky130_fd_sc_hd__buf_1         27
     sky130_fd_sc_hd__conb_1         8
     sky130_fd_sc_hd__dfrtp_2       31
     sky130_fd_sc_hd__inv_2         40
     sky130_fd_sc_hd__nand2_2       13
     sky130_fd_sc_hd__nand3_2        4
     sky130_fd_sc_hd__nand4_2        1
     sky130_fd_sc_hd__nor2_2         2
     sky130_fd_sc_hd__nor3b_2        1
     sky130_fd_sc_hd__o211a_2        7
     sky130_fd_sc_hd__o311a_2        1
     sky130_fd_sc_hd__o31a_2         1
     sky130_fd_sc_hd__or2_2         10
     sky130_fd_sc_hd__or4_2          1
     sky130_fd_sc_hd__or4b_2         3
     sky130_fd_sc_hd__xnor2_2        1
     sky130_fd_sc_hd__xor2_2         1

   Chip area for module '\ZeroToFiveCounter': 2009.427200

