
===========================================================================
 report_power
============================================================================
======================= Fastest Corner ===================================

Group                  Internal  Switching    Leakage      Total
                          Power      Power      Power      Power (Watts)
----------------------------------------------------------------
Sequential             1.46e-04   0.00e+00   2.88e-08   1.46e-04  45.0%
Combinational          2.45e-06   6.27e-06   1.04e-09   8.72e-06   2.7%
Clock                  1.14e-04   5.60e-05   7.73e-10   1.70e-04  52.3%
Macro                  0.00e+00   0.00e+00   0.00e+00   0.00e+00   0.0%
Pad                    0.00e+00   0.00e+00   0.00e+00   0.00e+00   0.0%
----------------------------------------------------------------
Total                  2.63e-04   6.22e-05   3.06e-08   3.26e-04 100.0%
                          80.9%      19.1%       0.0%

======================= Slowest Corner ===================================

Group                  Internal  Switching    Leakage      Total
                          Power      Power      Power      Power (Watts)
----------------------------------------------------------------
Sequential             9.70e-05   0.00e+00   5.68e-07   9.76e-05  44.0%
Combinational          1.64e-06   4.07e-06   8.37e-07   6.54e-06   2.9%
Clock                  8.15e-05   3.61e-05   1.15e-07   1.18e-04  53.1%
Macro                  0.00e+00   0.00e+00   0.00e+00   0.00e+00   0.0%
Pad                    0.00e+00   0.00e+00   0.00e+00   0.00e+00   0.0%
----------------------------------------------------------------
Total                  1.80e-04   4.02e-05   1.52e-06   2.22e-04 100.0%
                          81.2%      18.1%       0.7%

======================= Typical Corner ===================================

Group                  Internal  Switching    Leakage      Total
                          Power      Power      Power      Power (Watts)
----------------------------------------------------------------
Sequential             1.26e-04   0.00e+00   2.87e-08   1.26e-04  44.9%
Combinational          2.03e-06   5.34e-06   7.59e-10   7.37e-06   2.6%
Clock                  1.00e-04   4.68e-05   4.82e-10   1.47e-04  52.4%
Macro                  0.00e+00   0.00e+00   0.00e+00   0.00e+00   0.0%
Pad                    0.00e+00   0.00e+00   0.00e+00   0.00e+00   0.0%
----------------------------------------------------------------
Total                  2.28e-04   5.21e-05   2.99e-08   2.80e-04 100.0%
                          81.4%      18.6%       0.0%

