OpenROAD b16bda7e82721d10566ff7e2b68f1ff0be9f9e38 
Features included (+) or not (-): +Charts +GPU +GUI +Python
This program is licensed under the BSD-3 license. See the LICENSE file for details.
Components of this program may be licensed under more restrictive licenses which must be honored.
define_corners Typical
read_liberty -corner Typical /home/beeri/.volare/sky130A/libs.ref/sky130_fd_sc_hd/lib/sky130_fd_sc_hd__tt_025C_1v80.lib
Using 1e-12 for capacitance...
Using 1e+03 for resistance...
Using 1e-09 for time...
Using 1e+00 for voltage...
Using 1e-03 for current...
Using 1e-09 for power...
Using 1e-06 for distance...
[INFO]: Reading ODB at '/openlane/designs/project2/runs/RUN_2025.05.10_13.50.20/tmp/16-alu.odb'…
Reading design constraints file at '/openlane/scripts/base.sdc'…
[INFO]: Setting output delay to: 2.0
[INFO]: Setting input delay to: 2.0
[WARNING STA-0366] port '__VIRTUAL_CLK__' not found.
[INFO]: Setting load to: 0.033442
[INFO]: Setting clock uncertainty to: 0.25
[INFO]: Setting clock transition to: 0.15
[WARNING STA-0419] transition time can not be specified for virtual clocks.
[INFO]: Setting timing derate to: 5.0 %
[INFO]: Propagating all clocks
[WARNING STA-0450] virtual clock __VIRTUAL_CLK__ can not be propagated.
[INFO]: Setting RC values...
[WARNING GRT-0026] Missing route to pin rebuffer21/A.
[WARNING GRT-0026] Missing route to pin _344_/X.
[WARNING GRT-0026] Missing route to pin _352_/B.
[WARNING GRT-0026] Missing route to pin _352_/A.
[WARNING GRT-0026] Missing route to pin _352_/C.
[WARNING GRT-0026] Missing route to pin _375_/A1.
[WARNING GRT-0026] Missing route to pin _375_/A2.
[WARNING GRT-0026] Missing route to pin _375_/X.
[WARNING GRT-0026] Missing route to pin _380_/A.
[WARNING GRT-0026] Missing route to pin _380_/B.
[WARNING GRT-0026] Missing route to pin _380_/Y.
[WARNING GRT-0026] Missing route to pin _421_/A2.
[WARNING GRT-0026] Missing route to pin _421_/A1.
[WARNING GRT-0026] Missing route to pin _394_/Y.
[WARNING GRT-0026] Missing route to pin _436_/A2.
[WARNING GRT-0026] Missing route to pin _415_/A.
[WARNING GRT-0026] Missing route to pin _415_/B.
[WARNING GRT-0026] Missing route to pin _419_/A2.
[WARNING GRT-0026] Missing route to pin _419_/B1.
[WARNING GRT-0026] Missing route to pin _419_/X.
[WARNING GRT-0026] Missing route to pin _423_/A2.
[WARNING GRT-0026] Missing route to pin _423_/B1.
[WARNING GRT-0026] Missing route to pin _421_/X.
[WARNING GRT-0026] Missing route to pin _430_/A.
[WARNING GRT-0026] Missing route to pin _435_/A1.
[WARNING GRT-0026] Missing route to pin _438_/C1.
[WARNING GRT-0026] Missing route to pin _438_/D1.
[WARNING GRT-0026] Missing route to pin _463_/A1.
[WARNING GRT-0026] Missing route to pin _463_/A2.
[WARNING GRT-0026] Missing route to pin _451_/C1.
[WARNING GRT-0026] Missing route to pin _451_/X.
[WARNING GRT-0026] Missing route to pin _324_/B1.
[WARNING GRT-0026] Missing route to pin _279_/A.
[WARNING GRT-0026] Missing route to pin _451_/B1.
[WARNING GRT-0026] Missing route to pin _298_/A2.
[WARNING GRT-0026] Missing route to pin _279_/B.
[WARNING GRT-0026] Missing route to pin _279_/C.
[WARNING GRT-0026] Missing route to pin _475_/A.
[WARNING GRT-0026] Missing route to pin _333_/B.
[WARNING GRT-0026] Missing route to pin _298_/X.
[WARNING GRT-0026] Missing route to pin _324_/B2.
[WARNING GRT-0026] Missing route to pin output25/X.
[WARNING GRT-0026] Missing route to pin _344_/A.
[WARNING GRT-0026] Missing route to pin _344_/B.
[WARNING GRT-0026] Missing route to pin _322_/A.
[WARNING GRT-0026] Missing route to pin _344_/C.
[WARNING GRT-0026] Missing route to pin _344_/D.
[WARNING GRT-0026] Missing route to pin _475_/B.
[WARNING GRT-0026] Missing route to pin output25/A.
[WARNING GRT-0026] Missing route to pin _436_/A1.
[WARNING GRT-0026] Missing route to pin _402_/B.
[WARNING GRT-0026] Missing route to pin _298_/B1.
min_report

===========================================================================
report_checks -path_delay min (Hold)
============================================================================
======================= Typical Corner ===================================

Startpoint: A[7] (input port clocked by __VIRTUAL_CLK__)
Endpoint: out[7] (output port clocked by __VIRTUAL_CLK__)
Path Group: __VIRTUAL_CLK__
Path Type: min

Fanout     Cap    Slew   Delay    Time   Description
-----------------------------------------------------------------------------
                  0.00    0.00    0.00   clock __VIRTUAL_CLK__ (rise edge)
                          0.00    0.00   clock network delay (ideal)
                          2.00    2.00 v input external delay
     1    0.00    0.01    0.00    2.00 v A[7] (in)
                                         A[7] (net)
                  0.01    0.00    2.00 v input8/A (sky130_fd_sc_hd__buf_2)
     6    0.03    0.08    0.14    2.15 v input8/X (sky130_fd_sc_hd__buf_2)
                                         net8 (net)
                  0.08    0.00    2.15 v _502_/A (sky130_fd_sc_hd__inv_2)
     1    0.01    0.05    0.07    2.22 ^ _502_/Y (sky130_fd_sc_hd__inv_2)
                                         _179_ (net)
                  0.05    0.00    2.22 ^ _503_/B2 (sky130_fd_sc_hd__o32a_4)
     1    0.01    0.04    0.14    2.35 ^ _503_/X (sky130_fd_sc_hd__o32a_4)
                                         net27 (net)
                  0.04    0.00    2.35 ^ output27/A (sky130_fd_sc_hd__buf_8)
     1    0.03    0.07    0.11    2.46 ^ output27/X (sky130_fd_sc_hd__buf_8)
                                         out[7] (net)
                  0.07    0.00    2.46 ^ out[7] (out)
                                  2.46   data arrival time

                  0.00    0.00    0.00   clock __VIRTUAL_CLK__ (rise edge)
                          0.00    0.00   clock network delay (ideal)
                          0.25    0.25   clock uncertainty
                          0.00    0.25   clock reconvergence pessimism
                         -2.00   -1.75   output external delay
                                 -1.75   data required time
-----------------------------------------------------------------------------
                                 -1.75   data required time
                                 -2.46   data arrival time
-----------------------------------------------------------------------------
                                  4.21   slack (MET)


Startpoint: A[6] (input port clocked by __VIRTUAL_CLK__)
Endpoint: out[6] (output port clocked by __VIRTUAL_CLK__)
Path Group: __VIRTUAL_CLK__
Path Type: min

Fanout     Cap    Slew   Delay    Time   Description
-----------------------------------------------------------------------------
                  0.00    0.00    0.00   clock __VIRTUAL_CLK__ (rise edge)
                          0.00    0.00   clock network delay (ideal)
                          2.00    2.00 ^ input external delay
     1    0.00    0.02    0.01    2.01 ^ A[6] (in)
                                         A[6] (net)
                  0.02    0.00    2.01 ^ input7/A (sky130_fd_sc_hd__buf_4)
    10    0.06    0.17    0.18    2.19 ^ input7/X (sky130_fd_sc_hd__buf_4)
                                         net7 (net)
                  0.17    0.00    2.20 ^ _453_/A1 (sky130_fd_sc_hd__a22oi_1)
     1    0.00    0.04    0.10    2.29 v _453_/Y (sky130_fd_sc_hd__a22oi_1)
                                         net26 (net)
                  0.04    0.00    2.29 v output26/A (sky130_fd_sc_hd__buf_2)
     1    0.03    0.09    0.17    2.46 v output26/X (sky130_fd_sc_hd__buf_2)
                                         out[6] (net)
                  0.09    0.00    2.46 v out[6] (out)
                                  2.46   data arrival time

                  0.00    0.00    0.00   clock __VIRTUAL_CLK__ (rise edge)
                          0.00    0.00   clock network delay (ideal)
                          0.25    0.25   clock uncertainty
                          0.00    0.25   clock reconvergence pessimism
                         -2.00   -1.75   output external delay
                                 -1.75   data required time
-----------------------------------------------------------------------------
                                 -1.75   data required time
                                 -2.46   data arrival time
-----------------------------------------------------------------------------
                                  4.21   slack (MET)


Startpoint: A[5] (input port clocked by __VIRTUAL_CLK__)
Endpoint: out[5] (output port clocked by __VIRTUAL_CLK__)
Path Group: __VIRTUAL_CLK__
Path Type: min

Fanout     Cap    Slew   Delay    Time   Description
-----------------------------------------------------------------------------
                  0.00    0.00    0.00   clock __VIRTUAL_CLK__ (rise edge)
                          0.00    0.00   clock network delay (ideal)
                          2.00    2.00 ^ input external delay
     1    0.00    0.02    0.01    2.01 ^ A[5] (in)
                                         A[5] (net)
                  0.02    0.00    2.01 ^ input6/A (sky130_fd_sc_hd__buf_2)
     3    0.02    0.12    0.14    2.15 ^ input6/X (sky130_fd_sc_hd__buf_2)
                                         net6 (net)
                  0.12    0.00    2.15 ^ _374_/A (sky130_fd_sc_hd__buf_12)
    10    0.06    0.07    0.14    2.29 ^ _374_/X (sky130_fd_sc_hd__buf_12)
                                         _052_ (net)
                  0.07    0.00    2.29 ^ _410_/A1 (sky130_fd_sc_hd__a21oi_4)
     1    0.00    0.03    0.04    2.34 v _410_/Y (sky130_fd_sc_hd__a21oi_4)
                                         net25 (net)
                  0.03    0.00    2.34 v output25/A (sky130_fd_sc_hd__buf_2)
     1    0.03    0.09    0.16    2.50 v output25/X (sky130_fd_sc_hd__buf_2)
                                         out[5] (net)
                  0.09    0.00    2.50 v out[5] (out)
                                  2.50   data arrival time

                  0.00    0.00    0.00   clock __VIRTUAL_CLK__ (rise edge)
                          0.00    0.00   clock network delay (ideal)
                          0.25    0.25   clock uncertainty
                          0.00    0.25   clock reconvergence pessimism
                         -2.00   -1.75   output external delay
                                 -1.75   data required time
-----------------------------------------------------------------------------
                                 -1.75   data required time
                                 -2.50   data arrival time
-----------------------------------------------------------------------------
                                  4.25   slack (MET)


Startpoint: A[3] (input port clocked by __VIRTUAL_CLK__)
Endpoint: out[3] (output port clocked by __VIRTUAL_CLK__)
Path Group: __VIRTUAL_CLK__
Path Type: min

Fanout     Cap    Slew   Delay    Time   Description
-----------------------------------------------------------------------------
                  0.00    0.00    0.00   clock __VIRTUAL_CLK__ (rise edge)
                          0.00    0.00   clock network delay (ideal)
                          2.00    2.00 ^ input external delay
     1    0.00    0.03    0.02    2.02 ^ A[3] (in)
                                         A[3] (net)
                  0.03    0.00    2.02 ^ input4/A (sky130_fd_sc_hd__buf_6)
     7    0.02    0.06    0.10    2.12 ^ input4/X (sky130_fd_sc_hd__buf_6)
                                         net4 (net)
                  0.06    0.00    2.12 ^ _310_/A (sky130_fd_sc_hd__buf_6)
    10    0.04    0.09    0.13    2.25 ^ _310_/X (sky130_fd_sc_hd__buf_6)
                                         _238_ (net)
                  0.09    0.00    2.25 ^ _339_/A1_N (sky130_fd_sc_hd__o2bb2a_1)
     1    0.00    0.05    0.21    2.46 v _339_/X (sky130_fd_sc_hd__o2bb2a_1)
                                         net23 (net)
                  0.05    0.00    2.46 v output23/A (sky130_fd_sc_hd__buf_2)
     1    0.03    0.09    0.17    2.63 v output23/X (sky130_fd_sc_hd__buf_2)
                                         out[3] (net)
                  0.09    0.00    2.63 v out[3] (out)
                                  2.63   data arrival time

                  0.00    0.00    0.00   clock __VIRTUAL_CLK__ (rise edge)
                          0.00    0.00   clock network delay (ideal)
                          0.25    0.25   clock uncertainty
                          0.00    0.25   clock reconvergence pessimism
                         -2.00   -1.75   output external delay
                                 -1.75   data required time
-----------------------------------------------------------------------------
                                 -1.75   data required time
                                 -2.63   data arrival time
-----------------------------------------------------------------------------
                                  4.38   slack (MET)


Startpoint: opcode[0] (input port clocked by __VIRTUAL_CLK__)
Endpoint: out[0] (output port clocked by __VIRTUAL_CLK__)
Path Group: __VIRTUAL_CLK__
Path Type: min

Fanout     Cap    Slew   Delay    Time   Description
-----------------------------------------------------------------------------
                  0.00    0.00    0.00   clock __VIRTUAL_CLK__ (rise edge)
                          0.00    0.00   clock network delay (ideal)
                          2.00    2.00 v input external delay
     1    0.00    0.01    0.00    2.00 v opcode[0] (in)
                                         opcode[0] (net)
                  0.01    0.00    2.00 v input17/A (sky130_fd_sc_hd__buf_2)
     5    0.02    0.07    0.14    2.14 v input17/X (sky130_fd_sc_hd__buf_2)
                                         net17 (net)
                  0.07    0.00    2.14 v _254_/A (sky130_fd_sc_hd__nand2_2)
     3    0.02    0.10    0.11    2.25 ^ _254_/Y (sky130_fd_sc_hd__nand2_2)
                                         _185_ (net)
                  0.10    0.00    2.25 ^ _261_/A2 (sky130_fd_sc_hd__a31o_1)
     1    0.00    0.03    0.13    2.38 ^ _261_/X (sky130_fd_sc_hd__a31o_1)
                                         _192_ (net)
                  0.03    0.00    2.38 ^ _262_/B2 (sky130_fd_sc_hd__a2bb2o_1)
     1    0.00    0.05    0.12    2.50 ^ _262_/X (sky130_fd_sc_hd__a2bb2o_1)
                                         net20 (net)
                  0.05    0.00    2.50 ^ output20/A (sky130_fd_sc_hd__buf_2)
     1    0.04    0.18    0.20    2.69 ^ output20/X (sky130_fd_sc_hd__buf_2)
                                         out[0] (net)
                  0.18    0.00    2.69 ^ out[0] (out)
                                  2.69   data arrival time

                  0.00    0.00    0.00   clock __VIRTUAL_CLK__ (rise edge)
                          0.00    0.00   clock network delay (ideal)
                          0.25    0.25   clock uncertainty
                          0.00    0.25   clock reconvergence pessimism
                         -2.00   -1.75   output external delay
                                 -1.75   data required time
-----------------------------------------------------------------------------
                                 -1.75   data required time
                                 -2.69   data arrival time
-----------------------------------------------------------------------------
                                  4.44   slack (MET)


Startpoint: A[2] (input port clocked by __VIRTUAL_CLK__)
Endpoint: out[2] (output port clocked by __VIRTUAL_CLK__)
Path Group: __VIRTUAL_CLK__
Path Type: min

Fanout     Cap    Slew   Delay    Time   Description
-----------------------------------------------------------------------------
                  0.00    0.00    0.00   clock __VIRTUAL_CLK__ (rise edge)
                          0.00    0.00   clock network delay (ideal)
                          2.00    2.00 ^ input external delay
     1    0.01    0.04    0.03    2.03 ^ A[2] (in)
                                         A[2] (net)
                  0.04    0.00    2.03 ^ input3/A (sky130_fd_sc_hd__buf_6)
     8    0.04    0.09    0.12    2.15 ^ input3/X (sky130_fd_sc_hd__buf_6)
                                         net3 (net)
                  0.09    0.00    2.15 ^ _288_/A (sky130_fd_sc_hd__clkbuf_4)
    10    0.03    0.10    0.18    2.33 ^ _288_/X (sky130_fd_sc_hd__clkbuf_4)
                                         _217_ (net)
                  0.10    0.00    2.33 ^ _309_/A1_N (sky130_fd_sc_hd__o2bb2a_1)
     1    0.01    0.05    0.22    2.55 v _309_/X (sky130_fd_sc_hd__o2bb2a_1)
                                         net22 (net)
                  0.05    0.00    2.55 v output22/A (sky130_fd_sc_hd__buf_2)
     1    0.03    0.09    0.17    2.73 v output22/X (sky130_fd_sc_hd__buf_2)
                                         out[2] (net)
                  0.09    0.00    2.73 v out[2] (out)
                                  2.73   data arrival time

                  0.00    0.00    0.00   clock __VIRTUAL_CLK__ (rise edge)
                          0.00    0.00   clock network delay (ideal)
                          0.25    0.25   clock uncertainty
                          0.00    0.25   clock reconvergence pessimism
                         -2.00   -1.75   output external delay
                                 -1.75   data required time
-----------------------------------------------------------------------------
                                 -1.75   data required time
                                 -2.73   data arrival time
-----------------------------------------------------------------------------
                                  4.48   slack (MET)


Startpoint: A[4] (input port clocked by __VIRTUAL_CLK__)
Endpoint: out[4] (output port clocked by __VIRTUAL_CLK__)
Path Group: __VIRTUAL_CLK__
Path Type: min

Fanout     Cap    Slew   Delay    Time   Description
-----------------------------------------------------------------------------
                  0.00    0.00    0.00   clock __VIRTUAL_CLK__ (rise edge)
                          0.00    0.00   clock network delay (ideal)
                          2.00    2.00 ^ input external delay
     1    0.00    0.02    0.01    2.01 ^ A[4] (in)
                                         A[4] (net)
                  0.02    0.00    2.01 ^ input5/A (sky130_fd_sc_hd__clkbuf_4)
     4    0.04    0.12    0.17    2.18 ^ input5/X (sky130_fd_sc_hd__clkbuf_4)
                                         net5 (net)
                  0.12    0.00    2.18 ^ _340_/A (sky130_fd_sc_hd__buf_12)
    10    0.04    0.06    0.13    2.31 ^ _340_/X (sky130_fd_sc_hd__buf_12)
                                         _019_ (net)
                  0.06    0.00    2.32 ^ _373_/A1_N (sky130_fd_sc_hd__o2bb2a_1)
     1    0.01    0.07    0.23    2.55 v _373_/X (sky130_fd_sc_hd__o2bb2a_1)
                                         net24 (net)
                  0.07    0.00    2.55 v output24/A (sky130_fd_sc_hd__buf_2)
     1    0.03    0.09    0.18    2.73 v output24/X (sky130_fd_sc_hd__buf_2)
                                         out[4] (net)
                  0.09    0.00    2.73 v out[4] (out)
                                  2.73   data arrival time

                  0.00    0.00    0.00   clock __VIRTUAL_CLK__ (rise edge)
                          0.00    0.00   clock network delay (ideal)
                          0.25    0.25   clock uncertainty
                          0.00    0.25   clock reconvergence pessimism
                         -2.00   -1.75   output external delay
                                 -1.75   data required time
-----------------------------------------------------------------------------
                                 -1.75   data required time
                                 -2.73   data arrival time
-----------------------------------------------------------------------------
                                  4.48   slack (MET)


Startpoint: A[1] (input port clocked by __VIRTUAL_CLK__)
Endpoint: out[1] (output port clocked by __VIRTUAL_CLK__)
Path Group: __VIRTUAL_CLK__
Path Type: min

Fanout     Cap    Slew   Delay    Time   Description
-----------------------------------------------------------------------------
                  0.00    0.00    0.00   clock __VIRTUAL_CLK__ (rise edge)
                          0.00    0.00   clock network delay (ideal)
                          2.00    2.00 ^ input external delay
     1    0.00    0.02    0.01    2.01 ^ A[1] (in)
                                         A[1] (net)
                  0.02    0.00    2.01 ^ input2/A (sky130_fd_sc_hd__clkbuf_4)
    10    0.03    0.10    0.15    2.16 ^ input2/X (sky130_fd_sc_hd__clkbuf_4)
                                         net2 (net)
                  0.10    0.00    2.16 ^ _263_/A (sky130_fd_sc_hd__clkbuf_4)
    10    0.04    0.12    0.20    2.36 ^ _263_/X (sky130_fd_sc_hd__clkbuf_4)
                                         _193_ (net)
                  0.12    0.00    2.37 ^ _287_/A1_N (sky130_fd_sc_hd__o2bb2a_1)
     1    0.01    0.05    0.23    2.60 v _287_/X (sky130_fd_sc_hd__o2bb2a_1)
                                         net21 (net)
                  0.05    0.00    2.60 v output21/A (sky130_fd_sc_hd__buf_2)
     1    0.03    0.09    0.17    2.77 v output21/X (sky130_fd_sc_hd__buf_2)
                                         out[1] (net)
                  0.09    0.00    2.77 v out[1] (out)
                                  2.77   data arrival time

                  0.00    0.00    0.00   clock __VIRTUAL_CLK__ (rise edge)
                          0.00    0.00   clock network delay (ideal)
                          0.25    0.25   clock uncertainty
                          0.00    0.25   clock reconvergence pessimism
                         -2.00   -1.75   output external delay
                                 -1.75   data required time
-----------------------------------------------------------------------------
                                 -1.75   data required time
                                 -2.77   data arrival time
-----------------------------------------------------------------------------
                                  4.52   slack (MET)



worst slack corner Typical: 4.2119
min_report_end
max_report

===========================================================================
report_checks -path_delay max (Setup)
============================================================================
======================= Typical Corner ===================================

Startpoint: B[1] (input port clocked by __VIRTUAL_CLK__)
Endpoint: out[7] (output port clocked by __VIRTUAL_CLK__)
Path Group: __VIRTUAL_CLK__
Path Type: max

Fanout     Cap    Slew   Delay    Time   Description
-----------------------------------------------------------------------------
                  0.00    0.00    0.00   clock __VIRTUAL_CLK__ (rise edge)
                          0.00    0.00   clock network delay (ideal)
                          2.00    2.00 v input external delay
     1    0.00    0.01    0.01    2.01 v B[1] (in)
                                         B[1] (net)
                  0.01    0.00    2.01 v input10/A (sky130_fd_sc_hd__buf_6)
     5    0.03    0.04    0.12    2.13 v input10/X (sky130_fd_sc_hd__buf_6)
                                         net10 (net)
                  0.04    0.00    2.13 v _266_/A (sky130_fd_sc_hd__buf_12)
     5    0.03    0.03    0.13    2.27 v _266_/X (sky130_fd_sc_hd__buf_12)
                                         _196_ (net)
                  0.03    0.00    2.27 v _383_/A1 (sky130_fd_sc_hd__a22o_4)
     3    0.01    0.05    0.26    2.52 v _383_/X (sky130_fd_sc_hd__a22o_4)
                                         _061_ (net)
                  0.05    0.00    2.52 v _385_/A2 (sky130_fd_sc_hd__a21o_4)
     2    0.01    0.04    0.22    2.75 v _385_/X (sky130_fd_sc_hd__a21o_4)
                                         _063_ (net)
                  0.04    0.00    2.75 v _389_/A2 (sky130_fd_sc_hd__a21o_4)
     2    0.01    0.04    0.22    2.96 v _389_/X (sky130_fd_sc_hd__a21o_4)
                                         _067_ (net)
                  0.04    0.00    2.96 v rebuffer2/A (sky130_fd_sc_hd__buf_2)
     2    0.01    0.05    0.15    3.11 v rebuffer2/X (sky130_fd_sc_hd__buf_2)
                                         net31 (net)
                  0.05    0.00    3.11 v _431_/A2 (sky130_fd_sc_hd__a21bo_4)
     2    0.01    0.05    0.24    3.35 v _431_/X (sky130_fd_sc_hd__a21bo_4)
                                         _108_ (net)
                  0.05    0.00    3.35 v _433_/B1 (sky130_fd_sc_hd__a21o_1)
     3    0.01    0.06    0.19    3.54 v _433_/X (sky130_fd_sc_hd__a21o_1)
                                         _110_ (net)
                  0.06    0.00    3.54 v _434_/C (sky130_fd_sc_hd__and3_4)
     3    0.02    0.05    0.22    3.76 v _434_/X (sky130_fd_sc_hd__and3_4)
                                         _111_ (net)
                  0.05    0.00    3.76 v _465_/B1 (sky130_fd_sc_hd__a211o_4)
     2    0.01    0.06    0.33    4.09 v _465_/X (sky130_fd_sc_hd__a211o_4)
                                         _141_ (net)
                  0.06    0.00    4.09 v _494_/C (sky130_fd_sc_hd__or3_4)
     2    0.01    0.08    0.36    4.46 v _494_/X (sky130_fd_sc_hd__or3_4)
                                         _170_ (net)
                  0.08    0.00    4.46 v _496_/A (sky130_fd_sc_hd__and3_1)
     1    0.01    0.05    0.18    4.63 v _496_/X (sky130_fd_sc_hd__and3_1)
                                         _172_ (net)
                  0.05    0.00    4.63 v _498_/A2 (sky130_fd_sc_hd__o21a_1)
     1    0.01    0.05    0.19    4.83 v _498_/X (sky130_fd_sc_hd__o21a_1)
                                         _174_ (net)
                  0.05    0.00    4.83 v _503_/A3 (sky130_fd_sc_hd__o32a_4)
     1    0.01    0.06    0.33    5.16 v _503_/X (sky130_fd_sc_hd__o32a_4)
                                         net27 (net)
                  0.06    0.00    5.16 v output27/A (sky130_fd_sc_hd__buf_8)
     1    0.03    0.04    0.15    5.30 v output27/X (sky130_fd_sc_hd__buf_8)
                                         out[7] (net)
                  0.04    0.00    5.30 v out[7] (out)
                                  5.30   data arrival time

                  0.00   10.00   10.00   clock __VIRTUAL_CLK__ (rise edge)
                          0.00   10.00   clock network delay (ideal)
                         -0.25    9.75   clock uncertainty
                          0.00    9.75   clock reconvergence pessimism
                         -2.00    7.75   output external delay
                                  7.75   data required time
-----------------------------------------------------------------------------
                                  7.75   data required time
                                 -5.30   data arrival time
-----------------------------------------------------------------------------
                                  2.45   slack (MET)


Startpoint: B[1] (input port clocked by __VIRTUAL_CLK__)
Endpoint: out[6] (output port clocked by __VIRTUAL_CLK__)
Path Group: __VIRTUAL_CLK__
Path Type: max

Fanout     Cap    Slew   Delay    Time   Description
-----------------------------------------------------------------------------
                  0.00    0.00    0.00   clock __VIRTUAL_CLK__ (rise edge)
                          0.00    0.00   clock network delay (ideal)
                          2.00    2.00 v input external delay
     1    0.00    0.01    0.01    2.01 v B[1] (in)
                                         B[1] (net)
                  0.01    0.00    2.01 v input10/A (sky130_fd_sc_hd__buf_6)
     5    0.03    0.04    0.12    2.13 v input10/X (sky130_fd_sc_hd__buf_6)
                                         net10 (net)
                  0.04    0.00    2.13 v _266_/A (sky130_fd_sc_hd__buf_12)
     5    0.03    0.03    0.13    2.27 v _266_/X (sky130_fd_sc_hd__buf_12)
                                         _196_ (net)
                  0.03    0.00    2.27 v _383_/A1 (sky130_fd_sc_hd__a22o_4)
     3    0.01    0.05    0.26    2.52 v _383_/X (sky130_fd_sc_hd__a22o_4)
                                         _061_ (net)
                  0.05    0.00    2.52 v _385_/A2 (sky130_fd_sc_hd__a21o_4)
     2    0.01    0.04    0.22    2.75 v _385_/X (sky130_fd_sc_hd__a21o_4)
                                         _063_ (net)
                  0.04    0.00    2.75 v rebuffer11/A (sky130_fd_sc_hd__dlymetal6s2s_1)
     1    0.01    0.07    0.17    2.92 v rebuffer11/X (sky130_fd_sc_hd__dlymetal6s2s_1)
                                         net40 (net)
                  0.07    0.00    2.92 v _388_/C (sky130_fd_sc_hd__nand3_4)
     3    0.02    0.10    0.13    3.05 ^ _388_/Y (sky130_fd_sc_hd__nand3_4)
                                         _066_ (net)
                  0.10    0.00    3.05 ^ _396_/B (sky130_fd_sc_hd__nand3_4)
     3    0.02    0.09    0.10    3.15 v _396_/Y (sky130_fd_sc_hd__nand3_4)
                                         _074_ (net)
                  0.09    0.00    3.15 v _398_/C (sky130_fd_sc_hd__and3_1)
     2    0.00    0.04    0.21    3.36 v _398_/X (sky130_fd_sc_hd__and3_1)
                                         _076_ (net)
                  0.04    0.00    3.36 v _401_/C (sky130_fd_sc_hd__or3_4)
     2    0.01    0.07    0.35    3.71 v _401_/X (sky130_fd_sc_hd__or3_4)
                                         _079_ (net)
                  0.07    0.00    3.71 v rebuffer1/A (sky130_fd_sc_hd__buf_4)
     3    0.02    0.05    0.17    3.89 v rebuffer1/X (sky130_fd_sc_hd__buf_4)
                                         net30 (net)
                  0.05    0.00    3.89 v _437_/C1 (sky130_fd_sc_hd__o211a_4)
     2    0.01    0.05    0.15    4.04 v _437_/X (sky130_fd_sc_hd__o211a_4)
                                         _114_ (net)
                  0.05    0.00    4.04 v _439_/B (sky130_fd_sc_hd__or2_1)
     1    0.00    0.06    0.22    4.26 v _439_/X (sky130_fd_sc_hd__or2_1)
                                         _116_ (net)
                  0.06    0.00    4.26 v _440_/A2 (sky130_fd_sc_hd__a21bo_1)
     1    0.01    0.05    0.21    4.47 v _440_/X (sky130_fd_sc_hd__a21bo_1)
                                         _117_ (net)
                  0.05    0.00    4.47 v _441_/B (sky130_fd_sc_hd__or2_1)
     1    0.00    0.06    0.23    4.70 v _441_/X (sky130_fd_sc_hd__or2_1)
                                         _118_ (net)
                  0.06    0.00    4.70 v _453_/B1 (sky130_fd_sc_hd__a22oi_1)
     1    0.00    0.13    0.13    4.83 ^ _453_/Y (sky130_fd_sc_hd__a22oi_1)
                                         net26 (net)
                  0.13    0.00    4.83 ^ output26/A (sky130_fd_sc_hd__buf_2)
     1    0.03    0.17    0.24    5.07 ^ output26/X (sky130_fd_sc_hd__buf_2)
                                         out[6] (net)
                  0.17    0.00    5.07 ^ out[6] (out)
                                  5.07   data arrival time

                  0.00   10.00   10.00   clock __VIRTUAL_CLK__ (rise edge)
                          0.00   10.00   clock network delay (ideal)
                         -0.25    9.75   clock uncertainty
                          0.00    9.75   clock reconvergence pessimism
                         -2.00    7.75   output external delay
                                  7.75   data required time
-----------------------------------------------------------------------------
                                  7.75   data required time
                                 -5.07   data arrival time
-----------------------------------------------------------------------------
                                  2.68   slack (MET)


Startpoint: B[1] (input port clocked by __VIRTUAL_CLK__)
Endpoint: out[5] (output port clocked by __VIRTUAL_CLK__)
Path Group: __VIRTUAL_CLK__
Path Type: max

Fanout     Cap    Slew   Delay    Time   Description
-----------------------------------------------------------------------------
                  0.00    0.00    0.00   clock __VIRTUAL_CLK__ (rise edge)
                          0.00    0.00   clock network delay (ideal)
                          2.00    2.00 v input external delay
     1    0.00    0.01    0.01    2.01 v B[1] (in)
                                         B[1] (net)
                  0.01    0.00    2.01 v input10/A (sky130_fd_sc_hd__buf_6)
     5    0.03    0.04    0.12    2.13 v input10/X (sky130_fd_sc_hd__buf_6)
                                         net10 (net)
                  0.04    0.00    2.13 v _266_/A (sky130_fd_sc_hd__buf_12)
     5    0.03    0.03    0.13    2.27 v _266_/X (sky130_fd_sc_hd__buf_12)
                                         _196_ (net)
                  0.03    0.00    2.27 v _383_/A1 (sky130_fd_sc_hd__a22o_4)
     3    0.01    0.05    0.26    2.52 v _383_/X (sky130_fd_sc_hd__a22o_4)
                                         _061_ (net)
                  0.05    0.00    2.52 v _385_/A2 (sky130_fd_sc_hd__a21o_4)
     2    0.01    0.04    0.22    2.75 v _385_/X (sky130_fd_sc_hd__a21o_4)
                                         _063_ (net)
                  0.04    0.00    2.75 v rebuffer11/A (sky130_fd_sc_hd__dlymetal6s2s_1)
     1    0.01    0.07    0.17    2.92 v rebuffer11/X (sky130_fd_sc_hd__dlymetal6s2s_1)
                                         net40 (net)
                  0.07    0.00    2.92 v _388_/C (sky130_fd_sc_hd__nand3_4)
     3    0.02    0.10    0.13    3.05 ^ _388_/Y (sky130_fd_sc_hd__nand3_4)
                                         _066_ (net)
                  0.10    0.00    3.05 ^ _396_/B (sky130_fd_sc_hd__nand3_4)
     3    0.02    0.09    0.10    3.15 v _396_/Y (sky130_fd_sc_hd__nand3_4)
                                         _074_ (net)
                  0.09    0.00    3.15 v _398_/C (sky130_fd_sc_hd__and3_1)
     2    0.00    0.04    0.21    3.36 v _398_/X (sky130_fd_sc_hd__and3_1)
                                         _076_ (net)
                  0.04    0.00    3.36 v _401_/C (sky130_fd_sc_hd__or3_4)
     2    0.01    0.07    0.35    3.71 v _401_/X (sky130_fd_sc_hd__or3_4)
                                         _079_ (net)
                  0.07    0.00    3.71 v rebuffer1/A (sky130_fd_sc_hd__buf_4)
     3    0.02    0.05    0.17    3.89 v rebuffer1/X (sky130_fd_sc_hd__buf_4)
                                         net30 (net)
                  0.05    0.00    3.89 v _402_/B (sky130_fd_sc_hd__nand2_4)
     3    0.01    0.07    0.08    3.97 ^ _402_/Y (sky130_fd_sc_hd__nand2_4)
                                         _080_ (net)
                  0.07    0.00    3.97 ^ _404_/C (sky130_fd_sc_hd__nand3_1)
     1    0.01    0.08    0.10    4.07 v _404_/Y (sky130_fd_sc_hd__nand3_1)
                                         _082_ (net)
                  0.08    0.00    4.07 v _408_/A3 (sky130_fd_sc_hd__a31o_1)
     1    0.01    0.05    0.25    4.33 v _408_/X (sky130_fd_sc_hd__a31o_1)
                                         _086_ (net)
                  0.05    0.00    4.33 v _409_/B1 (sky130_fd_sc_hd__a21oi_1)
     1    0.01    0.23    0.21    4.54 ^ _409_/Y (sky130_fd_sc_hd__a21oi_1)
                                         _087_ (net)
                  0.23    0.00    4.54 ^ _410_/B1 (sky130_fd_sc_hd__a21oi_4)
     1    0.00    0.05    0.03    4.57 v _410_/Y (sky130_fd_sc_hd__a21oi_4)
                                         net25 (net)
                  0.05    0.00    4.57 v output25/A (sky130_fd_sc_hd__buf_2)
     1    0.03    0.09    0.19    4.76 v output25/X (sky130_fd_sc_hd__buf_2)
                                         out[5] (net)
                  0.09    0.00    4.76 v out[5] (out)
                                  4.76   data arrival time

                  0.00   10.00   10.00   clock __VIRTUAL_CLK__ (rise edge)
                          0.00   10.00   clock network delay (ideal)
                         -0.25    9.75   clock uncertainty
                          0.00    9.75   clock reconvergence pessimism
                         -2.00    7.75   output external delay
                                  7.75   data required time
-----------------------------------------------------------------------------
                                  7.75   data required time
                                 -4.76   data arrival time
-----------------------------------------------------------------------------
                                  2.99   slack (MET)


Startpoint: A[4] (input port clocked by __VIRTUAL_CLK__)
Endpoint: out[4] (output port clocked by __VIRTUAL_CLK__)
Path Group: __VIRTUAL_CLK__
Path Type: max

Fanout     Cap    Slew   Delay    Time   Description
-----------------------------------------------------------------------------
                  0.00    0.00    0.00   clock __VIRTUAL_CLK__ (rise edge)
                          0.00    0.00   clock network delay (ideal)
                          2.00    2.00 v input external delay
     1    0.00    0.01    0.00    2.00 v A[4] (in)
                                         A[4] (net)
                  0.01    0.00    2.00 v input5/A (sky130_fd_sc_hd__clkbuf_4)
     4    0.03    0.08    0.17    2.18 v input5/X (sky130_fd_sc_hd__clkbuf_4)
                                         net5 (net)
                  0.08    0.00    2.18 v _347_/A (sky130_fd_sc_hd__and4_4)
     3    0.01    0.04    0.17    2.35 v _347_/X (sky130_fd_sc_hd__and4_4)
                                         _026_ (net)
                  0.04    0.00    2.35 v rebuffer5/A (sky130_fd_sc_hd__dlymetal6s2s_1)
     1    0.01    0.06    0.16    2.51 v rebuffer5/X (sky130_fd_sc_hd__dlymetal6s2s_1)
                                         net34 (net)
                  0.06    0.00    2.51 v _350_/A2 (sky130_fd_sc_hd__o21ai_2)
     2    0.01    0.11    0.13    2.64 ^ _350_/Y (sky130_fd_sc_hd__o21ai_2)
                                         _029_ (net)
                  0.11    0.00    2.64 ^ _353_/A1 (sky130_fd_sc_hd__a21o_1)
     2    0.01    0.07    0.15    2.79 ^ _353_/X (sky130_fd_sc_hd__a21o_1)
                                         _032_ (net)
                  0.07    0.00    2.79 ^ rebuffer3/A (sky130_fd_sc_hd__dlygate4sd1_1)
     1    0.00    0.04    0.21    3.00 ^ rebuffer3/X (sky130_fd_sc_hd__dlygate4sd1_1)
                                         net32 (net)
                  0.04    0.00    3.00 ^ _354_/B_N (sky130_fd_sc_hd__or2b_4)
     1    0.02    0.07    0.30    3.29 v _354_/X (sky130_fd_sc_hd__or2b_4)
                                         _033_ (net)
                  0.07    0.00    3.29 v _355_/A (sky130_fd_sc_hd__xnor2_4)
     2    0.01    0.07    0.16    3.45 v _355_/Y (sky130_fd_sc_hd__xnor2_4)
                                         _034_ (net)
                  0.07    0.00    3.45 v _357_/A (sky130_fd_sc_hd__or2_4)
     2    0.01    0.06    0.29    3.74 v _357_/X (sky130_fd_sc_hd__or2_4)
                                         _036_ (net)
                  0.06    0.00    3.74 v _358_/A2 (sky130_fd_sc_hd__a21bo_1)
     1    0.00    0.04    0.20    3.95 v _358_/X (sky130_fd_sc_hd__a21bo_1)
                                         _037_ (net)
                  0.04    0.00    3.95 v _360_/B (sky130_fd_sc_hd__and3_1)
     1    0.00    0.04    0.16    4.11 v _360_/X (sky130_fd_sc_hd__and3_1)
                                         _039_ (net)
                  0.04    0.00    4.11 v _373_/B1 (sky130_fd_sc_hd__o2bb2a_1)
     1    0.01    0.08    0.34    4.45 v _373_/X (sky130_fd_sc_hd__o2bb2a_1)
                                         net24 (net)
                  0.08    0.00    4.45 v output24/A (sky130_fd_sc_hd__buf_2)
     1    0.03    0.09    0.21    4.66 v output24/X (sky130_fd_sc_hd__buf_2)
                                         out[4] (net)
                  0.09    0.00    4.66 v out[4] (out)
                                  4.66   data arrival time

                  0.00   10.00   10.00   clock __VIRTUAL_CLK__ (rise edge)
                          0.00   10.00   clock network delay (ideal)
                         -0.25    9.75   clock uncertainty
                          0.00    9.75   clock reconvergence pessimism
                         -2.00    7.75   output external delay
                                  7.75   data required time
-----------------------------------------------------------------------------
                                  7.75   data required time
                                 -4.66   data arrival time
-----------------------------------------------------------------------------
                                  3.09   slack (MET)


Startpoint: B[2] (input port clocked by __VIRTUAL_CLK__)
Endpoint: out[3] (output port clocked by __VIRTUAL_CLK__)
Path Group: __VIRTUAL_CLK__
Path Type: max

Fanout     Cap    Slew   Delay    Time   Description
-----------------------------------------------------------------------------
                  0.00    0.00    0.00   clock __VIRTUAL_CLK__ (rise edge)
                          0.00    0.00   clock network delay (ideal)
                          2.00    2.00 ^ input external delay
     1    0.01    0.03    0.02    2.02 ^ B[2] (in)
                                         B[2] (net)
                  0.03    0.00    2.02 ^ input11/A (sky130_fd_sc_hd__buf_4)
     5    0.03    0.10    0.15    2.17 ^ input11/X (sky130_fd_sc_hd__buf_4)
                                         net11 (net)
                  0.10    0.00    2.17 ^ _289_/A (sky130_fd_sc_hd__buf_6)
    10    0.05    0.10    0.17    2.34 ^ _289_/X (sky130_fd_sc_hd__buf_6)
                                         _218_ (net)
                  0.10    0.00    2.34 ^ _322_/B (sky130_fd_sc_hd__nand2_4)
     3    0.01    0.05    0.07    2.41 v _322_/Y (sky130_fd_sc_hd__nand2_4)
                                         _002_ (net)
                  0.05    0.00    2.41 v _325_/A (sky130_fd_sc_hd__or3_4)
     2    0.01    0.08    0.42    2.83 v _325_/X (sky130_fd_sc_hd__or3_4)
                                         _005_ (net)
                  0.08    0.00    2.83 v _330_/A1 (sky130_fd_sc_hd__a21o_1)
     2    0.01    0.07    0.21    3.04 v _330_/X (sky130_fd_sc_hd__a21o_1)
                                         _010_ (net)
                  0.07    0.00    3.04 v _331_/B (sky130_fd_sc_hd__and2b_1)
     1    0.01    0.05    0.19    3.24 v _331_/X (sky130_fd_sc_hd__and2b_1)
                                         _011_ (net)
                  0.05    0.00    3.24 v _332_/B (sky130_fd_sc_hd__xnor2_1)
     2    0.01    0.10    0.17    3.41 v _332_/Y (sky130_fd_sc_hd__xnor2_1)
                                         _012_ (net)
                  0.10    0.00    3.41 v _334_/B (sky130_fd_sc_hd__or2_1)
     1    0.01    0.07    0.27    3.67 v _334_/X (sky130_fd_sc_hd__or2_1)
                                         _014_ (net)
                  0.07    0.00    3.67 v _338_/A3 (sky130_fd_sc_hd__a31o_1)
     1    0.00    0.05    0.24    3.92 v _338_/X (sky130_fd_sc_hd__a31o_1)
                                         _018_ (net)
                  0.05    0.00    3.92 v _339_/B2 (sky130_fd_sc_hd__o2bb2a_1)
     1    0.00    0.06    0.30    4.22 v _339_/X (sky130_fd_sc_hd__o2bb2a_1)
                                         net23 (net)
                  0.06    0.00    4.22 v output23/A (sky130_fd_sc_hd__buf_2)
     1    0.03    0.09    0.20    4.41 v output23/X (sky130_fd_sc_hd__buf_2)
                                         out[3] (net)
                  0.09    0.00    4.41 v out[3] (out)
                                  4.41   data arrival time

                  0.00   10.00   10.00   clock __VIRTUAL_CLK__ (rise edge)
                          0.00   10.00   clock network delay (ideal)
                         -0.25    9.75   clock uncertainty
                          0.00    9.75   clock reconvergence pessimism
                         -2.00    7.75   output external delay
                                  7.75   data required time
-----------------------------------------------------------------------------
                                  7.75   data required time
                                 -4.41   data arrival time
-----------------------------------------------------------------------------
                                  3.34   slack (MET)


Startpoint: B[1] (input port clocked by __VIRTUAL_CLK__)
Endpoint: out[2] (output port clocked by __VIRTUAL_CLK__)
Path Group: __VIRTUAL_CLK__
Path Type: max

Fanout     Cap    Slew   Delay    Time   Description
-----------------------------------------------------------------------------
                  0.00    0.00    0.00   clock __VIRTUAL_CLK__ (rise edge)
                          0.00    0.00   clock network delay (ideal)
                          2.00    2.00 v input external delay
     1    0.00    0.01    0.01    2.01 v B[1] (in)
                                         B[1] (net)
                  0.01    0.00    2.01 v input10/A (sky130_fd_sc_hd__buf_6)
     5    0.03    0.04    0.12    2.13 v input10/X (sky130_fd_sc_hd__buf_6)
                                         net10 (net)
                  0.04    0.00    2.13 v _266_/A (sky130_fd_sc_hd__buf_12)
     5    0.03    0.03    0.13    2.27 v _266_/X (sky130_fd_sc_hd__buf_12)
                                         _196_ (net)
                  0.03    0.00    2.27 v _267_/A (sky130_fd_sc_hd__clkbuf_4)
    10    0.02    0.06    0.17    2.43 v _267_/X (sky130_fd_sc_hd__clkbuf_4)
                                         _197_ (net)
                  0.06    0.00    2.43 v _277_/B (sky130_fd_sc_hd__and3_1)
     2    0.00    0.04    0.18    2.62 v _277_/X (sky130_fd_sc_hd__and3_1)
                                         _207_ (net)
                  0.04    0.00    2.62 v _279_/C (sky130_fd_sc_hd__or3_4)
     2    0.01    0.08    0.36    2.97 v _279_/X (sky130_fd_sc_hd__or3_4)
                                         _209_ (net)
                  0.08    0.00    2.97 v _301_/A2 (sky130_fd_sc_hd__a21o_1)
     3    0.01    0.06    0.23    3.20 v _301_/X (sky130_fd_sc_hd__a21o_1)
                                         _230_ (net)
                  0.06    0.00    3.20 v _303_/A2 (sky130_fd_sc_hd__o21a_1)
     1    0.00    0.03    0.17    3.38 v _303_/X (sky130_fd_sc_hd__o21a_1)
                                         _232_ (net)
                  0.03    0.00    3.38 v _308_/A2 (sky130_fd_sc_hd__a211o_1)
     1    0.00    0.05    0.30    3.67 v _308_/X (sky130_fd_sc_hd__a211o_1)
                                         _237_ (net)
                  0.05    0.00    3.67 v _309_/B2 (sky130_fd_sc_hd__o2bb2a_1)
     1    0.01    0.07    0.31    3.98 v _309_/X (sky130_fd_sc_hd__o2bb2a_1)
                                         net22 (net)
                  0.07    0.00    3.98 v output22/A (sky130_fd_sc_hd__buf_2)
     1    0.03    0.09    0.20    4.18 v output22/X (sky130_fd_sc_hd__buf_2)
                                         out[2] (net)
                  0.09    0.00    4.18 v out[2] (out)
                                  4.18   data arrival time

                  0.00   10.00   10.00   clock __VIRTUAL_CLK__ (rise edge)
                          0.00   10.00   clock network delay (ideal)
                         -0.25    9.75   clock uncertainty
                          0.00    9.75   clock reconvergence pessimism
                         -2.00    7.75   output external delay
                                  7.75   data required time
-----------------------------------------------------------------------------
                                  7.75   data required time
                                 -4.18   data arrival time
-----------------------------------------------------------------------------
                                  3.57   slack (MET)


Startpoint: B[1] (input port clocked by __VIRTUAL_CLK__)
Endpoint: out[1] (output port clocked by __VIRTUAL_CLK__)
Path Group: __VIRTUAL_CLK__
Path Type: max

Fanout     Cap    Slew   Delay    Time   Description
-----------------------------------------------------------------------------
                  0.00    0.00    0.00   clock __VIRTUAL_CLK__ (rise edge)
                          0.00    0.00   clock network delay (ideal)
                          2.00    2.00 v input external delay
     1    0.00    0.01    0.01    2.01 v B[1] (in)
                                         B[1] (net)
                  0.01    0.00    2.01 v input10/A (sky130_fd_sc_hd__buf_6)
     5    0.03    0.04    0.12    2.13 v input10/X (sky130_fd_sc_hd__buf_6)
                                         net10 (net)
                  0.04    0.00    2.13 v _266_/A (sky130_fd_sc_hd__buf_12)
     5    0.03    0.03    0.13    2.27 v _266_/X (sky130_fd_sc_hd__buf_12)
                                         _196_ (net)
                  0.03    0.00    2.27 v _267_/A (sky130_fd_sc_hd__clkbuf_4)
    10    0.02    0.06    0.17    2.43 v _267_/X (sky130_fd_sc_hd__clkbuf_4)
                                         _197_ (net)
                  0.06    0.00    2.43 v _277_/B (sky130_fd_sc_hd__and3_1)
     2    0.00    0.04    0.18    2.62 v _277_/X (sky130_fd_sc_hd__and3_1)
                                         _207_ (net)
                  0.04    0.00    2.62 v _279_/C (sky130_fd_sc_hd__or3_4)
     2    0.01    0.08    0.36    2.97 v _279_/X (sky130_fd_sc_hd__or3_4)
                                         _209_ (net)
                  0.08    0.00    2.97 v _280_/B_N (sky130_fd_sc_hd__or2b_1)
     1    0.00    0.05    0.18    3.15 ^ _280_/X (sky130_fd_sc_hd__or2b_1)
                                         _210_ (net)
                  0.05    0.00    3.15 ^ _281_/B (sky130_fd_sc_hd__xnor2_1)
     1    0.01    0.07    0.08    3.23 v _281_/Y (sky130_fd_sc_hd__xnor2_1)
                                         _211_ (net)
                  0.07    0.00    3.23 v _286_/A2 (sky130_fd_sc_hd__a211o_1)
     1    0.01    0.06    0.33    3.56 v _286_/X (sky130_fd_sc_hd__a211o_1)
                                         _216_ (net)
                  0.06    0.00    3.56 v _287_/B2 (sky130_fd_sc_hd__o2bb2a_1)
     1    0.01    0.07    0.31    3.88 v _287_/X (sky130_fd_sc_hd__o2bb2a_1)
                                         net21 (net)
                  0.07    0.00    3.88 v output21/A (sky130_fd_sc_hd__buf_2)
     1    0.03    0.09    0.20    4.08 v output21/X (sky130_fd_sc_hd__buf_2)
                                         out[1] (net)
                  0.09    0.00    4.08 v out[1] (out)
                                  4.08   data arrival time

                  0.00   10.00   10.00   clock __VIRTUAL_CLK__ (rise edge)
                          0.00   10.00   clock network delay (ideal)
                         -0.25    9.75   clock uncertainty
                          0.00    9.75   clock reconvergence pessimism
                         -2.00    7.75   output external delay
                                  7.75   data required time
-----------------------------------------------------------------------------
                                  7.75   data required time
                                 -4.08   data arrival time
-----------------------------------------------------------------------------
                                  3.67   slack (MET)


Startpoint: opcode[1] (input port clocked by __VIRTUAL_CLK__)
Endpoint: out[0] (output port clocked by __VIRTUAL_CLK__)
Path Group: __VIRTUAL_CLK__
Path Type: max

Fanout     Cap    Slew   Delay    Time   Description
-----------------------------------------------------------------------------
                  0.00    0.00    0.00   clock __VIRTUAL_CLK__ (rise edge)
                          0.00    0.00   clock network delay (ideal)
                          2.00    2.00 ^ input external delay
     1    0.00    0.02    0.01    2.01 ^ opcode[1] (in)
                                         opcode[1] (net)
                  0.02    0.00    2.01 ^ input18/A (sky130_fd_sc_hd__buf_2)
     5    0.03    0.13    0.17    2.18 ^ input18/X (sky130_fd_sc_hd__buf_2)
                                         net18 (net)
                  0.13    0.00    2.18 ^ _249_/B (sky130_fd_sc_hd__or2_2)
     5    0.03    0.16    0.23    2.41 ^ _249_/X (sky130_fd_sc_hd__or2_2)
                                         _180_ (net)
                  0.16    0.00    2.41 ^ _258_/B (sky130_fd_sc_hd__nor2_4)
     8    0.02    0.05    0.07    2.48 v _258_/Y (sky130_fd_sc_hd__nor2_4)
                                         _189_ (net)
                  0.05    0.00    2.48 v _260_/A1 (sky130_fd_sc_hd__o211a_1)
     1    0.00    0.04    0.22    2.70 v _260_/X (sky130_fd_sc_hd__o211a_1)
                                         _191_ (net)
                  0.04    0.00    2.70 v _261_/B1 (sky130_fd_sc_hd__a31o_1)
     1    0.00    0.03    0.18    2.88 v _261_/X (sky130_fd_sc_hd__a31o_1)
                                         _192_ (net)
                  0.03    0.00    2.88 v _262_/B2 (sky130_fd_sc_hd__a2bb2o_1)
     1    0.00    0.06    0.25    3.13 v _262_/X (sky130_fd_sc_hd__a2bb2o_1)
                                         net20 (net)
                  0.06    0.00    3.13 v output20/A (sky130_fd_sc_hd__buf_2)
     1    0.04    0.09    0.20    3.33 v output20/X (sky130_fd_sc_hd__buf_2)
                                         out[0] (net)
                  0.09    0.00    3.33 v out[0] (out)
                                  3.33   data arrival time

                  0.00   10.00   10.00   clock __VIRTUAL_CLK__ (rise edge)
                          0.00   10.00   clock network delay (ideal)
                         -0.25    9.75   clock uncertainty
                          0.00    9.75   clock reconvergence pessimism
                         -2.00    7.75   output external delay
                                  7.75   data required time
-----------------------------------------------------------------------------
                                  7.75   data required time
                                 -3.33   data arrival time
-----------------------------------------------------------------------------
                                  4.42   slack (MET)



worst slack corner Typical: 2.4475
max_report_end
checks_report

===========================================================================
report_checks -unconstrained
===========================================================================
======================= Typical Corner ===================================

Startpoint: B[1] (input port clocked by __VIRTUAL_CLK__)
Endpoint: out[7] (output port clocked by __VIRTUAL_CLK__)
Path Group: __VIRTUAL_CLK__
Path Type: max

Fanout     Cap    Slew   Delay    Time   Description
-----------------------------------------------------------------------------
                  0.00    0.00    0.00   clock __VIRTUAL_CLK__ (rise edge)
                          0.00    0.00   clock network delay (ideal)
                          2.00    2.00 v input external delay
     1    0.00    0.01    0.01    2.01 v B[1] (in)
                                         B[1] (net)
                  0.01    0.00    2.01 v input10/A (sky130_fd_sc_hd__buf_6)
     5    0.03    0.04    0.12    2.13 v input10/X (sky130_fd_sc_hd__buf_6)
                                         net10 (net)
                  0.04    0.00    2.13 v _266_/A (sky130_fd_sc_hd__buf_12)
     5    0.03    0.03    0.13    2.27 v _266_/X (sky130_fd_sc_hd__buf_12)
                                         _196_ (net)
                  0.03    0.00    2.27 v _383_/A1 (sky130_fd_sc_hd__a22o_4)
     3    0.01    0.05    0.26    2.52 v _383_/X (sky130_fd_sc_hd__a22o_4)
                                         _061_ (net)
                  0.05    0.00    2.52 v _385_/A2 (sky130_fd_sc_hd__a21o_4)
     2    0.01    0.04    0.22    2.75 v _385_/X (sky130_fd_sc_hd__a21o_4)
                                         _063_ (net)
                  0.04    0.00    2.75 v _389_/A2 (sky130_fd_sc_hd__a21o_4)
     2    0.01    0.04    0.22    2.96 v _389_/X (sky130_fd_sc_hd__a21o_4)
                                         _067_ (net)
                  0.04    0.00    2.96 v rebuffer2/A (sky130_fd_sc_hd__buf_2)
     2    0.01    0.05    0.15    3.11 v rebuffer2/X (sky130_fd_sc_hd__buf_2)
                                         net31 (net)
                  0.05    0.00    3.11 v _431_/A2 (sky130_fd_sc_hd__a21bo_4)
     2    0.01    0.05    0.24    3.35 v _431_/X (sky130_fd_sc_hd__a21bo_4)
                                         _108_ (net)
                  0.05    0.00    3.35 v _433_/B1 (sky130_fd_sc_hd__a21o_1)
     3    0.01    0.06    0.19    3.54 v _433_/X (sky130_fd_sc_hd__a21o_1)
                                         _110_ (net)
                  0.06    0.00    3.54 v _434_/C (sky130_fd_sc_hd__and3_4)
     3    0.02    0.05    0.22    3.76 v _434_/X (sky130_fd_sc_hd__and3_4)
                                         _111_ (net)
                  0.05    0.00    3.76 v _465_/B1 (sky130_fd_sc_hd__a211o_4)
     2    0.01    0.06    0.33    4.09 v _465_/X (sky130_fd_sc_hd__a211o_4)
                                         _141_ (net)
                  0.06    0.00    4.09 v _494_/C (sky130_fd_sc_hd__or3_4)
     2    0.01    0.08    0.36    4.46 v _494_/X (sky130_fd_sc_hd__or3_4)
                                         _170_ (net)
                  0.08    0.00    4.46 v _496_/A (sky130_fd_sc_hd__and3_1)
     1    0.01    0.05    0.18    4.63 v _496_/X (sky130_fd_sc_hd__and3_1)
                                         _172_ (net)
                  0.05    0.00    4.63 v _498_/A2 (sky130_fd_sc_hd__o21a_1)
     1    0.01    0.05    0.19    4.83 v _498_/X (sky130_fd_sc_hd__o21a_1)
                                         _174_ (net)
                  0.05    0.00    4.83 v _503_/A3 (sky130_fd_sc_hd__o32a_4)
     1    0.01    0.06    0.33    5.16 v _503_/X (sky130_fd_sc_hd__o32a_4)
                                         net27 (net)
                  0.06    0.00    5.16 v output27/A (sky130_fd_sc_hd__buf_8)
     1    0.03    0.04    0.15    5.30 v output27/X (sky130_fd_sc_hd__buf_8)
                                         out[7] (net)
                  0.04    0.00    5.30 v out[7] (out)
                                  5.30   data arrival time

                  0.00   10.00   10.00   clock __VIRTUAL_CLK__ (rise edge)
                          0.00   10.00   clock network delay (ideal)
                         -0.25    9.75   clock uncertainty
                          0.00    9.75   clock reconvergence pessimism
                         -2.00    7.75   output external delay
                                  7.75   data required time
-----------------------------------------------------------------------------
                                  7.75   data required time
                                 -5.30   data arrival time
-----------------------------------------------------------------------------
                                  2.45   slack (MET)




===========================================================================
report_checks --slack_max -0.01
============================================================================
======================= Typical Corner ===================================

No paths found.


===========================================================================
 report_check_types -max_slew -max_cap -max_fanout -violators
============================================================================
======================= Typical Corner ===================================


max slew violations count Typical: 0
max fanout violations count Typical: 0
max cap violations count Typical: 0

===========================================================================
report_parasitic_annotation -report_unannotated
============================================================================
Found 4 unannotated drivers.
 rebuffer13/X
 rebuffer19/X
 rebuffer20/X
 rebuffer21/X
Found 213 partially unannotated drivers.
 A[0]
 A[1]
 A[3]
 A[4]
 A[5]
 A[6]
 A[7]
 B[0]
 B[1]
 B[7]
 _249_/X
 _250_/X
 _251_/X
 _252_/X
 _253_/X
 _254_/Y
 _256_/Y
 _257_/Y
 _258_/Y
 _259_/Y
 _260_/X
 _261_/X
 _263_/X
 _264_/Y
 _265_/X
 _266_/X
 _267_/X
 _268_/Y
 _270_/X
 _271_/Y
 _275_/Y
 _276_/Y
 _277_/X
 _279_/X
 _280_/X
 _281_/Y
 _282_/X
 _283_/X
 _284_/X
 _288_/X
 _289_/X
 _293_/X
 _294_/X
 _295_/X
 _296_/Y
 _298_/X
 _299_/Y
 _300_/X
 _301_/X
 _302_/Y
 _303_/X
 _304_/Y
 _306_/X
 _307_/X
 _309_/X
 _310_/X
 _311_/X
 _312_/X
 _313_/X
 _314_/Y
 _315_/X
 _316_/Y
 _317_/X
 _318_/X
 _321_/Y
 _322_/Y
 _323_/X
 _324_/Y
 _325_/X
 _326_/Y
 _327_/X
 _328_/X
 _329_/X
 _335_/Y
 _337_/X
 _339_/X
 _340_/X
 _341_/X
 _342_/X
 _343_/X
 _344_/X
 _348_/Y
 _349_/X
 _350_/Y
 _351_/Y
 _352_/X
 _353_/X
 _354_/X
 _355_/Y
 _361_/X
 _362_/Y
 _363_/X
 _364_/Y
 _365_/Y
 _366_/X
 _367_/Y
 _368_/X
 _370_/X
 _374_/X
 _375_/X
 _376_/X
 _377_/Y
 _378_/X
 _379_/Y
 _380_/Y
 _381_/X
 _382_/Y
 _383_/X
 _384_/X
 _385_/X
 _386_/Y
 _387_/Y
 _389_/X
 _390_/Y
 _391_/X
 _392_/X
 _394_/Y
 _398_/X
 _399_/Y
 _402_/Y
 _403_/X
 _405_/Y
 _406_/X
 _408_/X
 _409_/Y
 _410_/Y
 _411_/Y
 _412_/X
 _413_/X
 _414_/Y
 _415_/Y
 _416_/Y
 _417_/X
 _418_/X
 _419_/X
 _420_/Y
 _421_/X
 _422_/Y
 _423_/X
 _424_/Y
 _425_/X
 _426_/X
 _427_/X
 _428_/X
 _429_/X
 _430_/Y
 _432_/Y
 _434_/X
 _435_/Y
 _436_/Y
 _437_/X
 _440_/X
 _442_/X
 _443_/X
 _444_/Y
 _445_/X
 _446_/X
 _447_/Y
 _450_/X
 _451_/X
 _452_/Y
 _453_/Y
 _454_/X
 _456_/Y
 _461_/X
 _463_/X
 _465_/X
 _467_/Y
 _468_/Y
 _471_/Y
 _473_/Y
 _477_/X
 _478_/Y
 _480_/X
 _483_/X
 _485_/Y
 _486_/X
 _487_/Y
 _488_/Y
 _489_/X
 _490_/Y
 _491_/Y
 _492_/Y
 _495_/Y
 _500_/X
 _503_/X
 clone13/X
 input1/X
 input10/X
 input11/X
 input12/X
 input13/X
 input14/X
 input15/X
 input16/X
 input17/X
 input18/X
 input19/X
 input2/X
 input3/X
 input4/X
 input6/X
 input7/X
 input8/X
 input9/X
 max_cap28/X
 output22/X
 output25/X
 rebuffer1/X
 rebuffer14/X
 rebuffer15/X
 rebuffer16/X
 rebuffer9/X

===========================================================================
max slew violation count 0
max fanout violation count 0
max cap violation count 0
============================================================================

===========================================================================
check_setup -verbose -unconstrained_endpoints -multiple_clock -no_clock -no_input_delay -loops -generated_clocks
===========================================================================
checks_report_end
power_report

===========================================================================
 report_power
============================================================================
======================= Typical Corner ===================================

Group                  Internal  Switching    Leakage      Total
                          Power      Power      Power      Power (Watts)
----------------------------------------------------------------
Sequential             0.00e+00   0.00e+00   0.00e+00   0.00e+00   0.0%
Combinational          1.02e-04   1.07e-04   1.39e-09   2.09e-04 100.0%
Clock                  0.00e+00   0.00e+00   1.81e-10   1.81e-10   0.0%
Macro                  0.00e+00   0.00e+00   0.00e+00   0.00e+00   0.0%
Pad                    0.00e+00   0.00e+00   0.00e+00   0.00e+00   0.0%
----------------------------------------------------------------
Total                  1.02e-04   1.07e-04   1.57e-09   2.09e-04 100.0%
                          48.8%      51.2%       0.0%

power_report_end
summary_report

===========================================================================
report_tns
============================================================================
tns 0.00

===========================================================================
report_wns
============================================================================
wns 0.00

===========================================================================
report_worst_slack -max (Setup)
============================================================================
worst slack 2.45

===========================================================================
report_worst_slack -min (Hold)
============================================================================
worst slack 4.21
summary_report_end
area_report

===========================================================================
report_design_area
============================================================================
Design area 3052 u^2 45% utilization.
area_report_end
check_nonpropagated_clocks
__VIRTUAL_CLK__
check_nonpropagated_clocks_end
[WARNING] Did not save OpenROAD database!
Writing SDF to '/openlane/designs/project2/runs/RUN_2025.05.10_13.50.20/results/signoff/alu.sdf'…
Writing timing model to '/openlane/designs/project2/runs/RUN_2025.05.10_13.50.20/results/signoff/alu.lib'…
