OpenROAD b16bda7e82721d10566ff7e2b68f1ff0be9f9e38 
Features included (+) or not (-): +Charts +GPU +GUI +Python
This program is licensed under the BSD-3 license. See the LICENSE file for details.
Components of this program may be licensed under more restrictive licenses which must be honored.
define_corners Typical
read_liberty -corner Typical /home/beeri/.volare/sky130A/libs.ref/sky130_fd_sc_hd/lib/sky130_fd_sc_hd__tt_025C_1v80.lib
Using 1e-12 for capacitance...
Using 1e+03 for resistance...
Using 1e-09 for time...
Using 1e+00 for voltage...
Using 1e-03 for current...
Using 1e-09 for power...
Using 1e-06 for distance...
[INFO]: Reading ODB at '/openlane/designs/project2/runs/RUN_2025.05.10_13.50.20/tmp/16-alu.odb'…
Reading design constraints file at '/openlane/scripts/base.sdc'…
[INFO]: Setting output delay to: 2.0
[INFO]: Setting input delay to: 2.0
[WARNING STA-0366] port '__VIRTUAL_CLK__' not found.
[INFO]: Setting load to: 0.033442
[INFO]: Setting clock uncertainty to: 0.25
[INFO]: Setting clock transition to: 0.15
[WARNING STA-0419] transition time can not be specified for virtual clocks.
[INFO]: Setting timing derate to: 5.0 %
[INFO]: Setting signal min routing layer to: met1 and clock min routing layer to met3. 
[INFO]: Setting signal max routing layer to: met5 and clock max routing layer to met5. 
-congestion_iterations 100 -verbose -congestion_report_file /openlane/designs/project2/runs/RUN_2025.05.10_13.50.20/tmp/routing/groute-congestion.rpt -allow_congestion
[INFO GRT-0020] Min routing layer: met1
[INFO GRT-0021] Max routing layer: met5
[INFO GRT-0022] Global adjustment: 30%
[INFO GRT-0023] Grid origin: (0, 0)
[INFO GRT-0043] No OR_DEFAULT vias defined.
[INFO GRT-0088] Layer li1     Track-Pitch = 0.4600  line-2-Via Pitch: 0.3400
[INFO GRT-0088] Layer met1    Track-Pitch = 0.3400  line-2-Via Pitch: 0.3400
[INFO GRT-0088] Layer met2    Track-Pitch = 0.4600  line-2-Via Pitch: 0.3500
[INFO GRT-0088] Layer met3    Track-Pitch = 0.6800  line-2-Via Pitch: 0.6150
[INFO GRT-0088] Layer met4    Track-Pitch = 0.9200  line-2-Via Pitch: 1.0400
[INFO GRT-0088] Layer met5    Track-Pitch = 3.4000  line-2-Via Pitch: 3.1100
[INFO GRT-0019] Found 0 clock nets.
[INFO GRT-0001] Minimum degree: 2
[INFO GRT-0002] Maximum degree: 11
[INFO GRT-0003] Macros: 0
[INFO GRT-0043] No OR_DEFAULT vias defined.
[INFO GRT-0004] Blockages: 50

[INFO GRT-0053] Routing resources analysis:
          Routing      Original      Derated      Resource
Layer     Direction    Resources     Resources    Reduction (%)
---------------------------------------------------------------
li1        Vertical            0             0          0.00%
met1       Horizontal       4060          2022          50.20%
met2       Vertical         3038          1879          38.15%
met3       Horizontal       2030          1288          36.55%
met4       Vertical         1246           624          49.92%
met5       Horizontal        406           156          61.58%
---------------------------------------------------------------

[INFO GRT-0101] Running extra iterations to remove overflow.
[WARNING GRT-0230] Congestion iterations cannot increase overflow, reached the maximum number of times the total overflow can be increased.
[INFO GRT-0197] Via related to pin nodes: 2665
[INFO GRT-0198] Via related Steiner nodes: 101
[INFO GRT-0199] Via filling finished.
[INFO GRT-0111] Final number of vias: 4410
[INFO GRT-0112] Final usage 3D: 17725
[WARNING GRT-0115] Global routing finished with overflow.

[INFO GRT-0096] Final congestion report:
Layer         Resource        Demand        Usage (%)    Max H / Max V / Total Overflow
---------------------------------------------------------------------------------------
li1                  0             0            0.00%             0 /  0 /  0
met1              2022          1515           74.93%             1 /  0 /  1
met2              1879          1564           83.24%             0 /  2 /  8
met3              1288           934           72.52%             0 /  0 /  0
met4               624           417           66.83%             0 /  1 /  7
met5               156            65           41.67%             0 /  0 /  0
---------------------------------------------------------------------------------------
Total             5969          4495           75.31%             1 /  3 / 16

[INFO GRT-0018] Total wirelength: 44235 um
[INFO GRT-0014] Routed nets: 326
[INFO GRT-0006] Repairing antennas, iteration 1.
[INFO GRT-0043] No OR_DEFAULT vias defined.
[INFO GRT-0012] Found 7 antenna violations.
[INFO GRT-0015] Inserted 7 diodes.
[INFO GRT-0009] rerouting 260 nets.
[INFO GRT-0001] Minimum degree: 2
[INFO GRT-0002] Maximum degree: 12
[INFO GRT-0006] Repairing antennas, iteration 2.
[INFO GRT-0043] No OR_DEFAULT vias defined.
[INFO GRT-0012] Found 1 antenna violations.
[INFO GRT-0015] Inserted 1 diodes.
[INFO GRT-0009] rerouting 12 nets.
[INFO GRT-0001] Minimum degree: 3
[INFO GRT-0002] Maximum degree: 5
[INFO GRT-0006] Repairing antennas, iteration 3.
[INFO GRT-0043] No OR_DEFAULT vias defined.
[INFO GRT-0012] Found 1 antenna violations.
[INFO GRT-0015] Inserted 1 diodes.
[INFO GRT-0009] rerouting 2 nets.
[INFO GRT-0001] Minimum degree: 4
[INFO GRT-0002] Maximum degree: 4
[INFO GRT-0006] Repairing antennas, iteration 4.
[INFO GRT-0043] No OR_DEFAULT vias defined.
[INFO GRT-0012] Found 0 antenna violations.
Placement Analysis
---------------------------------
total displacement          0.0 u
average displacement        0.0 u
max displacement            0.0 u
original HPWL           22506.8 u
legalized HPWL          22506.8 u
delta HPWL                    0 %

[INFO DPL-0020] Mirrored 155 instances
[INFO DPL-0021] HPWL before           22506.8 u
[INFO DPL-0022] HPWL after            22251.1 u
[INFO DPL-0023] HPWL delta               -1.1 %
[INFO]: Setting signal min routing layer to: met1 and clock min routing layer to met3. 
[INFO]: Setting signal max routing layer to: met5 and clock max routing layer to met5. 
-congestion_iterations 100 -verbose -congestion_report_file /openlane/designs/project2/runs/RUN_2025.05.10_13.50.20/tmp/routing/groute-congestion.rpt -allow_congestion
[INFO GRT-0020] Min routing layer: met1
[INFO GRT-0021] Max routing layer: met5
[INFO GRT-0022] Global adjustment: 30%
[INFO GRT-0023] Grid origin: (0, 0)
[INFO GRT-0043] No OR_DEFAULT vias defined.
[INFO GRT-0088] Layer li1     Track-Pitch = 0.4600  line-2-Via Pitch: 0.3400
[INFO GRT-0088] Layer met1    Track-Pitch = 0.3400  line-2-Via Pitch: 0.3400
[INFO GRT-0088] Layer met2    Track-Pitch = 0.4600  line-2-Via Pitch: 0.3500
[INFO GRT-0088] Layer met3    Track-Pitch = 0.6800  line-2-Via Pitch: 0.6150
[INFO GRT-0088] Layer met4    Track-Pitch = 0.9200  line-2-Via Pitch: 1.0400
[INFO GRT-0088] Layer met5    Track-Pitch = 3.4000  line-2-Via Pitch: 3.1100
[INFO GRT-0019] Found 0 clock nets.
[INFO GRT-0001] Minimum degree: 2
[INFO GRT-0002] Maximum degree: 12
[INFO GRT-0003] Macros: 0
[INFO GRT-0043] No OR_DEFAULT vias defined.
[INFO GRT-0004] Blockages: 50

[INFO GRT-0053] Routing resources analysis:
          Routing      Original      Derated      Resource
Layer     Direction    Resources     Resources    Reduction (%)
---------------------------------------------------------------
li1        Vertical            0             0          0.00%
met1       Horizontal       4060          2022          50.20%
met2       Vertical         3038          1879          38.15%
met3       Horizontal       2030          1288          36.55%
met4       Vertical         1246           624          49.92%
met5       Horizontal        406           156          61.58%
---------------------------------------------------------------

[INFO GRT-0101] Running extra iterations to remove overflow.
[INFO GRT-0197] Via related to pin nodes: 2618
[INFO GRT-0198] Via related Steiner nodes: 100
[INFO GRT-0199] Via filling finished.
[INFO GRT-0111] Final number of vias: 4347
[INFO GRT-0112] Final usage 3D: 17525
[WARNING GRT-0115] Global routing finished with overflow.

[INFO GRT-0096] Final congestion report:
Layer         Resource        Demand        Usage (%)    Max H / Max V / Total Overflow
---------------------------------------------------------------------------------------
li1                  0             2            0.00%             0 /  1 /  2
met1              2022          1539           76.11%             0 /  0 /  0
met2              1879          1548           82.38%             0 /  1 /  3
met3              1288           890           69.10%             0 /  0 /  0
met4               624           417           66.83%             0 /  1 /  6
met5               156            88           56.41%             0 /  0 /  0
---------------------------------------------------------------------------------------
Total             5969          4484           75.12%             0 /  3 / 11

[INFO GRT-0018] Total wirelength: 44132 um
[INFO GRT-0014] Routed nets: 326
Setting global connections for newly added cells…
Writing OpenROAD database to '/openlane/designs/project2/runs/RUN_2025.05.10_13.50.20/tmp/routing/18-global.odb'…
Writing layout to '/openlane/designs/project2/runs/RUN_2025.05.10_13.50.20/tmp/routing/18-global.def'…
Writing routing guides to '/openlane/designs/project2/runs/RUN_2025.05.10_13.50.20/tmp/routing/18-global.guide'…
