Sat May 10 13:50:20 +0000 2025 - Executing "{openroad -exit -no_init -python /openlane/scripts/odbpy/lefutil.py get_metal_layers -o /openlane/designs/project2/runs/RUN_2025.05.10_13.50.20/tmp/layers.list /home/beeri/.volare/sky130A/libs.ref/sky130_fd_sc_hd/techlef/sky130_fd_sc_hd__nom.tlef}"

Sat May 10 13:50:21 +0000 2025 - Executing "{/openlane/scripts/mergeLef.py -o /openlane/designs/project2/runs/RUN_2025.05.10_13.50.20/tmp/merged.nom.lef -i /home/beeri/.volare/sky130A/libs.ref/sky130_fd_sc_hd/techlef/sky130_fd_sc_hd__nom.tlef {/home/beeri/.volare/sky130A/libs.ref/sky130_fd_sc_hd/lef/sky130_fd_sc_hd.lef /home/beeri/.volare/sky130A/libs.ref/sky130_fd_sc_hd/lef/sky130_ef_sc_hd.lef} |& tee /dev/null}"

Sat May 10 13:50:21 +0000 2025 - Executing "{/openlane/scripts/mergeLef.py -o /openlane/designs/project2/runs/RUN_2025.05.10_13.50.20/tmp/merged.min.lef -i /home/beeri/.volare/sky130A/libs.ref/sky130_fd_sc_hd/techlef/sky130_fd_sc_hd__min.tlef {/home/beeri/.volare/sky130A/libs.ref/sky130_fd_sc_hd/lef/sky130_fd_sc_hd.lef /home/beeri/.volare/sky130A/libs.ref/sky130_fd_sc_hd/lef/sky130_ef_sc_hd.lef} |& tee /dev/null}"

Sat May 10 13:50:21 +0000 2025 - Executing "{/openlane/scripts/mergeLef.py -o /openlane/designs/project2/runs/RUN_2025.05.10_13.50.20/tmp/merged.max.lef -i /home/beeri/.volare/sky130A/libs.ref/sky130_fd_sc_hd/techlef/sky130_fd_sc_hd__max.tlef {/home/beeri/.volare/sky130A/libs.ref/sky130_fd_sc_hd/lef/sky130_fd_sc_hd.lef /home/beeri/.volare/sky130A/libs.ref/sky130_fd_sc_hd/lef/sky130_ef_sc_hd.lef} |& tee /dev/null}"

Sat May 10 13:50:21 +0000 2025 - Executing "{python3 /openlane/scripts/mergeLib.py --output /openlane/designs/project2/runs/RUN_2025.05.10_13.50.20/tmp/synthesis/merged.lib --name sky130A_merged /home/beeri/.volare/sky130A/libs.ref/sky130_fd_sc_hd/lib/sky130_fd_sc_hd__tt_025C_1v80.lib}"

Sat May 10 13:50:21 +0000 2025 - Executing "{python3 /openlane/scripts/libtrim.py --cell-file /openlane/designs/project2/runs/RUN_2025.05.10_13.50.20/tmp/synthesis/trimmed.lib.exclude.list --output /openlane/designs/project2/runs/RUN_2025.05.10_13.50.20/tmp/synthesis/trimmed.lib /openlane/designs/project2/runs/RUN_2025.05.10_13.50.20/tmp/synthesis/merged.lib}"

Sat May 10 13:50:21 +0000 2025 - Executing "{python3 /openlane/scripts/libtrim.py --cell-file /openlane/designs/project2/runs/RUN_2025.05.10_13.50.20/tmp/cts/cts.lib.exclude.list --output /openlane/designs/project2/runs/RUN_2025.05.10_13.50.20/tmp/cts/cts.lib /home/beeri/.volare/sky130A/libs.ref/sky130_fd_sc_hd/lib/sky130_fd_sc_hd__tt_025C_1v80.lib}"

Sat May 10 13:50:21 +0000 2025 - Executing "{python3 /openlane/scripts/libtrim.py --cell-file /openlane/designs/project2/runs/RUN_2025.05.10_13.50.20/tmp/cts/cts-fastest.lib.exclude.list --output /openlane/designs/project2/runs/RUN_2025.05.10_13.50.20/tmp/cts/cts-fastest.lib /home/beeri/.volare/sky130A/libs.ref/sky130_fd_sc_hd/lib/sky130_fd_sc_hd__ff_n40C_1v95.lib}"

Sat May 10 13:50:22 +0000 2025 - Executing "{python3 /openlane/scripts/libtrim.py --cell-file /openlane/designs/project2/runs/RUN_2025.05.10_13.50.20/tmp/cts/cts-slowest.lib.exclude.list --output /openlane/designs/project2/runs/RUN_2025.05.10_13.50.20/tmp/cts/cts-slowest.lib /home/beeri/.volare/sky130A/libs.ref/sky130_fd_sc_hd/lib/sky130_fd_sc_hd__ss_100C_1v60.lib}"

Sat May 10 13:50:22 +0000 2025 - Executing "{python3 /openlane/scripts/new_tracks.py -i /home/beeri/.volare/sky130A/libs.tech/openlane/sky130_fd_sc_hd/tracks.info -o /openlane/designs/project2/runs/RUN_2025.05.10_13.50.20/tmp/routing/config.tracks}"

Sat May 10 13:50:22 +0000 2025 - Executing "{echo {OpenLane e73fb3c57e687a0023fcd4dcfd1566ecd478362a} > /openlane/designs/project2/runs/RUN_2025.05.10_13.50.20/OPENLANE_COMMIT}"

Sat May 10 13:50:22 +0000 2025 - Executing "{yosys -c /openlane/scripts/yosys/blackbox.tcl}"

Sat May 10 13:50:22 +0000 2025 - Executing "{verilator -Wall --lint-only --Wno-DECLFILENAME --top-module alu /openlane/designs/project2/runs/RUN_2025.05.10_13.50.20/tmp/synthesis/blackbox/sky130_fd_sc_hd__blackbox.v /openlane/designs/project2/src/alu.v -Wno-fatal --relative-includes |& tee /openlane/designs/project2/runs/RUN_2025.05.10_13.50.20/logs/synthesis/linter.log /dev/null}"

Sat May 10 13:50:22 +0000 2025 - Executing "{sed -E {s/^([[:space:]]+)pg_pin(.*)/\1pin\2\n\1    direction : "inout";/g} /home/beeri/.volare/sky130A/libs.ref/sky130_fd_sc_hd/lib/sky130_fd_sc_hd__tt_025C_1v80.lib > /openlane/designs/project2/runs/RUN_2025.05.10_13.50.20/tmp/synthesis/1-sky130_fd_sc_hd__tt_025C_1v80.no_pg.lib}"

Sat May 10 13:50:22 +0000 2025 - Executing "{sed -E {s/^([[:space:]]+)pg_pin(.*)/\1pin\2\n\1    direction : "inout";/g} /openlane/designs/project2/runs/RUN_2025.05.10_13.50.20/tmp/synthesis/trimmed.lib > /openlane/designs/project2/runs/RUN_2025.05.10_13.50.20/tmp/synthesis/1-trimmed.no_pg.lib}"

Sat May 10 13:50:22 +0000 2025 - Executing "yosys -c /openlane/scripts/yosys/synth.tcl |& tee /dev/null /openlane/designs/project2/runs/RUN_2025.05.10_13.50.20/logs/synthesis/1-synthesis.log"

Sat May 10 13:50:22 +0000 2025 - Executing "{yosys -c /openlane/scripts/yosys/synth.tcl |& tee /dev/null /openlane/designs/project2/runs/RUN_2025.05.10_13.50.20/logs/synthesis/1-synthesis.log}"

Sat May 10 13:50:23 +0000 2025 - Executing "{sed -i.bak -e {s/\(set ::env(CURRENT_NETLIST)\).*/\1 \/openlane\/designs\/project2\/runs\/RUN_2025.05.10_13.50.20\/results\/synthesis\/alu.v/} /openlane/designs/project2/runs/RUN_2025.05.10_13.50.20/config.tcl}"

Sat May 10 13:50:23 +0000 2025 - Executing "{sed -i.bak /defparam/d /openlane/designs/project2/runs/RUN_2025.05.10_13.50.20/results/synthesis/alu.v}"

Sat May 10 13:50:23 +0000 2025 - Executing "sta -exit -no_init /openlane/scripts/openroad/sta/multi_corner.tcl |& tee /dev/null /openlane/designs/project2/runs/RUN_2025.05.10_13.50.20/logs/synthesis/2-sta.log"

Sat May 10 13:50:23 +0000 2025 - Executing "{sta -exit -no_init /openlane/scripts/openroad/sta/multi_corner.tcl |& tee /dev/null /openlane/designs/project2/runs/RUN_2025.05.10_13.50.20/logs/synthesis/2-sta.log}"

Sat May 10 13:50:24 +0000 2025 - Executing "openroad -exit /openlane/scripts/openroad/floorplan.tcl |& tee /dev/null /openlane/designs/project2/runs/RUN_2025.05.10_13.50.20/logs/floorplan/3-initial_fp.log"

Sat May 10 13:50:24 +0000 2025 - Executing "{openroad -exit /openlane/scripts/openroad/floorplan.tcl |& tee /dev/null /openlane/designs/project2/runs/RUN_2025.05.10_13.50.20/logs/floorplan/3-initial_fp.log}"

Sat May 10 13:50:24 +0000 2025 - Executing "{openroad -exit -no_init -python /openlane/scripts/odbpy/defutil.py extract_core_dims --output-data /openlane/designs/project2/runs/RUN_2025.05.10_13.50.20/tmp/dimensions.txt --input-lef /openlane/designs/project2/runs/RUN_2025.05.10_13.50.20/tmp/merged.nom.lef /openlane/designs/project2/runs/RUN_2025.05.10_13.50.20/tmp/floorplan/3-initial_fp.def}"

Sat May 10 13:50:25 +0000 2025 - Executing "{openroad -exit -no_init -python /openlane/scripts/odbpy/io_place.py --config /openlane/designs/project2/pin_order.cfg --hor-layer met3 --ver-layer met2 --ver-width-mult 2 --hor-width-mult 2 --hor-extension 0 --ver-extension 0 --length 4 --unmatched-error --input-lef /openlane/designs/project2/runs/RUN_2025.05.10_13.50.20/tmp/merged.nom.lef --output-def /openlane/designs/project2/runs/RUN_2025.05.10_13.50.20/tmp/floorplan/4-io.def --output /openlane/designs/project2/runs/RUN_2025.05.10_13.50.20/tmp/floorplan/4-io.odb /openlane/designs/project2/runs/RUN_2025.05.10_13.50.20/tmp/floorplan/3-initial_fp.odb |& tee /dev/null /openlane/designs/project2/runs/RUN_2025.05.10_13.50.20/logs/floorplan/4-place_io.log}"

Sat May 10 13:50:25 +0000 2025 - Executing "openroad -exit /openlane/scripts/openroad/tapcell.tcl |& tee /dev/null /openlane/designs/project2/runs/RUN_2025.05.10_13.50.20/logs/floorplan/5-tap.log"

Sat May 10 13:50:25 +0000 2025 - Executing "{openroad -exit /openlane/scripts/openroad/tapcell.tcl |& tee /dev/null /openlane/designs/project2/runs/RUN_2025.05.10_13.50.20/logs/floorplan/5-tap.log}"

Sat May 10 13:50:25 +0000 2025 - Executing "openroad -exit /openlane/scripts/openroad/pdn.tcl |& tee /dev/null /openlane/designs/project2/runs/RUN_2025.05.10_13.50.20/logs/floorplan/6-pdn.log"

Sat May 10 13:50:25 +0000 2025 - Executing "{openroad -exit /openlane/scripts/openroad/pdn.tcl |& tee /dev/null /openlane/designs/project2/runs/RUN_2025.05.10_13.50.20/logs/floorplan/6-pdn.log}"

Sat May 10 13:50:26 +0000 2025 - Executing "{openroad -exit -no_init -python /openlane/scripts/odbpy/random_place.py --input-lef /openlane/designs/project2/runs/RUN_2025.05.10_13.50.20/tmp/merged.nom.lef --output-def /openlane/designs/project2/runs/RUN_2025.05.10_13.50.20/tmp/placement/7-global.def --output /openlane/designs/project2/runs/RUN_2025.05.10_13.50.20/tmp/placement/7-global.odb /openlane/designs/project2/runs/RUN_2025.05.10_13.50.20/results/floorplan/alu.odb |& tee /dev/null /openlane/designs/project2/runs/RUN_2025.05.10_13.50.20/logs/placement/7-global.log}"

Sat May 10 13:50:26 +0000 2025 - Executing "openroad -exit /openlane/scripts/openroad/resizer.tcl |& tee /dev/null /openlane/designs/project2/runs/RUN_2025.05.10_13.50.20/logs/placement/8-resizer.log"

Sat May 10 13:50:26 +0000 2025 - Executing "{openroad -exit /openlane/scripts/openroad/resizer.tcl |& tee /dev/null /openlane/designs/project2/runs/RUN_2025.05.10_13.50.20/logs/placement/8-resizer.log}"

Sat May 10 13:50:27 +0000 2025 - Executing "{sed -i.bak -e {s/\(set ::env(CURRENT_NETLIST)\).*/\1 \/openlane\/designs\/project2\/runs\/RUN_2025.05.10_13.50.20\/tmp\/placement\/8-resizer.nl.v/} /openlane/designs/project2/runs/RUN_2025.05.10_13.50.20/config.tcl}"

Sat May 10 13:50:27 +0000 2025 - Executing "openroad -exit /openlane/scripts/openroad/dpl.tcl |& tee /dev/null /openlane/designs/project2/runs/RUN_2025.05.10_13.50.20/logs/placement/9-detailed.log"

Sat May 10 13:50:28 +0000 2025 - Executing "{openroad -exit /openlane/scripts/openroad/dpl.tcl |& tee /dev/null /openlane/designs/project2/runs/RUN_2025.05.10_13.50.20/logs/placement/9-detailed.log}"

Sat May 10 13:50:28 +0000 2025 - Executing "{sed -i.bak -e {s/\(set ::env(CURRENT_NETLIST)\).*/\1 \/openlane\/designs\/project2\/runs\/RUN_2025.05.10_13.50.20\/results\/placement\/alu.nl.v/} /openlane/designs/project2/runs/RUN_2025.05.10_13.50.20/config.tcl}"

Sat May 10 13:50:28 +0000 2025 - Executing "openroad -exit /openlane/scripts/openroad/sta/multi_corner.tcl |& tee /dev/null /openlane/designs/project2/runs/RUN_2025.05.10_13.50.20/logs/placement/10-dpl_sta.log"

Sat May 10 13:50:28 +0000 2025 - Executing "{openroad -exit /openlane/scripts/openroad/sta/multi_corner.tcl |& tee /dev/null /openlane/designs/project2/runs/RUN_2025.05.10_13.50.20/logs/placement/10-dpl_sta.log}"

Sat May 10 13:50:28 +0000 2025 - Executing "openroad -exit /openlane/scripts/openroad/cts.tcl |& tee /dev/null /openlane/designs/project2/runs/RUN_2025.05.10_13.50.20/logs/cts/11-cts.log"

Sat May 10 13:50:28 +0000 2025 - Executing "{openroad -exit /openlane/scripts/openroad/cts.tcl |& tee /dev/null /openlane/designs/project2/runs/RUN_2025.05.10_13.50.20/logs/cts/11-cts.log}"

Sat May 10 13:50:32 +0000 2025 - Executing "openroad -exit /openlane/scripts/openroad/sta/multi_corner.tcl |& tee /dev/null /openlane/designs/project2/runs/RUN_2025.05.10_13.50.20/logs/cts/12-cts_sta.log"

Sat May 10 13:50:32 +0000 2025 - Executing "{openroad -exit /openlane/scripts/openroad/sta/multi_corner.tcl |& tee /dev/null /openlane/designs/project2/runs/RUN_2025.05.10_13.50.20/logs/cts/12-cts_sta.log}"

Sat May 10 13:50:33 +0000 2025 - Executing "openroad -exit /openlane/scripts/openroad/resizer_timing.tcl |& tee /dev/null /openlane/designs/project2/runs/RUN_2025.05.10_13.50.20/logs/cts/13-resizer.log"

Sat May 10 13:50:33 +0000 2025 - Executing "{openroad -exit /openlane/scripts/openroad/resizer_timing.tcl |& tee /dev/null /openlane/designs/project2/runs/RUN_2025.05.10_13.50.20/logs/cts/13-resizer.log}"

Sat May 10 13:50:35 +0000 2025 - Executing "{sed -i.bak -e {s/\(set ::env(CURRENT_NETLIST)\).*/\1 \/openlane\/designs\/project2\/runs\/RUN_2025.05.10_13.50.20\/tmp\/cts\/13-alu.resized.nl.v/} /openlane/designs/project2/runs/RUN_2025.05.10_13.50.20/config.tcl}"

Sat May 10 13:50:35 +0000 2025 - Executing "openroad -exit /openlane/scripts/openroad/resizer_routing_design.tcl |& tee /dev/null /openlane/designs/project2/runs/RUN_2025.05.10_13.50.20/logs/routing/14-resizer_design.log"

Sat May 10 13:50:35 +0000 2025 - Executing "{openroad -exit /openlane/scripts/openroad/resizer_routing_design.tcl |& tee /dev/null /openlane/designs/project2/runs/RUN_2025.05.10_13.50.20/logs/routing/14-resizer_design.log}"

Sat May 10 13:50:38 +0000 2025 - Executing "{sed -i.bak -e {s/\(set ::env(CURRENT_NETLIST)\).*/\1 \/openlane\/designs\/project2\/runs\/RUN_2025.05.10_13.50.20\/tmp\/14-alu.nl.v/} /openlane/designs/project2/runs/RUN_2025.05.10_13.50.20/config.tcl}"

Sat May 10 13:50:38 +0000 2025 - Executing "openroad -exit /openlane/scripts/openroad/sta/multi_corner.tcl |& tee /dev/null /openlane/designs/project2/runs/RUN_2025.05.10_13.50.20/logs/routing/15-rsz_design_sta.log"

Sat May 10 13:50:38 +0000 2025 - Executing "{openroad -exit /openlane/scripts/openroad/sta/multi_corner.tcl |& tee /dev/null /openlane/designs/project2/runs/RUN_2025.05.10_13.50.20/logs/routing/15-rsz_design_sta.log}"

Sat May 10 13:50:39 +0000 2025 - Executing "openroad -exit /openlane/scripts/openroad/resizer_routing_timing.tcl |& tee /dev/null /openlane/designs/project2/runs/RUN_2025.05.10_13.50.20/logs/routing/16-resizer_timing.log"

Sat May 10 13:50:39 +0000 2025 - Executing "{openroad -exit /openlane/scripts/openroad/resizer_routing_timing.tcl |& tee /dev/null /openlane/designs/project2/runs/RUN_2025.05.10_13.50.20/logs/routing/16-resizer_timing.log}"

Sat May 10 13:50:44 +0000 2025 - Executing "{sed -i.bak -e {s/\(set ::env(CURRENT_NETLIST)\).*/\1 \/openlane\/designs\/project2\/runs\/RUN_2025.05.10_13.50.20\/tmp\/16-alu.nl.v/} /openlane/designs/project2/runs/RUN_2025.05.10_13.50.20/config.tcl}"

Sat May 10 13:50:45 +0000 2025 - Executing "openroad -exit /openlane/scripts/openroad/sta/multi_corner.tcl |& tee /dev/null /openlane/designs/project2/runs/RUN_2025.05.10_13.50.20/logs/routing/17-rsz_timing_sta.log"

Sat May 10 13:50:45 +0000 2025 - Executing "{openroad -exit /openlane/scripts/openroad/sta/multi_corner.tcl |& tee /dev/null /openlane/designs/project2/runs/RUN_2025.05.10_13.50.20/logs/routing/17-rsz_timing_sta.log}"

Sat May 10 13:50:45 +0000 2025 - Executing "openroad -exit /openlane/scripts/openroad/repair_antennas.tcl |& tee /dev/null /openlane/designs/project2/runs/RUN_2025.05.10_13.50.20/logs/routing/18-global.log"

Sat May 10 13:50:45 +0000 2025 - Executing "{openroad -exit /openlane/scripts/openroad/repair_antennas.tcl |& tee /dev/null /openlane/designs/project2/runs/RUN_2025.05.10_13.50.20/logs/routing/18-global.log}"

Sat May 10 13:50:47 +0000 2025 - Executing "openroad -exit /openlane/scripts/openroad/write_views.tcl |& tee /dev/null /openlane/designs/project2/runs/RUN_2025.05.10_13.50.20/logs/routing/18-global_write_netlist.log"

Sat May 10 13:50:47 +0000 2025 - Executing "{openroad -exit /openlane/scripts/openroad/write_views.tcl |& tee /dev/null /openlane/designs/project2/runs/RUN_2025.05.10_13.50.20/logs/routing/18-global_write_netlist.log}"

Sat May 10 13:50:48 +0000 2025 - Executing "{sed -i.bak -e {s/\(set ::env(CURRENT_NETLIST)\).*/\1 \/openlane\/designs\/project2\/runs\/RUN_2025.05.10_13.50.20\/tmp\/routing\/global.nl.v/} /openlane/designs/project2/runs/RUN_2025.05.10_13.50.20/config.tcl}"

Sat May 10 13:50:48 +0000 2025 - Executing "openroad -exit /openlane/scripts/openroad/sta/multi_corner.tcl |& tee /dev/null /openlane/designs/project2/runs/RUN_2025.05.10_13.50.20/logs/routing/20-grt_sta.log"

Sat May 10 13:50:48 +0000 2025 - Executing "{openroad -exit /openlane/scripts/openroad/sta/multi_corner.tcl |& tee /dev/null /openlane/designs/project2/runs/RUN_2025.05.10_13.50.20/logs/routing/20-grt_sta.log}"

Sat May 10 13:50:48 +0000 2025 - Executing "openroad -exit /openlane/scripts/openroad/fill.tcl |& tee /dev/null /openlane/designs/project2/runs/RUN_2025.05.10_13.50.20/logs/routing/21-fill.log"

Sat May 10 13:50:48 +0000 2025 - Executing "{openroad -exit /openlane/scripts/openroad/fill.tcl |& tee /dev/null /openlane/designs/project2/runs/RUN_2025.05.10_13.50.20/logs/routing/21-fill.log}"

Sat May 10 13:50:48 +0000 2025 - Executing "{sed -i.bak -e {s/\(set ::env(CURRENT_NETLIST)\).*/\1 \/openlane\/designs\/project2\/runs\/RUN_2025.05.10_13.50.20\/tmp\/routing\/21-fill.nl.v/} /openlane/designs/project2/runs/RUN_2025.05.10_13.50.20/config.tcl}"

Sat May 10 13:50:49 +0000 2025 - Executing "openroad -exit -metrics /openlane/designs/project2/runs/RUN_2025.05.10_13.50.20/reports/routing/22-drt_metrics.json /openlane/scripts/openroad/droute.tcl |& tee /dev/null /openlane/designs/project2/runs/RUN_2025.05.10_13.50.20/logs/routing/22-detailed.log"

Sat May 10 13:50:49 +0000 2025 - Executing "{openroad -exit -metrics /openlane/designs/project2/runs/RUN_2025.05.10_13.50.20/reports/routing/22-drt_metrics.json /openlane/scripts/openroad/droute.tcl |& tee /dev/null /openlane/designs/project2/runs/RUN_2025.05.10_13.50.20/logs/routing/22-detailed.log}"

