
===========================================================================
report_checks -path_delay max (Setup)
============================================================================
======================= Typical Corner ===================================

Startpoint: B[1] (input port clocked by __VIRTUAL_CLK__)
Endpoint: out[7] (output port clocked by __VIRTUAL_CLK__)
Path Group: __VIRTUAL_CLK__
Path Type: max

Fanout     Cap    Slew   Delay    Time   Description
-----------------------------------------------------------------------------
                  0.00    0.00    0.00   clock __VIRTUAL_CLK__ (rise edge)
                          0.00    0.00   clock network delay (ideal)
                          2.00    2.00 v input external delay
     1    0.00    0.01    0.01    2.01 v B[1] (in)
                                         B[1] (net)
                  0.01    0.00    2.01 v input10/A (sky130_fd_sc_hd__buf_6)
     5    0.03    0.04    0.12    2.13 v input10/X (sky130_fd_sc_hd__buf_6)
                                         net10 (net)
                  0.04    0.00    2.13 v _266_/A (sky130_fd_sc_hd__buf_12)
     5    0.04    0.04    0.14    2.27 v _266_/X (sky130_fd_sc_hd__buf_12)
                                         _196_ (net)
                  0.04    0.00    2.27 v _383_/A1 (sky130_fd_sc_hd__a22o_4)
     3    0.01    0.05    0.25    2.53 v _383_/X (sky130_fd_sc_hd__a22o_4)
                                         _061_ (net)
                  0.05    0.00    2.53 v _385_/A1 (sky130_fd_sc_hd__a21o_1)
     2    0.01    0.06    0.19    2.72 v _385_/X (sky130_fd_sc_hd__a21o_1)
                                         _063_ (net)
                  0.06    0.00    2.72 v _389_/A2 (sky130_fd_sc_hd__a21o_1)
     3    0.01    0.08    0.23    2.96 v _389_/X (sky130_fd_sc_hd__a21o_1)
                                         _067_ (net)
                  0.08    0.00    2.96 v _395_/A1 (sky130_fd_sc_hd__a21o_1)
     2    0.00    0.04    0.17    3.13 v _395_/X (sky130_fd_sc_hd__a21o_1)
                                         _073_ (net)
                  0.04    0.00    3.13 v _398_/C (sky130_fd_sc_hd__and3_1)
     2    0.01    0.06    0.21    3.34 v _398_/X (sky130_fd_sc_hd__and3_1)
                                         _076_ (net)
                  0.06    0.00    3.34 v _401_/C (sky130_fd_sc_hd__or3_4)
     3    0.01    0.08    0.36    3.71 v _401_/X (sky130_fd_sc_hd__or3_4)
                                         _079_ (net)
                  0.08    0.00    3.71 v _465_/A1 (sky130_fd_sc_hd__a211o_4)
     2    0.01    0.07    0.37    4.08 v _465_/X (sky130_fd_sc_hd__a211o_4)
                                         _141_ (net)
                  0.07    0.00    4.08 v _494_/C (sky130_fd_sc_hd__or3_4)
     2    0.00    0.06    0.34    4.42 v _494_/X (sky130_fd_sc_hd__or3_4)
                                         _170_ (net)
                  0.06    0.00    4.42 v _496_/A (sky130_fd_sc_hd__and3_1)
     1    0.01    0.05    0.17    4.59 v _496_/X (sky130_fd_sc_hd__and3_1)
                                         _172_ (net)
                  0.05    0.00    4.59 v _498_/A2 (sky130_fd_sc_hd__o21a_1)
     1    0.01    0.07    0.21    4.80 v _498_/X (sky130_fd_sc_hd__o21a_1)
                                         _174_ (net)
                  0.07    0.00    4.80 v _503_/A3 (sky130_fd_sc_hd__o32a_4)
     1    0.01    0.06    0.33    5.13 v _503_/X (sky130_fd_sc_hd__o32a_4)
                                         net27 (net)
                  0.06    0.00    5.13 v output27/A (sky130_fd_sc_hd__buf_8)
     1    0.03    0.04    0.15    5.28 v output27/X (sky130_fd_sc_hd__buf_8)
                                         out[7] (net)
                  0.04    0.00    5.28 v out[7] (out)
                                  5.28   data arrival time

                  0.00   10.00   10.00   clock __VIRTUAL_CLK__ (rise edge)
                          0.00   10.00   clock network delay (ideal)
                         -0.25    9.75   clock uncertainty
                          0.00    9.75   clock reconvergence pessimism
                         -2.00    7.75   output external delay
                                  7.75   data required time
-----------------------------------------------------------------------------
                                  7.75   data required time
                                 -5.28   data arrival time
-----------------------------------------------------------------------------
                                  2.47   slack (MET)


Startpoint: A[5] (input port clocked by __VIRTUAL_CLK__)
Endpoint: out[6] (output port clocked by __VIRTUAL_CLK__)
Path Group: __VIRTUAL_CLK__
Path Type: max

Fanout     Cap    Slew   Delay    Time   Description
-----------------------------------------------------------------------------
                  0.00    0.00    0.00   clock __VIRTUAL_CLK__ (rise edge)
                          0.00    0.00   clock network delay (ideal)
                          2.00    2.00 v input external delay
     1    0.00    0.01    0.00    2.00 v A[5] (in)
                                         A[5] (net)
                  0.01    0.00    2.00 v input6/A (sky130_fd_sc_hd__clkbuf_2)
     3    0.02    0.09    0.14    2.15 v input6/X (sky130_fd_sc_hd__clkbuf_2)
                                         net6 (net)
                  0.09    0.00    2.15 v _374_/A (sky130_fd_sc_hd__buf_4)
    10    0.05    0.08    0.22    2.36 v _374_/X (sky130_fd_sc_hd__buf_4)
                                         _052_ (net)
                  0.08    0.00    2.37 v _417_/A2 (sky130_fd_sc_hd__a22o_4)
     3    0.01    0.05    0.30    2.66 v _417_/X (sky130_fd_sc_hd__a22o_4)
                                         _094_ (net)
                  0.05    0.00    2.66 v _419_/A2 (sky130_fd_sc_hd__a21o_1)
     2    0.01    0.07    0.23    2.89 v _419_/X (sky130_fd_sc_hd__a21o_1)
                                         _096_ (net)
                  0.07    0.00    2.89 v _423_/A1 (sky130_fd_sc_hd__a21o_1)
     2    0.01    0.07    0.21    3.10 v _423_/X (sky130_fd_sc_hd__a21o_1)
                                         _100_ (net)
                  0.07    0.00    3.10 v _429_/A2 (sky130_fd_sc_hd__a21o_1)
     2    0.01    0.05    0.21    3.31 v _429_/X (sky130_fd_sc_hd__a21o_1)
                                         _106_ (net)
                  0.05    0.00    3.31 v _433_/A1 (sky130_fd_sc_hd__a21o_2)
     3    0.01    0.06    0.22    3.53 v _433_/X (sky130_fd_sc_hd__a21o_2)
                                         _110_ (net)
                  0.06    0.00    3.53 v _435_/A2 (sky130_fd_sc_hd__a21oi_2)
     3    0.02    0.27    0.28    3.81 ^ _435_/Y (sky130_fd_sc_hd__a21oi_2)
                                         _112_ (net)
                  0.27    0.00    3.81 ^ _436_/C1 (sky130_fd_sc_hd__a211oi_2)
     2    0.01    0.08    0.09    3.89 v _436_/Y (sky130_fd_sc_hd__a211oi_2)
                                         _113_ (net)
                  0.08    0.00    3.89 v rebuffer6/A (sky130_fd_sc_hd__clkbuf_1)
     1    0.01    0.05    0.13    4.02 v rebuffer6/X (sky130_fd_sc_hd__clkbuf_1)
                                         net34 (net)
                  0.05    0.00    4.02 v _439_/A (sky130_fd_sc_hd__or2_1)
     1    0.00    0.05    0.24    4.25 v _439_/X (sky130_fd_sc_hd__or2_1)
                                         _116_ (net)
                  0.05    0.00    4.25 v _440_/A2 (sky130_fd_sc_hd__a21bo_1)
     1    0.00    0.04    0.20    4.46 v _440_/X (sky130_fd_sc_hd__a21bo_1)
                                         _117_ (net)
                  0.04    0.00    4.46 v _441_/B (sky130_fd_sc_hd__or2_1)
     1    0.01    0.06    0.23    4.69 v _441_/X (sky130_fd_sc_hd__or2_1)
                                         _118_ (net)
                  0.06    0.00    4.69 v _453_/B1 (sky130_fd_sc_hd__a22oi_2)
     1    0.00    0.13    0.13    4.82 ^ _453_/Y (sky130_fd_sc_hd__a22oi_2)
                                         net26 (net)
                  0.13    0.00    4.82 ^ output26/A (sky130_fd_sc_hd__buf_2)
     1    0.03    0.17    0.24    5.06 ^ output26/X (sky130_fd_sc_hd__buf_2)
                                         out[6] (net)
                  0.17    0.00    5.06 ^ out[6] (out)
                                  5.06   data arrival time

                  0.00   10.00   10.00   clock __VIRTUAL_CLK__ (rise edge)
                          0.00   10.00   clock network delay (ideal)
                         -0.25    9.75   clock uncertainty
                          0.00    9.75   clock reconvergence pessimism
                         -2.00    7.75   output external delay
                                  7.75   data required time
-----------------------------------------------------------------------------
                                  7.75   data required time
                                 -5.06   data arrival time
-----------------------------------------------------------------------------
                                  2.69   slack (MET)


Startpoint: B[1] (input port clocked by __VIRTUAL_CLK__)
Endpoint: out[5] (output port clocked by __VIRTUAL_CLK__)
Path Group: __VIRTUAL_CLK__
Path Type: max

Fanout     Cap    Slew   Delay    Time   Description
-----------------------------------------------------------------------------
                  0.00    0.00    0.00   clock __VIRTUAL_CLK__ (rise edge)
                          0.00    0.00   clock network delay (ideal)
                          2.00    2.00 v input external delay
     1    0.00    0.01    0.01    2.01 v B[1] (in)
                                         B[1] (net)
                  0.01    0.00    2.01 v input10/A (sky130_fd_sc_hd__buf_6)
     5    0.03    0.04    0.12    2.13 v input10/X (sky130_fd_sc_hd__buf_6)
                                         net10 (net)
                  0.04    0.00    2.13 v _266_/A (sky130_fd_sc_hd__buf_12)
     5    0.04    0.04    0.14    2.27 v _266_/X (sky130_fd_sc_hd__buf_12)
                                         _196_ (net)
                  0.04    0.00    2.27 v _383_/A1 (sky130_fd_sc_hd__a22o_4)
     3    0.01    0.05    0.25    2.53 v _383_/X (sky130_fd_sc_hd__a22o_4)
                                         _061_ (net)
                  0.05    0.00    2.53 v _385_/A1 (sky130_fd_sc_hd__a21o_1)
     2    0.01    0.06    0.19    2.72 v _385_/X (sky130_fd_sc_hd__a21o_1)
                                         _063_ (net)
                  0.06    0.00    2.72 v _389_/A2 (sky130_fd_sc_hd__a21o_1)
     3    0.01    0.08    0.23    2.96 v _389_/X (sky130_fd_sc_hd__a21o_1)
                                         _067_ (net)
                  0.08    0.00    2.96 v _395_/A1 (sky130_fd_sc_hd__a21o_1)
     2    0.00    0.04    0.17    3.13 v _395_/X (sky130_fd_sc_hd__a21o_1)
                                         _073_ (net)
                  0.04    0.00    3.13 v _398_/C (sky130_fd_sc_hd__and3_1)
     2    0.01    0.06    0.21    3.34 v _398_/X (sky130_fd_sc_hd__and3_1)
                                         _076_ (net)
                  0.06    0.00    3.34 v _401_/C (sky130_fd_sc_hd__or3_4)
     3    0.01    0.08    0.36    3.71 v _401_/X (sky130_fd_sc_hd__or3_4)
                                         _079_ (net)
                  0.08    0.00    3.71 v rebuffer5/A (sky130_fd_sc_hd__dlymetal6s2s_1)
     2    0.01    0.05    0.17    3.88 v rebuffer5/X (sky130_fd_sc_hd__dlymetal6s2s_1)
                                         net33 (net)
                  0.05    0.00    3.88 v _402_/B (sky130_fd_sc_hd__nand2_1)
     3    0.01    0.10    0.11    3.99 ^ _402_/Y (sky130_fd_sc_hd__nand2_1)
                                         _080_ (net)
                  0.10    0.00    3.99 ^ _404_/C (sky130_fd_sc_hd__nand3_1)
     1    0.01    0.11    0.13    4.13 v _404_/Y (sky130_fd_sc_hd__nand3_1)
                                         _082_ (net)
                  0.11    0.00    4.13 v _408_/A3 (sky130_fd_sc_hd__a31o_1)
     1    0.01    0.05    0.26    4.39 v _408_/X (sky130_fd_sc_hd__a31o_1)
                                         _086_ (net)
                  0.05    0.00    4.39 v _409_/B1 (sky130_fd_sc_hd__a21oi_1)
     1    0.00    0.10    0.11    4.50 ^ _409_/Y (sky130_fd_sc_hd__a21oi_1)
                                         _087_ (net)
                  0.10    0.00    4.50 ^ _410_/B1 (sky130_fd_sc_hd__a21oi_1)
     1    0.00    0.05    0.05    4.55 v _410_/Y (sky130_fd_sc_hd__a21oi_1)
                                         net25 (net)
                  0.05    0.00    4.55 v output25/A (sky130_fd_sc_hd__buf_2)
     1    0.03    0.09    0.19    4.74 v output25/X (sky130_fd_sc_hd__buf_2)
                                         out[5] (net)
                  0.09    0.00    4.74 v out[5] (out)
                                  4.74   data arrival time

                  0.00   10.00   10.00   clock __VIRTUAL_CLK__ (rise edge)
                          0.00   10.00   clock network delay (ideal)
                         -0.25    9.75   clock uncertainty
                          0.00    9.75   clock reconvergence pessimism
                         -2.00    7.75   output external delay
                                  7.75   data required time
-----------------------------------------------------------------------------
                                  7.75   data required time
                                 -4.74   data arrival time
-----------------------------------------------------------------------------
                                  3.01   slack (MET)


Startpoint: B[2] (input port clocked by __VIRTUAL_CLK__)
Endpoint: out[4] (output port clocked by __VIRTUAL_CLK__)
Path Group: __VIRTUAL_CLK__
Path Type: max

Fanout     Cap    Slew   Delay    Time   Description
-----------------------------------------------------------------------------
                  0.00    0.00    0.00   clock __VIRTUAL_CLK__ (rise edge)
                          0.00    0.00   clock network delay (ideal)
                          2.00    2.00 ^ input external delay
     1    0.01    0.03    0.02    2.02 ^ B[2] (in)
                                         B[2] (net)
                  0.03    0.00    2.02 ^ input11/A (sky130_fd_sc_hd__clkbuf_2)
     5    0.02    0.10    0.15    2.17 ^ input11/X (sky130_fd_sc_hd__clkbuf_2)
                                         net11 (net)
                  0.10    0.00    2.17 ^ _289_/A (sky130_fd_sc_hd__buf_8)
    10    0.04    0.08    0.15    2.32 ^ _289_/X (sky130_fd_sc_hd__buf_8)
                                         _218_ (net)
                  0.08    0.01    2.32 ^ _322_/B (sky130_fd_sc_hd__nand2_2)
     3    0.02    0.08    0.10    2.42 v _322_/Y (sky130_fd_sc_hd__nand2_2)
                                         _002_ (net)
                  0.08    0.00    2.42 v _325_/A (sky130_fd_sc_hd__or3_4)
     2    0.02    0.09    0.45    2.87 v _325_/X (sky130_fd_sc_hd__or3_4)
                                         _005_ (net)
                  0.09    0.00    2.88 v _330_/A1 (sky130_fd_sc_hd__a21o_1)
     2    0.01    0.06    0.20    3.08 v _330_/X (sky130_fd_sc_hd__a21o_1)
                                         _010_ (net)
                  0.06    0.00    3.08 v _341_/A3 (sky130_fd_sc_hd__a31o_1)
     2    0.02    0.09    0.28    3.36 v _341_/X (sky130_fd_sc_hd__a31o_1)
                                         _020_ (net)
                  0.09    0.00    3.36 v _357_/A (sky130_fd_sc_hd__or2_1)
     2    0.02    0.12    0.33    3.69 v _357_/X (sky130_fd_sc_hd__or2_1)
                                         _036_ (net)
                  0.12    0.00    3.70 v _358_/A2 (sky130_fd_sc_hd__a21bo_1)
     1    0.01    0.05    0.24    3.93 v _358_/X (sky130_fd_sc_hd__a21bo_1)
                                         _037_ (net)
                  0.05    0.00    3.93 v _360_/B (sky130_fd_sc_hd__and3_1)
     1    0.01    0.05    0.18    4.12 v _360_/X (sky130_fd_sc_hd__and3_1)
                                         _039_ (net)
                  0.05    0.00    4.12 v _373_/B1 (sky130_fd_sc_hd__o2bb2a_1)
     1    0.00    0.05    0.30    4.42 v _373_/X (sky130_fd_sc_hd__o2bb2a_1)
                                         net24 (net)
                  0.05    0.00    4.42 v output24/A (sky130_fd_sc_hd__buf_2)
     1    0.03    0.09    0.19    4.61 v output24/X (sky130_fd_sc_hd__buf_2)
                                         out[4] (net)
                  0.09    0.00    4.61 v out[4] (out)
                                  4.61   data arrival time

                  0.00   10.00   10.00   clock __VIRTUAL_CLK__ (rise edge)
                          0.00   10.00   clock network delay (ideal)
                         -0.25    9.75   clock uncertainty
                          0.00    9.75   clock reconvergence pessimism
                         -2.00    7.75   output external delay
                                  7.75   data required time
-----------------------------------------------------------------------------
                                  7.75   data required time
                                 -4.61   data arrival time
-----------------------------------------------------------------------------
                                  3.14   slack (MET)


Startpoint: B[2] (input port clocked by __VIRTUAL_CLK__)
Endpoint: out[3] (output port clocked by __VIRTUAL_CLK__)
Path Group: __VIRTUAL_CLK__
Path Type: max

Fanout     Cap    Slew   Delay    Time   Description
-----------------------------------------------------------------------------
                  0.00    0.00    0.00   clock __VIRTUAL_CLK__ (rise edge)
                          0.00    0.00   clock network delay (ideal)
                          2.00    2.00 ^ input external delay
     1    0.01    0.03    0.02    2.02 ^ B[2] (in)
                                         B[2] (net)
                  0.03    0.00    2.02 ^ input11/A (sky130_fd_sc_hd__clkbuf_2)
     5    0.02    0.10    0.15    2.17 ^ input11/X (sky130_fd_sc_hd__clkbuf_2)
                                         net11 (net)
                  0.10    0.00    2.17 ^ _289_/A (sky130_fd_sc_hd__buf_8)
    10    0.04    0.08    0.15    2.32 ^ _289_/X (sky130_fd_sc_hd__buf_8)
                                         _218_ (net)
                  0.08    0.01    2.32 ^ _322_/B (sky130_fd_sc_hd__nand2_2)
     3    0.02    0.08    0.10    2.42 v _322_/Y (sky130_fd_sc_hd__nand2_2)
                                         _002_ (net)
                  0.08    0.00    2.42 v _325_/A (sky130_fd_sc_hd__or3_4)
     2    0.02    0.09    0.45    2.87 v _325_/X (sky130_fd_sc_hd__or3_4)
                                         _005_ (net)
                  0.09    0.00    2.88 v _330_/A1 (sky130_fd_sc_hd__a21o_1)
     2    0.01    0.06    0.20    3.08 v _330_/X (sky130_fd_sc_hd__a21o_1)
                                         _010_ (net)
                  0.06    0.00    3.08 v _331_/B (sky130_fd_sc_hd__and2b_1)
     1    0.01    0.08    0.21    3.29 v _331_/X (sky130_fd_sc_hd__and2b_1)
                                         _011_ (net)
                  0.08    0.00    3.29 v _332_/B (sky130_fd_sc_hd__xnor2_2)
     2    0.01    0.06    0.16    3.44 v _332_/Y (sky130_fd_sc_hd__xnor2_2)
                                         _012_ (net)
                  0.06    0.00    3.44 v _334_/B (sky130_fd_sc_hd__or2_1)
     1    0.01    0.08    0.26    3.71 v _334_/X (sky130_fd_sc_hd__or2_1)
                                         _014_ (net)
                  0.08    0.00    3.71 v _338_/A3 (sky130_fd_sc_hd__a31o_1)
     1    0.01    0.06    0.26    3.97 v _338_/X (sky130_fd_sc_hd__a31o_1)
                                         _018_ (net)
                  0.06    0.00    3.97 v _339_/B2 (sky130_fd_sc_hd__o2bb2a_1)
     1    0.01    0.07    0.31    4.28 v _339_/X (sky130_fd_sc_hd__o2bb2a_1)
                                         net23 (net)
                  0.07    0.00    4.28 v output23/A (sky130_fd_sc_hd__buf_2)
     1    0.03    0.09    0.20    4.48 v output23/X (sky130_fd_sc_hd__buf_2)
                                         out[3] (net)
                  0.09    0.00    4.48 v out[3] (out)
                                  4.48   data arrival time

                  0.00   10.00   10.00   clock __VIRTUAL_CLK__ (rise edge)
                          0.00   10.00   clock network delay (ideal)
                         -0.25    9.75   clock uncertainty
                          0.00    9.75   clock reconvergence pessimism
                         -2.00    7.75   output external delay
                                  7.75   data required time
-----------------------------------------------------------------------------
                                  7.75   data required time
                                 -4.48   data arrival time
-----------------------------------------------------------------------------
                                  3.27   slack (MET)


Startpoint: B[1] (input port clocked by __VIRTUAL_CLK__)
Endpoint: out[2] (output port clocked by __VIRTUAL_CLK__)
Path Group: __VIRTUAL_CLK__
Path Type: max

Fanout     Cap    Slew   Delay    Time   Description
-----------------------------------------------------------------------------
                  0.00    0.00    0.00   clock __VIRTUAL_CLK__ (rise edge)
                          0.00    0.00   clock network delay (ideal)
                          2.00    2.00 v input external delay
     1    0.00    0.01    0.01    2.01 v B[1] (in)
                                         B[1] (net)
                  0.01    0.00    2.01 v input10/A (sky130_fd_sc_hd__buf_6)
     5    0.03    0.04    0.12    2.13 v input10/X (sky130_fd_sc_hd__buf_6)
                                         net10 (net)
                  0.04    0.00    2.13 v _266_/A (sky130_fd_sc_hd__buf_12)
     5    0.04    0.04    0.14    2.27 v _266_/X (sky130_fd_sc_hd__buf_12)
                                         _196_ (net)
                  0.04    0.00    2.27 v _267_/A (sky130_fd_sc_hd__clkbuf_4)
    10    0.03    0.07    0.17    2.45 v _267_/X (sky130_fd_sc_hd__clkbuf_4)
                                         _197_ (net)
                  0.07    0.00    2.45 v _277_/B (sky130_fd_sc_hd__and3_1)
     2    0.01    0.08    0.23    2.67 v _277_/X (sky130_fd_sc_hd__and3_1)
                                         _207_ (net)
                  0.08    0.00    2.67 v _279_/C (sky130_fd_sc_hd__or3_1)
     2    0.01    0.09    0.36    3.03 v _279_/X (sky130_fd_sc_hd__or3_1)
                                         _209_ (net)
                  0.09    0.00    3.03 v _301_/A2 (sky130_fd_sc_hd__a21o_1)
     3    0.01    0.05    0.22    3.25 v _301_/X (sky130_fd_sc_hd__a21o_1)
                                         _230_ (net)
                  0.05    0.00    3.25 v _303_/A2 (sky130_fd_sc_hd__o21a_1)
     1    0.01    0.05    0.19    3.43 v _303_/X (sky130_fd_sc_hd__o21a_1)
                                         _232_ (net)
                  0.05    0.00    3.43 v _308_/A2 (sky130_fd_sc_hd__a211o_1)
     1    0.00    0.04    0.29    3.72 v _308_/X (sky130_fd_sc_hd__a211o_1)
                                         _237_ (net)
                  0.04    0.00    3.72 v _309_/B2 (sky130_fd_sc_hd__o2bb2a_1)
     1    0.01    0.09    0.34    4.06 v _309_/X (sky130_fd_sc_hd__o2bb2a_1)
                                         net22 (net)
                  0.09    0.00    4.06 v output22/A (sky130_fd_sc_hd__buf_2)
     1    0.03    0.09    0.21    4.27 v output22/X (sky130_fd_sc_hd__buf_2)
                                         out[2] (net)
                  0.09    0.00    4.27 v out[2] (out)
                                  4.27   data arrival time

                  0.00   10.00   10.00   clock __VIRTUAL_CLK__ (rise edge)
                          0.00   10.00   clock network delay (ideal)
                         -0.25    9.75   clock uncertainty
                          0.00    9.75   clock reconvergence pessimism
                         -2.00    7.75   output external delay
                                  7.75   data required time
-----------------------------------------------------------------------------
                                  7.75   data required time
                                 -4.27   data arrival time
-----------------------------------------------------------------------------
                                  3.48   slack (MET)


Startpoint: B[1] (input port clocked by __VIRTUAL_CLK__)
Endpoint: out[1] (output port clocked by __VIRTUAL_CLK__)
Path Group: __VIRTUAL_CLK__
Path Type: max

Fanout     Cap    Slew   Delay    Time   Description
-----------------------------------------------------------------------------
                  0.00    0.00    0.00   clock __VIRTUAL_CLK__ (rise edge)
                          0.00    0.00   clock network delay (ideal)
                          2.00    2.00 v input external delay
     1    0.00    0.01    0.01    2.01 v B[1] (in)
                                         B[1] (net)
                  0.01    0.00    2.01 v input10/A (sky130_fd_sc_hd__buf_6)
     5    0.03    0.04    0.12    2.13 v input10/X (sky130_fd_sc_hd__buf_6)
                                         net10 (net)
                  0.04    0.00    2.13 v _266_/A (sky130_fd_sc_hd__buf_12)
     5    0.04    0.04    0.14    2.27 v _266_/X (sky130_fd_sc_hd__buf_12)
                                         _196_ (net)
                  0.04    0.00    2.27 v _267_/A (sky130_fd_sc_hd__clkbuf_4)
    10    0.03    0.07    0.17    2.45 v _267_/X (sky130_fd_sc_hd__clkbuf_4)
                                         _197_ (net)
                  0.07    0.00    2.45 v _277_/B (sky130_fd_sc_hd__and3_1)
     2    0.01    0.08    0.23    2.67 v _277_/X (sky130_fd_sc_hd__and3_1)
                                         _207_ (net)
                  0.08    0.00    2.67 v _279_/C (sky130_fd_sc_hd__or3_1)
     2    0.01    0.09    0.36    3.03 v _279_/X (sky130_fd_sc_hd__or3_1)
                                         _209_ (net)
                  0.09    0.00    3.03 v _280_/B_N (sky130_fd_sc_hd__or2b_1)
     1    0.01    0.11    0.23    3.26 ^ _280_/X (sky130_fd_sc_hd__or2b_1)
                                         _210_ (net)
                  0.11    0.00    3.26 ^ _281_/B (sky130_fd_sc_hd__xnor2_1)
     1    0.00    0.05    0.08    3.34 v _281_/Y (sky130_fd_sc_hd__xnor2_1)
                                         _211_ (net)
                  0.05    0.00    3.34 v _286_/A2 (sky130_fd_sc_hd__a211o_1)
     1    0.00    0.06    0.31    3.66 v _286_/X (sky130_fd_sc_hd__a211o_1)
                                         _216_ (net)
                  0.06    0.00    3.66 v _287_/B2 (sky130_fd_sc_hd__o2bb2a_1)
     1    0.01    0.07    0.32    3.98 v _287_/X (sky130_fd_sc_hd__o2bb2a_1)
                                         net21 (net)
                  0.07    0.00    3.98 v output21/A (sky130_fd_sc_hd__buf_2)
     1    0.03    0.09    0.20    4.18 v output21/X (sky130_fd_sc_hd__buf_2)
                                         out[1] (net)
                  0.09    0.00    4.18 v out[1] (out)
                                  4.18   data arrival time

                  0.00   10.00   10.00   clock __VIRTUAL_CLK__ (rise edge)
                          0.00   10.00   clock network delay (ideal)
                         -0.25    9.75   clock uncertainty
                          0.00    9.75   clock reconvergence pessimism
                         -2.00    7.75   output external delay
                                  7.75   data required time
-----------------------------------------------------------------------------
                                  7.75   data required time
                                 -4.18   data arrival time
-----------------------------------------------------------------------------
                                  3.57   slack (MET)


Startpoint: opcode[1] (input port clocked by __VIRTUAL_CLK__)
Endpoint: out[0] (output port clocked by __VIRTUAL_CLK__)
Path Group: __VIRTUAL_CLK__
Path Type: max

Fanout     Cap    Slew   Delay    Time   Description
-----------------------------------------------------------------------------
                  0.00    0.00    0.00   clock __VIRTUAL_CLK__ (rise edge)
                          0.00    0.00   clock network delay (ideal)
                          2.00    2.00 v input external delay
     1    0.00    0.01    0.01    2.01 v opcode[1] (in)
                                         opcode[1] (net)
                  0.01    0.00    2.01 v input18/A (sky130_fd_sc_hd__clkbuf_4)
     5    0.03    0.07    0.17    2.17 v input18/X (sky130_fd_sc_hd__clkbuf_4)
                                         net18 (net)
                  0.07    0.00    2.17 v _249_/B (sky130_fd_sc_hd__or2_2)
     5    0.02    0.09    0.35    2.52 v _249_/X (sky130_fd_sc_hd__or2_2)
                                         _180_ (net)
                  0.09    0.00    2.52 v _258_/B (sky130_fd_sc_hd__nor2_4)
     8    0.03    0.22    0.22    2.73 ^ _258_/Y (sky130_fd_sc_hd__nor2_4)
                                         _189_ (net)
                  0.22    0.00    2.74 ^ _260_/A1 (sky130_fd_sc_hd__o211a_1)
     1    0.01    0.07    0.22    2.95 ^ _260_/X (sky130_fd_sc_hd__o211a_1)
                                         _191_ (net)
                  0.07    0.00    2.95 ^ _261_/B1 (sky130_fd_sc_hd__a31o_1)
     1    0.00    0.06    0.11    3.06 ^ _261_/X (sky130_fd_sc_hd__a31o_1)
                                         _192_ (net)
                  0.06    0.00    3.06 ^ _262_/B2 (sky130_fd_sc_hd__a2bb2o_1)
     1    0.01    0.09    0.16    3.23 ^ _262_/X (sky130_fd_sc_hd__a2bb2o_1)
                                         net20 (net)
                  0.09    0.00    3.23 ^ output20/A (sky130_fd_sc_hd__buf_2)
     1    0.04    0.18    0.23    3.46 ^ output20/X (sky130_fd_sc_hd__buf_2)
                                         out[0] (net)
                  0.18    0.00    3.46 ^ out[0] (out)
                                  3.46   data arrival time

                  0.00   10.00   10.00   clock __VIRTUAL_CLK__ (rise edge)
                          0.00   10.00   clock network delay (ideal)
                         -0.25    9.75   clock uncertainty
                          0.00    9.75   clock reconvergence pessimism
                         -2.00    7.75   output external delay
                                  7.75   data required time
-----------------------------------------------------------------------------
                                  7.75   data required time
                                 -3.46   data arrival time
-----------------------------------------------------------------------------
                                  4.29   slack (MET)



worst slack corner Typical: 2.4720
