
===========================================================================
report_checks -path_delay max (Setup)
============================================================================
======================= Typical Corner ===================================

Startpoint: B[1] (input port clocked by __VIRTUAL_CLK__)
Endpoint: out[7] (output port clocked by __VIRTUAL_CLK__)
Path Group: __VIRTUAL_CLK__
Path Type: max

Fanout     Cap    Slew   Delay    Time   Description
-----------------------------------------------------------------------------
                  0.00    0.00    0.00   clock __VIRTUAL_CLK__ (rise edge)
                          0.00    0.00   clock network delay (ideal)
                          2.00    2.00 v input external delay
     1    0.00    0.01    0.01    2.01 v B[1] (in)
                                         B[1] (net)
                  0.01    0.00    2.01 v input10/A (sky130_fd_sc_hd__buf_6)
     5    0.03    0.04    0.12    2.13 v input10/X (sky130_fd_sc_hd__buf_6)
                                         net10 (net)
                  0.04    0.00    2.13 v _266_/A (sky130_fd_sc_hd__buf_12)
     5    0.04    0.04    0.14    2.27 v _266_/X (sky130_fd_sc_hd__buf_12)
                                         _196_ (net)
                  0.04    0.00    2.27 v _383_/A1 (sky130_fd_sc_hd__a22o_4)
     3    0.01    0.05    0.25    2.53 v _383_/X (sky130_fd_sc_hd__a22o_4)
                                         _061_ (net)
                  0.05    0.00    2.53 v _385_/A2 (sky130_fd_sc_hd__a21o_1)
     2    0.01    0.05    0.20    2.72 v _385_/X (sky130_fd_sc_hd__a21o_1)
                                         _063_ (net)
                  0.05    0.00    2.72 v rebuffer10/A (sky130_fd_sc_hd__buf_2)
     1    0.01    0.04    0.14    2.86 v rebuffer10/X (sky130_fd_sc_hd__buf_2)
                                         net38 (net)
                  0.04    0.00    2.86 v _388_/A (sky130_fd_sc_hd__nand3_4)
     3    0.02    0.09    0.08    2.94 ^ _388_/Y (sky130_fd_sc_hd__nand3_4)
                                         _066_ (net)
                  0.09    0.00    2.94 ^ _395_/A2 (sky130_fd_sc_hd__a21o_1)
     2    0.00    0.06    0.14    3.08 ^ _395_/X (sky130_fd_sc_hd__a21o_1)
                                         _073_ (net)
                  0.06    0.00    3.08 ^ rebuffer1/A (sky130_fd_sc_hd__clkbuf_2)
     2    0.01    0.05    0.11    3.19 ^ rebuffer1/X (sky130_fd_sc_hd__clkbuf_2)
                                         net29 (net)
                  0.05    0.00    3.19 ^ _399_/A1 (sky130_fd_sc_hd__a21oi_2)
     2    0.01    0.06    0.07    3.26 v _399_/Y (sky130_fd_sc_hd__a21oi_2)
                                         _077_ (net)
                  0.06    0.00    3.26 v _401_/B (sky130_fd_sc_hd__or3_4)
     3    0.01    0.07    0.40    3.66 v _401_/X (sky130_fd_sc_hd__or3_4)
                                         _079_ (net)
                  0.07    0.00    3.66 v _465_/A1 (sky130_fd_sc_hd__a211o_4)
     2    0.02    0.07    0.37    4.03 v _465_/X (sky130_fd_sc_hd__a211o_4)
                                         _141_ (net)
                  0.07    0.00    4.03 v _494_/C (sky130_fd_sc_hd__or3_4)
     2    0.00    0.06    0.34    4.37 v _494_/X (sky130_fd_sc_hd__or3_4)
                                         _170_ (net)
                  0.06    0.00    4.37 v _496_/A (sky130_fd_sc_hd__and3_1)
     1    0.01    0.05    0.17    4.54 v _496_/X (sky130_fd_sc_hd__and3_1)
                                         _172_ (net)
                  0.05    0.00    4.54 v _498_/A1 (sky130_fd_sc_hd__o21a_1)
     1    0.01    0.07    0.23    4.77 v _498_/X (sky130_fd_sc_hd__o21a_1)
                                         _174_ (net)
                  0.07    0.00    4.77 v _503_/A3 (sky130_fd_sc_hd__o32a_4)
     1    0.01    0.06    0.33    5.10 v _503_/X (sky130_fd_sc_hd__o32a_4)
                                         net27 (net)
                  0.06    0.00    5.10 v output27/A (sky130_fd_sc_hd__buf_8)
     1    0.03    0.04    0.15    5.25 v output27/X (sky130_fd_sc_hd__buf_8)
                                         out[7] (net)
                  0.04    0.00    5.25 v out[7] (out)
                                  5.25   data arrival time

                  0.00   10.00   10.00   clock __VIRTUAL_CLK__ (rise edge)
                          0.00   10.00   clock network delay (ideal)
                         -0.25    9.75   clock uncertainty
                          0.00    9.75   clock reconvergence pessimism
                         -2.00    7.75   output external delay
                                  7.75   data required time
-----------------------------------------------------------------------------
                                  7.75   data required time
                                 -5.25   data arrival time
-----------------------------------------------------------------------------
                                  2.50   slack (MET)


Startpoint: A[4] (input port clocked by __VIRTUAL_CLK__)
Endpoint: out[6] (output port clocked by __VIRTUAL_CLK__)
Path Group: __VIRTUAL_CLK__
Path Type: max

Fanout     Cap    Slew   Delay    Time   Description
-----------------------------------------------------------------------------
                  0.00    0.00    0.00   clock __VIRTUAL_CLK__ (rise edge)
                          0.00    0.00   clock network delay (ideal)
                          2.00    2.00 v input external delay
     1    0.00    0.01    0.00    2.00 v A[4] (in)
                                         A[4] (net)
                  0.01    0.00    2.00 v input5/A (sky130_fd_sc_hd__buf_4)
     4    0.02    0.05    0.14    2.15 v input5/X (sky130_fd_sc_hd__buf_4)
                                         net5 (net)
                  0.05    0.00    2.15 v _347_/D (sky130_fd_sc_hd__and4_1)
     3    0.01    0.07    0.24    2.39 v _347_/X (sky130_fd_sc_hd__and4_1)
                                         _026_ (net)
                  0.07    0.00    2.39 v _349_/C (sky130_fd_sc_hd__or3_4)
     2    0.01    0.07    0.36    2.75 v _349_/X (sky130_fd_sc_hd__or3_4)
                                         _028_ (net)
                  0.07    0.00    2.75 v _353_/A1 (sky130_fd_sc_hd__a21o_1)
     2    0.00    0.04    0.18    2.93 v _353_/X (sky130_fd_sc_hd__a21o_1)
                                         _032_ (net)
                  0.04    0.00    2.93 v _397_/A2 (sky130_fd_sc_hd__a21o_1)
     3    0.01    0.06    0.21    3.14 v _397_/X (sky130_fd_sc_hd__a21o_1)
                                         _075_ (net)
                  0.06    0.00    3.14 v rebuffer8/A (sky130_fd_sc_hd__buf_6)
     1    0.01    0.02    0.13    3.27 v rebuffer8/X (sky130_fd_sc_hd__buf_6)
                                         net36 (net)
                  0.02    0.00    3.27 v _399_/B1 (sky130_fd_sc_hd__a21oi_2)
     2    0.01    0.18    0.17    3.44 ^ _399_/Y (sky130_fd_sc_hd__a21oi_2)
                                         _077_ (net)
                  0.18    0.00    3.44 ^ _401_/B (sky130_fd_sc_hd__or3_4)
     3    0.01    0.04    0.17    3.61 ^ _401_/X (sky130_fd_sc_hd__or3_4)
                                         _079_ (net)
                  0.04    0.00    3.61 ^ rebuffer5/A (sky130_fd_sc_hd__clkbuf_2)
     2    0.01    0.08    0.13    3.75 ^ rebuffer5/X (sky130_fd_sc_hd__clkbuf_2)
                                         net33 (net)
                  0.08    0.00    3.75 ^ _436_/A2 (sky130_fd_sc_hd__a211oi_4)
     2    0.01    0.07    0.08    3.82 v _436_/Y (sky130_fd_sc_hd__a211oi_4)
                                         _113_ (net)
                  0.07    0.00    3.82 v rebuffer6/A (sky130_fd_sc_hd__clkbuf_1)
     1    0.00    0.04    0.11    3.94 v rebuffer6/X (sky130_fd_sc_hd__clkbuf_1)
                                         net34 (net)
                  0.04    0.00    3.94 v _439_/A (sky130_fd_sc_hd__or2_1)
     1    0.00    0.05    0.22    4.16 v _439_/X (sky130_fd_sc_hd__or2_1)
                                         _116_ (net)
                  0.05    0.00    4.16 v _440_/A2 (sky130_fd_sc_hd__a21bo_1)
     1    0.00    0.04    0.20    4.36 v _440_/X (sky130_fd_sc_hd__a21bo_1)
                                         _117_ (net)
                  0.04    0.00    4.36 v _441_/B (sky130_fd_sc_hd__or2_1)
     1    0.01    0.06    0.23    4.59 v _441_/X (sky130_fd_sc_hd__or2_1)
                                         _118_ (net)
                  0.06    0.00    4.59 v _453_/B1 (sky130_fd_sc_hd__a22oi_2)
     1    0.00    0.13    0.13    4.72 ^ _453_/Y (sky130_fd_sc_hd__a22oi_2)
                                         net26 (net)
                  0.13    0.00    4.72 ^ output26/A (sky130_fd_sc_hd__buf_2)
     1    0.03    0.17    0.24    4.96 ^ output26/X (sky130_fd_sc_hd__buf_2)
                                         out[6] (net)
                  0.17    0.00    4.96 ^ out[6] (out)
                                  4.96   data arrival time

                  0.00   10.00   10.00   clock __VIRTUAL_CLK__ (rise edge)
                          0.00   10.00   clock network delay (ideal)
                         -0.25    9.75   clock uncertainty
                          0.00    9.75   clock reconvergence pessimism
                         -2.00    7.75   output external delay
                                  7.75   data required time
-----------------------------------------------------------------------------
                                  7.75   data required time
                                 -4.96   data arrival time
-----------------------------------------------------------------------------
                                  2.79   slack (MET)


Startpoint: B[1] (input port clocked by __VIRTUAL_CLK__)
Endpoint: out[5] (output port clocked by __VIRTUAL_CLK__)
Path Group: __VIRTUAL_CLK__
Path Type: max

Fanout     Cap    Slew   Delay    Time   Description
-----------------------------------------------------------------------------
                  0.00    0.00    0.00   clock __VIRTUAL_CLK__ (rise edge)
                          0.00    0.00   clock network delay (ideal)
                          2.00    2.00 v input external delay
     1    0.00    0.01    0.01    2.01 v B[1] (in)
                                         B[1] (net)
                  0.01    0.00    2.01 v input10/A (sky130_fd_sc_hd__buf_6)
     5    0.03    0.04    0.12    2.13 v input10/X (sky130_fd_sc_hd__buf_6)
                                         net10 (net)
                  0.04    0.00    2.13 v _266_/A (sky130_fd_sc_hd__buf_12)
     5    0.04    0.04    0.14    2.27 v _266_/X (sky130_fd_sc_hd__buf_12)
                                         _196_ (net)
                  0.04    0.00    2.27 v _383_/A1 (sky130_fd_sc_hd__a22o_4)
     3    0.01    0.05    0.25    2.53 v _383_/X (sky130_fd_sc_hd__a22o_4)
                                         _061_ (net)
                  0.05    0.00    2.53 v _385_/A2 (sky130_fd_sc_hd__a21o_1)
     2    0.01    0.05    0.20    2.72 v _385_/X (sky130_fd_sc_hd__a21o_1)
                                         _063_ (net)
                  0.05    0.00    2.72 v rebuffer10/A (sky130_fd_sc_hd__buf_2)
     1    0.01    0.04    0.14    2.86 v rebuffer10/X (sky130_fd_sc_hd__buf_2)
                                         net38 (net)
                  0.04    0.00    2.86 v _388_/A (sky130_fd_sc_hd__nand3_4)
     3    0.02    0.09    0.08    2.94 ^ _388_/Y (sky130_fd_sc_hd__nand3_4)
                                         _066_ (net)
                  0.09    0.00    2.94 ^ _395_/A2 (sky130_fd_sc_hd__a21o_1)
     2    0.00    0.06    0.14    3.08 ^ _395_/X (sky130_fd_sc_hd__a21o_1)
                                         _073_ (net)
                  0.06    0.00    3.08 ^ rebuffer1/A (sky130_fd_sc_hd__clkbuf_2)
     2    0.01    0.05    0.11    3.19 ^ rebuffer1/X (sky130_fd_sc_hd__clkbuf_2)
                                         net29 (net)
                  0.05    0.00    3.19 ^ _399_/A1 (sky130_fd_sc_hd__a21oi_2)
     2    0.01    0.06    0.07    3.26 v _399_/Y (sky130_fd_sc_hd__a21oi_2)
                                         _077_ (net)
                  0.06    0.00    3.26 v _401_/B (sky130_fd_sc_hd__or3_4)
     3    0.01    0.07    0.40    3.66 v _401_/X (sky130_fd_sc_hd__or3_4)
                                         _079_ (net)
                  0.07    0.00    3.66 v rebuffer5/A (sky130_fd_sc_hd__clkbuf_2)
     2    0.01    0.05    0.14    3.80 v rebuffer5/X (sky130_fd_sc_hd__clkbuf_2)
                                         net33 (net)
                  0.05    0.00    3.80 v _402_/B (sky130_fd_sc_hd__nand2_1)
     3    0.01    0.14    0.14    3.94 ^ _402_/Y (sky130_fd_sc_hd__nand2_1)
                                         _080_ (net)
                  0.14    0.00    3.94 ^ _404_/C (sky130_fd_sc_hd__nand3_1)
     1    0.00    0.06    0.09    4.03 v _404_/Y (sky130_fd_sc_hd__nand3_1)
                                         _082_ (net)
                  0.06    0.00    4.03 v _408_/A3 (sky130_fd_sc_hd__a31o_1)
     1    0.01    0.05    0.24    4.28 v _408_/X (sky130_fd_sc_hd__a31o_1)
                                         _086_ (net)
                  0.05    0.00    4.28 v _409_/B1 (sky130_fd_sc_hd__a21oi_1)
     1    0.00    0.10    0.11    4.39 ^ _409_/Y (sky130_fd_sc_hd__a21oi_1)
                                         _087_ (net)
                  0.10    0.00    4.39 ^ _410_/B1 (sky130_fd_sc_hd__a21oi_1)
     1    0.00    0.05    0.05    4.44 v _410_/Y (sky130_fd_sc_hd__a21oi_1)
                                         net25 (net)
                  0.05    0.00    4.44 v output25/A (sky130_fd_sc_hd__buf_2)
     1    0.03    0.09    0.19    4.63 v output25/X (sky130_fd_sc_hd__buf_2)
                                         out[5] (net)
                  0.09    0.00    4.63 v out[5] (out)
                                  4.63   data arrival time

                  0.00   10.00   10.00   clock __VIRTUAL_CLK__ (rise edge)
                          0.00   10.00   clock network delay (ideal)
                         -0.25    9.75   clock uncertainty
                          0.00    9.75   clock reconvergence pessimism
                         -2.00    7.75   output external delay
                                  7.75   data required time
-----------------------------------------------------------------------------
                                  7.75   data required time
                                 -4.63   data arrival time
-----------------------------------------------------------------------------
                                  3.12   slack (MET)


Startpoint: B[2] (input port clocked by __VIRTUAL_CLK__)
Endpoint: out[4] (output port clocked by __VIRTUAL_CLK__)
Path Group: __VIRTUAL_CLK__
Path Type: max

Fanout     Cap    Slew   Delay    Time   Description
-----------------------------------------------------------------------------
                  0.00    0.00    0.00   clock __VIRTUAL_CLK__ (rise edge)
                          0.00    0.00   clock network delay (ideal)
                          2.00    2.00 ^ input external delay
     1    0.00    0.03    0.02    2.02 ^ B[2] (in)
                                         B[2] (net)
                  0.03    0.00    2.02 ^ input11/A (sky130_fd_sc_hd__buf_2)
     5    0.03    0.13    0.17    2.19 ^ input11/X (sky130_fd_sc_hd__buf_2)
                                         net11 (net)
                  0.13    0.00    2.19 ^ _289_/A (sky130_fd_sc_hd__buf_8)
    10    0.04    0.08    0.16    2.35 ^ _289_/X (sky130_fd_sc_hd__buf_8)
                                         _218_ (net)
                  0.08    0.00    2.35 ^ _322_/B (sky130_fd_sc_hd__nand2_2)
     3    0.02    0.09    0.11    2.46 v _322_/Y (sky130_fd_sc_hd__nand2_2)
                                         _002_ (net)
                  0.09    0.00    2.46 v _325_/A (sky130_fd_sc_hd__or3_4)
     2    0.01    0.07    0.42    2.88 v _325_/X (sky130_fd_sc_hd__or3_4)
                                         _005_ (net)
                  0.07    0.00    2.88 v _330_/A1 (sky130_fd_sc_hd__a21o_1)
     2    0.01    0.06    0.19    3.07 v _330_/X (sky130_fd_sc_hd__a21o_1)
                                         _010_ (net)
                  0.06    0.00    3.07 v _341_/A3 (sky130_fd_sc_hd__a31o_1)
     2    0.02    0.11    0.30    3.37 v _341_/X (sky130_fd_sc_hd__a31o_1)
                                         _020_ (net)
                  0.11    0.00    3.37 v _357_/A (sky130_fd_sc_hd__or2_1)
     2    0.02    0.12    0.34    3.71 v _357_/X (sky130_fd_sc_hd__or2_1)
                                         _036_ (net)
                  0.12    0.00    3.71 v _358_/A2 (sky130_fd_sc_hd__a21bo_1)
     1    0.01    0.05    0.24    3.95 v _358_/X (sky130_fd_sc_hd__a21bo_1)
                                         _037_ (net)
                  0.05    0.00    3.95 v _360_/B (sky130_fd_sc_hd__and3_1)
     1    0.01    0.05    0.18    4.14 v _360_/X (sky130_fd_sc_hd__and3_1)
                                         _039_ (net)
                  0.05    0.00    4.14 v _373_/B1 (sky130_fd_sc_hd__o2bb2a_1)
     1    0.00    0.05    0.30    4.44 v _373_/X (sky130_fd_sc_hd__o2bb2a_1)
                                         net24 (net)
                  0.05    0.00    4.44 v output24/A (sky130_fd_sc_hd__buf_2)
     1    0.03    0.09    0.19    4.63 v output24/X (sky130_fd_sc_hd__buf_2)
                                         out[4] (net)
                  0.09    0.00    4.63 v out[4] (out)
                                  4.63   data arrival time

                  0.00   10.00   10.00   clock __VIRTUAL_CLK__ (rise edge)
                          0.00   10.00   clock network delay (ideal)
                         -0.25    9.75   clock uncertainty
                          0.00    9.75   clock reconvergence pessimism
                         -2.00    7.75   output external delay
                                  7.75   data required time
-----------------------------------------------------------------------------
                                  7.75   data required time
                                 -4.63   data arrival time
-----------------------------------------------------------------------------
                                  3.12   slack (MET)


Startpoint: B[2] (input port clocked by __VIRTUAL_CLK__)
Endpoint: out[3] (output port clocked by __VIRTUAL_CLK__)
Path Group: __VIRTUAL_CLK__
Path Type: max

Fanout     Cap    Slew   Delay    Time   Description
-----------------------------------------------------------------------------
                  0.00    0.00    0.00   clock __VIRTUAL_CLK__ (rise edge)
                          0.00    0.00   clock network delay (ideal)
                          2.00    2.00 ^ input external delay
     1    0.00    0.03    0.02    2.02 ^ B[2] (in)
                                         B[2] (net)
                  0.03    0.00    2.02 ^ input11/A (sky130_fd_sc_hd__buf_2)
     5    0.03    0.13    0.17    2.19 ^ input11/X (sky130_fd_sc_hd__buf_2)
                                         net11 (net)
                  0.13    0.00    2.19 ^ _289_/A (sky130_fd_sc_hd__buf_8)
    10    0.04    0.08    0.16    2.35 ^ _289_/X (sky130_fd_sc_hd__buf_8)
                                         _218_ (net)
                  0.08    0.00    2.35 ^ _322_/B (sky130_fd_sc_hd__nand2_2)
     3    0.02    0.09    0.11    2.46 v _322_/Y (sky130_fd_sc_hd__nand2_2)
                                         _002_ (net)
                  0.09    0.00    2.46 v _325_/A (sky130_fd_sc_hd__or3_4)
     2    0.01    0.07    0.42    2.88 v _325_/X (sky130_fd_sc_hd__or3_4)
                                         _005_ (net)
                  0.07    0.00    2.88 v _329_/A (sky130_fd_sc_hd__and3_1)
     2    0.01    0.07    0.20    3.07 v _329_/X (sky130_fd_sc_hd__and3_1)
                                         _009_ (net)
                  0.07    0.00    3.07 v _331_/A_N (sky130_fd_sc_hd__and2b_1)
     1    0.01    0.14    0.28    3.35 ^ _331_/X (sky130_fd_sc_hd__and2b_1)
                                         _011_ (net)
                  0.14    0.00    3.35 ^ _332_/B (sky130_fd_sc_hd__xnor2_2)
     2    0.01    0.05    0.08    3.44 v _332_/Y (sky130_fd_sc_hd__xnor2_2)
                                         _012_ (net)
                  0.05    0.00    3.44 v _334_/B (sky130_fd_sc_hd__or2_1)
     1    0.01    0.08    0.26    3.70 v _334_/X (sky130_fd_sc_hd__or2_1)
                                         _014_ (net)
                  0.08    0.00    3.70 v _338_/A3 (sky130_fd_sc_hd__a31o_1)
     1    0.00    0.04    0.25    3.94 v _338_/X (sky130_fd_sc_hd__a31o_1)
                                         _018_ (net)
                  0.04    0.00    3.94 v _339_/B2 (sky130_fd_sc_hd__o2bb2a_1)
     1    0.00    0.05    0.27    4.22 v _339_/X (sky130_fd_sc_hd__o2bb2a_1)
                                         net23 (net)
                  0.05    0.00    4.22 v output23/A (sky130_fd_sc_hd__buf_2)
     1    0.03    0.09    0.19    4.41 v output23/X (sky130_fd_sc_hd__buf_2)
                                         out[3] (net)
                  0.09    0.00    4.41 v out[3] (out)
                                  4.41   data arrival time

                  0.00   10.00   10.00   clock __VIRTUAL_CLK__ (rise edge)
                          0.00   10.00   clock network delay (ideal)
                         -0.25    9.75   clock uncertainty
                          0.00    9.75   clock reconvergence pessimism
                         -2.00    7.75   output external delay
                                  7.75   data required time
-----------------------------------------------------------------------------
                                  7.75   data required time
                                 -4.41   data arrival time
-----------------------------------------------------------------------------
                                  3.34   slack (MET)


Startpoint: B[1] (input port clocked by __VIRTUAL_CLK__)
Endpoint: out[2] (output port clocked by __VIRTUAL_CLK__)
Path Group: __VIRTUAL_CLK__
Path Type: max

Fanout     Cap    Slew   Delay    Time   Description
-----------------------------------------------------------------------------
                  0.00    0.00    0.00   clock __VIRTUAL_CLK__ (rise edge)
                          0.00    0.00   clock network delay (ideal)
                          2.00    2.00 v input external delay
     1    0.00    0.01    0.01    2.01 v B[1] (in)
                                         B[1] (net)
                  0.01    0.00    2.01 v input10/A (sky130_fd_sc_hd__buf_6)
     5    0.03    0.04    0.12    2.13 v input10/X (sky130_fd_sc_hd__buf_6)
                                         net10 (net)
                  0.04    0.00    2.13 v _266_/A (sky130_fd_sc_hd__buf_12)
     5    0.04    0.04    0.14    2.27 v _266_/X (sky130_fd_sc_hd__buf_12)
                                         _196_ (net)
                  0.04    0.00    2.27 v _267_/A (sky130_fd_sc_hd__clkbuf_4)
    10    0.03    0.07    0.17    2.45 v _267_/X (sky130_fd_sc_hd__clkbuf_4)
                                         _197_ (net)
                  0.07    0.00    2.45 v _277_/B (sky130_fd_sc_hd__and3_4)
     2    0.01    0.04    0.19    2.64 v _277_/X (sky130_fd_sc_hd__and3_4)
                                         _207_ (net)
                  0.04    0.00    2.64 v _279_/C (sky130_fd_sc_hd__or3_4)
     2    0.01    0.07    0.34    2.98 v _279_/X (sky130_fd_sc_hd__or3_4)
                                         _209_ (net)
                  0.07    0.00    2.98 v _301_/A2 (sky130_fd_sc_hd__a21o_1)
     3    0.01    0.05    0.21    3.19 v _301_/X (sky130_fd_sc_hd__a21o_1)
                                         _230_ (net)
                  0.05    0.00    3.19 v _303_/A2 (sky130_fd_sc_hd__o21a_1)
     1    0.01    0.05    0.19    3.38 v _303_/X (sky130_fd_sc_hd__o21a_1)
                                         _232_ (net)
                  0.05    0.00    3.38 v _308_/A2 (sky130_fd_sc_hd__a211o_1)
     1    0.00    0.04    0.29    3.67 v _308_/X (sky130_fd_sc_hd__a211o_1)
                                         _237_ (net)
                  0.04    0.00    3.67 v _309_/B2 (sky130_fd_sc_hd__o2bb2a_1)
     1    0.01    0.08    0.33    4.00 v _309_/X (sky130_fd_sc_hd__o2bb2a_1)
                                         net22 (net)
                  0.08    0.00    4.00 v output22/A (sky130_fd_sc_hd__buf_2)
     1    0.03    0.09    0.21    4.20 v output22/X (sky130_fd_sc_hd__buf_2)
                                         out[2] (net)
                  0.09    0.00    4.20 v out[2] (out)
                                  4.20   data arrival time

                  0.00   10.00   10.00   clock __VIRTUAL_CLK__ (rise edge)
                          0.00   10.00   clock network delay (ideal)
                         -0.25    9.75   clock uncertainty
                          0.00    9.75   clock reconvergence pessimism
                         -2.00    7.75   output external delay
                                  7.75   data required time
-----------------------------------------------------------------------------
                                  7.75   data required time
                                 -4.20   data arrival time
-----------------------------------------------------------------------------
                                  3.55   slack (MET)


Startpoint: B[1] (input port clocked by __VIRTUAL_CLK__)
Endpoint: out[1] (output port clocked by __VIRTUAL_CLK__)
Path Group: __VIRTUAL_CLK__
Path Type: max

Fanout     Cap    Slew   Delay    Time   Description
-----------------------------------------------------------------------------
                  0.00    0.00    0.00   clock __VIRTUAL_CLK__ (rise edge)
                          0.00    0.00   clock network delay (ideal)
                          2.00    2.00 v input external delay
     1    0.00    0.01    0.01    2.01 v B[1] (in)
                                         B[1] (net)
                  0.01    0.00    2.01 v input10/A (sky130_fd_sc_hd__buf_6)
     5    0.03    0.04    0.12    2.13 v input10/X (sky130_fd_sc_hd__buf_6)
                                         net10 (net)
                  0.04    0.00    2.13 v _266_/A (sky130_fd_sc_hd__buf_12)
     5    0.04    0.04    0.14    2.27 v _266_/X (sky130_fd_sc_hd__buf_12)
                                         _196_ (net)
                  0.04    0.00    2.27 v _267_/A (sky130_fd_sc_hd__clkbuf_4)
    10    0.03    0.07    0.17    2.45 v _267_/X (sky130_fd_sc_hd__clkbuf_4)
                                         _197_ (net)
                  0.07    0.00    2.45 v _277_/B (sky130_fd_sc_hd__and3_4)
     2    0.01    0.04    0.19    2.64 v _277_/X (sky130_fd_sc_hd__and3_4)
                                         _207_ (net)
                  0.04    0.00    2.64 v _279_/C (sky130_fd_sc_hd__or3_4)
     2    0.01    0.07    0.34    2.98 v _279_/X (sky130_fd_sc_hd__or3_4)
                                         _209_ (net)
                  0.07    0.00    2.98 v _280_/B_N (sky130_fd_sc_hd__or2b_1)
     1    0.01    0.11    0.22    3.20 ^ _280_/X (sky130_fd_sc_hd__or2b_1)
                                         _210_ (net)
                  0.11    0.00    3.20 ^ _281_/B (sky130_fd_sc_hd__xnor2_1)
     1    0.00    0.05    0.08    3.29 v _281_/Y (sky130_fd_sc_hd__xnor2_1)
                                         _211_ (net)
                  0.05    0.00    3.29 v _286_/A2 (sky130_fd_sc_hd__a211o_1)
     1    0.00    0.06    0.31    3.60 v _286_/X (sky130_fd_sc_hd__a211o_1)
                                         _216_ (net)
                  0.06    0.00    3.60 v _287_/B2 (sky130_fd_sc_hd__o2bb2a_1)
     1    0.01    0.07    0.32    3.92 v _287_/X (sky130_fd_sc_hd__o2bb2a_1)
                                         net21 (net)
                  0.07    0.00    3.92 v output21/A (sky130_fd_sc_hd__buf_2)
     1    0.03    0.09    0.20    4.12 v output21/X (sky130_fd_sc_hd__buf_2)
                                         out[1] (net)
                  0.09    0.00    4.12 v out[1] (out)
                                  4.12   data arrival time

                  0.00   10.00   10.00   clock __VIRTUAL_CLK__ (rise edge)
                          0.00   10.00   clock network delay (ideal)
                         -0.25    9.75   clock uncertainty
                          0.00    9.75   clock reconvergence pessimism
                         -2.00    7.75   output external delay
                                  7.75   data required time
-----------------------------------------------------------------------------
                                  7.75   data required time
                                 -4.12   data arrival time
-----------------------------------------------------------------------------
                                  3.63   slack (MET)


Startpoint: opcode[1] (input port clocked by __VIRTUAL_CLK__)
Endpoint: out[0] (output port clocked by __VIRTUAL_CLK__)
Path Group: __VIRTUAL_CLK__
Path Type: max

Fanout     Cap    Slew   Delay    Time   Description
-----------------------------------------------------------------------------
                  0.00    0.00    0.00   clock __VIRTUAL_CLK__ (rise edge)
                          0.00    0.00   clock network delay (ideal)
                          2.00    2.00 v input external delay
     1    0.00    0.01    0.01    2.01 v opcode[1] (in)
                                         opcode[1] (net)
                  0.01    0.00    2.01 v input18/A (sky130_fd_sc_hd__clkbuf_4)
     5    0.04    0.08    0.18    2.18 v input18/X (sky130_fd_sc_hd__clkbuf_4)
                                         net18 (net)
                  0.08    0.00    2.18 v _249_/B (sky130_fd_sc_hd__or2_2)
     5    0.03    0.13    0.40    2.58 v _249_/X (sky130_fd_sc_hd__or2_2)
                                         _180_ (net)
                  0.13    0.00    2.58 v _258_/B (sky130_fd_sc_hd__nor2_4)
     8    0.03    0.22    0.23    2.81 ^ _258_/Y (sky130_fd_sc_hd__nor2_4)
                                         _189_ (net)
                  0.22    0.00    2.82 ^ _260_/A1 (sky130_fd_sc_hd__o211a_1)
     1    0.01    0.07    0.22    3.03 ^ _260_/X (sky130_fd_sc_hd__o211a_1)
                                         _191_ (net)
                  0.07    0.00    3.03 ^ _261_/B1 (sky130_fd_sc_hd__a31o_1)
     1    0.00    0.06    0.11    3.14 ^ _261_/X (sky130_fd_sc_hd__a31o_1)
                                         _192_ (net)
                  0.06    0.00    3.14 ^ _262_/B2 (sky130_fd_sc_hd__a2bb2o_1)
     1    0.01    0.09    0.16    3.31 ^ _262_/X (sky130_fd_sc_hd__a2bb2o_1)
                                         net20 (net)
                  0.09    0.00    3.31 ^ output20/A (sky130_fd_sc_hd__buf_2)
     1    0.04    0.18    0.23    3.54 ^ output20/X (sky130_fd_sc_hd__buf_2)
                                         out[0] (net)
                  0.18    0.00    3.54 ^ out[0] (out)
                                  3.54   data arrival time

                  0.00   10.00   10.00   clock __VIRTUAL_CLK__ (rise edge)
                          0.00   10.00   clock network delay (ideal)
                         -0.25    9.75   clock uncertainty
                          0.00    9.75   clock reconvergence pessimism
                         -2.00    7.75   output external delay
                                  7.75   data required time
-----------------------------------------------------------------------------
                                  7.75   data required time
                                 -3.54   data arrival time
-----------------------------------------------------------------------------
                                  4.21   slack (MET)



worst slack corner Typical: 2.5021
