
===========================================================================
report_checks -path_delay max (Setup)
============================================================================
======================= Typical Corner ===================================

Startpoint: B[1] (input port clocked by __VIRTUAL_CLK__)
Endpoint: out[7] (output port clocked by __VIRTUAL_CLK__)
Path Group: __VIRTUAL_CLK__
Path Type: max

Fanout     Cap    Slew   Delay    Time   Description
-----------------------------------------------------------------------------
                  0.00    0.00    0.00   clock __VIRTUAL_CLK__ (rise edge)
                          0.00    0.00   clock network delay (ideal)
                          2.00    2.00 v input external delay
     1    0.00    0.01    0.01    2.01 v B[1] (in)
                                         B[1] (net)
                  0.01    0.00    2.01 v input10/A (sky130_fd_sc_hd__buf_6)
     5    0.03    0.04    0.12    2.13 v input10/X (sky130_fd_sc_hd__buf_6)
                                         net10 (net)
                  0.04    0.00    2.13 v _266_/A (sky130_fd_sc_hd__buf_12)
     5    0.03    0.03    0.13    2.26 v _266_/X (sky130_fd_sc_hd__buf_12)
                                         _196_ (net)
                  0.03    0.00    2.26 v _383_/A1 (sky130_fd_sc_hd__a22o_4)
     3    0.01    0.05    0.25    2.52 v _383_/X (sky130_fd_sc_hd__a22o_4)
                                         _061_ (net)
                  0.05    0.00    2.52 v _385_/A2 (sky130_fd_sc_hd__a21o_1)
     2    0.01    0.05    0.20    2.71 v _385_/X (sky130_fd_sc_hd__a21o_1)
                                         _063_ (net)
                  0.05    0.00    2.71 v _389_/A1 (sky130_fd_sc_hd__a21o_4)
     3    0.01    0.05    0.22    2.93 v _389_/X (sky130_fd_sc_hd__a21o_4)
                                         _067_ (net)
                  0.05    0.00    2.93 v _395_/A1 (sky130_fd_sc_hd__a21o_1)
     2    0.00    0.04    0.17    3.10 v _395_/X (sky130_fd_sc_hd__a21o_1)
                                         _073_ (net)
                  0.04    0.00    3.10 v _398_/C (sky130_fd_sc_hd__and3_4)
     2    0.00    0.03    0.18    3.28 v _398_/X (sky130_fd_sc_hd__and3_4)
                                         _076_ (net)
                  0.03    0.00    3.28 v _401_/C (sky130_fd_sc_hd__or3_4)
     3    0.01    0.07    0.35    3.63 v _401_/X (sky130_fd_sc_hd__or3_4)
                                         _079_ (net)
                  0.07    0.00    3.63 v _465_/A1 (sky130_fd_sc_hd__a211o_4)
     2    0.00    0.05    0.34    3.97 v _465_/X (sky130_fd_sc_hd__a211o_4)
                                         _141_ (net)
                  0.05    0.00    3.97 v _494_/C (sky130_fd_sc_hd__or3_4)
     2    0.00    0.06    0.34    4.30 v _494_/X (sky130_fd_sc_hd__or3_4)
                                         _170_ (net)
                  0.06    0.00    4.30 v _496_/A (sky130_fd_sc_hd__and3_1)
     1    0.00    0.04    0.15    4.45 v _496_/X (sky130_fd_sc_hd__and3_1)
                                         _172_ (net)
                  0.04    0.00    4.45 v _498_/A1 (sky130_fd_sc_hd__o21a_1)
     1    0.00    0.04    0.19    4.64 v _498_/X (sky130_fd_sc_hd__o21a_1)
                                         _174_ (net)
                  0.04    0.00    4.64 v _503_/A3 (sky130_fd_sc_hd__o32a_4)
     1    0.01    0.06    0.32    4.97 v _503_/X (sky130_fd_sc_hd__o32a_4)
                                         net27 (net)
                  0.06    0.00    4.97 v output27/A (sky130_fd_sc_hd__buf_8)
     1    0.03    0.04    0.15    5.11 v output27/X (sky130_fd_sc_hd__buf_8)
                                         out[7] (net)
                  0.04    0.00    5.11 v out[7] (out)
                                  5.11   data arrival time

                  0.00   10.00   10.00   clock __VIRTUAL_CLK__ (rise edge)
                          0.00   10.00   clock network delay (ideal)
                         -0.25    9.75   clock uncertainty
                          0.00    9.75   clock reconvergence pessimism
                         -2.00    7.75   output external delay
                                  7.75   data required time
-----------------------------------------------------------------------------
                                  7.75   data required time
                                 -5.11   data arrival time
-----------------------------------------------------------------------------
                                  2.64   slack (MET)


Startpoint: B[1] (input port clocked by __VIRTUAL_CLK__)
Endpoint: out[6] (output port clocked by __VIRTUAL_CLK__)
Path Group: __VIRTUAL_CLK__
Path Type: max

Fanout     Cap    Slew   Delay    Time   Description
-----------------------------------------------------------------------------
                  0.00    0.00    0.00   clock __VIRTUAL_CLK__ (rise edge)
                          0.00    0.00   clock network delay (ideal)
                          2.00    2.00 v input external delay
     1    0.00    0.01    0.01    2.01 v B[1] (in)
                                         B[1] (net)
                  0.01    0.00    2.01 v input10/A (sky130_fd_sc_hd__buf_6)
     5    0.03    0.04    0.12    2.13 v input10/X (sky130_fd_sc_hd__buf_6)
                                         net10 (net)
                  0.04    0.00    2.13 v _266_/A (sky130_fd_sc_hd__buf_12)
     5    0.03    0.03    0.13    2.26 v _266_/X (sky130_fd_sc_hd__buf_12)
                                         _196_ (net)
                  0.03    0.00    2.26 v _383_/A1 (sky130_fd_sc_hd__a22o_4)
     3    0.01    0.05    0.25    2.52 v _383_/X (sky130_fd_sc_hd__a22o_4)
                                         _061_ (net)
                  0.05    0.00    2.52 v _385_/A2 (sky130_fd_sc_hd__a21o_1)
     2    0.01    0.05    0.20    2.71 v _385_/X (sky130_fd_sc_hd__a21o_1)
                                         _063_ (net)
                  0.05    0.00    2.71 v rebuffer10/A (sky130_fd_sc_hd__buf_2)
     1    0.01    0.04    0.14    2.85 v rebuffer10/X (sky130_fd_sc_hd__buf_2)
                                         net38 (net)
                  0.04    0.00    2.85 v _388_/A (sky130_fd_sc_hd__nand3_4)
     3    0.01    0.08    0.07    2.92 ^ _388_/Y (sky130_fd_sc_hd__nand3_4)
                                         _066_ (net)
                  0.08    0.00    2.92 ^ _431_/B1_N (sky130_fd_sc_hd__a21bo_1)
     2    0.01    0.05    0.23    3.15 v _431_/X (sky130_fd_sc_hd__a21bo_1)
                                         _108_ (net)
                  0.05    0.00    3.15 v _433_/B1 (sky130_fd_sc_hd__a21o_2)
     3    0.01    0.06    0.22    3.37 v _433_/X (sky130_fd_sc_hd__a21o_2)
                                         _110_ (net)
                  0.06    0.00    3.37 v _434_/C (sky130_fd_sc_hd__and3_4)
     3    0.02    0.05    0.21    3.58 v _434_/X (sky130_fd_sc_hd__and3_4)
                                         _111_ (net)
                  0.05    0.00    3.58 v _437_/A1 (sky130_fd_sc_hd__o211a_1)
     2    0.01    0.07    0.26    3.84 v _437_/X (sky130_fd_sc_hd__o211a_1)
                                         _114_ (net)
                  0.07    0.00    3.84 v _439_/B (sky130_fd_sc_hd__or2_1)
     1    0.00    0.05    0.22    4.06 v _439_/X (sky130_fd_sc_hd__or2_1)
                                         _116_ (net)
                  0.05    0.00    4.06 v _440_/A2 (sky130_fd_sc_hd__a21bo_1)
     1    0.00    0.03    0.18    4.24 v _440_/X (sky130_fd_sc_hd__a21bo_1)
                                         _117_ (net)
                  0.03    0.00    4.24 v _441_/B (sky130_fd_sc_hd__or2_1)
     1    0.00    0.06    0.22    4.46 v _441_/X (sky130_fd_sc_hd__or2_1)
                                         _118_ (net)
                  0.06    0.00    4.46 v _453_/B1 (sky130_fd_sc_hd__a22oi_2)
     1    0.00    0.11    0.11    4.57 ^ _453_/Y (sky130_fd_sc_hd__a22oi_2)
                                         net26 (net)
                  0.11    0.00    4.57 ^ output26/A (sky130_fd_sc_hd__buf_2)
     1    0.03    0.17    0.23    4.80 ^ output26/X (sky130_fd_sc_hd__buf_2)
                                         out[6] (net)
                  0.17    0.00    4.80 ^ out[6] (out)
                                  4.80   data arrival time

                  0.00   10.00   10.00   clock __VIRTUAL_CLK__ (rise edge)
                          0.00   10.00   clock network delay (ideal)
                         -0.25    9.75   clock uncertainty
                          0.00    9.75   clock reconvergence pessimism
                         -2.00    7.75   output external delay
                                  7.75   data required time
-----------------------------------------------------------------------------
                                  7.75   data required time
                                 -4.80   data arrival time
-----------------------------------------------------------------------------
                                  2.95   slack (MET)


Startpoint: B[1] (input port clocked by __VIRTUAL_CLK__)
Endpoint: out[5] (output port clocked by __VIRTUAL_CLK__)
Path Group: __VIRTUAL_CLK__
Path Type: max

Fanout     Cap    Slew   Delay    Time   Description
-----------------------------------------------------------------------------
                  0.00    0.00    0.00   clock __VIRTUAL_CLK__ (rise edge)
                          0.00    0.00   clock network delay (ideal)
                          2.00    2.00 v input external delay
     1    0.00    0.01    0.01    2.01 v B[1] (in)
                                         B[1] (net)
                  0.01    0.00    2.01 v input10/A (sky130_fd_sc_hd__buf_6)
     5    0.03    0.04    0.12    2.13 v input10/X (sky130_fd_sc_hd__buf_6)
                                         net10 (net)
                  0.04    0.00    2.13 v _266_/A (sky130_fd_sc_hd__buf_12)
     5    0.03    0.03    0.13    2.26 v _266_/X (sky130_fd_sc_hd__buf_12)
                                         _196_ (net)
                  0.03    0.00    2.26 v _383_/A1 (sky130_fd_sc_hd__a22o_4)
     3    0.01    0.05    0.25    2.52 v _383_/X (sky130_fd_sc_hd__a22o_4)
                                         _061_ (net)
                  0.05    0.00    2.52 v _385_/A2 (sky130_fd_sc_hd__a21o_1)
     2    0.01    0.05    0.20    2.71 v _385_/X (sky130_fd_sc_hd__a21o_1)
                                         _063_ (net)
                  0.05    0.00    2.71 v _389_/A1 (sky130_fd_sc_hd__a21o_4)
     3    0.01    0.05    0.22    2.93 v _389_/X (sky130_fd_sc_hd__a21o_4)
                                         _067_ (net)
                  0.05    0.00    2.93 v _395_/A1 (sky130_fd_sc_hd__a21o_1)
     2    0.00    0.04    0.17    3.10 v _395_/X (sky130_fd_sc_hd__a21o_1)
                                         _073_ (net)
                  0.04    0.00    3.10 v _398_/C (sky130_fd_sc_hd__and3_4)
     2    0.00    0.03    0.18    3.28 v _398_/X (sky130_fd_sc_hd__and3_4)
                                         _076_ (net)
                  0.03    0.00    3.28 v _401_/C (sky130_fd_sc_hd__or3_4)
     3    0.01    0.07    0.35    3.63 v _401_/X (sky130_fd_sc_hd__or3_4)
                                         _079_ (net)
                  0.07    0.00    3.63 v rebuffer5/A (sky130_fd_sc_hd__clkbuf_2)
     2    0.01    0.05    0.14    3.77 v rebuffer5/X (sky130_fd_sc_hd__clkbuf_2)
                                         net33 (net)
                  0.05    0.00    3.77 v _402_/B (sky130_fd_sc_hd__nand2_1)
     3    0.01    0.14    0.14    3.91 ^ _402_/Y (sky130_fd_sc_hd__nand2_1)
                                         _080_ (net)
                  0.14    0.00    3.91 ^ _404_/C (sky130_fd_sc_hd__nand3_1)
     1    0.00    0.06    0.09    4.00 v _404_/Y (sky130_fd_sc_hd__nand3_1)
                                         _082_ (net)
                  0.06    0.00    4.00 v _408_/A3 (sky130_fd_sc_hd__a31o_1)
     1    0.00    0.03    0.22    4.23 v _408_/X (sky130_fd_sc_hd__a31o_1)
                                         _086_ (net)
                  0.03    0.00    4.23 v _409_/B1 (sky130_fd_sc_hd__a21oi_1)
     1    0.00    0.10    0.11    4.33 ^ _409_/Y (sky130_fd_sc_hd__a21oi_1)
                                         _087_ (net)
                  0.10    0.00    4.33 ^ _410_/B1 (sky130_fd_sc_hd__a21oi_1)
     1    0.00    0.04    0.04    4.38 v _410_/Y (sky130_fd_sc_hd__a21oi_1)
                                         net25 (net)
                  0.04    0.00    4.38 v output25/A (sky130_fd_sc_hd__buf_2)
     1    0.03    0.09    0.19    4.56 v output25/X (sky130_fd_sc_hd__buf_2)
                                         out[5] (net)
                  0.09    0.00    4.56 v out[5] (out)
                                  4.56   data arrival time

                  0.00   10.00   10.00   clock __VIRTUAL_CLK__ (rise edge)
                          0.00   10.00   clock network delay (ideal)
                         -0.25    9.75   clock uncertainty
                          0.00    9.75   clock reconvergence pessimism
                         -2.00    7.75   output external delay
                                  7.75   data required time
-----------------------------------------------------------------------------
                                  7.75   data required time
                                 -4.56   data arrival time
-----------------------------------------------------------------------------
                                  3.19   slack (MET)


Startpoint: B[1] (input port clocked by __VIRTUAL_CLK__)
Endpoint: out[4] (output port clocked by __VIRTUAL_CLK__)
Path Group: __VIRTUAL_CLK__
Path Type: max

Fanout     Cap    Slew   Delay    Time   Description
-----------------------------------------------------------------------------
                  0.00    0.00    0.00   clock __VIRTUAL_CLK__ (rise edge)
                          0.00    0.00   clock network delay (ideal)
                          2.00    2.00 v input external delay
     1    0.00    0.01    0.01    2.01 v B[1] (in)
                                         B[1] (net)
                  0.01    0.00    2.01 v input10/A (sky130_fd_sc_hd__buf_6)
     5    0.03    0.04    0.12    2.13 v input10/X (sky130_fd_sc_hd__buf_6)
                                         net10 (net)
                  0.04    0.00    2.13 v _266_/A (sky130_fd_sc_hd__buf_12)
     5    0.03    0.03    0.13    2.26 v _266_/X (sky130_fd_sc_hd__buf_12)
                                         _196_ (net)
                  0.03    0.00    2.26 v _267_/A (sky130_fd_sc_hd__clkbuf_4)
    10    0.02    0.06    0.17    2.43 v _267_/X (sky130_fd_sc_hd__clkbuf_4)
                                         _197_ (net)
                  0.06    0.00    2.43 v _277_/B (sky130_fd_sc_hd__and3_4)
     2    0.00    0.03    0.18    2.61 v _277_/X (sky130_fd_sc_hd__and3_4)
                                         _207_ (net)
                  0.03    0.00    2.61 v _279_/C (sky130_fd_sc_hd__or3_4)
     2    0.00    0.06    0.33    2.94 v _279_/X (sky130_fd_sc_hd__or3_4)
                                         _209_ (net)
                  0.06    0.00    2.94 v _301_/A2 (sky130_fd_sc_hd__a21o_1)
     3    0.01    0.05    0.21    3.15 v _301_/X (sky130_fd_sc_hd__a21o_1)
                                         _230_ (net)
                  0.05    0.00    3.15 v _312_/A2 (sky130_fd_sc_hd__a21o_1)
     3    0.01    0.05    0.20    3.35 v _312_/X (sky130_fd_sc_hd__a21o_1)
                                         _240_ (net)
                  0.05    0.00    3.35 v _366_/A1 (sky130_fd_sc_hd__a21bo_1)
     3    0.01    0.05    0.19    3.53 v _366_/X (sky130_fd_sc_hd__a21bo_1)
                                         _045_ (net)
                  0.05    0.00    3.53 v _368_/B (sky130_fd_sc_hd__or2_1)
     1    0.00    0.05    0.21    3.74 v _368_/X (sky130_fd_sc_hd__or2_1)
                                         _047_ (net)
                  0.05    0.00    3.74 v _372_/A3 (sky130_fd_sc_hd__a31o_1)
     1    0.00    0.03    0.21    3.95 v _372_/X (sky130_fd_sc_hd__a31o_1)
                                         _051_ (net)
                  0.03    0.00    3.95 v _373_/B2 (sky130_fd_sc_hd__o2bb2a_1)
     1    0.00    0.05    0.27    4.22 v _373_/X (sky130_fd_sc_hd__o2bb2a_1)
                                         net24 (net)
                  0.05    0.00    4.22 v output24/A (sky130_fd_sc_hd__buf_2)
     1    0.03    0.09    0.19    4.41 v output24/X (sky130_fd_sc_hd__buf_2)
                                         out[4] (net)
                  0.09    0.00    4.41 v out[4] (out)
                                  4.41   data arrival time

                  0.00   10.00   10.00   clock __VIRTUAL_CLK__ (rise edge)
                          0.00   10.00   clock network delay (ideal)
                         -0.25    9.75   clock uncertainty
                          0.00    9.75   clock reconvergence pessimism
                         -2.00    7.75   output external delay
                                  7.75   data required time
-----------------------------------------------------------------------------
                                  7.75   data required time
                                 -4.41   data arrival time
-----------------------------------------------------------------------------
                                  3.34   slack (MET)


Startpoint: B[2] (input port clocked by __VIRTUAL_CLK__)
Endpoint: out[3] (output port clocked by __VIRTUAL_CLK__)
Path Group: __VIRTUAL_CLK__
Path Type: max

Fanout     Cap    Slew   Delay    Time   Description
-----------------------------------------------------------------------------
                  0.00    0.00    0.00   clock __VIRTUAL_CLK__ (rise edge)
                          0.00    0.00   clock network delay (ideal)
                          2.00    2.00 ^ input external delay
     1    0.00    0.02    0.01    2.01 ^ B[2] (in)
                                         B[2] (net)
                  0.02    0.00    2.01 ^ input11/A (sky130_fd_sc_hd__buf_2)
     5    0.03    0.13    0.17    2.17 ^ input11/X (sky130_fd_sc_hd__buf_2)
                                         net11 (net)
                  0.13    0.00    2.17 ^ _289_/A (sky130_fd_sc_hd__buf_8)
    10    0.04    0.08    0.16    2.33 ^ _289_/X (sky130_fd_sc_hd__buf_8)
                                         _218_ (net)
                  0.08    0.00    2.33 ^ _322_/B (sky130_fd_sc_hd__nand2_2)
     3    0.01    0.06    0.08    2.41 v _322_/Y (sky130_fd_sc_hd__nand2_2)
                                         _002_ (net)
                  0.06    0.00    2.41 v _325_/A (sky130_fd_sc_hd__or3_4)
     2    0.00    0.06    0.40    2.81 v _325_/X (sky130_fd_sc_hd__or3_4)
                                         _005_ (net)
                  0.06    0.00    2.81 v _330_/A1 (sky130_fd_sc_hd__a21o_1)
     2    0.00    0.04    0.17    2.98 v _330_/X (sky130_fd_sc_hd__a21o_1)
                                         _010_ (net)
                  0.04    0.00    2.98 v _331_/B (sky130_fd_sc_hd__and2b_1)
     1    0.01    0.06    0.18    3.16 v _331_/X (sky130_fd_sc_hd__and2b_1)
                                         _011_ (net)
                  0.06    0.00    3.16 v _332_/B (sky130_fd_sc_hd__xnor2_2)
     2    0.01    0.05    0.14    3.30 v _332_/Y (sky130_fd_sc_hd__xnor2_2)
                                         _012_ (net)
                  0.05    0.00    3.30 v _334_/B (sky130_fd_sc_hd__or2_1)
     1    0.00    0.05    0.21    3.51 v _334_/X (sky130_fd_sc_hd__or2_1)
                                         _014_ (net)
                  0.05    0.00    3.51 v _338_/A3 (sky130_fd_sc_hd__a31o_1)
     1    0.00    0.03    0.21    3.72 v _338_/X (sky130_fd_sc_hd__a31o_1)
                                         _018_ (net)
                  0.03    0.00    3.72 v _339_/B2 (sky130_fd_sc_hd__o2bb2a_1)
     2    0.00    0.05    0.28    4.00 v _339_/X (sky130_fd_sc_hd__o2bb2a_1)
                                         net23 (net)
                  0.05    0.00    4.00 v output23/A (sky130_fd_sc_hd__buf_2)
     1    0.03    0.09    0.19    4.19 v output23/X (sky130_fd_sc_hd__buf_2)
                                         out[3] (net)
                  0.09    0.00    4.19 v out[3] (out)
                                  4.19   data arrival time

                  0.00   10.00   10.00   clock __VIRTUAL_CLK__ (rise edge)
                          0.00   10.00   clock network delay (ideal)
                         -0.25    9.75   clock uncertainty
                          0.00    9.75   clock reconvergence pessimism
                         -2.00    7.75   output external delay
                                  7.75   data required time
-----------------------------------------------------------------------------
                                  7.75   data required time
                                 -4.19   data arrival time
-----------------------------------------------------------------------------
                                  3.56   slack (MET)


Startpoint: B[1] (input port clocked by __VIRTUAL_CLK__)
Endpoint: out[2] (output port clocked by __VIRTUAL_CLK__)
Path Group: __VIRTUAL_CLK__
Path Type: max

Fanout     Cap    Slew   Delay    Time   Description
-----------------------------------------------------------------------------
                  0.00    0.00    0.00   clock __VIRTUAL_CLK__ (rise edge)
                          0.00    0.00   clock network delay (ideal)
                          2.00    2.00 v input external delay
     1    0.00    0.01    0.01    2.01 v B[1] (in)
                                         B[1] (net)
                  0.01    0.00    2.01 v input10/A (sky130_fd_sc_hd__buf_6)
     5    0.03    0.04    0.12    2.13 v input10/X (sky130_fd_sc_hd__buf_6)
                                         net10 (net)
                  0.04    0.00    2.13 v _266_/A (sky130_fd_sc_hd__buf_12)
     5    0.03    0.03    0.13    2.26 v _266_/X (sky130_fd_sc_hd__buf_12)
                                         _196_ (net)
                  0.03    0.00    2.26 v _267_/A (sky130_fd_sc_hd__clkbuf_4)
    10    0.02    0.06    0.17    2.43 v _267_/X (sky130_fd_sc_hd__clkbuf_4)
                                         _197_ (net)
                  0.06    0.00    2.43 v _277_/B (sky130_fd_sc_hd__and3_4)
     2    0.00    0.03    0.18    2.61 v _277_/X (sky130_fd_sc_hd__and3_4)
                                         _207_ (net)
                  0.03    0.00    2.61 v _279_/C (sky130_fd_sc_hd__or3_4)
     2    0.00    0.06    0.33    2.94 v _279_/X (sky130_fd_sc_hd__or3_4)
                                         _209_ (net)
                  0.06    0.00    2.94 v _301_/A2 (sky130_fd_sc_hd__a21o_1)
     3    0.01    0.05    0.21    3.15 v _301_/X (sky130_fd_sc_hd__a21o_1)
                                         _230_ (net)
                  0.05    0.00    3.15 v _303_/A2 (sky130_fd_sc_hd__o21a_1)
     1    0.00    0.03    0.17    3.32 v _303_/X (sky130_fd_sc_hd__o21a_1)
                                         _232_ (net)
                  0.03    0.00    3.32 v _308_/A2 (sky130_fd_sc_hd__a211o_1)
     1    0.00    0.04    0.28    3.60 v _308_/X (sky130_fd_sc_hd__a211o_1)
                                         _237_ (net)
                  0.04    0.00    3.60 v _309_/B2 (sky130_fd_sc_hd__o2bb2a_1)
     1    0.00    0.05    0.27    3.87 v _309_/X (sky130_fd_sc_hd__o2bb2a_1)
                                         net22 (net)
                  0.05    0.00    3.87 v output22/A (sky130_fd_sc_hd__buf_2)
     1    0.03    0.09    0.19    4.06 v output22/X (sky130_fd_sc_hd__buf_2)
                                         out[2] (net)
                  0.09    0.00    4.06 v out[2] (out)
                                  4.06   data arrival time

                  0.00   10.00   10.00   clock __VIRTUAL_CLK__ (rise edge)
                          0.00   10.00   clock network delay (ideal)
                         -0.25    9.75   clock uncertainty
                          0.00    9.75   clock reconvergence pessimism
                         -2.00    7.75   output external delay
                                  7.75   data required time
-----------------------------------------------------------------------------
                                  7.75   data required time
                                 -4.06   data arrival time
-----------------------------------------------------------------------------
                                  3.69   slack (MET)


Startpoint: B[1] (input port clocked by __VIRTUAL_CLK__)
Endpoint: out[1] (output port clocked by __VIRTUAL_CLK__)
Path Group: __VIRTUAL_CLK__
Path Type: max

Fanout     Cap    Slew   Delay    Time   Description
-----------------------------------------------------------------------------
                  0.00    0.00    0.00   clock __VIRTUAL_CLK__ (rise edge)
                          0.00    0.00   clock network delay (ideal)
                          2.00    2.00 v input external delay
     1    0.00    0.01    0.01    2.01 v B[1] (in)
                                         B[1] (net)
                  0.01    0.00    2.01 v input10/A (sky130_fd_sc_hd__buf_6)
     5    0.03    0.04    0.12    2.13 v input10/X (sky130_fd_sc_hd__buf_6)
                                         net10 (net)
                  0.04    0.00    2.13 v _266_/A (sky130_fd_sc_hd__buf_12)
     5    0.03    0.03    0.13    2.26 v _266_/X (sky130_fd_sc_hd__buf_12)
                                         _196_ (net)
                  0.03    0.00    2.26 v _267_/A (sky130_fd_sc_hd__clkbuf_4)
    10    0.02    0.06    0.17    2.43 v _267_/X (sky130_fd_sc_hd__clkbuf_4)
                                         _197_ (net)
                  0.06    0.00    2.43 v _277_/B (sky130_fd_sc_hd__and3_4)
     2    0.00    0.03    0.18    2.61 v _277_/X (sky130_fd_sc_hd__and3_4)
                                         _207_ (net)
                  0.03    0.00    2.61 v _279_/C (sky130_fd_sc_hd__or3_4)
     2    0.00    0.06    0.33    2.94 v _279_/X (sky130_fd_sc_hd__or3_4)
                                         _209_ (net)
                  0.06    0.00    2.94 v _280_/B_N (sky130_fd_sc_hd__or2b_1)
     1    0.00    0.05    0.17    3.11 ^ _280_/X (sky130_fd_sc_hd__or2b_1)
                                         _210_ (net)
                  0.05    0.00    3.11 ^ _281_/B (sky130_fd_sc_hd__xnor2_1)
     1    0.00    0.04    0.06    3.17 v _281_/Y (sky130_fd_sc_hd__xnor2_1)
                                         _211_ (net)
                  0.04    0.00    3.17 v _286_/A2 (sky130_fd_sc_hd__a211o_1)
     1    0.00    0.04    0.29    3.46 v _286_/X (sky130_fd_sc_hd__a211o_1)
                                         _216_ (net)
                  0.04    0.00    3.46 v _287_/B2 (sky130_fd_sc_hd__o2bb2a_1)
     2    0.00    0.05    0.28    3.74 v _287_/X (sky130_fd_sc_hd__o2bb2a_1)
                                         net21 (net)
                  0.05    0.00    3.74 v output21/A (sky130_fd_sc_hd__buf_2)
     1    0.03    0.09    0.19    3.93 v output21/X (sky130_fd_sc_hd__buf_2)
                                         out[1] (net)
                  0.09    0.00    3.93 v out[1] (out)
                                  3.93   data arrival time

                  0.00   10.00   10.00   clock __VIRTUAL_CLK__ (rise edge)
                          0.00   10.00   clock network delay (ideal)
                         -0.25    9.75   clock uncertainty
                          0.00    9.75   clock reconvergence pessimism
                         -2.00    7.75   output external delay
                                  7.75   data required time
-----------------------------------------------------------------------------
                                  7.75   data required time
                                 -3.93   data arrival time
-----------------------------------------------------------------------------
                                  3.82   slack (MET)


Startpoint: opcode[1] (input port clocked by __VIRTUAL_CLK__)
Endpoint: out[0] (output port clocked by __VIRTUAL_CLK__)
Path Group: __VIRTUAL_CLK__
Path Type: max

Fanout     Cap    Slew   Delay    Time   Description
-----------------------------------------------------------------------------
                  0.00    0.00    0.00   clock __VIRTUAL_CLK__ (rise edge)
                          0.00    0.00   clock network delay (ideal)
                          2.00    2.00 ^ input external delay
     1    0.00    0.02    0.01    2.01 ^ opcode[1] (in)
                                         opcode[1] (net)
                  0.02    0.00    2.01 ^ input18/A (sky130_fd_sc_hd__clkbuf_4)
     5    0.03    0.09    0.16    2.17 ^ input18/X (sky130_fd_sc_hd__clkbuf_4)
                                         net18 (net)
                  0.09    0.00    2.17 ^ _249_/B (sky130_fd_sc_hd__or2_2)
     5    0.02    0.10    0.17    2.35 ^ _249_/X (sky130_fd_sc_hd__or2_2)
                                         _180_ (net)
                  0.10    0.00    2.35 ^ _258_/B (sky130_fd_sc_hd__nor2_4)
     8    0.02    0.04    0.06    2.40 v _258_/Y (sky130_fd_sc_hd__nor2_4)
                                         _189_ (net)
                  0.04    0.00    2.40 v _260_/A1 (sky130_fd_sc_hd__o211a_1)
     1    0.00    0.04    0.22    2.62 v _260_/X (sky130_fd_sc_hd__o211a_1)
                                         _191_ (net)
                  0.04    0.00    2.62 v _261_/B1 (sky130_fd_sc_hd__a31o_1)
     1    0.00    0.03    0.18    2.80 v _261_/X (sky130_fd_sc_hd__a31o_1)
                                         _192_ (net)
                  0.03    0.00    2.80 v _262_/B2 (sky130_fd_sc_hd__a2bb2o_1)
     2    0.00    0.05    0.24    3.04 v _262_/X (sky130_fd_sc_hd__a2bb2o_1)
                                         net20 (net)
                  0.05    0.00    3.04 v output20/A (sky130_fd_sc_hd__buf_2)
     1    0.03    0.09    0.19    3.23 v output20/X (sky130_fd_sc_hd__buf_2)
                                         out[0] (net)
                  0.09    0.00    3.23 v out[0] (out)
                                  3.23   data arrival time

                  0.00   10.00   10.00   clock __VIRTUAL_CLK__ (rise edge)
                          0.00   10.00   clock network delay (ideal)
                         -0.25    9.75   clock uncertainty
                          0.00    9.75   clock reconvergence pessimism
                         -2.00    7.75   output external delay
                                  7.75   data required time
-----------------------------------------------------------------------------
                                  7.75   data required time
                                 -3.23   data arrival time
-----------------------------------------------------------------------------
                                  4.52   slack (MET)



worst slack corner Typical: 2.6366
