
===========================================================================
report_checks -unconstrained
===========================================================================
======================= Fastest Corner ===================================

Startpoint: B[0] (input port clocked by __VIRTUAL_CLK__)
Endpoint: out[6] (output port clocked by __VIRTUAL_CLK__)
Path Group: __VIRTUAL_CLK__
Path Type: max
Corner: Fastest

Fanout     Cap    Slew   Delay    Time   Description
-----------------------------------------------------------------------------
                  0.00    0.00    0.00   clock __VIRTUAL_CLK__ (rise edge)
                          0.00    0.00   clock network delay (ideal)
                          2.00    2.00 v input external delay
     1    0.00    0.01    0.00    2.00 v B[0] (in)
                                         B[0] (net)
                  0.01    0.00    2.00 v input9/A (sky130_fd_sc_hd__buf_4)
     5    0.06    0.07    0.13    2.13 v input9/X (sky130_fd_sc_hd__buf_4)
                                         net9 (net)
                  0.07    0.00    2.13 v _251_/A (sky130_fd_sc_hd__buf_6)
    10    0.08    0.06    0.13    2.26 v _251_/X (sky130_fd_sc_hd__buf_6)
                                         _182_ (net)
                  0.06    0.00    2.27 v _252_/A (sky130_fd_sc_hd__clkbuf_4)
    10    0.06    0.09    0.17    2.44 v _252_/X (sky130_fd_sc_hd__clkbuf_4)
                                         _183_ (net)
                  0.09    0.00    2.44 v _298_/A1 (sky130_fd_sc_hd__o21a_2)
     3    0.02    0.06    0.20    2.64 v _298_/X (sky130_fd_sc_hd__o21a_2)
                                         _227_ (net)
                  0.06    0.00    2.64 v _361_/A3 (sky130_fd_sc_hd__o31a_1)
     2    0.01    0.07    0.20    2.83 v _361_/X (sky130_fd_sc_hd__o31a_1)
                                         _040_ (net)
                  0.07    0.00    2.83 v _362_/B (sky130_fd_sc_hd__xnor2_1)
     2    0.03    0.44    0.38    3.21 ^ _362_/Y (sky130_fd_sc_hd__xnor2_1)
                                         _041_ (net)
                  0.44    0.00    3.21 ^ _364_/B (sky130_fd_sc_hd__nor2_1)
     1    0.01    0.11    0.07    3.29 v _364_/Y (sky130_fd_sc_hd__nor2_1)
                                         _043_ (net)
                  0.11    0.00    3.29 v _365_/B (sky130_fd_sc_hd__nor2_1)
     3    0.04    0.48    0.41    3.70 ^ _365_/Y (sky130_fd_sc_hd__nor2_1)
                                         _044_ (net)
                  0.48    0.00    3.70 ^ _375_/A1 (sky130_fd_sc_hd__a21o_1)
     2    0.04    0.27    0.25    3.95 ^ _375_/X (sky130_fd_sc_hd__a21o_1)
                                         _053_ (net)
                  0.27    0.00    3.96 ^ _442_/A1 (sky130_fd_sc_hd__a21o_1)
     4    0.03    0.20    0.21    4.17 ^ _442_/X (sky130_fd_sc_hd__a21o_1)
                                         _119_ (net)
                  0.20    0.00    4.17 ^ _448_/A1 (sky130_fd_sc_hd__o21a_1)
     2    0.05    0.32    0.31    4.48 ^ _448_/X (sky130_fd_sc_hd__o21a_1)
                                         _125_ (net)
                  0.32    0.00    4.48 ^ _452_/A2 (sky130_fd_sc_hd__a21oi_1)
     1    0.01    0.09    0.10    4.58 v _452_/Y (sky130_fd_sc_hd__a21oi_1)
                                         _129_ (net)
                  0.09    0.00    4.58 v _453_/B2 (sky130_fd_sc_hd__a22oi_2)
     1    0.02    0.16    0.17    4.74 ^ _453_/Y (sky130_fd_sc_hd__a22oi_2)
                                         net26 (net)
                  0.16    0.00    4.74 ^ output26/A (sky130_fd_sc_hd__buf_2)
     1    0.03    0.13    0.17    4.92 ^ output26/X (sky130_fd_sc_hd__buf_2)
                                         out[6] (net)
                  0.13    0.00    4.92 ^ out[6] (out)
                                  4.92   data arrival time

                  0.00   10.00   10.00   clock __VIRTUAL_CLK__ (rise edge)
                          0.00   10.00   clock network delay (ideal)
                         -0.25    9.75   clock uncertainty
                          0.00    9.75   clock reconvergence pessimism
                         -2.00    7.75   output external delay
                                  7.75   data required time
-----------------------------------------------------------------------------
                                  7.75   data required time
                                 -4.92   data arrival time
-----------------------------------------------------------------------------
                                  2.83   slack (MET)



======================= Slowest Corner ===================================

Startpoint: B[0] (input port clocked by __VIRTUAL_CLK__)
Endpoint: out[6] (output port clocked by __VIRTUAL_CLK__)
Path Group: __VIRTUAL_CLK__
Path Type: max
Corner: Slowest

Fanout     Cap    Slew   Delay    Time   Description
-----------------------------------------------------------------------------
                  0.00    0.00    0.00   clock __VIRTUAL_CLK__ (rise edge)
                          0.00    0.00   clock network delay (ideal)
                          2.00    2.00 v input external delay
     1    0.00    0.02    0.01    2.01 v B[0] (in)
                                         B[0] (net)
                  0.02    0.00    2.01 v input9/A (sky130_fd_sc_hd__buf_4)
     5    0.06    0.16    0.34    2.35 v input9/X (sky130_fd_sc_hd__buf_4)
                                         net9 (net)
                  0.16    0.00    2.36 v _251_/A (sky130_fd_sc_hd__buf_6)
    10    0.08    0.14    0.36    2.71 v _251_/X (sky130_fd_sc_hd__buf_6)
                                         _182_ (net)
                  0.14    0.00    2.72 v _252_/A (sky130_fd_sc_hd__clkbuf_4)
    10    0.06    0.23    0.45    3.17 v _252_/X (sky130_fd_sc_hd__clkbuf_4)
                                         _183_ (net)
                  0.23    0.00    3.17 v _298_/A1 (sky130_fd_sc_hd__o21a_2)
     3    0.02    0.15    0.58    3.75 v _298_/X (sky130_fd_sc_hd__o21a_2)
                                         _227_ (net)
                  0.15    0.00    3.75 v _361_/A3 (sky130_fd_sc_hd__o31a_1)
     2    0.01    0.17    0.62    4.37 v _361_/X (sky130_fd_sc_hd__o31a_1)
                                         _040_ (net)
                  0.17    0.00    4.37 v _362_/B (sky130_fd_sc_hd__xnor2_1)
     2    0.03    1.01    0.92    5.28 ^ _362_/Y (sky130_fd_sc_hd__xnor2_1)
                                         _041_ (net)
                  1.01    0.00    5.29 ^ _364_/B (sky130_fd_sc_hd__nor2_1)
     1    0.01    0.26    0.47    5.75 v _364_/Y (sky130_fd_sc_hd__nor2_1)
                                         _043_ (net)
                  0.26    0.00    5.76 v _365_/B (sky130_fd_sc_hd__nor2_1)
     3    0.04    1.14    1.01    6.76 ^ _365_/Y (sky130_fd_sc_hd__nor2_1)
                                         _044_ (net)
                  1.14    0.00    6.77 ^ _375_/A1 (sky130_fd_sc_hd__a21o_1)
     2    0.04    0.56    0.91    7.68 ^ _375_/X (sky130_fd_sc_hd__a21o_1)
                                         _053_ (net)
                  0.56    0.00    7.68 ^ _442_/A1 (sky130_fd_sc_hd__a21o_1)
     4    0.03    0.41    0.66    8.34 ^ _442_/X (sky130_fd_sc_hd__a21o_1)
                                         _119_ (net)
                  0.41    0.00    8.34 ^ _448_/A1 (sky130_fd_sc_hd__o21a_1)
     2    0.05    0.69    0.85    9.19 ^ _448_/X (sky130_fd_sc_hd__o21a_1)
                                         _125_ (net)
                  0.69    0.00    9.20 ^ _452_/A2 (sky130_fd_sc_hd__a21oi_1)
     1    0.01    0.23    0.46    9.65 v _452_/Y (sky130_fd_sc_hd__a21oi_1)
                                         _129_ (net)
                  0.23    0.00    9.65 v _453_/B2 (sky130_fd_sc_hd__a22oi_2)
     1    0.02    0.46    0.53   10.18 ^ _453_/Y (sky130_fd_sc_hd__a22oi_2)
                                         net26 (net)
                  0.46    0.00   10.18 ^ output26/A (sky130_fd_sc_hd__buf_2)
     1    0.03    0.27    0.53   10.72 ^ output26/X (sky130_fd_sc_hd__buf_2)
                                         out[6] (net)
                  0.27    0.00   10.72 ^ out[6] (out)
                                 10.72   data arrival time

                  0.00   10.00   10.00   clock __VIRTUAL_CLK__ (rise edge)
                          0.00   10.00   clock network delay (ideal)
                         -0.25    9.75   clock uncertainty
                          0.00    9.75   clock reconvergence pessimism
                         -2.00    7.75   output external delay
                                  7.75   data required time
-----------------------------------------------------------------------------
                                  7.75   data required time
                                -10.72   data arrival time
-----------------------------------------------------------------------------
                                 -2.97   slack (VIOLATED)



======================= Typical Corner ===================================

Startpoint: B[0] (input port clocked by __VIRTUAL_CLK__)
Endpoint: out[6] (output port clocked by __VIRTUAL_CLK__)
Path Group: __VIRTUAL_CLK__
Path Type: max
Corner: Typical

Fanout     Cap    Slew   Delay    Time   Description
-----------------------------------------------------------------------------
                  0.00    0.00    0.00   clock __VIRTUAL_CLK__ (rise edge)
                          0.00    0.00   clock network delay (ideal)
                          2.00    2.00 v input external delay
     1    0.00    0.01    0.01    2.01 v B[0] (in)
                                         B[0] (net)
                  0.01    0.00    2.01 v input9/A (sky130_fd_sc_hd__buf_4)
     5    0.06    0.09    0.19    2.19 v input9/X (sky130_fd_sc_hd__buf_4)
                                         net9 (net)
                  0.09    0.00    2.20 v _251_/A (sky130_fd_sc_hd__buf_6)
    10    0.08    0.08    0.19    2.39 v _251_/X (sky130_fd_sc_hd__buf_6)
                                         _182_ (net)
                  0.08    0.00    2.39 v _252_/A (sky130_fd_sc_hd__clkbuf_4)
    10    0.06    0.13    0.25    2.64 v _252_/X (sky130_fd_sc_hd__clkbuf_4)
                                         _183_ (net)
                  0.13    0.00    2.65 v _298_/A1 (sky130_fd_sc_hd__o21a_2)
     3    0.02    0.08    0.31    2.95 v _298_/X (sky130_fd_sc_hd__o21a_2)
                                         _227_ (net)
                  0.08    0.00    2.95 v _361_/A3 (sky130_fd_sc_hd__o31a_1)
     2    0.01    0.09    0.32    3.27 v _361_/X (sky130_fd_sc_hd__o31a_1)
                                         _040_ (net)
                  0.09    0.00    3.27 v _362_/B (sky130_fd_sc_hd__xnor2_1)
     2    0.03    0.62    0.55    3.81 ^ _362_/Y (sky130_fd_sc_hd__xnor2_1)
                                         _041_ (net)
                  0.62    0.00    3.82 ^ _364_/B (sky130_fd_sc_hd__nor2_1)
     1    0.01    0.16    0.19    4.00 v _364_/Y (sky130_fd_sc_hd__nor2_1)
                                         _043_ (net)
                  0.16    0.00    4.00 v _365_/B (sky130_fd_sc_hd__nor2_1)
     3    0.04    0.68    0.60    4.60 ^ _365_/Y (sky130_fd_sc_hd__nor2_1)
                                         _044_ (net)
                  0.68    0.00    4.60 ^ _375_/A1 (sky130_fd_sc_hd__a21o_1)
     2    0.04    0.35    0.44    5.04 ^ _375_/X (sky130_fd_sc_hd__a21o_1)
                                         _053_ (net)
                  0.35    0.00    5.04 ^ _442_/A1 (sky130_fd_sc_hd__a21o_1)
     4    0.03    0.26    0.34    5.38 ^ _442_/X (sky130_fd_sc_hd__a21o_1)
                                         _119_ (net)
                  0.26    0.00    5.38 ^ _448_/A1 (sky130_fd_sc_hd__o21a_1)
     2    0.05    0.43    0.47    5.85 ^ _448_/X (sky130_fd_sc_hd__o21a_1)
                                         _125_ (net)
                  0.43    0.00    5.85 ^ _452_/A2 (sky130_fd_sc_hd__a21oi_1)
     1    0.01    0.12    0.19    6.04 v _452_/Y (sky130_fd_sc_hd__a21oi_1)
                                         _129_ (net)
                  0.12    0.00    6.04 v _453_/B2 (sky130_fd_sc_hd__a22oi_2)
     1    0.02    0.30    0.31    6.36 ^ _453_/Y (sky130_fd_sc_hd__a22oi_2)
                                         net26 (net)
                  0.30    0.00    6.36 ^ output26/A (sky130_fd_sc_hd__buf_2)
     1    0.03    0.17    0.29    6.64 ^ output26/X (sky130_fd_sc_hd__buf_2)
                                         out[6] (net)
                  0.17    0.00    6.64 ^ out[6] (out)
                                  6.64   data arrival time

                  0.00   10.00   10.00   clock __VIRTUAL_CLK__ (rise edge)
                          0.00   10.00   clock network delay (ideal)
                         -0.25    9.75   clock uncertainty
                          0.00    9.75   clock reconvergence pessimism
                         -2.00    7.75   output external delay
                                  7.75   data required time
-----------------------------------------------------------------------------
                                  7.75   data required time
                                 -6.64   data arrival time
-----------------------------------------------------------------------------
                                  1.11   slack (MET)




===========================================================================
report_checks --slack_max -0.01
============================================================================
======================= Fastest Corner ===================================

No paths found.

======================= Slowest Corner ===================================

Startpoint: B[0] (input port clocked by __VIRTUAL_CLK__)
Endpoint: out[6] (output port clocked by __VIRTUAL_CLK__)
Path Group: __VIRTUAL_CLK__
Path Type: max
Corner: Slowest

Fanout     Cap    Slew   Delay    Time   Description
-----------------------------------------------------------------------------
                  0.00    0.00    0.00   clock __VIRTUAL_CLK__ (rise edge)
                          0.00    0.00   clock network delay (ideal)
                          2.00    2.00 v input external delay
     1    0.00    0.02    0.01    2.01 v B[0] (in)
                                         B[0] (net)
                  0.02    0.00    2.01 v input9/A (sky130_fd_sc_hd__buf_4)
     5    0.06    0.16    0.34    2.35 v input9/X (sky130_fd_sc_hd__buf_4)
                                         net9 (net)
                  0.16    0.00    2.36 v _251_/A (sky130_fd_sc_hd__buf_6)
    10    0.08    0.14    0.36    2.71 v _251_/X (sky130_fd_sc_hd__buf_6)
                                         _182_ (net)
                  0.14    0.00    2.72 v _252_/A (sky130_fd_sc_hd__clkbuf_4)
    10    0.06    0.23    0.45    3.17 v _252_/X (sky130_fd_sc_hd__clkbuf_4)
                                         _183_ (net)
                  0.23    0.00    3.17 v _298_/A1 (sky130_fd_sc_hd__o21a_2)
     3    0.02    0.15    0.58    3.75 v _298_/X (sky130_fd_sc_hd__o21a_2)
                                         _227_ (net)
                  0.15    0.00    3.75 v _361_/A3 (sky130_fd_sc_hd__o31a_1)
     2    0.01    0.17    0.62    4.37 v _361_/X (sky130_fd_sc_hd__o31a_1)
                                         _040_ (net)
                  0.17    0.00    4.37 v _362_/B (sky130_fd_sc_hd__xnor2_1)
     2    0.03    1.01    0.92    5.28 ^ _362_/Y (sky130_fd_sc_hd__xnor2_1)
                                         _041_ (net)
                  1.01    0.00    5.29 ^ _364_/B (sky130_fd_sc_hd__nor2_1)
     1    0.01    0.26    0.47    5.75 v _364_/Y (sky130_fd_sc_hd__nor2_1)
                                         _043_ (net)
                  0.26    0.00    5.76 v _365_/B (sky130_fd_sc_hd__nor2_1)
     3    0.04    1.14    1.01    6.76 ^ _365_/Y (sky130_fd_sc_hd__nor2_1)
                                         _044_ (net)
                  1.14    0.00    6.77 ^ _375_/A1 (sky130_fd_sc_hd__a21o_1)
     2    0.04    0.56    0.91    7.68 ^ _375_/X (sky130_fd_sc_hd__a21o_1)
                                         _053_ (net)
                  0.56    0.00    7.68 ^ _442_/A1 (sky130_fd_sc_hd__a21o_1)
     4    0.03    0.41    0.66    8.34 ^ _442_/X (sky130_fd_sc_hd__a21o_1)
                                         _119_ (net)
                  0.41    0.00    8.34 ^ _448_/A1 (sky130_fd_sc_hd__o21a_1)
     2    0.05    0.69    0.85    9.19 ^ _448_/X (sky130_fd_sc_hd__o21a_1)
                                         _125_ (net)
                  0.69    0.00    9.20 ^ _452_/A2 (sky130_fd_sc_hd__a21oi_1)
     1    0.01    0.23    0.46    9.65 v _452_/Y (sky130_fd_sc_hd__a21oi_1)
                                         _129_ (net)
                  0.23    0.00    9.65 v _453_/B2 (sky130_fd_sc_hd__a22oi_2)
     1    0.02    0.46    0.53   10.18 ^ _453_/Y (sky130_fd_sc_hd__a22oi_2)
                                         net26 (net)
                  0.46    0.00   10.18 ^ output26/A (sky130_fd_sc_hd__buf_2)
     1    0.03    0.27    0.53   10.72 ^ output26/X (sky130_fd_sc_hd__buf_2)
                                         out[6] (net)
                  0.27    0.00   10.72 ^ out[6] (out)
                                 10.72   data arrival time

                  0.00   10.00   10.00   clock __VIRTUAL_CLK__ (rise edge)
                          0.00   10.00   clock network delay (ideal)
                         -0.25    9.75   clock uncertainty
                          0.00    9.75   clock reconvergence pessimism
                         -2.00    7.75   output external delay
                                  7.75   data required time
-----------------------------------------------------------------------------
                                  7.75   data required time
                                -10.72   data arrival time
-----------------------------------------------------------------------------
                                 -2.97   slack (VIOLATED)



======================= Typical Corner ===================================

No paths found.


===========================================================================
 report_check_types -max_slew -max_cap -max_fanout -violators
============================================================================
======================= Fastest Corner ===================================


max slew violations count Fastest: 0
max fanout violations count Fastest: 0
max cap violations count Fastest: 0
======================= Slowest Corner ===================================

max slew

Pin                                    Limit    Slew   Slack
------------------------------------------------------------
_368_/A                                 0.75    1.14   -0.39 (VIOLATED)
_367_/A                                 0.75    1.14   -0.39 (VIOLATED)
_375_/A1                                0.75    1.14   -0.39 (VIOLATED)
_365_/Y                                 0.75    1.14   -0.39 (VIOLATED)
_371_/B1                                0.75    1.13   -0.38 (VIOLATED)
_265_/A                                 0.75    1.13   -0.38 (VIOLATED)
_407_/B1                                0.75    1.13   -0.38 (VIOLATED)
_264_/Y                                 0.75    1.13   -0.38 (VIOLATED)
_379_/B                                 0.75    1.04   -0.29 (VIOLATED)
_378_/B                                 0.75    1.04   -0.29 (VIOLATED)
_377_/Y                                 0.75    1.04   -0.29 (VIOLATED)
_363_/B                                 0.75    1.01   -0.26 (VIOLATED)
_364_/B                                 0.75    1.01   -0.26 (VIOLATED)
_362_/Y                                 0.75    1.01   -0.26 (VIOLATED)
_297_/B                                 0.75    0.93   -0.18 (VIOLATED)
_296_/Y                                 0.75    0.93   -0.18 (VIOLATED)
_369_/Y                                 0.75    0.92   -0.17 (VIOLATED)
_370_/B2                                0.75    0.92   -0.17 (VIOLATED)
_436_/C1                                0.75    0.90   -0.15 (VIOLATED)
_465_/C1                                0.75    0.90   -0.15 (VIOLATED)
_435_/Y                                 0.75    0.90   -0.15 (VIOLATED)
_437_/A2                                0.75    0.90   -0.15 (VIOLATED)
_272_/B2                                0.75    0.81   -0.06 (VIOLATED)
_271_/Y                                 0.75    0.81   -0.06 (VIOLATED)
_455_/A2                                0.75    0.77   -0.02 (VIOLATED)
_463_/A2                                0.75    0.77   -0.02 (VIOLATED)
_448_/A2                                0.75    0.77   -0.02 (VIOLATED)
_447_/B                                 0.75    0.77   -0.02 (VIOLATED)
_446_/X                                 0.75    0.77   -0.02 (VIOLATED)
_491_/A1                                0.75    0.77   -0.02 (VIOLATED)
_434_/A                                 0.75    0.77   -0.02 (VIOLATED)
_435_/B1                                0.75    0.77   -0.02 (VIOLATED)
_415_/Y                                 0.75    0.77   -0.02 (VIOLATED)
_415_/B                                 0.75    0.76   -0.01 (VIOLATED)
_414_/Y                                 0.75    0.76   -0.01 (VIOLATED)


max slew violations count Slowest: 35
max fanout violations count Slowest: 0
max cap violations count Slowest: 0
======================= Typical Corner ===================================


max slew violations count Typical: 0
max fanout violations count Typical: 0
max cap violations count Typical: 0

===========================================================================
report_parasitic_annotation -report_unannotated
============================================================================
Found 0 unannotated drivers.
Found 0 partially unannotated drivers.

===========================================================================
max slew violation count 35
max fanout violation count 0
max cap violation count 0
============================================================================

===========================================================================
check_setup -verbose -unconstrained_endpoints -multiple_clock -no_clock -no_input_delay -loops -generated_clocks
===========================================================================
