
===========================================================================
report_checks -path_delay min (Hold)
============================================================================
======================= Fastest Corner ===================================

Startpoint: A[7] (input port clocked by __VIRTUAL_CLK__)
Endpoint: out[7] (output port clocked by __VIRTUAL_CLK__)
Path Group: __VIRTUAL_CLK__
Path Type: min
Corner: Fastest

Fanout     Cap    Slew   Delay    Time   Description
-----------------------------------------------------------------------------
                  0.00    0.00    0.00   clock __VIRTUAL_CLK__ (rise edge)
                          0.00    0.00   clock network delay (ideal)
                          2.00    2.00 v input external delay
     1    0.00    0.01    0.00    2.00 v A[7] (in)
                                         A[7] (net)
                  0.01    0.00    2.00 v input8/A (sky130_fd_sc_hd__buf_2)
     6    0.06    0.09    0.13    2.13 v input8/X (sky130_fd_sc_hd__buf_2)
                                         net8 (net)
                  0.09    0.00    2.13 v _502_/A (sky130_fd_sc_hd__inv_2)
     1    0.01    0.05    0.07    2.20 ^ _502_/Y (sky130_fd_sc_hd__inv_2)
                                         _179_ (net)
                  0.06    0.00    2.20 ^ _503_/B2 (sky130_fd_sc_hd__o32a_4)
     1    0.02    0.06    0.09    2.30 ^ _503_/X (sky130_fd_sc_hd__o32a_4)
                                         net27 (net)
                  0.06    0.00    2.30 ^ output27/A (sky130_fd_sc_hd__buf_8)
     1    0.03    0.05    0.08    2.38 ^ output27/X (sky130_fd_sc_hd__buf_8)
                                         out[7] (net)
                  0.05    0.00    2.38 ^ out[7] (out)
                                  2.38   data arrival time

                  0.00    0.00    0.00   clock __VIRTUAL_CLK__ (rise edge)
                          0.00    0.00   clock network delay (ideal)
                          0.25    0.25   clock uncertainty
                          0.00    0.25   clock reconvergence pessimism
                         -2.00   -1.75   output external delay
                                 -1.75   data required time
-----------------------------------------------------------------------------
                                 -1.75   data required time
                                 -2.38   data arrival time
-----------------------------------------------------------------------------
                                  4.13   slack (MET)


Startpoint: A[6] (input port clocked by __VIRTUAL_CLK__)
Endpoint: out[6] (output port clocked by __VIRTUAL_CLK__)
Path Group: __VIRTUAL_CLK__
Path Type: min
Corner: Fastest

Fanout     Cap    Slew   Delay    Time   Description
-----------------------------------------------------------------------------
                  0.00    0.00    0.00   clock __VIRTUAL_CLK__ (rise edge)
                          0.00    0.00   clock network delay (ideal)
                          2.00    2.00 ^ input external delay
     1    0.00    0.02    0.01    2.01 ^ A[6] (in)
                                         A[6] (net)
                  0.02    0.00    2.01 ^ input7/A (sky130_fd_sc_hd__buf_4)
    10    0.09    0.18    0.16    2.17 ^ input7/X (sky130_fd_sc_hd__buf_4)
                                         net7 (net)
                  0.18    0.01    2.18 ^ _453_/A1 (sky130_fd_sc_hd__a22oi_2)
     1    0.02    0.06    0.09    2.26 v _453_/Y (sky130_fd_sc_hd__a22oi_2)
                                         net26 (net)
                  0.06    0.00    2.27 v output26/A (sky130_fd_sc_hd__buf_2)
     1    0.03    0.06    0.12    2.39 v output26/X (sky130_fd_sc_hd__buf_2)
                                         out[6] (net)
                  0.06    0.00    2.39 v out[6] (out)
                                  2.39   data arrival time

                  0.00    0.00    0.00   clock __VIRTUAL_CLK__ (rise edge)
                          0.00    0.00   clock network delay (ideal)
                          0.25    0.25   clock uncertainty
                          0.00    0.25   clock reconvergence pessimism
                         -2.00   -1.75   output external delay
                                 -1.75   data required time
-----------------------------------------------------------------------------
                                 -1.75   data required time
                                 -2.39   data arrival time
-----------------------------------------------------------------------------
                                  4.14   slack (MET)


Startpoint: A[5] (input port clocked by __VIRTUAL_CLK__)
Endpoint: out[5] (output port clocked by __VIRTUAL_CLK__)
Path Group: __VIRTUAL_CLK__
Path Type: min
Corner: Fastest

Fanout     Cap    Slew   Delay    Time   Description
-----------------------------------------------------------------------------
                  0.00    0.00    0.00   clock __VIRTUAL_CLK__ (rise edge)
                          0.00    0.00   clock network delay (ideal)
                          2.00    2.00 ^ input external delay
     1    0.00    0.02    0.01    2.01 ^ A[5] (in)
                                         A[5] (net)
                  0.02    0.00    2.01 ^ input6/A (sky130_fd_sc_hd__clkbuf_2)
     3    0.03    0.14    0.13    2.14 ^ input6/X (sky130_fd_sc_hd__clkbuf_2)
                                         net6 (net)
                  0.14    0.00    2.14 ^ _374_/A (sky130_fd_sc_hd__buf_6)
    10    0.08    0.13    0.14    2.28 ^ _374_/X (sky130_fd_sc_hd__buf_6)
                                         _052_ (net)
                  0.13    0.00    2.28 ^ _410_/A1 (sky130_fd_sc_hd__a21oi_1)
     1    0.01    0.06    0.08    2.37 v _410_/Y (sky130_fd_sc_hd__a21oi_1)
                                         net25 (net)
                  0.06    0.00    2.37 v output25/A (sky130_fd_sc_hd__buf_2)
     1    0.03    0.06    0.12    2.49 v output25/X (sky130_fd_sc_hd__buf_2)
                                         out[5] (net)
                  0.06    0.00    2.49 v out[5] (out)
                                  2.49   data arrival time

                  0.00    0.00    0.00   clock __VIRTUAL_CLK__ (rise edge)
                          0.00    0.00   clock network delay (ideal)
                          0.25    0.25   clock uncertainty
                          0.00    0.25   clock reconvergence pessimism
                         -2.00   -1.75   output external delay
                                 -1.75   data required time
-----------------------------------------------------------------------------
                                 -1.75   data required time
                                 -2.49   data arrival time
-----------------------------------------------------------------------------
                                  4.24   slack (MET)


Startpoint: A[4] (input port clocked by __VIRTUAL_CLK__)
Endpoint: out[4] (output port clocked by __VIRTUAL_CLK__)
Path Group: __VIRTUAL_CLK__
Path Type: min
Corner: Fastest

Fanout     Cap    Slew   Delay    Time   Description
-----------------------------------------------------------------------------
                  0.00    0.00    0.00   clock __VIRTUAL_CLK__ (rise edge)
                          0.00    0.00   clock network delay (ideal)
                          2.00    2.00 v input external delay
     1    0.00    0.01    0.00    2.00 v A[4] (in)
                                         A[4] (net)
                  0.01    0.00    2.00 v input5/A (sky130_fd_sc_hd__buf_4)
     4    0.06    0.07    0.12    2.12 v input5/X (sky130_fd_sc_hd__buf_4)
                                         net5 (net)
                  0.07    0.00    2.12 v _340_/A (sky130_fd_sc_hd__buf_8)
    10    0.08    0.05    0.12    2.24 v _340_/X (sky130_fd_sc_hd__buf_8)
                                         _019_ (net)
                  0.05    0.00    2.24 v _373_/A1_N (sky130_fd_sc_hd__o2bb2a_1)
     1    0.00    0.03    0.14    2.38 ^ _373_/X (sky130_fd_sc_hd__o2bb2a_1)
                                         net24 (net)
                  0.03    0.00    2.38 ^ output24/A (sky130_fd_sc_hd__buf_2)
     1    0.03    0.13    0.13    2.51 ^ output24/X (sky130_fd_sc_hd__buf_2)
                                         out[4] (net)
                  0.13    0.00    2.51 ^ out[4] (out)
                                  2.51   data arrival time

                  0.00    0.00    0.00   clock __VIRTUAL_CLK__ (rise edge)
                          0.00    0.00   clock network delay (ideal)
                          0.25    0.25   clock uncertainty
                          0.00    0.25   clock reconvergence pessimism
                         -2.00   -1.75   output external delay
                                 -1.75   data required time
-----------------------------------------------------------------------------
                                 -1.75   data required time
                                 -2.51   data arrival time
-----------------------------------------------------------------------------
                                  4.26   slack (MET)


Startpoint: A[3] (input port clocked by __VIRTUAL_CLK__)
Endpoint: out[3] (output port clocked by __VIRTUAL_CLK__)
Path Group: __VIRTUAL_CLK__
Path Type: min
Corner: Fastest

Fanout     Cap    Slew   Delay    Time   Description
-----------------------------------------------------------------------------
                  0.00    0.00    0.00   clock __VIRTUAL_CLK__ (rise edge)
                          0.00    0.00   clock network delay (ideal)
                          2.00    2.00 ^ input external delay
     1    0.00    0.02    0.01    2.01 ^ A[3] (in)
                                         A[3] (net)
                  0.02    0.00    2.01 ^ input4/A (sky130_fd_sc_hd__buf_4)
     7    0.07    0.15    0.14    2.15 ^ input4/X (sky130_fd_sc_hd__buf_4)
                                         net4 (net)
                  0.15    0.00    2.15 ^ _310_/A (sky130_fd_sc_hd__buf_12)
    10    0.09    0.08    0.11    2.26 ^ _310_/X (sky130_fd_sc_hd__buf_12)
                                         _238_ (net)
                  0.08    0.00    2.27 ^ _339_/A1_N (sky130_fd_sc_hd__o2bb2a_1)
     2    0.02    0.07    0.17    2.43 v _339_/X (sky130_fd_sc_hd__o2bb2a_1)
                                         net23 (net)
                  0.07    0.00    2.43 v output23/A (sky130_fd_sc_hd__buf_2)
     1    0.04    0.07    0.13    2.56 v output23/X (sky130_fd_sc_hd__buf_2)
                                         out[3] (net)
                  0.07    0.00    2.56 v out[3] (out)
                                  2.56   data arrival time

                  0.00    0.00    0.00   clock __VIRTUAL_CLK__ (rise edge)
                          0.00    0.00   clock network delay (ideal)
                          0.25    0.25   clock uncertainty
                          0.00    0.25   clock reconvergence pessimism
                         -2.00   -1.75   output external delay
                                 -1.75   data required time
-----------------------------------------------------------------------------
                                 -1.75   data required time
                                 -2.56   data arrival time
-----------------------------------------------------------------------------
                                  4.31   slack (MET)


Startpoint: A[1] (input port clocked by __VIRTUAL_CLK__)
Endpoint: out[1] (output port clocked by __VIRTUAL_CLK__)
Path Group: __VIRTUAL_CLK__
Path Type: min
Corner: Fastest

Fanout     Cap    Slew   Delay    Time   Description
-----------------------------------------------------------------------------
                  0.00    0.00    0.00   clock __VIRTUAL_CLK__ (rise edge)
                          0.00    0.00   clock network delay (ideal)
                          2.00    2.00 ^ input external delay
     1    0.00    0.02    0.01    2.01 ^ A[1] (in)
                                         A[1] (net)
                  0.02    0.00    2.01 ^ input2/A (sky130_fd_sc_hd__clkbuf_4)
    10    0.06    0.13    0.15    2.15 ^ input2/X (sky130_fd_sc_hd__clkbuf_4)
                                         net2 (net)
                  0.13    0.00    2.16 ^ _263_/A (sky130_fd_sc_hd__buf_2)
    10    0.06    0.21    0.21    2.36 ^ _263_/X (sky130_fd_sc_hd__buf_2)
                                         _193_ (net)
                  0.21    0.00    2.36 ^ _287_/A1_N (sky130_fd_sc_hd__o2bb2a_1)
     2    0.02    0.06    0.17    2.54 v _287_/X (sky130_fd_sc_hd__o2bb2a_1)
                                         net21 (net)
                  0.06    0.00    2.54 v output21/A (sky130_fd_sc_hd__buf_2)
     1    0.03    0.06    0.12    2.66 v output21/X (sky130_fd_sc_hd__buf_2)
                                         out[1] (net)
                  0.06    0.00    2.66 v out[1] (out)
                                  2.66   data arrival time

                  0.00    0.00    0.00   clock __VIRTUAL_CLK__ (rise edge)
                          0.00    0.00   clock network delay (ideal)
                          0.25    0.25   clock uncertainty
                          0.00    0.25   clock reconvergence pessimism
                         -2.00   -1.75   output external delay
                                 -1.75   data required time
-----------------------------------------------------------------------------
                                 -1.75   data required time
                                 -2.66   data arrival time
-----------------------------------------------------------------------------
                                  4.41   slack (MET)


Startpoint: A[2] (input port clocked by __VIRTUAL_CLK__)
Endpoint: out[2] (output port clocked by __VIRTUAL_CLK__)
Path Group: __VIRTUAL_CLK__
Path Type: min
Corner: Fastest

Fanout     Cap    Slew   Delay    Time   Description
-----------------------------------------------------------------------------
                  0.00    0.00    0.00   clock __VIRTUAL_CLK__ (rise edge)
                          0.00    0.00   clock network delay (ideal)
                          2.00    2.00 ^ input external delay
     1    0.00    0.02    0.01    2.01 ^ A[2] (in)
                                         A[2] (net)
                  0.02    0.00    2.01 ^ input3/A (sky130_fd_sc_hd__clkbuf_4)
     8    0.06    0.15    0.16    2.16 ^ input3/X (sky130_fd_sc_hd__clkbuf_4)
                                         net3 (net)
                  0.15    0.00    2.17 ^ _288_/A (sky130_fd_sc_hd__clkbuf_4)
    10    0.07    0.17    0.20    2.37 ^ _288_/X (sky130_fd_sc_hd__clkbuf_4)
                                         _217_ (net)
                  0.17    0.00    2.37 ^ _309_/A1_N (sky130_fd_sc_hd__o2bb2a_1)
     1    0.03    0.09    0.19    2.57 v _309_/X (sky130_fd_sc_hd__o2bb2a_1)
                                         net22 (net)
                  0.09    0.00    2.57 v output22/A (sky130_fd_sc_hd__buf_2)
     1    0.03    0.06    0.14    2.71 v output22/X (sky130_fd_sc_hd__buf_2)
                                         out[2] (net)
                  0.06    0.00    2.71 v out[2] (out)
                                  2.71   data arrival time

                  0.00    0.00    0.00   clock __VIRTUAL_CLK__ (rise edge)
                          0.00    0.00   clock network delay (ideal)
                          0.25    0.25   clock uncertainty
                          0.00    0.25   clock reconvergence pessimism
                         -2.00   -1.75   output external delay
                                 -1.75   data required time
-----------------------------------------------------------------------------
                                 -1.75   data required time
                                 -2.71   data arrival time
-----------------------------------------------------------------------------
                                  4.46   slack (MET)


Startpoint: opcode[2] (input port clocked by __VIRTUAL_CLK__)
Endpoint: out[0] (output port clocked by __VIRTUAL_CLK__)
Path Group: __VIRTUAL_CLK__
Path Type: min
Corner: Fastest

Fanout     Cap    Slew   Delay    Time   Description
-----------------------------------------------------------------------------
                  0.00    0.00    0.00   clock __VIRTUAL_CLK__ (rise edge)
                          0.00    0.00   clock network delay (ideal)
                          2.00    2.00 ^ input external delay
     1    0.00    0.02    0.01    2.01 ^ opcode[2] (in)
                                         opcode[2] (net)
                  0.02    0.00    2.01 ^ input19/A (sky130_fd_sc_hd__clkbuf_4)
     7    0.07    0.16    0.16    2.17 ^ input19/X (sky130_fd_sc_hd__clkbuf_4)
                                         net19 (net)
                  0.16    0.01    2.18 ^ _250_/A (sky130_fd_sc_hd__or2_1)
     3    0.04    0.25    0.22    2.40 ^ _250_/X (sky130_fd_sc_hd__or2_1)
                                         _181_ (net)
                  0.25    0.00    2.41 ^ _262_/A2_N (sky130_fd_sc_hd__a2bb2o_1)
     2    0.02    0.09    0.18    2.58 v _262_/X (sky130_fd_sc_hd__a2bb2o_1)
                                         net20 (net)
                  0.09    0.00    2.58 v output20/A (sky130_fd_sc_hd__buf_2)
     1    0.04    0.06    0.13    2.72 v output20/X (sky130_fd_sc_hd__buf_2)
                                         out[0] (net)
                  0.06    0.00    2.72 v out[0] (out)
                                  2.72   data arrival time

                  0.00    0.00    0.00   clock __VIRTUAL_CLK__ (rise edge)
                          0.00    0.00   clock network delay (ideal)
                          0.25    0.25   clock uncertainty
                          0.00    0.25   clock reconvergence pessimism
                         -2.00   -1.75   output external delay
                                 -1.75   data required time
-----------------------------------------------------------------------------
                                 -1.75   data required time
                                 -2.72   data arrival time
-----------------------------------------------------------------------------
                                  4.47   slack (MET)



worst slack corner Fastest: 4.1282
======================= Slowest Corner ===================================

Startpoint: A[7] (input port clocked by __VIRTUAL_CLK__)
Endpoint: out[7] (output port clocked by __VIRTUAL_CLK__)
Path Group: __VIRTUAL_CLK__
Path Type: min
Corner: Slowest

Fanout     Cap    Slew   Delay    Time   Description
-----------------------------------------------------------------------------
                  0.00    0.00    0.00   clock __VIRTUAL_CLK__ (rise edge)
                          0.00    0.00   clock network delay (ideal)
                          2.00    2.00 v input external delay
     1    0.00    0.02    0.01    2.01 v A[7] (in)
                                         A[7] (net)
                  0.02    0.00    2.01 v input8/A (sky130_fd_sc_hd__buf_2)
     6    0.06    0.25    0.37    2.38 v input8/X (sky130_fd_sc_hd__buf_2)
                                         net8 (net)
                  0.25    0.00    2.38 v _502_/A (sky130_fd_sc_hd__inv_2)
     1    0.01    0.12    0.18    2.57 ^ _502_/Y (sky130_fd_sc_hd__inv_2)
                                         _179_ (net)
                  0.12    0.00    2.57 ^ _503_/B2 (sky130_fd_sc_hd__o32a_4)
     1    0.02    0.13    0.35    2.92 ^ _503_/X (sky130_fd_sc_hd__o32a_4)
                                         net27 (net)
                  0.13    0.00    2.92 ^ output27/A (sky130_fd_sc_hd__buf_8)
     1    0.03    0.11    0.22    3.14 ^ output27/X (sky130_fd_sc_hd__buf_8)
                                         out[7] (net)
                  0.11    0.00    3.14 ^ out[7] (out)
                                  3.14   data arrival time

                  0.00    0.00    0.00   clock __VIRTUAL_CLK__ (rise edge)
                          0.00    0.00   clock network delay (ideal)
                          0.25    0.25   clock uncertainty
                          0.00    0.25   clock reconvergence pessimism
                         -2.00   -1.75   output external delay
                                 -1.75   data required time
-----------------------------------------------------------------------------
                                 -1.75   data required time
                                 -3.14   data arrival time
-----------------------------------------------------------------------------
                                  4.89   slack (MET)


Startpoint: A[6] (input port clocked by __VIRTUAL_CLK__)
Endpoint: out[6] (output port clocked by __VIRTUAL_CLK__)
Path Group: __VIRTUAL_CLK__
Path Type: min
Corner: Slowest

Fanout     Cap    Slew   Delay    Time   Description
-----------------------------------------------------------------------------
                  0.00    0.00    0.00   clock __VIRTUAL_CLK__ (rise edge)
                          0.00    0.00   clock network delay (ideal)
                          2.00    2.00 ^ input external delay
     1    0.00    0.04    0.02    2.02 ^ A[6] (in)
                                         A[6] (net)
                  0.04    0.00    2.02 ^ input7/A (sky130_fd_sc_hd__buf_4)
    10    0.09    0.38    0.40    2.42 ^ input7/X (sky130_fd_sc_hd__buf_4)
                                         net7 (net)
                  0.38    0.01    2.42 ^ _453_/A1 (sky130_fd_sc_hd__a22oi_2)
     1    0.02    0.21    0.35    2.77 v _453_/Y (sky130_fd_sc_hd__a22oi_2)
                                         net26 (net)
                  0.21    0.00    2.77 v output26/A (sky130_fd_sc_hd__buf_2)
     1    0.03    0.17    0.39    3.16 v output26/X (sky130_fd_sc_hd__buf_2)
                                         out[6] (net)
                  0.17    0.00    3.16 v out[6] (out)
                                  3.16   data arrival time

                  0.00    0.00    0.00   clock __VIRTUAL_CLK__ (rise edge)
                          0.00    0.00   clock network delay (ideal)
                          0.25    0.25   clock uncertainty
                          0.00    0.25   clock reconvergence pessimism
                         -2.00   -1.75   output external delay
                                 -1.75   data required time
-----------------------------------------------------------------------------
                                 -1.75   data required time
                                 -3.16   data arrival time
-----------------------------------------------------------------------------
                                  4.91   slack (MET)


Startpoint: A[5] (input port clocked by __VIRTUAL_CLK__)
Endpoint: out[5] (output port clocked by __VIRTUAL_CLK__)
Path Group: __VIRTUAL_CLK__
Path Type: min
Corner: Slowest

Fanout     Cap    Slew   Delay    Time   Description
-----------------------------------------------------------------------------
                  0.00    0.00    0.00   clock __VIRTUAL_CLK__ (rise edge)
                          0.00    0.00   clock network delay (ideal)
                          2.00    2.00 ^ input external delay
     1    0.00    0.04    0.02    2.02 ^ A[5] (in)
                                         A[5] (net)
                  0.04    0.00    2.02 ^ input6/A (sky130_fd_sc_hd__clkbuf_2)
     3    0.03    0.28    0.31    2.33 ^ input6/X (sky130_fd_sc_hd__clkbuf_2)
                                         net6 (net)
                  0.28    0.00    2.33 ^ _374_/A (sky130_fd_sc_hd__buf_6)
    10    0.08    0.26    0.39    2.72 ^ _374_/X (sky130_fd_sc_hd__buf_6)
                                         _052_ (net)
                  0.26    0.00    2.73 ^ _410_/A1 (sky130_fd_sc_hd__a21oi_1)
     1    0.01    0.15    0.31    3.04 v _410_/Y (sky130_fd_sc_hd__a21oi_1)
                                         net25 (net)
                  0.15    0.00    3.04 v output25/A (sky130_fd_sc_hd__buf_2)
     1    0.03    0.17    0.36    3.40 v output25/X (sky130_fd_sc_hd__buf_2)
                                         out[5] (net)
                  0.17    0.00    3.40 v out[5] (out)
                                  3.40   data arrival time

                  0.00    0.00    0.00   clock __VIRTUAL_CLK__ (rise edge)
                          0.00    0.00   clock network delay (ideal)
                          0.25    0.25   clock uncertainty
                          0.00    0.25   clock reconvergence pessimism
                         -2.00   -1.75   output external delay
                                 -1.75   data required time
-----------------------------------------------------------------------------
                                 -1.75   data required time
                                 -3.40   data arrival time
-----------------------------------------------------------------------------
                                  5.15   slack (MET)


Startpoint: A[4] (input port clocked by __VIRTUAL_CLK__)
Endpoint: out[4] (output port clocked by __VIRTUAL_CLK__)
Path Group: __VIRTUAL_CLK__
Path Type: min
Corner: Slowest

Fanout     Cap    Slew   Delay    Time   Description
-----------------------------------------------------------------------------
                  0.00    0.00    0.00   clock __VIRTUAL_CLK__ (rise edge)
                          0.00    0.00   clock network delay (ideal)
                          2.00    2.00 v input external delay
     1    0.00    0.02    0.01    2.01 v A[4] (in)
                                         A[4] (net)
                  0.02    0.00    2.01 v input5/A (sky130_fd_sc_hd__buf_4)
     4    0.06    0.16    0.32    2.33 v input5/X (sky130_fd_sc_hd__buf_4)
                                         net5 (net)
                  0.16    0.00    2.33 v _340_/A (sky130_fd_sc_hd__buf_8)
    10    0.08    0.11    0.31    2.64 v _340_/X (sky130_fd_sc_hd__buf_8)
                                         _019_ (net)
                  0.12    0.00    2.64 v _373_/A1_N (sky130_fd_sc_hd__o2bb2a_1)
     1    0.00    0.08    0.45    3.10 ^ _373_/X (sky130_fd_sc_hd__o2bb2a_1)
                                         net24 (net)
                  0.08    0.00    3.10 ^ output24/A (sky130_fd_sc_hd__buf_2)
     1    0.03    0.27    0.33    3.43 ^ output24/X (sky130_fd_sc_hd__buf_2)
                                         out[4] (net)
                  0.27    0.00    3.43 ^ out[4] (out)
                                  3.43   data arrival time

                  0.00    0.00    0.00   clock __VIRTUAL_CLK__ (rise edge)
                          0.00    0.00   clock network delay (ideal)
                          0.25    0.25   clock uncertainty
                          0.00    0.25   clock reconvergence pessimism
                         -2.00   -1.75   output external delay
                                 -1.75   data required time
-----------------------------------------------------------------------------
                                 -1.75   data required time
                                 -3.43   data arrival time
-----------------------------------------------------------------------------
                                  5.18   slack (MET)


Startpoint: A[3] (input port clocked by __VIRTUAL_CLK__)
Endpoint: out[3] (output port clocked by __VIRTUAL_CLK__)
Path Group: __VIRTUAL_CLK__
Path Type: min
Corner: Slowest

Fanout     Cap    Slew   Delay    Time   Description
-----------------------------------------------------------------------------
                  0.00    0.00    0.00   clock __VIRTUAL_CLK__ (rise edge)
                          0.00    0.00   clock network delay (ideal)
                          2.00    2.00 v input external delay
     1    0.00    0.02    0.01    2.01 v A[3] (in)
                                         A[3] (net)
                  0.02    0.00    2.01 v input4/A (sky130_fd_sc_hd__buf_4)
     7    0.07    0.17    0.32    2.33 v input4/X (sky130_fd_sc_hd__buf_4)
                                         net4 (net)
                  0.17    0.00    2.33 v _310_/A (sky130_fd_sc_hd__buf_12)
    10    0.09    0.10    0.30    2.64 v _310_/X (sky130_fd_sc_hd__buf_12)
                                         _238_ (net)
                  0.10    0.00    2.64 v _339_/A1_N (sky130_fd_sc_hd__o2bb2a_1)
     2    0.02    0.29    0.61    3.25 ^ _339_/X (sky130_fd_sc_hd__o2bb2a_1)
                                         net23 (net)
                  0.29    0.00    3.25 ^ output23/A (sky130_fd_sc_hd__buf_2)
     1    0.04    0.29    0.43    3.68 ^ output23/X (sky130_fd_sc_hd__buf_2)
                                         out[3] (net)
                  0.29    0.00    3.68 ^ out[3] (out)
                                  3.68   data arrival time

                  0.00    0.00    0.00   clock __VIRTUAL_CLK__ (rise edge)
                          0.00    0.00   clock network delay (ideal)
                          0.25    0.25   clock uncertainty
                          0.00    0.25   clock reconvergence pessimism
                         -2.00   -1.75   output external delay
                                 -1.75   data required time
-----------------------------------------------------------------------------
                                 -1.75   data required time
                                 -3.68   data arrival time
-----------------------------------------------------------------------------
                                  5.43   slack (MET)


Startpoint: A[1] (input port clocked by __VIRTUAL_CLK__)
Endpoint: out[1] (output port clocked by __VIRTUAL_CLK__)
Path Group: __VIRTUAL_CLK__
Path Type: min
Corner: Slowest

Fanout     Cap    Slew   Delay    Time   Description
-----------------------------------------------------------------------------
                  0.00    0.00    0.00   clock __VIRTUAL_CLK__ (rise edge)
                          0.00    0.00   clock network delay (ideal)
                          2.00    2.00 v input external delay
     1    0.00    0.02    0.01    2.01 v A[1] (in)
                                         A[1] (net)
                  0.02    0.00    2.01 v input2/A (sky130_fd_sc_hd__clkbuf_4)
    10    0.06    0.20    0.33    2.34 v input2/X (sky130_fd_sc_hd__clkbuf_4)
                                         net2 (net)
                  0.20    0.00    2.35 v _263_/A (sky130_fd_sc_hd__buf_2)
    10    0.06    0.25    0.45    2.80 v _263_/X (sky130_fd_sc_hd__buf_2)
                                         _193_ (net)
                  0.25    0.00    2.80 v _287_/A1_N (sky130_fd_sc_hd__o2bb2a_1)
     2    0.02    0.26    0.66    3.46 ^ _287_/X (sky130_fd_sc_hd__o2bb2a_1)
                                         net21 (net)
                  0.26    0.00    3.46 ^ output21/A (sky130_fd_sc_hd__buf_2)
     1    0.03    0.27    0.41    3.87 ^ output21/X (sky130_fd_sc_hd__buf_2)
                                         out[1] (net)
                  0.27    0.00    3.87 ^ out[1] (out)
                                  3.87   data arrival time

                  0.00    0.00    0.00   clock __VIRTUAL_CLK__ (rise edge)
                          0.00    0.00   clock network delay (ideal)
                          0.25    0.25   clock uncertainty
                          0.00    0.25   clock reconvergence pessimism
                         -2.00   -1.75   output external delay
                                 -1.75   data required time
-----------------------------------------------------------------------------
                                 -1.75   data required time
                                 -3.87   data arrival time
-----------------------------------------------------------------------------
                                  5.62   slack (MET)


Startpoint: A[2] (input port clocked by __VIRTUAL_CLK__)
Endpoint: out[2] (output port clocked by __VIRTUAL_CLK__)
Path Group: __VIRTUAL_CLK__
Path Type: min
Corner: Slowest

Fanout     Cap    Slew   Delay    Time   Description
-----------------------------------------------------------------------------
                  0.00    0.00    0.00   clock __VIRTUAL_CLK__ (rise edge)
                          0.00    0.00   clock network delay (ideal)
                          2.00    2.00 ^ input external delay
     1    0.00    0.04    0.02    2.02 ^ A[2] (in)
                                         A[2] (net)
                  0.04    0.00    2.02 ^ input3/A (sky130_fd_sc_hd__clkbuf_4)
     8    0.06    0.31    0.39    2.40 ^ input3/X (sky130_fd_sc_hd__clkbuf_4)
                                         net3 (net)
                  0.31    0.00    2.41 ^ _288_/A (sky130_fd_sc_hd__clkbuf_4)
    10    0.07    0.34    0.53    2.94 ^ _288_/X (sky130_fd_sc_hd__clkbuf_4)
                                         _217_ (net)
                  0.34    0.00    2.94 ^ _309_/A1_N (sky130_fd_sc_hd__o2bb2a_1)
     1    0.03    0.27    0.69    3.63 v _309_/X (sky130_fd_sc_hd__o2bb2a_1)
                                         net22 (net)
                  0.27    0.00    3.63 v output22/A (sky130_fd_sc_hd__buf_2)
     1    0.03    0.17    0.42    4.05 v output22/X (sky130_fd_sc_hd__buf_2)
                                         out[2] (net)
                  0.17    0.00    4.05 v out[2] (out)
                                  4.05   data arrival time

                  0.00    0.00    0.00   clock __VIRTUAL_CLK__ (rise edge)
                          0.00    0.00   clock network delay (ideal)
                          0.25    0.25   clock uncertainty
                          0.00    0.25   clock reconvergence pessimism
                         -2.00   -1.75   output external delay
                                 -1.75   data required time
-----------------------------------------------------------------------------
                                 -1.75   data required time
                                 -4.05   data arrival time
-----------------------------------------------------------------------------
                                  5.80   slack (MET)


Startpoint: A[0] (input port clocked by __VIRTUAL_CLK__)
Endpoint: out[0] (output port clocked by __VIRTUAL_CLK__)
Path Group: __VIRTUAL_CLK__
Path Type: min
Corner: Slowest

Fanout     Cap    Slew   Delay    Time   Description
-----------------------------------------------------------------------------
                  0.00    0.00    0.00   clock __VIRTUAL_CLK__ (rise edge)
                          0.00    0.00   clock network delay (ideal)
                          2.00    2.00 v input external delay
     1    0.01    0.03    0.02    2.02 v A[0] (in)
                                         A[0] (net)
                  0.03    0.00    2.02 v input1/A (sky130_fd_sc_hd__clkbuf_4)
     9    0.07    0.25    0.37    2.39 v input1/X (sky130_fd_sc_hd__clkbuf_4)
                                         net1 (net)
                  0.25    0.01    2.40 v _248_/A (sky130_fd_sc_hd__clkbuf_4)
    10    0.07    0.27    0.48    2.88 v _248_/X (sky130_fd_sc_hd__clkbuf_4)
                                         _176_ (net)
                  0.27    0.01    2.88 v _262_/A1_N (sky130_fd_sc_hd__a2bb2o_1)
     2    0.02    0.35    0.76    3.65 ^ _262_/X (sky130_fd_sc_hd__a2bb2o_1)
                                         net20 (net)
                  0.35    0.00    3.65 ^ output20/A (sky130_fd_sc_hd__buf_2)
     1    0.04    0.28    0.45    4.10 ^ output20/X (sky130_fd_sc_hd__buf_2)
                                         out[0] (net)
                  0.28    0.00    4.10 ^ out[0] (out)
                                  4.10   data arrival time

                  0.00    0.00    0.00   clock __VIRTUAL_CLK__ (rise edge)
                          0.00    0.00   clock network delay (ideal)
                          0.25    0.25   clock uncertainty
                          0.00    0.25   clock reconvergence pessimism
                         -2.00   -1.75   output external delay
                                 -1.75   data required time
-----------------------------------------------------------------------------
                                 -1.75   data required time
                                 -4.10   data arrival time
-----------------------------------------------------------------------------
                                  5.85   slack (MET)



worst slack corner Slowest: 4.8882
======================= Typical Corner ===================================

Startpoint: A[7] (input port clocked by __VIRTUAL_CLK__)
Endpoint: out[7] (output port clocked by __VIRTUAL_CLK__)
Path Group: __VIRTUAL_CLK__
Path Type: min
Corner: Typical

Fanout     Cap    Slew   Delay    Time   Description
-----------------------------------------------------------------------------
                  0.00    0.00    0.00   clock __VIRTUAL_CLK__ (rise edge)
                          0.00    0.00   clock network delay (ideal)
                          2.00    2.00 v input external delay
     1    0.00    0.01    0.01    2.01 v A[7] (in)
                                         A[7] (net)
                  0.01    0.00    2.01 v input8/A (sky130_fd_sc_hd__buf_2)
     6    0.06    0.13    0.19    2.20 v input8/X (sky130_fd_sc_hd__buf_2)
                                         net8 (net)
                  0.13    0.00    2.20 v _502_/A (sky130_fd_sc_hd__inv_2)
     1    0.01    0.07    0.10    2.30 ^ _502_/Y (sky130_fd_sc_hd__inv_2)
                                         _179_ (net)
                  0.07    0.00    2.30 ^ _503_/B2 (sky130_fd_sc_hd__o32a_4)
     1    0.02    0.08    0.18    2.48 ^ _503_/X (sky130_fd_sc_hd__o32a_4)
                                         net27 (net)
                  0.08    0.00    2.48 ^ output27/A (sky130_fd_sc_hd__buf_8)
     1    0.03    0.07    0.12    2.60 ^ output27/X (sky130_fd_sc_hd__buf_8)
                                         out[7] (net)
                  0.07    0.00    2.60 ^ out[7] (out)
                                  2.60   data arrival time

                  0.00    0.00    0.00   clock __VIRTUAL_CLK__ (rise edge)
                          0.00    0.00   clock network delay (ideal)
                          0.25    0.25   clock uncertainty
                          0.00    0.25   clock reconvergence pessimism
                         -2.00   -1.75   output external delay
                                 -1.75   data required time
-----------------------------------------------------------------------------
                                 -1.75   data required time
                                 -2.60   data arrival time
-----------------------------------------------------------------------------
                                  4.35   slack (MET)


Startpoint: A[6] (input port clocked by __VIRTUAL_CLK__)
Endpoint: out[6] (output port clocked by __VIRTUAL_CLK__)
Path Group: __VIRTUAL_CLK__
Path Type: min
Corner: Typical

Fanout     Cap    Slew   Delay    Time   Description
-----------------------------------------------------------------------------
                  0.00    0.00    0.00   clock __VIRTUAL_CLK__ (rise edge)
                          0.00    0.00   clock network delay (ideal)
                          2.00    2.00 ^ input external delay
     1    0.00    0.02    0.01    2.01 ^ A[6] (in)
                                         A[6] (net)
                  0.02    0.00    2.01 ^ input7/A (sky130_fd_sc_hd__buf_4)
    10    0.09    0.24    0.23    2.24 ^ input7/X (sky130_fd_sc_hd__buf_4)
                                         net7 (net)
                  0.24    0.01    2.25 ^ _453_/A1 (sky130_fd_sc_hd__a22oi_2)
     1    0.02    0.10    0.16    2.41 v _453_/Y (sky130_fd_sc_hd__a22oi_2)
                                         net26 (net)
                  0.10    0.00    2.41 v output26/A (sky130_fd_sc_hd__buf_2)
     1    0.03    0.09    0.19    2.61 v output26/X (sky130_fd_sc_hd__buf_2)
                                         out[6] (net)
                  0.09    0.00    2.61 v out[6] (out)
                                  2.61   data arrival time

                  0.00    0.00    0.00   clock __VIRTUAL_CLK__ (rise edge)
                          0.00    0.00   clock network delay (ideal)
                          0.25    0.25   clock uncertainty
                          0.00    0.25   clock reconvergence pessimism
                         -2.00   -1.75   output external delay
                                 -1.75   data required time
-----------------------------------------------------------------------------
                                 -1.75   data required time
                                 -2.61   data arrival time
-----------------------------------------------------------------------------
                                  4.36   slack (MET)


Startpoint: A[5] (input port clocked by __VIRTUAL_CLK__)
Endpoint: out[5] (output port clocked by __VIRTUAL_CLK__)
Path Group: __VIRTUAL_CLK__
Path Type: min
Corner: Typical

Fanout     Cap    Slew   Delay    Time   Description
-----------------------------------------------------------------------------
                  0.00    0.00    0.00   clock __VIRTUAL_CLK__ (rise edge)
                          0.00    0.00   clock network delay (ideal)
                          2.00    2.00 ^ input external delay
     1    0.00    0.02    0.01    2.01 ^ A[5] (in)
                                         A[5] (net)
                  0.02    0.00    2.01 ^ input6/A (sky130_fd_sc_hd__clkbuf_2)
     3    0.03    0.18    0.18    2.19 ^ input6/X (sky130_fd_sc_hd__clkbuf_2)
                                         net6 (net)
                  0.18    0.00    2.20 ^ _374_/A (sky130_fd_sc_hd__buf_6)
    10    0.08    0.17    0.22    2.41 ^ _374_/X (sky130_fd_sc_hd__buf_6)
                                         _052_ (net)
                  0.17    0.00    2.41 ^ _410_/A1 (sky130_fd_sc_hd__a21oi_1)
     1    0.01    0.09    0.14    2.56 v _410_/Y (sky130_fd_sc_hd__a21oi_1)
                                         net25 (net)
                  0.09    0.00    2.56 v output25/A (sky130_fd_sc_hd__buf_2)
     1    0.03    0.09    0.19    2.75 v output25/X (sky130_fd_sc_hd__buf_2)
                                         out[5] (net)
                  0.09    0.00    2.75 v out[5] (out)
                                  2.75   data arrival time

                  0.00    0.00    0.00   clock __VIRTUAL_CLK__ (rise edge)
                          0.00    0.00   clock network delay (ideal)
                          0.25    0.25   clock uncertainty
                          0.00    0.25   clock reconvergence pessimism
                         -2.00   -1.75   output external delay
                                 -1.75   data required time
-----------------------------------------------------------------------------
                                 -1.75   data required time
                                 -2.75   data arrival time
-----------------------------------------------------------------------------
                                  4.50   slack (MET)


Startpoint: A[4] (input port clocked by __VIRTUAL_CLK__)
Endpoint: out[4] (output port clocked by __VIRTUAL_CLK__)
Path Group: __VIRTUAL_CLK__
Path Type: min
Corner: Typical

Fanout     Cap    Slew   Delay    Time   Description
-----------------------------------------------------------------------------
                  0.00    0.00    0.00   clock __VIRTUAL_CLK__ (rise edge)
                          0.00    0.00   clock network delay (ideal)
                          2.00    2.00 v input external delay
     1    0.00    0.01    0.01    2.01 v A[4] (in)
                                         A[4] (net)
                  0.01    0.00    2.01 v input5/A (sky130_fd_sc_hd__buf_4)
     4    0.06    0.09    0.17    2.18 v input5/X (sky130_fd_sc_hd__buf_4)
                                         net5 (net)
                  0.09    0.00    2.18 v _340_/A (sky130_fd_sc_hd__buf_8)
    10    0.08    0.07    0.17    2.35 v _340_/X (sky130_fd_sc_hd__buf_8)
                                         _019_ (net)
                  0.07    0.00    2.35 v _373_/A1_N (sky130_fd_sc_hd__o2bb2a_1)
     1    0.00    0.05    0.23    2.58 ^ _373_/X (sky130_fd_sc_hd__o2bb2a_1)
                                         net24 (net)
                  0.05    0.00    2.58 ^ output24/A (sky130_fd_sc_hd__buf_2)
     1    0.03    0.17    0.19    2.77 ^ output24/X (sky130_fd_sc_hd__buf_2)
                                         out[4] (net)
                  0.17    0.00    2.77 ^ out[4] (out)
                                  2.77   data arrival time

                  0.00    0.00    0.00   clock __VIRTUAL_CLK__ (rise edge)
                          0.00    0.00   clock network delay (ideal)
                          0.25    0.25   clock uncertainty
                          0.00    0.25   clock reconvergence pessimism
                         -2.00   -1.75   output external delay
                                 -1.75   data required time
-----------------------------------------------------------------------------
                                 -1.75   data required time
                                 -2.77   data arrival time
-----------------------------------------------------------------------------
                                  4.52   slack (MET)


Startpoint: A[3] (input port clocked by __VIRTUAL_CLK__)
Endpoint: out[3] (output port clocked by __VIRTUAL_CLK__)
Path Group: __VIRTUAL_CLK__
Path Type: min
Corner: Typical

Fanout     Cap    Slew   Delay    Time   Description
-----------------------------------------------------------------------------
                  0.00    0.00    0.00   clock __VIRTUAL_CLK__ (rise edge)
                          0.00    0.00   clock network delay (ideal)
                          2.00    2.00 ^ input external delay
     1    0.00    0.02    0.01    2.01 ^ A[3] (in)
                                         A[3] (net)
                  0.02    0.00    2.01 ^ input4/A (sky130_fd_sc_hd__buf_4)
     7    0.07    0.20    0.20    2.21 ^ input4/X (sky130_fd_sc_hd__buf_4)
                                         net4 (net)
                  0.20    0.00    2.21 ^ _310_/A (sky130_fd_sc_hd__buf_12)
    10    0.09    0.11    0.18    2.39 ^ _310_/X (sky130_fd_sc_hd__buf_12)
                                         _238_ (net)
                  0.11    0.00    2.40 ^ _339_/A1_N (sky130_fd_sc_hd__o2bb2a_1)
     2    0.02    0.11    0.28    2.67 v _339_/X (sky130_fd_sc_hd__o2bb2a_1)
                                         net23 (net)
                  0.11    0.00    2.68 v output23/A (sky130_fd_sc_hd__buf_2)
     1    0.04    0.09    0.20    2.88 v output23/X (sky130_fd_sc_hd__buf_2)
                                         out[3] (net)
                  0.09    0.00    2.88 v out[3] (out)
                                  2.88   data arrival time

                  0.00    0.00    0.00   clock __VIRTUAL_CLK__ (rise edge)
                          0.00    0.00   clock network delay (ideal)
                          0.25    0.25   clock uncertainty
                          0.00    0.25   clock reconvergence pessimism
                         -2.00   -1.75   output external delay
                                 -1.75   data required time
-----------------------------------------------------------------------------
                                 -1.75   data required time
                                 -2.88   data arrival time
-----------------------------------------------------------------------------
                                  4.63   slack (MET)


Startpoint: A[1] (input port clocked by __VIRTUAL_CLK__)
Endpoint: out[1] (output port clocked by __VIRTUAL_CLK__)
Path Group: __VIRTUAL_CLK__
Path Type: min
Corner: Typical

Fanout     Cap    Slew   Delay    Time   Description
-----------------------------------------------------------------------------
                  0.00    0.00    0.00   clock __VIRTUAL_CLK__ (rise edge)
                          0.00    0.00   clock network delay (ideal)
                          2.00    2.00 v input external delay
     1    0.00    0.01    0.00    2.00 v A[1] (in)
                                         A[1] (net)
                  0.01    0.00    2.00 v input2/A (sky130_fd_sc_hd__clkbuf_4)
    10    0.06    0.11    0.19    2.19 v input2/X (sky130_fd_sc_hd__clkbuf_4)
                                         net2 (net)
                  0.11    0.00    2.19 v _263_/A (sky130_fd_sc_hd__buf_2)
    10    0.06    0.13    0.23    2.43 v _263_/X (sky130_fd_sc_hd__buf_2)
                                         _193_ (net)
                  0.13    0.00    2.43 v _287_/A1_N (sky130_fd_sc_hd__o2bb2a_1)
     2    0.02    0.17    0.35    2.77 ^ _287_/X (sky130_fd_sc_hd__o2bb2a_1)
                                         net21 (net)
                  0.17    0.00    2.78 ^ output21/A (sky130_fd_sc_hd__buf_2)
     1    0.03    0.17    0.23    3.00 ^ output21/X (sky130_fd_sc_hd__buf_2)
                                         out[1] (net)
                  0.17    0.00    3.00 ^ out[1] (out)
                                  3.00   data arrival time

                  0.00    0.00    0.00   clock __VIRTUAL_CLK__ (rise edge)
                          0.00    0.00   clock network delay (ideal)
                          0.25    0.25   clock uncertainty
                          0.00    0.25   clock reconvergence pessimism
                         -2.00   -1.75   output external delay
                                 -1.75   data required time
-----------------------------------------------------------------------------
                                 -1.75   data required time
                                 -3.00   data arrival time
-----------------------------------------------------------------------------
                                  4.75   slack (MET)


Startpoint: A[2] (input port clocked by __VIRTUAL_CLK__)
Endpoint: out[2] (output port clocked by __VIRTUAL_CLK__)
Path Group: __VIRTUAL_CLK__
Path Type: min
Corner: Typical

Fanout     Cap    Slew   Delay    Time   Description
-----------------------------------------------------------------------------
                  0.00    0.00    0.00   clock __VIRTUAL_CLK__ (rise edge)
                          0.00    0.00   clock network delay (ideal)
                          2.00    2.00 ^ input external delay
     1    0.00    0.02    0.01    2.01 ^ A[2] (in)
                                         A[2] (net)
                  0.02    0.00    2.01 ^ input3/A (sky130_fd_sc_hd__clkbuf_4)
     8    0.06    0.20    0.22    2.23 ^ input3/X (sky130_fd_sc_hd__clkbuf_4)
                                         net3 (net)
                  0.20    0.00    2.24 ^ _288_/A (sky130_fd_sc_hd__clkbuf_4)
    10    0.07    0.22    0.30    2.54 ^ _288_/X (sky130_fd_sc_hd__clkbuf_4)
                                         _217_ (net)
                  0.22    0.00    2.54 ^ _309_/A1_N (sky130_fd_sc_hd__o2bb2a_1)
     1    0.03    0.14    0.33    2.87 v _309_/X (sky130_fd_sc_hd__o2bb2a_1)
                                         net22 (net)
                  0.14    0.00    2.87 v output22/A (sky130_fd_sc_hd__buf_2)
     1    0.03    0.09    0.21    3.08 v output22/X (sky130_fd_sc_hd__buf_2)
                                         out[2] (net)
                  0.09    0.00    3.08 v out[2] (out)
                                  3.08   data arrival time

                  0.00    0.00    0.00   clock __VIRTUAL_CLK__ (rise edge)
                          0.00    0.00   clock network delay (ideal)
                          0.25    0.25   clock uncertainty
                          0.00    0.25   clock reconvergence pessimism
                         -2.00   -1.75   output external delay
                                 -1.75   data required time
-----------------------------------------------------------------------------
                                 -1.75   data required time
                                 -3.08   data arrival time
-----------------------------------------------------------------------------
                                  4.83   slack (MET)


Startpoint: A[0] (input port clocked by __VIRTUAL_CLK__)
Endpoint: out[0] (output port clocked by __VIRTUAL_CLK__)
Path Group: __VIRTUAL_CLK__
Path Type: min
Corner: Typical

Fanout     Cap    Slew   Delay    Time   Description
-----------------------------------------------------------------------------
                  0.00    0.00    0.00   clock __VIRTUAL_CLK__ (rise edge)
                          0.00    0.00   clock network delay (ideal)
                          2.00    2.00 v input external delay
     1    0.01    0.02    0.01    2.01 v A[0] (in)
                                         A[0] (net)
                  0.02    0.00    2.01 v input1/A (sky130_fd_sc_hd__clkbuf_4)
     9    0.07    0.14    0.21    2.22 v input1/X (sky130_fd_sc_hd__clkbuf_4)
                                         net1 (net)
                  0.14    0.01    2.22 v _248_/A (sky130_fd_sc_hd__clkbuf_4)
    10    0.07    0.15    0.27    2.49 v _248_/X (sky130_fd_sc_hd__clkbuf_4)
                                         _176_ (net)
                  0.15    0.01    2.49 v _262_/A1_N (sky130_fd_sc_hd__a2bb2o_1)
     2    0.02    0.23    0.40    2.90 ^ _262_/X (sky130_fd_sc_hd__a2bb2o_1)
                                         net20 (net)
                  0.23    0.00    2.90 ^ output20/A (sky130_fd_sc_hd__buf_2)
     1    0.04    0.18    0.25    3.14 ^ output20/X (sky130_fd_sc_hd__buf_2)
                                         out[0] (net)
                  0.18    0.00    3.14 ^ out[0] (out)
                                  3.14   data arrival time

                  0.00    0.00    0.00   clock __VIRTUAL_CLK__ (rise edge)
                          0.00    0.00   clock network delay (ideal)
                          0.25    0.25   clock uncertainty
                          0.00    0.25   clock reconvergence pessimism
                         -2.00   -1.75   output external delay
                                 -1.75   data required time
-----------------------------------------------------------------------------
                                 -1.75   data required time
                                 -3.14   data arrival time
-----------------------------------------------------------------------------
                                  4.89   slack (MET)



worst slack corner Typical: 4.3541
