
===========================================================================
 report_power
============================================================================
======================= Fastest Corner ===================================

Group                  Internal  Switching    Leakage      Total
                          Power      Power      Power      Power (Watts)
----------------------------------------------------------------
Sequential             0.00e+00   0.00e+00   0.00e+00   0.00e+00   0.0%
Combinational          9.62e-05   2.77e-04   2.98e-09   3.73e-04 100.0%
Clock                 -3.20e-10   0.00e+00   8.05e-10   4.84e-10   0.0%
Macro                  0.00e+00   0.00e+00   0.00e+00   0.00e+00   0.0%
Pad                    0.00e+00   0.00e+00   0.00e+00   0.00e+00   0.0%
----------------------------------------------------------------
Total                  9.62e-05   2.77e-04   3.78e-09   3.73e-04 100.0%
                          25.8%      74.2%       0.0%

======================= Slowest Corner ===================================

Group                  Internal  Switching    Leakage      Total
                          Power      Power      Power      Power (Watts)
----------------------------------------------------------------
Sequential             0.00e+00   0.00e+00   0.00e+00   0.00e+00   0.0%
Combinational          7.09e-05   1.85e-04   1.60e-06   2.58e-04 100.0%
Clock                 -1.01e-10   0.00e+00   8.12e-10   7.11e-10   0.0%
Macro                  0.00e+00   0.00e+00   0.00e+00   0.00e+00   0.0%
Pad                    0.00e+00   0.00e+00   0.00e+00   0.00e+00   0.0%
----------------------------------------------------------------
Total                  7.09e-05   1.85e-04   1.60e-06   2.58e-04 100.0%
                          27.5%      71.9%       0.6%

======================= Typical Corner ===================================

Group                  Internal  Switching    Leakage      Total
                          Power      Power      Power      Power (Watts)
----------------------------------------------------------------
Sequential             0.00e+00   0.00e+00   0.00e+00   0.00e+00   0.0%
Combinational          8.73e-05   2.35e-04   1.28e-09   3.22e-04 100.0%
Clock                  4.09e-11   0.00e+00   8.05e-10   8.45e-10   0.0%
Macro                  0.00e+00   0.00e+00   0.00e+00   0.00e+00   0.0%
Pad                    0.00e+00   0.00e+00   0.00e+00   0.00e+00   0.0%
----------------------------------------------------------------
Total                  8.73e-05   2.35e-04   2.09e-09   3.22e-04 100.0%
                          27.1%      72.9%       0.0%

