OpenROAD b16bda7e82721d10566ff7e2b68f1ff0be9f9e38 
Features included (+) or not (-): +Charts +GPU +GUI +Python
This program is licensed under the BSD-3 license. See the LICENSE file for details.
Components of this program may be licensed under more restrictive licenses which must be honored.
define_corners Typical
read_liberty -corner Typical /home/beeri/.volare/sky130A/libs.ref/sky130_fd_sc_hd/lib/sky130_fd_sc_hd__tt_025C_1v80.lib
Using 1e-12 for capacitance...
Using 1e+03 for resistance...
Using 1e-09 for time...
Using 1e+00 for voltage...
Using 1e-03 for current...
Using 1e-09 for power...
Using 1e-06 for distance...
[INFO]: Reading ODB at '/openlane/designs/project3/runs/RUN_2025.05.20_20.08.17/tmp/placement/9-io.odb'…
Reading design constraints file at '/openlane/scripts/base.sdc'…
[INFO]: Setting output delay to: 2.0
[INFO]: Setting input delay to: 2.0
[INFO]: Setting load to: 0.033442
[INFO]: Setting clock uncertainty to: 0.25
[INFO]: Setting clock transition to: 0.15
[INFO]: Setting timing derate to: 5.0 %
[INFO]: Setting RC values...
[INFO]: Setting signal min routing layer to: met1 and clock min routing layer to met3. 
[INFO]: Setting signal max routing layer to: met5 and clock max routing layer to met5. 
[WARNING GPL-0150] -skip_io will disable timing driven mode.
[WARNING GPL-0151] -skip_io will disable routability driven mode.
[INFO GPL-0002] DBU: 1000
[INFO GPL-0003] SiteSize: (  0.460  2.720 ) um
[INFO GPL-0004] CoreBBox: (  5.520 10.880 ) ( 68.540 73.440 ) um
[INFO GPL-0006] NumInstances:               310
[INFO GPL-0007] NumPlaceInstances:          214
[INFO GPL-0008] NumFixedInstances:           96
[INFO GPL-0009] NumDummyInstances:            0
[INFO GPL-0010] NumNets:                    216
[INFO GPL-0011] NumPins:                    700
[INFO GPL-0012] DieBBox:  (  0.000  0.000 ) ( 74.435 85.155 ) um
[INFO GPL-0013] CoreBBox: (  5.520 10.880 ) ( 68.540 73.440 ) um
[INFO GPL-0016] CoreArea:              3942.531 um^2
[INFO GPL-0017] NonPlaceInstsArea:      235.226 um^2
[INFO GPL-0018] PlaceInstsArea:        2009.427 um^2
[INFO GPL-0019] Util:                    54.202 %
[INFO GPL-0020] StdInstsArea:          2009.427 um^2
[INFO GPL-0021] MacroInstsArea:           0.000 um^2
[INFO GPL-0031] FillerInit:NumGCells:       238
[INFO GPL-0032] FillerInit:NumGNets:        216
[INFO GPL-0033] FillerInit:NumGPins:        700
[INFO GPL-0023] TargetDensity:            0.600
[INFO GPL-0024] AvrgPlaceInstArea:        9.390 um^2
[INFO GPL-0025] IdealBinArea:            15.650 um^2
[INFO GPL-0026] IdealBinCnt:                251
[INFO GPL-0027] TotalBinArea:          3942.531 um^2
[INFO GPL-0028] BinCnt:         8      8
[INFO GPL-0029] BinSize: (  7.878  7.820 )
[INFO GPL-0030] NumBins: 64
[NesterovSolve] Iter:    1 overflow: 0.928 HPWL: 613263
[NesterovSolve] Iter:   10 overflow: 0.928 HPWL: 462088
[NesterovSolve] Iter:   20 overflow: 0.928 HPWL: 462169
[NesterovSolve] Iter:   30 overflow: 0.928 HPWL: 462077
[NesterovSolve] Iter:   40 overflow: 0.928 HPWL: 461943
[NesterovSolve] Iter:   50 overflow: 0.928 HPWL: 462109
[NesterovSolve] Iter:   60 overflow: 0.928 HPWL: 462141
[NesterovSolve] Iter:   70 overflow: 0.928 HPWL: 462212
[NesterovSolve] Iter:   80 overflow: 0.928 HPWL: 462498
[NesterovSolve] Iter:   90 overflow: 0.928 HPWL: 463102
[NesterovSolve] Iter:  100 overflow: 0.926 HPWL: 463688
[NesterovSolve] Iter:  110 overflow: 0.919 HPWL: 466433
[NesterovSolve] Iter:  120 overflow: 0.913 HPWL: 471354
[NesterovSolve] Iter:  130 overflow: 0.911 HPWL: 476721
[NesterovSolve] Iter:  140 overflow: 0.902 HPWL: 500280
[NesterovSolve] Iter:  150 overflow: 0.811 HPWL: 624780
[NesterovSolve] Iter:  160 overflow: 0.736 HPWL: 725583
[NesterovSolve] Iter:  170 overflow: 0.729 HPWL: 824025
[NesterovSolve] Iter:  180 overflow: 0.685 HPWL: 930476
[NesterovSolve] Iter:  190 overflow: 0.648 HPWL: 1015101
[NesterovSolve] Iter:  200 overflow: 0.606 HPWL: 1083370
[NesterovSolve] Iter:  210 overflow: 0.549 HPWL: 1190692
[NesterovSolve] Iter:  220 overflow: 0.498 HPWL: 1246421
[NesterovSolve] Iter:  230 overflow: 0.456 HPWL: 1336920
[NesterovSolve] Iter:  240 overflow: 0.417 HPWL: 1439608
[NesterovSolve] Iter:  250 overflow: 0.380 HPWL: 1520416
[NesterovSolve] Iter:  260 overflow: 0.335 HPWL: 1598050
[NesterovSolve] Iter:  270 overflow: 0.298 HPWL: 1643487
[NesterovSolve] Iter:  280 overflow: 0.260 HPWL: 1682124
[NesterovSolve] Iter:  290 overflow: 0.219 HPWL: 1721792
[NesterovSolve] Iter:  300 overflow: 0.182 HPWL: 1753251
[NesterovSolve] Iter:  310 overflow: 0.147 HPWL: 1775772
[NesterovSolve] Iter:  320 overflow: 0.117 HPWL: 1782083
[NesterovSolve] Finished with Overflow: 0.099933
Setting global connections for newly added cells…
Writing OpenROAD database to '/openlane/designs/project3/runs/RUN_2025.05.20_20.08.17/tmp/placement/10-global.odb'…
Writing netlist to '/openlane/designs/project3/runs/RUN_2025.05.20_20.08.17/tmp/placement/10-global.nl.v'…
Writing powered netlist to '/openlane/designs/project3/runs/RUN_2025.05.20_20.08.17/tmp/placement/10-global.pnl.v'…
Writing layout to '/openlane/designs/project3/runs/RUN_2025.05.20_20.08.17/tmp/placement/10-global.def'…
