OpenROAD b16bda7e82721d10566ff7e2b68f1ff0be9f9e38 
Features included (+) or not (-): +Charts +GPU +GUI +Python
This program is licensed under the BSD-3 license. See the LICENSE file for details.
Components of this program may be licensed under more restrictive licenses which must be honored.
define_corners Typical
read_liberty -corner Typical /home/beeri/.volare/sky130A/libs.ref/sky130_fd_sc_hd/lib/sky130_fd_sc_hd__tt_025C_1v80.lib
Using 1e-12 for capacitance...
Using 1e+03 for resistance...
Using 1e-09 for time...
Using 1e+00 for voltage...
Using 1e-03 for current...
Using 1e-09 for power...
Using 1e-06 for distance...
[INFO]: Reading ODB at '/openlane/designs/project2/runs/RUN_2025.05.10_13.53.11/tmp/routing/18-global.odb'…
Reading design constraints file at '/openlane/scripts/base.sdc'…
[INFO]: Setting output delay to: 2.0
[INFO]: Setting input delay to: 2.0
[WARNING STA-0366] port '__VIRTUAL_CLK__' not found.
[INFO]: Setting load to: 0.033442
[INFO]: Setting clock uncertainty to: 0.25
[INFO]: Setting clock transition to: 0.15
[WARNING STA-0419] transition time can not be specified for virtual clocks.
[INFO]: Setting timing derate to: 5.0 %
[INFO]: Propagating all clocks
[WARNING STA-0450] virtual clock __VIRTUAL_CLK__ can not be propagated.
min_report

===========================================================================
report_checks -path_delay min (Hold)
============================================================================
======================= Typical Corner ===================================

Startpoint: A[6] (input port clocked by __VIRTUAL_CLK__)
Endpoint: out[6] (output port clocked by __VIRTUAL_CLK__)
Path Group: __VIRTUAL_CLK__
Path Type: min

Fanout     Cap    Slew   Delay    Time   Description
-----------------------------------------------------------------------------
                  0.00    0.00    0.00   clock __VIRTUAL_CLK__ (rise edge)
                          0.00    0.00   clock network delay (ideal)
                          2.00    2.00 ^ input external delay
     1    0.00    0.02    0.01    2.01 ^ A[6] (in)
                                         A[6] (net)
                  0.02    0.00    2.01 ^ input7/A (sky130_fd_sc_hd__buf_4)
    10    0.04    0.12    0.15    2.16 ^ input7/X (sky130_fd_sc_hd__buf_4)
                                         net7 (net)
                  0.12    0.00    2.16 ^ _453_/A1 (sky130_fd_sc_hd__a22oi_2)
     1    0.00    0.04    0.08    2.24 v _453_/Y (sky130_fd_sc_hd__a22oi_2)
                                         net26 (net)
                  0.04    0.00    2.24 v output26/A (sky130_fd_sc_hd__buf_2)
     1    0.03    0.09    0.17    2.41 v output26/X (sky130_fd_sc_hd__buf_2)
                                         out[6] (net)
                  0.09    0.00    2.41 v out[6] (out)
                                  2.41   data arrival time

                  0.00    0.00    0.00   clock __VIRTUAL_CLK__ (rise edge)
                          0.00    0.00   clock network delay (ideal)
                          0.25    0.25   clock uncertainty
                          0.00    0.25   clock reconvergence pessimism
                         -2.00   -1.75   output external delay
                                 -1.75   data required time
-----------------------------------------------------------------------------
                                 -1.75   data required time
                                 -2.41   data arrival time
-----------------------------------------------------------------------------
                                  4.16   slack (MET)


Startpoint: A[7] (input port clocked by __VIRTUAL_CLK__)
Endpoint: out[7] (output port clocked by __VIRTUAL_CLK__)
Path Group: __VIRTUAL_CLK__
Path Type: min

Fanout     Cap    Slew   Delay    Time   Description
-----------------------------------------------------------------------------
                  0.00    0.00    0.00   clock __VIRTUAL_CLK__ (rise edge)
                          0.00    0.00   clock network delay (ideal)
                          2.00    2.00 v input external delay
     1    0.00    0.01    0.00    2.00 v A[7] (in)
                                         A[7] (net)
                  0.01    0.00    2.00 v input8/A (sky130_fd_sc_hd__buf_2)
     6    0.02    0.05    0.12    2.13 v input8/X (sky130_fd_sc_hd__buf_2)
                                         net8 (net)
                  0.05    0.00    2.13 v _502_/A (sky130_fd_sc_hd__inv_2)
     1    0.00    0.03    0.05    2.17 ^ _502_/Y (sky130_fd_sc_hd__inv_2)
                                         _179_ (net)
                  0.03    0.00    2.17 ^ _503_/B2 (sky130_fd_sc_hd__o32a_4)
     1    0.01    0.04    0.13    2.30 ^ _503_/X (sky130_fd_sc_hd__o32a_4)
                                         net27 (net)
                  0.04    0.00    2.30 ^ output27/A (sky130_fd_sc_hd__buf_8)
     1    0.03    0.07    0.11    2.41 ^ output27/X (sky130_fd_sc_hd__buf_8)
                                         out[7] (net)
                  0.07    0.00    2.41 ^ out[7] (out)
                                  2.41   data arrival time

                  0.00    0.00    0.00   clock __VIRTUAL_CLK__ (rise edge)
                          0.00    0.00   clock network delay (ideal)
                          0.25    0.25   clock uncertainty
                          0.00    0.25   clock reconvergence pessimism
                         -2.00   -1.75   output external delay
                                 -1.75   data required time
-----------------------------------------------------------------------------
                                 -1.75   data required time
                                 -2.41   data arrival time
-----------------------------------------------------------------------------
                                  4.16   slack (MET)


Startpoint: A[5] (input port clocked by __VIRTUAL_CLK__)
Endpoint: out[5] (output port clocked by __VIRTUAL_CLK__)
Path Group: __VIRTUAL_CLK__
Path Type: min

Fanout     Cap    Slew   Delay    Time   Description
-----------------------------------------------------------------------------
                  0.00    0.00    0.00   clock __VIRTUAL_CLK__ (rise edge)
                          0.00    0.00   clock network delay (ideal)
                          2.00    2.00 ^ input external delay
     1    0.00    0.02    0.01    2.01 ^ A[5] (in)
                                         A[5] (net)
                  0.02    0.00    2.01 ^ input6/A (sky130_fd_sc_hd__clkbuf_2)
     3    0.02    0.11    0.13    2.14 ^ input6/X (sky130_fd_sc_hd__clkbuf_2)
                                         net6 (net)
                  0.11    0.00    2.14 ^ _374_/A (sky130_fd_sc_hd__buf_6)
    10    0.04    0.09    0.15    2.29 ^ _374_/X (sky130_fd_sc_hd__buf_6)
                                         _052_ (net)
                  0.09    0.00    2.29 ^ _410_/A1 (sky130_fd_sc_hd__a21oi_1)
     1    0.00    0.03    0.06    2.35 v _410_/Y (sky130_fd_sc_hd__a21oi_1)
                                         net25 (net)
                  0.03    0.00    2.35 v output25/A (sky130_fd_sc_hd__buf_2)
     1    0.03    0.09    0.16    2.51 v output25/X (sky130_fd_sc_hd__buf_2)
                                         out[5] (net)
                  0.09    0.00    2.51 v out[5] (out)
                                  2.51   data arrival time

                  0.00    0.00    0.00   clock __VIRTUAL_CLK__ (rise edge)
                          0.00    0.00   clock network delay (ideal)
                          0.25    0.25   clock uncertainty
                          0.00    0.25   clock reconvergence pessimism
                         -2.00   -1.75   output external delay
                                 -1.75   data required time
-----------------------------------------------------------------------------
                                 -1.75   data required time
                                 -2.51   data arrival time
-----------------------------------------------------------------------------
                                  4.26   slack (MET)


Startpoint: A[4] (input port clocked by __VIRTUAL_CLK__)
Endpoint: out[4] (output port clocked by __VIRTUAL_CLK__)
Path Group: __VIRTUAL_CLK__
Path Type: min

Fanout     Cap    Slew   Delay    Time   Description
-----------------------------------------------------------------------------
                  0.00    0.00    0.00   clock __VIRTUAL_CLK__ (rise edge)
                          0.00    0.00   clock network delay (ideal)
                          2.00    2.00 ^ input external delay
     1    0.00    0.02    0.01    2.01 ^ A[4] (in)
                                         A[4] (net)
                  0.02    0.00    2.01 ^ input5/A (sky130_fd_sc_hd__buf_4)
     4    0.02    0.07    0.12    2.13 ^ input5/X (sky130_fd_sc_hd__buf_4)
                                         net5 (net)
                  0.07    0.00    2.13 ^ _340_/A (sky130_fd_sc_hd__buf_8)
    10    0.03    0.07    0.12    2.25 ^ _340_/X (sky130_fd_sc_hd__buf_8)
                                         _019_ (net)
                  0.07    0.00    2.25 ^ _373_/A1_N (sky130_fd_sc_hd__o2bb2a_1)
     1    0.00    0.03    0.19    2.44 v _373_/X (sky130_fd_sc_hd__o2bb2a_1)
                                         net24 (net)
                  0.03    0.00    2.44 v output24/A (sky130_fd_sc_hd__buf_2)
     1    0.03    0.09    0.17    2.60 v output24/X (sky130_fd_sc_hd__buf_2)
                                         out[4] (net)
                  0.09    0.00    2.60 v out[4] (out)
                                  2.60   data arrival time

                  0.00    0.00    0.00   clock __VIRTUAL_CLK__ (rise edge)
                          0.00    0.00   clock network delay (ideal)
                          0.25    0.25   clock uncertainty
                          0.00    0.25   clock reconvergence pessimism
                         -2.00   -1.75   output external delay
                                 -1.75   data required time
-----------------------------------------------------------------------------
                                 -1.75   data required time
                                 -2.60   data arrival time
-----------------------------------------------------------------------------
                                  4.35   slack (MET)


Startpoint: opcode[0] (input port clocked by __VIRTUAL_CLK__)
Endpoint: out[0] (output port clocked by __VIRTUAL_CLK__)
Path Group: __VIRTUAL_CLK__
Path Type: min

Fanout     Cap    Slew   Delay    Time   Description
-----------------------------------------------------------------------------
                  0.00    0.00    0.00   clock __VIRTUAL_CLK__ (rise edge)
                          0.00    0.00   clock network delay (ideal)
                          2.00    2.00 v input external delay
     1    0.00    0.01    0.00    2.00 v opcode[0] (in)
                                         opcode[0] (net)
                  0.01    0.00    2.00 v input17/A (sky130_fd_sc_hd__buf_2)
     5    0.01    0.05    0.12    2.12 v input17/X (sky130_fd_sc_hd__buf_2)
                                         net17 (net)
                  0.05    0.00    2.12 v _254_/A (sky130_fd_sc_hd__nand2_2)
     3    0.01    0.08    0.08    2.20 ^ _254_/Y (sky130_fd_sc_hd__nand2_2)
                                         _185_ (net)
                  0.08    0.00    2.20 ^ _261_/A2 (sky130_fd_sc_hd__a31o_1)
     1    0.00    0.03    0.12    2.33 ^ _261_/X (sky130_fd_sc_hd__a31o_1)
                                         _192_ (net)
                  0.03    0.00    2.33 ^ _262_/B2 (sky130_fd_sc_hd__a2bb2o_1)
     2    0.00    0.04    0.11    2.43 ^ _262_/X (sky130_fd_sc_hd__a2bb2o_1)
                                         net20 (net)
                  0.04    0.00    2.43 ^ output20/A (sky130_fd_sc_hd__buf_2)
     1    0.03    0.17    0.19    2.62 ^ output20/X (sky130_fd_sc_hd__buf_2)
                                         out[0] (net)
                  0.17    0.00    2.62 ^ out[0] (out)
                                  2.62   data arrival time

                  0.00    0.00    0.00   clock __VIRTUAL_CLK__ (rise edge)
                          0.00    0.00   clock network delay (ideal)
                          0.25    0.25   clock uncertainty
                          0.00    0.25   clock reconvergence pessimism
                         -2.00   -1.75   output external delay
                                 -1.75   data required time
-----------------------------------------------------------------------------
                                 -1.75   data required time
                                 -2.62   data arrival time
-----------------------------------------------------------------------------
                                  4.37   slack (MET)


Startpoint: A[3] (input port clocked by __VIRTUAL_CLK__)
Endpoint: out[3] (output port clocked by __VIRTUAL_CLK__)
Path Group: __VIRTUAL_CLK__
Path Type: min

Fanout     Cap    Slew   Delay    Time   Description
-----------------------------------------------------------------------------
                  0.00    0.00    0.00   clock __VIRTUAL_CLK__ (rise edge)
                          0.00    0.00   clock network delay (ideal)
                          2.00    2.00 ^ input external delay
     1    0.00    0.02    0.01    2.01 ^ A[3] (in)
                                         A[3] (net)
                  0.02    0.00    2.01 ^ input4/A (sky130_fd_sc_hd__buf_4)
     7    0.03    0.09    0.13    2.14 ^ input4/X (sky130_fd_sc_hd__buf_4)
                                         net4 (net)
                  0.09    0.00    2.14 ^ _310_/A (sky130_fd_sc_hd__buf_12)
    10    0.04    0.06    0.12    2.26 ^ _310_/X (sky130_fd_sc_hd__buf_12)
                                         _238_ (net)
                  0.06    0.00    2.26 ^ _339_/A1_N (sky130_fd_sc_hd__o2bb2a_1)
     2    0.00    0.04    0.20    2.46 v _339_/X (sky130_fd_sc_hd__o2bb2a_1)
                                         net23 (net)
                  0.04    0.00    2.46 v output23/A (sky130_fd_sc_hd__buf_2)
     1    0.03    0.09    0.17    2.62 v output23/X (sky130_fd_sc_hd__buf_2)
                                         out[3] (net)
                  0.09    0.00    2.62 v out[3] (out)
                                  2.62   data arrival time

                  0.00    0.00    0.00   clock __VIRTUAL_CLK__ (rise edge)
                          0.00    0.00   clock network delay (ideal)
                          0.25    0.25   clock uncertainty
                          0.00    0.25   clock reconvergence pessimism
                         -2.00   -1.75   output external delay
                                 -1.75   data required time
-----------------------------------------------------------------------------
                                 -1.75   data required time
                                 -2.62   data arrival time
-----------------------------------------------------------------------------
                                  4.37   slack (MET)


Startpoint: A[1] (input port clocked by __VIRTUAL_CLK__)
Endpoint: out[1] (output port clocked by __VIRTUAL_CLK__)
Path Group: __VIRTUAL_CLK__
Path Type: min

Fanout     Cap    Slew   Delay    Time   Description
-----------------------------------------------------------------------------
                  0.00    0.00    0.00   clock __VIRTUAL_CLK__ (rise edge)
                          0.00    0.00   clock network delay (ideal)
                          2.00    2.00 ^ input external delay
     1    0.00    0.02    0.01    2.01 ^ A[1] (in)
                                         A[1] (net)
                  0.02    0.00    2.01 ^ input2/A (sky130_fd_sc_hd__clkbuf_4)
    10    0.02    0.08    0.14    2.15 ^ input2/X (sky130_fd_sc_hd__clkbuf_4)
                                         net2 (net)
                  0.08    0.00    2.15 ^ _263_/A (sky130_fd_sc_hd__buf_2)
    10    0.02    0.11    0.16    2.32 ^ _263_/X (sky130_fd_sc_hd__buf_2)
                                         _193_ (net)
                  0.11    0.00    2.32 ^ _287_/A1_N (sky130_fd_sc_hd__o2bb2a_1)
     2    0.00    0.04    0.21    2.52 v _287_/X (sky130_fd_sc_hd__o2bb2a_1)
                                         net21 (net)
                  0.04    0.00    2.52 v output21/A (sky130_fd_sc_hd__buf_2)
     1    0.03    0.09    0.17    2.69 v output21/X (sky130_fd_sc_hd__buf_2)
                                         out[1] (net)
                  0.09    0.00    2.69 v out[1] (out)
                                  2.69   data arrival time

                  0.00    0.00    0.00   clock __VIRTUAL_CLK__ (rise edge)
                          0.00    0.00   clock network delay (ideal)
                          0.25    0.25   clock uncertainty
                          0.00    0.25   clock reconvergence pessimism
                         -2.00   -1.75   output external delay
                                 -1.75   data required time
-----------------------------------------------------------------------------
                                 -1.75   data required time
                                 -2.69   data arrival time
-----------------------------------------------------------------------------
                                  4.44   slack (MET)


Startpoint: A[2] (input port clocked by __VIRTUAL_CLK__)
Endpoint: out[2] (output port clocked by __VIRTUAL_CLK__)
Path Group: __VIRTUAL_CLK__
Path Type: min

Fanout     Cap    Slew   Delay    Time   Description
-----------------------------------------------------------------------------
                  0.00    0.00    0.00   clock __VIRTUAL_CLK__ (rise edge)
                          0.00    0.00   clock network delay (ideal)
                          2.00    2.00 ^ input external delay
     1    0.00    0.02    0.01    2.01 ^ A[2] (in)
                                         A[2] (net)
                  0.02    0.00    2.01 ^ input3/A (sky130_fd_sc_hd__clkbuf_4)
     8    0.03    0.10    0.16    2.17 ^ input3/X (sky130_fd_sc_hd__clkbuf_4)
                                         net3 (net)
                  0.10    0.00    2.17 ^ _288_/A (sky130_fd_sc_hd__clkbuf_4)
    10    0.03    0.10    0.18    2.35 ^ _288_/X (sky130_fd_sc_hd__clkbuf_4)
                                         _217_ (net)
                  0.10    0.00    2.35 ^ _309_/A1_N (sky130_fd_sc_hd__o2bb2a_1)
     1    0.00    0.03    0.20    2.55 v _309_/X (sky130_fd_sc_hd__o2bb2a_1)
                                         net22 (net)
                  0.03    0.00    2.55 v output22/A (sky130_fd_sc_hd__buf_2)
     1    0.03    0.09    0.17    2.72 v output22/X (sky130_fd_sc_hd__buf_2)
                                         out[2] (net)
                  0.09    0.00    2.72 v out[2] (out)
                                  2.72   data arrival time

                  0.00    0.00    0.00   clock __VIRTUAL_CLK__ (rise edge)
                          0.00    0.00   clock network delay (ideal)
                          0.25    0.25   clock uncertainty
                          0.00    0.25   clock reconvergence pessimism
                         -2.00   -1.75   output external delay
                                 -1.75   data required time
-----------------------------------------------------------------------------
                                 -1.75   data required time
                                 -2.72   data arrival time
-----------------------------------------------------------------------------
                                  4.47   slack (MET)



worst slack corner Typical: 4.1557
min_report_end
max_report

===========================================================================
report_checks -path_delay max (Setup)
============================================================================
======================= Typical Corner ===================================

Startpoint: B[1] (input port clocked by __VIRTUAL_CLK__)
Endpoint: out[7] (output port clocked by __VIRTUAL_CLK__)
Path Group: __VIRTUAL_CLK__
Path Type: max

Fanout     Cap    Slew   Delay    Time   Description
-----------------------------------------------------------------------------
                  0.00    0.00    0.00   clock __VIRTUAL_CLK__ (rise edge)
                          0.00    0.00   clock network delay (ideal)
                          2.00    2.00 v input external delay
     1    0.00    0.01    0.01    2.01 v B[1] (in)
                                         B[1] (net)
                  0.01    0.00    2.01 v input10/A (sky130_fd_sc_hd__buf_6)
     5    0.03    0.04    0.12    2.13 v input10/X (sky130_fd_sc_hd__buf_6)
                                         net10 (net)
                  0.04    0.00    2.13 v _266_/A (sky130_fd_sc_hd__buf_12)
     5    0.03    0.03    0.13    2.26 v _266_/X (sky130_fd_sc_hd__buf_12)
                                         _196_ (net)
                  0.03    0.00    2.26 v _383_/A1 (sky130_fd_sc_hd__a22o_4)
     3    0.01    0.05    0.25    2.52 v _383_/X (sky130_fd_sc_hd__a22o_4)
                                         _061_ (net)
                  0.05    0.00    2.52 v _385_/A2 (sky130_fd_sc_hd__a21o_1)
     2    0.01    0.05    0.20    2.71 v _385_/X (sky130_fd_sc_hd__a21o_1)
                                         _063_ (net)
                  0.05    0.00    2.71 v _389_/A1 (sky130_fd_sc_hd__a21o_4)
     3    0.01    0.05    0.22    2.93 v _389_/X (sky130_fd_sc_hd__a21o_4)
                                         _067_ (net)
                  0.05    0.00    2.93 v _395_/A1 (sky130_fd_sc_hd__a21o_1)
     2    0.00    0.04    0.17    3.10 v _395_/X (sky130_fd_sc_hd__a21o_1)
                                         _073_ (net)
                  0.04    0.00    3.10 v _398_/C (sky130_fd_sc_hd__and3_4)
     2    0.00    0.03    0.18    3.28 v _398_/X (sky130_fd_sc_hd__and3_4)
                                         _076_ (net)
                  0.03    0.00    3.28 v _401_/C (sky130_fd_sc_hd__or3_4)
     3    0.01    0.07    0.35    3.63 v _401_/X (sky130_fd_sc_hd__or3_4)
                                         _079_ (net)
                  0.07    0.00    3.63 v _465_/A1 (sky130_fd_sc_hd__a211o_4)
     2    0.00    0.05    0.34    3.97 v _465_/X (sky130_fd_sc_hd__a211o_4)
                                         _141_ (net)
                  0.05    0.00    3.97 v _494_/C (sky130_fd_sc_hd__or3_4)
     2    0.00    0.06    0.34    4.30 v _494_/X (sky130_fd_sc_hd__or3_4)
                                         _170_ (net)
                  0.06    0.00    4.30 v _496_/A (sky130_fd_sc_hd__and3_1)
     1    0.00    0.04    0.15    4.45 v _496_/X (sky130_fd_sc_hd__and3_1)
                                         _172_ (net)
                  0.04    0.00    4.45 v _498_/A1 (sky130_fd_sc_hd__o21a_1)
     1    0.00    0.04    0.19    4.64 v _498_/X (sky130_fd_sc_hd__o21a_1)
                                         _174_ (net)
                  0.04    0.00    4.64 v _503_/A3 (sky130_fd_sc_hd__o32a_4)
     1    0.01    0.06    0.32    4.97 v _503_/X (sky130_fd_sc_hd__o32a_4)
                                         net27 (net)
                  0.06    0.00    4.97 v output27/A (sky130_fd_sc_hd__buf_8)
     1    0.03    0.04    0.15    5.11 v output27/X (sky130_fd_sc_hd__buf_8)
                                         out[7] (net)
                  0.04    0.00    5.11 v out[7] (out)
                                  5.11   data arrival time

                  0.00   10.00   10.00   clock __VIRTUAL_CLK__ (rise edge)
                          0.00   10.00   clock network delay (ideal)
                         -0.25    9.75   clock uncertainty
                          0.00    9.75   clock reconvergence pessimism
                         -2.00    7.75   output external delay
                                  7.75   data required time
-----------------------------------------------------------------------------
                                  7.75   data required time
                                 -5.11   data arrival time
-----------------------------------------------------------------------------
                                  2.64   slack (MET)


Startpoint: B[1] (input port clocked by __VIRTUAL_CLK__)
Endpoint: out[6] (output port clocked by __VIRTUAL_CLK__)
Path Group: __VIRTUAL_CLK__
Path Type: max

Fanout     Cap    Slew   Delay    Time   Description
-----------------------------------------------------------------------------
                  0.00    0.00    0.00   clock __VIRTUAL_CLK__ (rise edge)
                          0.00    0.00   clock network delay (ideal)
                          2.00    2.00 v input external delay
     1    0.00    0.01    0.01    2.01 v B[1] (in)
                                         B[1] (net)
                  0.01    0.00    2.01 v input10/A (sky130_fd_sc_hd__buf_6)
     5    0.03    0.04    0.12    2.13 v input10/X (sky130_fd_sc_hd__buf_6)
                                         net10 (net)
                  0.04    0.00    2.13 v _266_/A (sky130_fd_sc_hd__buf_12)
     5    0.03    0.03    0.13    2.26 v _266_/X (sky130_fd_sc_hd__buf_12)
                                         _196_ (net)
                  0.03    0.00    2.26 v _383_/A1 (sky130_fd_sc_hd__a22o_4)
     3    0.01    0.05    0.25    2.52 v _383_/X (sky130_fd_sc_hd__a22o_4)
                                         _061_ (net)
                  0.05    0.00    2.52 v _385_/A2 (sky130_fd_sc_hd__a21o_1)
     2    0.01    0.05    0.20    2.71 v _385_/X (sky130_fd_sc_hd__a21o_1)
                                         _063_ (net)
                  0.05    0.00    2.71 v rebuffer10/A (sky130_fd_sc_hd__buf_2)
     1    0.01    0.04    0.14    2.85 v rebuffer10/X (sky130_fd_sc_hd__buf_2)
                                         net38 (net)
                  0.04    0.00    2.85 v _388_/A (sky130_fd_sc_hd__nand3_4)
     3    0.01    0.08    0.07    2.92 ^ _388_/Y (sky130_fd_sc_hd__nand3_4)
                                         _066_ (net)
                  0.08    0.00    2.92 ^ _431_/B1_N (sky130_fd_sc_hd__a21bo_1)
     2    0.01    0.05    0.23    3.15 v _431_/X (sky130_fd_sc_hd__a21bo_1)
                                         _108_ (net)
                  0.05    0.00    3.15 v _433_/B1 (sky130_fd_sc_hd__a21o_2)
     3    0.01    0.06    0.22    3.37 v _433_/X (sky130_fd_sc_hd__a21o_2)
                                         _110_ (net)
                  0.06    0.00    3.37 v _434_/C (sky130_fd_sc_hd__and3_4)
     3    0.02    0.05    0.21    3.58 v _434_/X (sky130_fd_sc_hd__and3_4)
                                         _111_ (net)
                  0.05    0.00    3.58 v _437_/A1 (sky130_fd_sc_hd__o211a_1)
     2    0.01    0.07    0.26    3.84 v _437_/X (sky130_fd_sc_hd__o211a_1)
                                         _114_ (net)
                  0.07    0.00    3.84 v _439_/B (sky130_fd_sc_hd__or2_1)
     1    0.00    0.05    0.22    4.06 v _439_/X (sky130_fd_sc_hd__or2_1)
                                         _116_ (net)
                  0.05    0.00    4.06 v _440_/A2 (sky130_fd_sc_hd__a21bo_1)
     1    0.00    0.03    0.18    4.24 v _440_/X (sky130_fd_sc_hd__a21bo_1)
                                         _117_ (net)
                  0.03    0.00    4.24 v _441_/B (sky130_fd_sc_hd__or2_1)
     1    0.00    0.06    0.22    4.46 v _441_/X (sky130_fd_sc_hd__or2_1)
                                         _118_ (net)
                  0.06    0.00    4.46 v _453_/B1 (sky130_fd_sc_hd__a22oi_2)
     1    0.00    0.11    0.11    4.57 ^ _453_/Y (sky130_fd_sc_hd__a22oi_2)
                                         net26 (net)
                  0.11    0.00    4.57 ^ output26/A (sky130_fd_sc_hd__buf_2)
     1    0.03    0.17    0.23    4.80 ^ output26/X (sky130_fd_sc_hd__buf_2)
                                         out[6] (net)
                  0.17    0.00    4.80 ^ out[6] (out)
                                  4.80   data arrival time

                  0.00   10.00   10.00   clock __VIRTUAL_CLK__ (rise edge)
                          0.00   10.00   clock network delay (ideal)
                         -0.25    9.75   clock uncertainty
                          0.00    9.75   clock reconvergence pessimism
                         -2.00    7.75   output external delay
                                  7.75   data required time
-----------------------------------------------------------------------------
                                  7.75   data required time
                                 -4.80   data arrival time
-----------------------------------------------------------------------------
                                  2.95   slack (MET)


Startpoint: B[1] (input port clocked by __VIRTUAL_CLK__)
Endpoint: out[5] (output port clocked by __VIRTUAL_CLK__)
Path Group: __VIRTUAL_CLK__
Path Type: max

Fanout     Cap    Slew   Delay    Time   Description
-----------------------------------------------------------------------------
                  0.00    0.00    0.00   clock __VIRTUAL_CLK__ (rise edge)
                          0.00    0.00   clock network delay (ideal)
                          2.00    2.00 v input external delay
     1    0.00    0.01    0.01    2.01 v B[1] (in)
                                         B[1] (net)
                  0.01    0.00    2.01 v input10/A (sky130_fd_sc_hd__buf_6)
     5    0.03    0.04    0.12    2.13 v input10/X (sky130_fd_sc_hd__buf_6)
                                         net10 (net)
                  0.04    0.00    2.13 v _266_/A (sky130_fd_sc_hd__buf_12)
     5    0.03    0.03    0.13    2.26 v _266_/X (sky130_fd_sc_hd__buf_12)
                                         _196_ (net)
                  0.03    0.00    2.26 v _383_/A1 (sky130_fd_sc_hd__a22o_4)
     3    0.01    0.05    0.25    2.52 v _383_/X (sky130_fd_sc_hd__a22o_4)
                                         _061_ (net)
                  0.05    0.00    2.52 v _385_/A2 (sky130_fd_sc_hd__a21o_1)
     2    0.01    0.05    0.20    2.71 v _385_/X (sky130_fd_sc_hd__a21o_1)
                                         _063_ (net)
                  0.05    0.00    2.71 v _389_/A1 (sky130_fd_sc_hd__a21o_4)
     3    0.01    0.05    0.22    2.93 v _389_/X (sky130_fd_sc_hd__a21o_4)
                                         _067_ (net)
                  0.05    0.00    2.93 v _395_/A1 (sky130_fd_sc_hd__a21o_1)
     2    0.00    0.04    0.17    3.10 v _395_/X (sky130_fd_sc_hd__a21o_1)
                                         _073_ (net)
                  0.04    0.00    3.10 v _398_/C (sky130_fd_sc_hd__and3_4)
     2    0.00    0.03    0.18    3.28 v _398_/X (sky130_fd_sc_hd__and3_4)
                                         _076_ (net)
                  0.03    0.00    3.28 v _401_/C (sky130_fd_sc_hd__or3_4)
     3    0.01    0.07    0.35    3.63 v _401_/X (sky130_fd_sc_hd__or3_4)
                                         _079_ (net)
                  0.07    0.00    3.63 v rebuffer5/A (sky130_fd_sc_hd__clkbuf_2)
     2    0.01    0.05    0.14    3.77 v rebuffer5/X (sky130_fd_sc_hd__clkbuf_2)
                                         net33 (net)
                  0.05    0.00    3.77 v _402_/B (sky130_fd_sc_hd__nand2_1)
     3    0.01    0.14    0.14    3.91 ^ _402_/Y (sky130_fd_sc_hd__nand2_1)
                                         _080_ (net)
                  0.14    0.00    3.91 ^ _404_/C (sky130_fd_sc_hd__nand3_1)
     1    0.00    0.06    0.09    4.00 v _404_/Y (sky130_fd_sc_hd__nand3_1)
                                         _082_ (net)
                  0.06    0.00    4.00 v _408_/A3 (sky130_fd_sc_hd__a31o_1)
     1    0.00    0.03    0.22    4.23 v _408_/X (sky130_fd_sc_hd__a31o_1)
                                         _086_ (net)
                  0.03    0.00    4.23 v _409_/B1 (sky130_fd_sc_hd__a21oi_1)
     1    0.00    0.10    0.11    4.33 ^ _409_/Y (sky130_fd_sc_hd__a21oi_1)
                                         _087_ (net)
                  0.10    0.00    4.33 ^ _410_/B1 (sky130_fd_sc_hd__a21oi_1)
     1    0.00    0.04    0.04    4.38 v _410_/Y (sky130_fd_sc_hd__a21oi_1)
                                         net25 (net)
                  0.04    0.00    4.38 v output25/A (sky130_fd_sc_hd__buf_2)
     1    0.03    0.09    0.19    4.56 v output25/X (sky130_fd_sc_hd__buf_2)
                                         out[5] (net)
                  0.09    0.00    4.56 v out[5] (out)
                                  4.56   data arrival time

                  0.00   10.00   10.00   clock __VIRTUAL_CLK__ (rise edge)
                          0.00   10.00   clock network delay (ideal)
                         -0.25    9.75   clock uncertainty
                          0.00    9.75   clock reconvergence pessimism
                         -2.00    7.75   output external delay
                                  7.75   data required time
-----------------------------------------------------------------------------
                                  7.75   data required time
                                 -4.56   data arrival time
-----------------------------------------------------------------------------
                                  3.19   slack (MET)


Startpoint: B[1] (input port clocked by __VIRTUAL_CLK__)
Endpoint: out[4] (output port clocked by __VIRTUAL_CLK__)
Path Group: __VIRTUAL_CLK__
Path Type: max

Fanout     Cap    Slew   Delay    Time   Description
-----------------------------------------------------------------------------
                  0.00    0.00    0.00   clock __VIRTUAL_CLK__ (rise edge)
                          0.00    0.00   clock network delay (ideal)
                          2.00    2.00 v input external delay
     1    0.00    0.01    0.01    2.01 v B[1] (in)
                                         B[1] (net)
                  0.01    0.00    2.01 v input10/A (sky130_fd_sc_hd__buf_6)
     5    0.03    0.04    0.12    2.13 v input10/X (sky130_fd_sc_hd__buf_6)
                                         net10 (net)
                  0.04    0.00    2.13 v _266_/A (sky130_fd_sc_hd__buf_12)
     5    0.03    0.03    0.13    2.26 v _266_/X (sky130_fd_sc_hd__buf_12)
                                         _196_ (net)
                  0.03    0.00    2.26 v _267_/A (sky130_fd_sc_hd__clkbuf_4)
    10    0.02    0.06    0.17    2.43 v _267_/X (sky130_fd_sc_hd__clkbuf_4)
                                         _197_ (net)
                  0.06    0.00    2.43 v _277_/B (sky130_fd_sc_hd__and3_4)
     2    0.00    0.03    0.18    2.61 v _277_/X (sky130_fd_sc_hd__and3_4)
                                         _207_ (net)
                  0.03    0.00    2.61 v _279_/C (sky130_fd_sc_hd__or3_4)
     2    0.00    0.06    0.33    2.94 v _279_/X (sky130_fd_sc_hd__or3_4)
                                         _209_ (net)
                  0.06    0.00    2.94 v _301_/A2 (sky130_fd_sc_hd__a21o_1)
     3    0.01    0.05    0.21    3.15 v _301_/X (sky130_fd_sc_hd__a21o_1)
                                         _230_ (net)
                  0.05    0.00    3.15 v _312_/A2 (sky130_fd_sc_hd__a21o_1)
     3    0.01    0.05    0.20    3.35 v _312_/X (sky130_fd_sc_hd__a21o_1)
                                         _240_ (net)
                  0.05    0.00    3.35 v _366_/A1 (sky130_fd_sc_hd__a21bo_1)
     3    0.01    0.05    0.19    3.53 v _366_/X (sky130_fd_sc_hd__a21bo_1)
                                         _045_ (net)
                  0.05    0.00    3.53 v _368_/B (sky130_fd_sc_hd__or2_1)
     1    0.00    0.05    0.21    3.74 v _368_/X (sky130_fd_sc_hd__or2_1)
                                         _047_ (net)
                  0.05    0.00    3.74 v _372_/A3 (sky130_fd_sc_hd__a31o_1)
     1    0.00    0.03    0.21    3.95 v _372_/X (sky130_fd_sc_hd__a31o_1)
                                         _051_ (net)
                  0.03    0.00    3.95 v _373_/B2 (sky130_fd_sc_hd__o2bb2a_1)
     1    0.00    0.05    0.27    4.22 v _373_/X (sky130_fd_sc_hd__o2bb2a_1)
                                         net24 (net)
                  0.05    0.00    4.22 v output24/A (sky130_fd_sc_hd__buf_2)
     1    0.03    0.09    0.19    4.41 v output24/X (sky130_fd_sc_hd__buf_2)
                                         out[4] (net)
                  0.09    0.00    4.41 v out[4] (out)
                                  4.41   data arrival time

                  0.00   10.00   10.00   clock __VIRTUAL_CLK__ (rise edge)
                          0.00   10.00   clock network delay (ideal)
                         -0.25    9.75   clock uncertainty
                          0.00    9.75   clock reconvergence pessimism
                         -2.00    7.75   output external delay
                                  7.75   data required time
-----------------------------------------------------------------------------
                                  7.75   data required time
                                 -4.41   data arrival time
-----------------------------------------------------------------------------
                                  3.34   slack (MET)


Startpoint: B[2] (input port clocked by __VIRTUAL_CLK__)
Endpoint: out[3] (output port clocked by __VIRTUAL_CLK__)
Path Group: __VIRTUAL_CLK__
Path Type: max

Fanout     Cap    Slew   Delay    Time   Description
-----------------------------------------------------------------------------
                  0.00    0.00    0.00   clock __VIRTUAL_CLK__ (rise edge)
                          0.00    0.00   clock network delay (ideal)
                          2.00    2.00 ^ input external delay
     1    0.00    0.02    0.01    2.01 ^ B[2] (in)
                                         B[2] (net)
                  0.02    0.00    2.01 ^ input11/A (sky130_fd_sc_hd__buf_2)
     5    0.03    0.13    0.17    2.17 ^ input11/X (sky130_fd_sc_hd__buf_2)
                                         net11 (net)
                  0.13    0.00    2.17 ^ _289_/A (sky130_fd_sc_hd__buf_8)
    10    0.04    0.08    0.16    2.33 ^ _289_/X (sky130_fd_sc_hd__buf_8)
                                         _218_ (net)
                  0.08    0.00    2.33 ^ _322_/B (sky130_fd_sc_hd__nand2_2)
     3    0.01    0.06    0.08    2.41 v _322_/Y (sky130_fd_sc_hd__nand2_2)
                                         _002_ (net)
                  0.06    0.00    2.41 v _325_/A (sky130_fd_sc_hd__or3_4)
     2    0.00    0.06    0.40    2.81 v _325_/X (sky130_fd_sc_hd__or3_4)
                                         _005_ (net)
                  0.06    0.00    2.81 v _330_/A1 (sky130_fd_sc_hd__a21o_1)
     2    0.00    0.04    0.17    2.98 v _330_/X (sky130_fd_sc_hd__a21o_1)
                                         _010_ (net)
                  0.04    0.00    2.98 v _331_/B (sky130_fd_sc_hd__and2b_1)
     1    0.01    0.06    0.18    3.16 v _331_/X (sky130_fd_sc_hd__and2b_1)
                                         _011_ (net)
                  0.06    0.00    3.16 v _332_/B (sky130_fd_sc_hd__xnor2_2)
     2    0.01    0.05    0.14    3.30 v _332_/Y (sky130_fd_sc_hd__xnor2_2)
                                         _012_ (net)
                  0.05    0.00    3.30 v _334_/B (sky130_fd_sc_hd__or2_1)
     1    0.00    0.05    0.21    3.51 v _334_/X (sky130_fd_sc_hd__or2_1)
                                         _014_ (net)
                  0.05    0.00    3.51 v _338_/A3 (sky130_fd_sc_hd__a31o_1)
     1    0.00    0.03    0.21    3.72 v _338_/X (sky130_fd_sc_hd__a31o_1)
                                         _018_ (net)
                  0.03    0.00    3.72 v _339_/B2 (sky130_fd_sc_hd__o2bb2a_1)
     2    0.00    0.05    0.28    4.00 v _339_/X (sky130_fd_sc_hd__o2bb2a_1)
                                         net23 (net)
                  0.05    0.00    4.00 v output23/A (sky130_fd_sc_hd__buf_2)
     1    0.03    0.09    0.19    4.19 v output23/X (sky130_fd_sc_hd__buf_2)
                                         out[3] (net)
                  0.09    0.00    4.19 v out[3] (out)
                                  4.19   data arrival time

                  0.00   10.00   10.00   clock __VIRTUAL_CLK__ (rise edge)
                          0.00   10.00   clock network delay (ideal)
                         -0.25    9.75   clock uncertainty
                          0.00    9.75   clock reconvergence pessimism
                         -2.00    7.75   output external delay
                                  7.75   data required time
-----------------------------------------------------------------------------
                                  7.75   data required time
                                 -4.19   data arrival time
-----------------------------------------------------------------------------
                                  3.56   slack (MET)


Startpoint: B[1] (input port clocked by __VIRTUAL_CLK__)
Endpoint: out[2] (output port clocked by __VIRTUAL_CLK__)
Path Group: __VIRTUAL_CLK__
Path Type: max

Fanout     Cap    Slew   Delay    Time   Description
-----------------------------------------------------------------------------
                  0.00    0.00    0.00   clock __VIRTUAL_CLK__ (rise edge)
                          0.00    0.00   clock network delay (ideal)
                          2.00    2.00 v input external delay
     1    0.00    0.01    0.01    2.01 v B[1] (in)
                                         B[1] (net)
                  0.01    0.00    2.01 v input10/A (sky130_fd_sc_hd__buf_6)
     5    0.03    0.04    0.12    2.13 v input10/X (sky130_fd_sc_hd__buf_6)
                                         net10 (net)
                  0.04    0.00    2.13 v _266_/A (sky130_fd_sc_hd__buf_12)
     5    0.03    0.03    0.13    2.26 v _266_/X (sky130_fd_sc_hd__buf_12)
                                         _196_ (net)
                  0.03    0.00    2.26 v _267_/A (sky130_fd_sc_hd__clkbuf_4)
    10    0.02    0.06    0.17    2.43 v _267_/X (sky130_fd_sc_hd__clkbuf_4)
                                         _197_ (net)
                  0.06    0.00    2.43 v _277_/B (sky130_fd_sc_hd__and3_4)
     2    0.00    0.03    0.18    2.61 v _277_/X (sky130_fd_sc_hd__and3_4)
                                         _207_ (net)
                  0.03    0.00    2.61 v _279_/C (sky130_fd_sc_hd__or3_4)
     2    0.00    0.06    0.33    2.94 v _279_/X (sky130_fd_sc_hd__or3_4)
                                         _209_ (net)
                  0.06    0.00    2.94 v _301_/A2 (sky130_fd_sc_hd__a21o_1)
     3    0.01    0.05    0.21    3.15 v _301_/X (sky130_fd_sc_hd__a21o_1)
                                         _230_ (net)
                  0.05    0.00    3.15 v _303_/A2 (sky130_fd_sc_hd__o21a_1)
     1    0.00    0.03    0.17    3.32 v _303_/X (sky130_fd_sc_hd__o21a_1)
                                         _232_ (net)
                  0.03    0.00    3.32 v _308_/A2 (sky130_fd_sc_hd__a211o_1)
     1    0.00    0.04    0.28    3.60 v _308_/X (sky130_fd_sc_hd__a211o_1)
                                         _237_ (net)
                  0.04    0.00    3.60 v _309_/B2 (sky130_fd_sc_hd__o2bb2a_1)
     1    0.00    0.05    0.27    3.87 v _309_/X (sky130_fd_sc_hd__o2bb2a_1)
                                         net22 (net)
                  0.05    0.00    3.87 v output22/A (sky130_fd_sc_hd__buf_2)
     1    0.03    0.09    0.19    4.06 v output22/X (sky130_fd_sc_hd__buf_2)
                                         out[2] (net)
                  0.09    0.00    4.06 v out[2] (out)
                                  4.06   data arrival time

                  0.00   10.00   10.00   clock __VIRTUAL_CLK__ (rise edge)
                          0.00   10.00   clock network delay (ideal)
                         -0.25    9.75   clock uncertainty
                          0.00    9.75   clock reconvergence pessimism
                         -2.00    7.75   output external delay
                                  7.75   data required time
-----------------------------------------------------------------------------
                                  7.75   data required time
                                 -4.06   data arrival time
-----------------------------------------------------------------------------
                                  3.69   slack (MET)


Startpoint: B[1] (input port clocked by __VIRTUAL_CLK__)
Endpoint: out[1] (output port clocked by __VIRTUAL_CLK__)
Path Group: __VIRTUAL_CLK__
Path Type: max

Fanout     Cap    Slew   Delay    Time   Description
-----------------------------------------------------------------------------
                  0.00    0.00    0.00   clock __VIRTUAL_CLK__ (rise edge)
                          0.00    0.00   clock network delay (ideal)
                          2.00    2.00 v input external delay
     1    0.00    0.01    0.01    2.01 v B[1] (in)
                                         B[1] (net)
                  0.01    0.00    2.01 v input10/A (sky130_fd_sc_hd__buf_6)
     5    0.03    0.04    0.12    2.13 v input10/X (sky130_fd_sc_hd__buf_6)
                                         net10 (net)
                  0.04    0.00    2.13 v _266_/A (sky130_fd_sc_hd__buf_12)
     5    0.03    0.03    0.13    2.26 v _266_/X (sky130_fd_sc_hd__buf_12)
                                         _196_ (net)
                  0.03    0.00    2.26 v _267_/A (sky130_fd_sc_hd__clkbuf_4)
    10    0.02    0.06    0.17    2.43 v _267_/X (sky130_fd_sc_hd__clkbuf_4)
                                         _197_ (net)
                  0.06    0.00    2.43 v _277_/B (sky130_fd_sc_hd__and3_4)
     2    0.00    0.03    0.18    2.61 v _277_/X (sky130_fd_sc_hd__and3_4)
                                         _207_ (net)
                  0.03    0.00    2.61 v _279_/C (sky130_fd_sc_hd__or3_4)
     2    0.00    0.06    0.33    2.94 v _279_/X (sky130_fd_sc_hd__or3_4)
                                         _209_ (net)
                  0.06    0.00    2.94 v _280_/B_N (sky130_fd_sc_hd__or2b_1)
     1    0.00    0.05    0.17    3.11 ^ _280_/X (sky130_fd_sc_hd__or2b_1)
                                         _210_ (net)
                  0.05    0.00    3.11 ^ _281_/B (sky130_fd_sc_hd__xnor2_1)
     1    0.00    0.04    0.06    3.17 v _281_/Y (sky130_fd_sc_hd__xnor2_1)
                                         _211_ (net)
                  0.04    0.00    3.17 v _286_/A2 (sky130_fd_sc_hd__a211o_1)
     1    0.00    0.04    0.29    3.46 v _286_/X (sky130_fd_sc_hd__a211o_1)
                                         _216_ (net)
                  0.04    0.00    3.46 v _287_/B2 (sky130_fd_sc_hd__o2bb2a_1)
     2    0.00    0.05    0.28    3.74 v _287_/X (sky130_fd_sc_hd__o2bb2a_1)
                                         net21 (net)
                  0.05    0.00    3.74 v output21/A (sky130_fd_sc_hd__buf_2)
     1    0.03    0.09    0.19    3.93 v output21/X (sky130_fd_sc_hd__buf_2)
                                         out[1] (net)
                  0.09    0.00    3.93 v out[1] (out)
                                  3.93   data arrival time

                  0.00   10.00   10.00   clock __VIRTUAL_CLK__ (rise edge)
                          0.00   10.00   clock network delay (ideal)
                         -0.25    9.75   clock uncertainty
                          0.00    9.75   clock reconvergence pessimism
                         -2.00    7.75   output external delay
                                  7.75   data required time
-----------------------------------------------------------------------------
                                  7.75   data required time
                                 -3.93   data arrival time
-----------------------------------------------------------------------------
                                  3.82   slack (MET)


Startpoint: opcode[1] (input port clocked by __VIRTUAL_CLK__)
Endpoint: out[0] (output port clocked by __VIRTUAL_CLK__)
Path Group: __VIRTUAL_CLK__
Path Type: max

Fanout     Cap    Slew   Delay    Time   Description
-----------------------------------------------------------------------------
                  0.00    0.00    0.00   clock __VIRTUAL_CLK__ (rise edge)
                          0.00    0.00   clock network delay (ideal)
                          2.00    2.00 ^ input external delay
     1    0.00    0.02    0.01    2.01 ^ opcode[1] (in)
                                         opcode[1] (net)
                  0.02    0.00    2.01 ^ input18/A (sky130_fd_sc_hd__clkbuf_4)
     5    0.03    0.09    0.16    2.17 ^ input18/X (sky130_fd_sc_hd__clkbuf_4)
                                         net18 (net)
                  0.09    0.00    2.17 ^ _249_/B (sky130_fd_sc_hd__or2_2)
     5    0.02    0.10    0.17    2.35 ^ _249_/X (sky130_fd_sc_hd__or2_2)
                                         _180_ (net)
                  0.10    0.00    2.35 ^ _258_/B (sky130_fd_sc_hd__nor2_4)
     8    0.02    0.04    0.06    2.40 v _258_/Y (sky130_fd_sc_hd__nor2_4)
                                         _189_ (net)
                  0.04    0.00    2.40 v _260_/A1 (sky130_fd_sc_hd__o211a_1)
     1    0.00    0.04    0.22    2.62 v _260_/X (sky130_fd_sc_hd__o211a_1)
                                         _191_ (net)
                  0.04    0.00    2.62 v _261_/B1 (sky130_fd_sc_hd__a31o_1)
     1    0.00    0.03    0.18    2.80 v _261_/X (sky130_fd_sc_hd__a31o_1)
                                         _192_ (net)
                  0.03    0.00    2.80 v _262_/B2 (sky130_fd_sc_hd__a2bb2o_1)
     2    0.00    0.05    0.24    3.04 v _262_/X (sky130_fd_sc_hd__a2bb2o_1)
                                         net20 (net)
                  0.05    0.00    3.04 v output20/A (sky130_fd_sc_hd__buf_2)
     1    0.03    0.09    0.19    3.23 v output20/X (sky130_fd_sc_hd__buf_2)
                                         out[0] (net)
                  0.09    0.00    3.23 v out[0] (out)
                                  3.23   data arrival time

                  0.00   10.00   10.00   clock __VIRTUAL_CLK__ (rise edge)
                          0.00   10.00   clock network delay (ideal)
                         -0.25    9.75   clock uncertainty
                          0.00    9.75   clock reconvergence pessimism
                         -2.00    7.75   output external delay
                                  7.75   data required time
-----------------------------------------------------------------------------
                                  7.75   data required time
                                 -3.23   data arrival time
-----------------------------------------------------------------------------
                                  4.52   slack (MET)



worst slack corner Typical: 2.6366
max_report_end
checks_report

===========================================================================
report_checks -unconstrained
===========================================================================
======================= Typical Corner ===================================

Startpoint: B[1] (input port clocked by __VIRTUAL_CLK__)
Endpoint: out[7] (output port clocked by __VIRTUAL_CLK__)
Path Group: __VIRTUAL_CLK__
Path Type: max

Fanout     Cap    Slew   Delay    Time   Description
-----------------------------------------------------------------------------
                  0.00    0.00    0.00   clock __VIRTUAL_CLK__ (rise edge)
                          0.00    0.00   clock network delay (ideal)
                          2.00    2.00 v input external delay
     1    0.00    0.01    0.01    2.01 v B[1] (in)
                                         B[1] (net)
                  0.01    0.00    2.01 v input10/A (sky130_fd_sc_hd__buf_6)
     5    0.03    0.04    0.12    2.13 v input10/X (sky130_fd_sc_hd__buf_6)
                                         net10 (net)
                  0.04    0.00    2.13 v _266_/A (sky130_fd_sc_hd__buf_12)
     5    0.03    0.03    0.13    2.26 v _266_/X (sky130_fd_sc_hd__buf_12)
                                         _196_ (net)
                  0.03    0.00    2.26 v _383_/A1 (sky130_fd_sc_hd__a22o_4)
     3    0.01    0.05    0.25    2.52 v _383_/X (sky130_fd_sc_hd__a22o_4)
                                         _061_ (net)
                  0.05    0.00    2.52 v _385_/A2 (sky130_fd_sc_hd__a21o_1)
     2    0.01    0.05    0.20    2.71 v _385_/X (sky130_fd_sc_hd__a21o_1)
                                         _063_ (net)
                  0.05    0.00    2.71 v _389_/A1 (sky130_fd_sc_hd__a21o_4)
     3    0.01    0.05    0.22    2.93 v _389_/X (sky130_fd_sc_hd__a21o_4)
                                         _067_ (net)
                  0.05    0.00    2.93 v _395_/A1 (sky130_fd_sc_hd__a21o_1)
     2    0.00    0.04    0.17    3.10 v _395_/X (sky130_fd_sc_hd__a21o_1)
                                         _073_ (net)
                  0.04    0.00    3.10 v _398_/C (sky130_fd_sc_hd__and3_4)
     2    0.00    0.03    0.18    3.28 v _398_/X (sky130_fd_sc_hd__and3_4)
                                         _076_ (net)
                  0.03    0.00    3.28 v _401_/C (sky130_fd_sc_hd__or3_4)
     3    0.01    0.07    0.35    3.63 v _401_/X (sky130_fd_sc_hd__or3_4)
                                         _079_ (net)
                  0.07    0.00    3.63 v _465_/A1 (sky130_fd_sc_hd__a211o_4)
     2    0.00    0.05    0.34    3.97 v _465_/X (sky130_fd_sc_hd__a211o_4)
                                         _141_ (net)
                  0.05    0.00    3.97 v _494_/C (sky130_fd_sc_hd__or3_4)
     2    0.00    0.06    0.34    4.30 v _494_/X (sky130_fd_sc_hd__or3_4)
                                         _170_ (net)
                  0.06    0.00    4.30 v _496_/A (sky130_fd_sc_hd__and3_1)
     1    0.00    0.04    0.15    4.45 v _496_/X (sky130_fd_sc_hd__and3_1)
                                         _172_ (net)
                  0.04    0.00    4.45 v _498_/A1 (sky130_fd_sc_hd__o21a_1)
     1    0.00    0.04    0.19    4.64 v _498_/X (sky130_fd_sc_hd__o21a_1)
                                         _174_ (net)
                  0.04    0.00    4.64 v _503_/A3 (sky130_fd_sc_hd__o32a_4)
     1    0.01    0.06    0.32    4.97 v _503_/X (sky130_fd_sc_hd__o32a_4)
                                         net27 (net)
                  0.06    0.00    4.97 v output27/A (sky130_fd_sc_hd__buf_8)
     1    0.03    0.04    0.15    5.11 v output27/X (sky130_fd_sc_hd__buf_8)
                                         out[7] (net)
                  0.04    0.00    5.11 v out[7] (out)
                                  5.11   data arrival time

                  0.00   10.00   10.00   clock __VIRTUAL_CLK__ (rise edge)
                          0.00   10.00   clock network delay (ideal)
                         -0.25    9.75   clock uncertainty
                          0.00    9.75   clock reconvergence pessimism
                         -2.00    7.75   output external delay
                                  7.75   data required time
-----------------------------------------------------------------------------
                                  7.75   data required time
                                 -5.11   data arrival time
-----------------------------------------------------------------------------
                                  2.64   slack (MET)




===========================================================================
report_checks --slack_max -0.01
============================================================================
======================= Typical Corner ===================================

No paths found.


===========================================================================
 report_check_types -max_slew -max_cap -max_fanout -violators
============================================================================
======================= Typical Corner ===================================


max slew violations count Typical: 0
max fanout violations count Typical: 0
max cap violations count Typical: 0

===========================================================================
report_parasitic_annotation -report_unannotated
============================================================================
Found 316 unannotated drivers.
 A[0]
 A[1]
 A[2]
 A[3]
 A[4]
 A[5]
 A[6]
 A[7]
 B[0]
 B[1]
 B[2]
 B[3]
 B[4]
 B[5]
 B[6]
 B[7]
 opcode[0]
 opcode[1]
 opcode[2]
 _248_/X
 _249_/X
 _250_/X
 _251_/X
 _252_/X
 _253_/X
 _254_/Y
 _255_/Y
 _256_/Y
 _257_/Y
 _258_/Y
 _259_/Y
 _260_/X
 _261_/X
 _262_/X
 _263_/X
 _264_/Y
 _265_/X
 _266_/X
 _267_/X
 _268_/Y
 _269_/X
 _270_/X
 _271_/Y
 _272_/X
 _273_/X
 _274_/X
 _275_/Y
 _276_/Y
 _277_/X
 _278_/X
 _279_/X
 _280_/X
 _281_/Y
 _282_/X
 _283_/X
 _284_/X
 _285_/X
 _286_/X
 _287_/X
 _288_/X
 _289_/X
 _290_/Y
 _291_/X
 _292_/X
 _293_/X
 _294_/X
 _295_/X
 _296_/Y
 _297_/Y
 _298_/X
 _299_/Y
 _300_/X
 _301_/X
 _302_/Y
 _303_/X
 _304_/Y
 _305_/X
 _306_/X
 _307_/X
 _308_/X
 _309_/X
 _310_/X
 _311_/X
 _312_/X
 _313_/X
 _314_/Y
 _315_/X
 _316_/Y
 _317_/X
 _318_/X
 _319_/X
 _320_/X
 _321_/Y
 _322_/Y
 _323_/X
 _324_/Y
 _325_/X
 _326_/Y
 _327_/X
 _328_/X
 _329_/X
 _330_/X
 _331_/X
 _332_/Y
 _333_/Y
 _334_/X
 _335_/Y
 _336_/X
 _337_/X
 _338_/X
 _339_/X
 _340_/X
 _341_/X
 _342_/X
 _343_/X
 _344_/X
 _345_/Y
 _346_/X
 _347_/X
 _348_/Y
 _349_/X
 _350_/Y
 _351_/Y
 _352_/X
 _353_/X
 _354_/X
 _355_/Y
 _356_/Y
 _357_/X
 _358_/X
 _359_/Y
 _360_/X
 _361_/X
 _362_/Y
 _363_/X
 _364_/Y
 _365_/Y
 _366_/X
 _367_/Y
 _368_/X
 _369_/Y
 _370_/X
 _371_/X
 _372_/X
 _373_/X
 _374_/X
 _375_/X
 _376_/X
 _377_/Y
 _378_/X
 _379_/Y
 _380_/Y
 _381_/X
 _382_/Y
 _383_/X
 _384_/X
 _385_/X
 _386_/Y
 _387_/Y
 _388_/Y
 _389_/X
 _390_/Y
 _391_/X
 _392_/X
 _393_/X
 _394_/Y
 _395_/X
 _396_/Y
 _397_/X
 _398_/X
 _399_/Y
 _400_/Y
 _401_/X
 _402_/Y
 _403_/X
 _404_/Y
 _405_/Y
 _406_/X
 _407_/X
 _408_/X
 _409_/Y
 _410_/Y
 _411_/Y
 _412_/X
 _413_/X
 _414_/Y
 _415_/Y
 _416_/Y
 _417_/X
 _418_/X
 _419_/X
 _420_/Y
 _421_/X
 _422_/Y
 _423_/X
 _424_/Y
 _425_/X
 _426_/X
 _427_/X
 _428_/X
 _429_/X
 _430_/Y
 _431_/X
 _432_/Y
 _433_/X
 _434_/X
 _435_/Y
 _436_/Y
 _437_/X
 _438_/Y
 _439_/X
 _440_/X
 _441_/X
 _442_/X
 _443_/X
 _444_/Y
 _445_/X
 _446_/X
 _447_/Y
 _448_/X
 _449_/Y
 _450_/X
 _451_/X
 _452_/Y
 _453_/Y
 _454_/X
 _455_/Y
 _456_/Y
 _457_/Y
 _458_/X
 _459_/Y
 _460_/X
 _461_/X
 _462_/Y
 _463_/X
 _464_/X
 _465_/X
 _466_/X
 _467_/Y
 _468_/Y
 _469_/X
 _470_/X
 _471_/Y
 _472_/X
 _473_/Y
 _474_/X
 _475_/Y
 _476_/X
 _477_/X
 _478_/Y
 _479_/X
 _480_/X
 _481_/Y
 _482_/Y
 _483_/X
 _484_/Y
 _485_/Y
 _486_/X
 _487_/Y
 _488_/Y
 _489_/X
 _490_/Y
 _491_/Y
 _492_/Y
 _493_/X
 _494_/X
 _495_/Y
 _496_/X
 _497_/Y
 _498_/X
 _499_/Y
 _500_/X
 _501_/Y
 _502_/Y
 _503_/X
 clone7/X
 input1/X
 input10/X
 input11/X
 input12/X
 input13/X
 input14/X
 input15/X
 input16/X
 input17/X
 input18/X
 input19/X
 input2/X
 input3/X
 input4/X
 input5/X
 input6/X
 input7/X
 input8/X
 input9/X
 max_cap28/X
 output20/X
 output21/X
 output22/X
 output23/X
 output24/X
 output25/X
 output26/X
 output27/X
 rebuffer1/X
 rebuffer10/X
 rebuffer11/X
 rebuffer12/X
 rebuffer13/X
 rebuffer2/X
 rebuffer3/X
 rebuffer4/X
 rebuffer5/X
 rebuffer6/X
 rebuffer8/X
 rebuffer9/X
Found 0 partially unannotated drivers.

===========================================================================
max slew violation count 0
max fanout violation count 0
max cap violation count 0
============================================================================

===========================================================================
check_setup -verbose -unconstrained_endpoints -multiple_clock -no_clock -no_input_delay -loops -generated_clocks
===========================================================================
checks_report_end
power_report

===========================================================================
 report_power
============================================================================
======================= Typical Corner ===================================

Group                  Internal  Switching    Leakage      Total
                          Power      Power      Power      Power (Watts)
----------------------------------------------------------------
Sequential             0.00e+00   0.00e+00   0.00e+00   0.00e+00   0.0%
Combinational          8.57e-05   7.88e-05   1.28e-09   1.64e-04 100.0%
Clock                  3.08e-10   0.00e+00   1.81e-10   4.89e-10   0.0%
Macro                  0.00e+00   0.00e+00   0.00e+00   0.00e+00   0.0%
Pad                    0.00e+00   0.00e+00   0.00e+00   0.00e+00   0.0%
----------------------------------------------------------------
Total                  8.57e-05   7.88e-05   1.46e-09   1.64e-04 100.0%
                          52.1%      47.9%       0.0%

power_report_end
summary_report

===========================================================================
report_tns
============================================================================
tns 0.00

===========================================================================
report_wns
============================================================================
wns 0.00

===========================================================================
report_worst_slack -max (Setup)
============================================================================
worst slack 2.64

===========================================================================
report_worst_slack -min (Hold)
============================================================================
worst slack 4.16
summary_report_end
area_report

===========================================================================
report_design_area
============================================================================
Design area 2799 u^2 41% utilization.
area_report_end
check_nonpropagated_clocks
__VIRTUAL_CLK__
check_nonpropagated_clocks_end
[WARNING] Did not save OpenROAD database!
