OpenROAD b16bda7e82721d10566ff7e2b68f1ff0be9f9e38 
Features included (+) or not (-): +Charts +GPU +GUI +Python
This program is licensed under the BSD-3 license. See the LICENSE file for details.
Components of this program may be licensed under more restrictive licenses which must be honored.
Top-level design name: TopModule
Block boundaries: 0 0 100000 100000
Horizontal Tracks Origin: 340, Count: 147, Step: 680
Vertical Tracks Origin: 230, Count: 217, Step: 460
Placement details for the #E side
Virtual pin count:  0
Actual pin count:  32
Total pin count:  32
Tracks count:  74
Tracks per pin:  2
Used tracks count:  63
Unused track count:  11
Starting track index:  5
Placement Map:
[340, 1700, 3060, 4420, 5780, [91m7140[0m, 8500, [91m9860[0m, 11220, [91m12580[0m, 13940, [91m15300[0m, 16660, [91m18020[0m, 19380, [91m20740[0m, 22100, [91m23460[0m, 24820, [91m26180[0m, 27540, [91m28900[0m, 30260, [91m31620[0m, 32980, [91m34340[0m, 35700, [91m37060[0m, 38420, [91m39780[0m, 41140, [91m42500[0m, 43860, [91m45220[0m, 46580, [91m47940[0m, 49300, [91m50660[0m, 52020, [91m53380[0m, 54740, [91m56100[0m, 57460, [91m58820[0m, 60180, [91m61540[0m, 62900, [91m64260[0m, 65620, [91m66980[0m, 68340, [91m69700[0m, 71060, [91m72420[0m, 73780, [91m75140[0m, 76500, [91m77860[0m, 79220, [91m80580[0m, 81940, [91m83300[0m, 84660, [91m86020[0m, 87380, [91m88740[0m, 90100, [91m91460[0m, 92820, 94180, 95540, 96900, 98260, 99620, ]
Indices of used tracks: [5, 7, 9, 11, 13, 15, 17, 19, 21, 23, 25, 27, 29, 31, 33, 35, 37, 39, 41, 43, 45, 47, 49, 51, 53, 55, 57, 59, 61, 63, 65, 67]
---
Placement details for the #W side
Virtual pin count:  0
Actual pin count:  3
Total pin count:  3
Tracks count:  74
Tracks per pin:  24
Used tracks count:  49
Unused track count:  25
Starting track index:  12
Placement Map:
[340, 1700, 3060, 4420, 5780, 7140, 8500, 9860, 11220, 12580, 13940, 15300, [91m16660[0m, 18020, 19380, 20740, 22100, 23460, 24820, 26180, 27540, 28900, 30260, 31620, 32980, 34340, 35700, 37060, 38420, 39780, 41140, 42500, 43860, 45220, 46580, 47940, [91m49300[0m, 50660, 52020, 53380, 54740, 56100, 57460, 58820, 60180, 61540, 62900, 64260, 65620, 66980, 68340, 69700, 71060, 72420, 73780, 75140, 76500, 77860, 79220, 80580, [91m81940[0m, 83300, 84660, 86020, 87380, 88740, 90100, 91460, 92820, 94180, 95540, 96900, 98260, 99620, ]
Indices of used tracks: [12, 36, 60]
---
