Sat May 31 17:52:38 +0000 2025 - Executing "{openroad -exit -no_init -python /openlane/scripts/odbpy/lefutil.py get_metal_layers -o /openlane/designs/project5/runs/RUN_2025.05.31_17.52.38/tmp/layers.list /home/beeri/.volare/sky130A/libs.ref/sky130_fd_sc_hd/techlef/sky130_fd_sc_hd__nom.tlef}"

Sat May 31 17:52:38 +0000 2025 - Executing "{/openlane/scripts/mergeLef.py -o /openlane/designs/project5/runs/RUN_2025.05.31_17.52.38/tmp/merged.nom.lef -i /home/beeri/.volare/sky130A/libs.ref/sky130_fd_sc_hd/techlef/sky130_fd_sc_hd__nom.tlef {/home/beeri/.volare/sky130A/libs.ref/sky130_fd_sc_hd/lef/sky130_fd_sc_hd.lef /home/beeri/.volare/sky130A/libs.ref/sky130_fd_sc_hd/lef/sky130_ef_sc_hd.lef} |& tee /dev/null}"

Sat May 31 17:52:38 +0000 2025 - Executing "{/openlane/scripts/mergeLef.py -o /openlane/designs/project5/runs/RUN_2025.05.31_17.52.38/tmp/merged.min.lef -i /home/beeri/.volare/sky130A/libs.ref/sky130_fd_sc_hd/techlef/sky130_fd_sc_hd__min.tlef {/home/beeri/.volare/sky130A/libs.ref/sky130_fd_sc_hd/lef/sky130_fd_sc_hd.lef /home/beeri/.volare/sky130A/libs.ref/sky130_fd_sc_hd/lef/sky130_ef_sc_hd.lef} |& tee /dev/null}"

Sat May 31 17:52:38 +0000 2025 - Executing "{/openlane/scripts/mergeLef.py -o /openlane/designs/project5/runs/RUN_2025.05.31_17.52.38/tmp/merged.max.lef -i /home/beeri/.volare/sky130A/libs.ref/sky130_fd_sc_hd/techlef/sky130_fd_sc_hd__max.tlef {/home/beeri/.volare/sky130A/libs.ref/sky130_fd_sc_hd/lef/sky130_fd_sc_hd.lef /home/beeri/.volare/sky130A/libs.ref/sky130_fd_sc_hd/lef/sky130_ef_sc_hd.lef} |& tee /dev/null}"

Sat May 31 17:52:38 +0000 2025 - Executing "{python3 /openlane/scripts/mergeLib.py --output /openlane/designs/project5/runs/RUN_2025.05.31_17.52.38/tmp/synthesis/merged.lib --name sky130A_merged /home/beeri/.volare/sky130A/libs.ref/sky130_fd_sc_hd/lib/sky130_fd_sc_hd__tt_025C_1v80.lib}"

Sat May 31 17:52:38 +0000 2025 - Executing "{python3 /openlane/scripts/libtrim.py --cell-file /openlane/designs/project5/runs/RUN_2025.05.31_17.52.38/tmp/synthesis/trimmed.lib.exclude.list --output /openlane/designs/project5/runs/RUN_2025.05.31_17.52.38/tmp/synthesis/trimmed.lib /openlane/designs/project5/runs/RUN_2025.05.31_17.52.38/tmp/synthesis/merged.lib}"

Sat May 31 17:52:39 +0000 2025 - Executing "{python3 /openlane/scripts/libtrim.py --cell-file /openlane/designs/project5/runs/RUN_2025.05.31_17.52.38/tmp/cts/cts.lib.exclude.list --output /openlane/designs/project5/runs/RUN_2025.05.31_17.52.38/tmp/cts/cts.lib /home/beeri/.volare/sky130A/libs.ref/sky130_fd_sc_hd/lib/sky130_fd_sc_hd__tt_025C_1v80.lib}"

Sat May 31 17:52:39 +0000 2025 - Executing "{python3 /openlane/scripts/libtrim.py --cell-file /openlane/designs/project5/runs/RUN_2025.05.31_17.52.38/tmp/cts/cts-fastest.lib.exclude.list --output /openlane/designs/project5/runs/RUN_2025.05.31_17.52.38/tmp/cts/cts-fastest.lib /home/beeri/.volare/sky130A/libs.ref/sky130_fd_sc_hd/lib/sky130_fd_sc_hd__ff_n40C_1v95.lib}"

Sat May 31 17:52:39 +0000 2025 - Executing "{python3 /openlane/scripts/libtrim.py --cell-file /openlane/designs/project5/runs/RUN_2025.05.31_17.52.38/tmp/cts/cts-slowest.lib.exclude.list --output /openlane/designs/project5/runs/RUN_2025.05.31_17.52.38/tmp/cts/cts-slowest.lib /home/beeri/.volare/sky130A/libs.ref/sky130_fd_sc_hd/lib/sky130_fd_sc_hd__ss_100C_1v60.lib}"

Sat May 31 17:52:39 +0000 2025 - Executing "{python3 /openlane/scripts/new_tracks.py -i /home/beeri/.volare/sky130A/libs.tech/openlane/sky130_fd_sc_hd/tracks.info -o /openlane/designs/project5/runs/RUN_2025.05.31_17.52.38/tmp/routing/config.tracks}"

Sat May 31 17:52:39 +0000 2025 - Executing "{echo {OpenLane e73fb3c57e687a0023fcd4dcfd1566ecd478362a} > /openlane/designs/project5/runs/RUN_2025.05.31_17.52.38/OPENLANE_COMMIT}"

Sat May 31 17:52:39 +0000 2025 - Executing "{yosys -c /openlane/scripts/yosys/blackbox.tcl}"

Sat May 31 17:52:39 +0000 2025 - Executing "{verilator -Wall --lint-only --Wno-DECLFILENAME --top-module TopModule /openlane/designs/project5/runs/RUN_2025.05.31_17.52.38/tmp/synthesis/blackbox/sky130_fd_sc_hd__blackbox.v /openlane/designs/project5/src/TopModule.v -Wno-fatal --relative-includes |& tee /openlane/designs/project5/runs/RUN_2025.05.31_17.52.38/logs/synthesis/linter.log /dev/null}"

Sat May 31 17:52:39 +0000 2025 - Executing "{sed -E {s/^([[:space:]]+)pg_pin(.*)/\1pin\2\n\1    direction : "inout";/g} /home/beeri/.volare/sky130A/libs.ref/sky130_fd_sc_hd/lib/sky130_fd_sc_hd__tt_025C_1v80.lib > /openlane/designs/project5/runs/RUN_2025.05.31_17.52.38/tmp/synthesis/1-sky130_fd_sc_hd__tt_025C_1v80.no_pg.lib}"

Sat May 31 17:52:40 +0000 2025 - Executing "{sed -E {s/^([[:space:]]+)pg_pin(.*)/\1pin\2\n\1    direction : "inout";/g} /openlane/designs/project5/runs/RUN_2025.05.31_17.52.38/tmp/synthesis/trimmed.lib > /openlane/designs/project5/runs/RUN_2025.05.31_17.52.38/tmp/synthesis/1-trimmed.no_pg.lib}"

Sat May 31 17:52:40 +0000 2025 - Executing "yosys -c /openlane/scripts/yosys/synth.tcl |& tee /dev/null /openlane/designs/project5/runs/RUN_2025.05.31_17.52.38/logs/synthesis/1-synthesis.log"

Sat May 31 17:52:40 +0000 2025 - Executing "{yosys -c /openlane/scripts/yosys/synth.tcl |& tee /dev/null /openlane/designs/project5/runs/RUN_2025.05.31_17.52.38/logs/synthesis/1-synthesis.log}"

Sat May 31 17:52:40 +0000 2025 - Executing "{sed -i.bak -e {s/\(set ::env(CURRENT_NETLIST)\).*/\1 \/openlane\/designs\/project5\/runs\/RUN_2025.05.31_17.52.38\/results\/synthesis\/TopModule.v/} /openlane/designs/project5/runs/RUN_2025.05.31_17.52.38/config.tcl}"

Sat May 31 17:52:40 +0000 2025 - Executing "{sed -i.bak /defparam/d /openlane/designs/project5/runs/RUN_2025.05.31_17.52.38/results/synthesis/TopModule.v}"

Sat May 31 17:52:40 +0000 2025 - Executing "sta -exit -no_init /openlane/scripts/openroad/sta/multi_corner.tcl |& tee /dev/null /openlane/designs/project5/runs/RUN_2025.05.31_17.52.38/logs/synthesis/2-sta.log"

Sat May 31 17:52:40 +0000 2025 - Executing "{sta -exit -no_init /openlane/scripts/openroad/sta/multi_corner.tcl |& tee /dev/null /openlane/designs/project5/runs/RUN_2025.05.31_17.52.38/logs/synthesis/2-sta.log}"

Sat May 31 17:52:40 +0000 2025 - Executing "openroad -exit /openlane/scripts/openroad/floorplan.tcl |& tee /dev/null /openlane/designs/project5/runs/RUN_2025.05.31_17.52.38/logs/floorplan/3-initial_fp.log"

Sat May 31 17:52:40 +0000 2025 - Executing "{openroad -exit /openlane/scripts/openroad/floorplan.tcl |& tee /dev/null /openlane/designs/project5/runs/RUN_2025.05.31_17.52.38/logs/floorplan/3-initial_fp.log}"

Sat May 31 17:52:41 +0000 2025 - Executing "{openroad -exit -no_init -python /openlane/scripts/odbpy/snap_to_grid.py --output /openlane/designs/project5/runs/RUN_2025.05.31_17.52.38/tmp/floorplan/3-minimized_pdn.txt --input-lef /openlane/designs/project5/runs/RUN_2025.05.31_17.52.38/tmp/merged.nom.lef 1.8975 1.7 3.795 3.4}"

Sat May 31 17:52:42 +0000 2025 - Executing "{openroad -exit -no_init -python /openlane/scripts/odbpy/defutil.py extract_core_dims --output-data /openlane/designs/project5/runs/RUN_2025.05.31_17.52.38/tmp/dimensions.txt --input-lef /openlane/designs/project5/runs/RUN_2025.05.31_17.52.38/tmp/merged.nom.lef /openlane/designs/project5/runs/RUN_2025.05.31_17.52.38/tmp/floorplan/3-initial_fp.def}"

Sat May 31 17:52:42 +0000 2025 - Executing "{openroad -exit -no_init -python /openlane/scripts/odbpy/io_place.py --config /openlane/designs/project5/pin_order.cfg --hor-layer met3 --ver-layer met2 --ver-width-mult 2 --hor-width-mult 2 --hor-extension 0 --ver-extension 0 --length 4 --unmatched-error --input-lef /openlane/designs/project5/runs/RUN_2025.05.31_17.52.38/tmp/merged.nom.lef --output-def /openlane/designs/project5/runs/RUN_2025.05.31_17.52.38/tmp/floorplan/4-io.def --output /openlane/designs/project5/runs/RUN_2025.05.31_17.52.38/tmp/floorplan/4-io.odb /openlane/designs/project5/runs/RUN_2025.05.31_17.52.38/tmp/floorplan/3-initial_fp.odb |& tee /dev/null /openlane/designs/project5/runs/RUN_2025.05.31_17.52.38/logs/floorplan/4-place_io.log}"

Sat May 31 17:52:42 +0000 2025 - Executing "openroad -exit /openlane/scripts/openroad/tapcell.tcl |& tee /dev/null /openlane/designs/project5/runs/RUN_2025.05.31_17.52.38/logs/floorplan/5-tap.log"

Sat May 31 17:52:42 +0000 2025 - Executing "{openroad -exit /openlane/scripts/openroad/tapcell.tcl |& tee /dev/null /openlane/designs/project5/runs/RUN_2025.05.31_17.52.38/logs/floorplan/5-tap.log}"

Sat May 31 17:52:43 +0000 2025 - Executing "openroad -exit /openlane/scripts/openroad/pdn.tcl |& tee /dev/null /openlane/designs/project5/runs/RUN_2025.05.31_17.52.38/logs/floorplan/6-pdn.log"

Sat May 31 17:52:43 +0000 2025 - Executing "{openroad -exit /openlane/scripts/openroad/pdn.tcl |& tee /dev/null /openlane/designs/project5/runs/RUN_2025.05.31_17.52.38/logs/floorplan/6-pdn.log}"

Sat May 31 17:52:43 +0000 2025 - Executing "{python3 /openlane/scripts/write_runtime.py --conclude --seconds --time-in 1748713963 {flow failed}}"

Sat May 31 17:52:43 +0000 2025 - Executing "{python3 /openlane/scripts/generate_reports.py -d /openlane/designs/project5 --design_name TopModule --tag RUN_2025.05.31_17.52.38 --output_file /openlane/designs/project5/runs/RUN_2025.05.31_17.52.38/reports/metrics.csv --man_report /openlane/designs/project5/runs/RUN_2025.05.31_17.52.38/reports/manufacturability.rpt --run_path /openlane/designs/project5/runs/RUN_2025.05.31_17.52.38}"

