
===========================================================================
report_checks -path_delay max (Setup)
============================================================================
======================= Fastest Corner ===================================

Startpoint: B[0] (input port clocked by __VIRTUAL_CLK__)
Endpoint: out[6] (output port clocked by __VIRTUAL_CLK__)
Path Group: __VIRTUAL_CLK__
Path Type: max
Corner: Fastest

Fanout     Cap    Slew   Delay    Time   Description
-----------------------------------------------------------------------------
                  0.00    0.00    0.00   clock __VIRTUAL_CLK__ (rise edge)
                          0.00    0.00   clock network delay (ideal)
                          2.00    2.00 v input external delay
     1    0.00    0.01    0.00    2.00 v B[0] (in)
                                         B[0] (net)
                  0.01    0.00    2.00 v input9/A (sky130_fd_sc_hd__buf_4)
     5    0.07    0.07    0.13    2.13 v input9/X (sky130_fd_sc_hd__buf_4)
                                         net9 (net)
                  0.07    0.01    2.13 v _251_/A (sky130_fd_sc_hd__buf_6)
    10    0.09    0.06    0.13    2.26 v _251_/X (sky130_fd_sc_hd__buf_6)
                                         _182_ (net)
                  0.06    0.01    2.27 v _252_/A (sky130_fd_sc_hd__clkbuf_4)
    10    0.07    0.10    0.17    2.45 v _252_/X (sky130_fd_sc_hd__clkbuf_4)
                                         _183_ (net)
                  0.10    0.00    2.45 v _298_/A1 (sky130_fd_sc_hd__o21a_2)
     3    0.03    0.06    0.20    2.65 v _298_/X (sky130_fd_sc_hd__o21a_2)
                                         _227_ (net)
                  0.06    0.00    2.66 v _361_/A3 (sky130_fd_sc_hd__o31a_1)
     2    0.01    0.07    0.20    2.86 v _361_/X (sky130_fd_sc_hd__o31a_1)
                                         _040_ (net)
                  0.07    0.00    2.86 v _362_/B (sky130_fd_sc_hd__xnor2_1)
     2    0.03    0.48    0.41    3.26 ^ _362_/Y (sky130_fd_sc_hd__xnor2_1)
                                         _041_ (net)
                  0.48    0.00    3.27 ^ _364_/B (sky130_fd_sc_hd__nor2_1)
     1    0.01    0.12    0.08    3.35 v _364_/Y (sky130_fd_sc_hd__nor2_1)
                                         _043_ (net)
                  0.12    0.00    3.35 v _365_/B (sky130_fd_sc_hd__nor2_1)
     3    0.04    0.53    0.45    3.80 ^ _365_/Y (sky130_fd_sc_hd__nor2_1)
                                         _044_ (net)
                  0.53    0.00    3.80 ^ _375_/A1 (sky130_fd_sc_hd__a21o_1)
     2    0.05    0.29    0.27    4.07 ^ _375_/X (sky130_fd_sc_hd__a21o_1)
                                         _053_ (net)
                  0.29    0.00    4.07 ^ _442_/A1 (sky130_fd_sc_hd__a21o_1)
     4    0.03    0.21    0.22    4.29 ^ _442_/X (sky130_fd_sc_hd__a21o_1)
                                         _119_ (net)
                  0.21    0.00    4.30 ^ _448_/A1 (sky130_fd_sc_hd__o21a_1)
     2    0.05    0.35    0.33    4.63 ^ _448_/X (sky130_fd_sc_hd__o21a_1)
                                         _125_ (net)
                  0.35    0.00    4.63 ^ _452_/A2 (sky130_fd_sc_hd__a21oi_1)
     1    0.01    0.10    0.10    4.73 v _452_/Y (sky130_fd_sc_hd__a21oi_1)
                                         _129_ (net)
                  0.10    0.00    4.73 v _453_/B2 (sky130_fd_sc_hd__a22oi_2)
     1    0.02    0.17    0.18    4.91 ^ _453_/Y (sky130_fd_sc_hd__a22oi_2)
                                         net26 (net)
                  0.17    0.00    4.91 ^ output26/A (sky130_fd_sc_hd__buf_2)
     1    0.03    0.13    0.17    5.09 ^ output26/X (sky130_fd_sc_hd__buf_2)
                                         out[6] (net)
                  0.13    0.00    5.09 ^ out[6] (out)
                                  5.09   data arrival time

                  0.00   10.00   10.00   clock __VIRTUAL_CLK__ (rise edge)
                          0.00   10.00   clock network delay (ideal)
                         -0.25    9.75   clock uncertainty
                          0.00    9.75   clock reconvergence pessimism
                         -2.00    7.75   output external delay
                                  7.75   data required time
-----------------------------------------------------------------------------
                                  7.75   data required time
                                 -5.09   data arrival time
-----------------------------------------------------------------------------
                                  2.66   slack (MET)


Startpoint: B[0] (input port clocked by __VIRTUAL_CLK__)
Endpoint: out[7] (output port clocked by __VIRTUAL_CLK__)
Path Group: __VIRTUAL_CLK__
Path Type: max
Corner: Fastest

Fanout     Cap    Slew   Delay    Time   Description
-----------------------------------------------------------------------------
                  0.00    0.00    0.00   clock __VIRTUAL_CLK__ (rise edge)
                          0.00    0.00   clock network delay (ideal)
                          2.00    2.00 v input external delay
     1    0.00    0.01    0.00    2.00 v B[0] (in)
                                         B[0] (net)
                  0.01    0.00    2.00 v input9/A (sky130_fd_sc_hd__buf_4)
     5    0.07    0.07    0.13    2.13 v input9/X (sky130_fd_sc_hd__buf_4)
                                         net9 (net)
                  0.07    0.01    2.13 v _251_/A (sky130_fd_sc_hd__buf_6)
    10    0.09    0.06    0.13    2.26 v _251_/X (sky130_fd_sc_hd__buf_6)
                                         _182_ (net)
                  0.06    0.01    2.27 v _252_/A (sky130_fd_sc_hd__clkbuf_4)
    10    0.07    0.10    0.17    2.45 v _252_/X (sky130_fd_sc_hd__clkbuf_4)
                                         _183_ (net)
                  0.10    0.00    2.45 v _298_/A1 (sky130_fd_sc_hd__o21a_2)
     3    0.03    0.06    0.20    2.65 v _298_/X (sky130_fd_sc_hd__o21a_2)
                                         _227_ (net)
                  0.06    0.00    2.66 v _361_/A3 (sky130_fd_sc_hd__o31a_1)
     2    0.01    0.07    0.20    2.86 v _361_/X (sky130_fd_sc_hd__o31a_1)
                                         _040_ (net)
                  0.07    0.00    2.86 v _362_/B (sky130_fd_sc_hd__xnor2_1)
     2    0.03    0.48    0.41    3.26 ^ _362_/Y (sky130_fd_sc_hd__xnor2_1)
                                         _041_ (net)
                  0.48    0.00    3.27 ^ _364_/B (sky130_fd_sc_hd__nor2_1)
     1    0.01    0.12    0.08    3.35 v _364_/Y (sky130_fd_sc_hd__nor2_1)
                                         _043_ (net)
                  0.12    0.00    3.35 v _365_/B (sky130_fd_sc_hd__nor2_1)
     3    0.04    0.53    0.45    3.80 ^ _365_/Y (sky130_fd_sc_hd__nor2_1)
                                         _044_ (net)
                  0.53    0.00    3.80 ^ _375_/A1 (sky130_fd_sc_hd__a21o_1)
     2    0.05    0.29    0.27    4.07 ^ _375_/X (sky130_fd_sc_hd__a21o_1)
                                         _053_ (net)
                  0.29    0.00    4.07 ^ _442_/A1 (sky130_fd_sc_hd__a21o_1)
     4    0.03    0.21    0.22    4.29 ^ _442_/X (sky130_fd_sc_hd__a21o_1)
                                         _119_ (net)
                  0.21    0.00    4.30 ^ _455_/A1 (sky130_fd_sc_hd__a21oi_2)
     1    0.02    0.11    0.09    4.38 v _455_/Y (sky130_fd_sc_hd__a21oi_2)
                                         _131_ (net)
                  0.11    0.00    4.39 v _464_/A1 (sky130_fd_sc_hd__o311a_1)
     1    0.01    0.06    0.28    4.67 v _464_/X (sky130_fd_sc_hd__o311a_1)
                                         _140_ (net)
                  0.06    0.00    4.67 v _503_/A1 (sky130_fd_sc_hd__o32a_4)
     1    0.02    0.06    0.28    4.94 v _503_/X (sky130_fd_sc_hd__o32a_4)
                                         net27 (net)
                  0.06    0.00    4.94 v output27/A (sky130_fd_sc_hd__buf_8)
     1    0.03    0.03    0.11    5.05 v output27/X (sky130_fd_sc_hd__buf_8)
                                         out[7] (net)
                  0.03    0.00    5.05 v out[7] (out)
                                  5.05   data arrival time

                  0.00   10.00   10.00   clock __VIRTUAL_CLK__ (rise edge)
                          0.00   10.00   clock network delay (ideal)
                         -0.25    9.75   clock uncertainty
                          0.00    9.75   clock reconvergence pessimism
                         -2.00    7.75   output external delay
                                  7.75   data required time
-----------------------------------------------------------------------------
                                  7.75   data required time
                                 -5.05   data arrival time
-----------------------------------------------------------------------------
                                  2.70   slack (MET)


Startpoint: B[3] (input port clocked by __VIRTUAL_CLK__)
Endpoint: out[5] (output port clocked by __VIRTUAL_CLK__)
Path Group: __VIRTUAL_CLK__
Path Type: max
Corner: Fastest

Fanout     Cap    Slew   Delay    Time   Description
-----------------------------------------------------------------------------
                  0.00    0.00    0.00   clock __VIRTUAL_CLK__ (rise edge)
                          0.00    0.00   clock network delay (ideal)
                          2.00    2.00 ^ input external delay
     1    0.00    0.02    0.01    2.01 ^ B[3] (in)
                                         B[3] (net)
                  0.02    0.00    2.01 ^ input12/A (sky130_fd_sc_hd__buf_2)
     8    0.07    0.25    0.22    2.23 ^ input12/X (sky130_fd_sc_hd__buf_2)
                                         net12 (net)
                  0.25    0.01    2.24 ^ _391_/C (sky130_fd_sc_hd__and4_1)
     2    0.03    0.24    0.30    2.54 ^ _391_/X (sky130_fd_sc_hd__and4_1)
                                         _069_ (net)
                  0.24    0.00    2.54 ^ _393_/A_N (sky130_fd_sc_hd__and2b_1)
     1    0.02    0.08    0.18    2.72 v _393_/X (sky130_fd_sc_hd__and2b_1)
                                         _071_ (net)
                  0.08    0.00    2.73 v _394_/B (sky130_fd_sc_hd__xnor2_4)
     3    0.05    0.30    0.27    2.99 ^ _394_/Y (sky130_fd_sc_hd__xnor2_4)
                                         _072_ (net)
                  0.30    0.01    3.00 ^ _396_/A (sky130_fd_sc_hd__nand3_4)
     3    0.05    0.17    0.16    3.16 v _396_/Y (sky130_fd_sc_hd__nand3_4)
                                         _074_ (net)
                  0.17    0.01    3.17 v _398_/B (sky130_fd_sc_hd__and3_4)
     2    0.04    0.06    0.21    3.38 v _398_/X (sky130_fd_sc_hd__and3_4)
                                         _076_ (net)
                  0.06    0.00    3.38 v _401_/C (sky130_fd_sc_hd__or3_4)
     3    0.03    0.07    0.25    3.63 v _401_/X (sky130_fd_sc_hd__or3_4)
                                         _079_ (net)
                  0.07    0.00    3.63 v rebuffer5/A (sky130_fd_sc_hd__clkbuf_2)
     2    0.03    0.08    0.14    3.77 v rebuffer5/X (sky130_fd_sc_hd__clkbuf_2)
                                         net33 (net)
                  0.08    0.00    3.78 v _402_/B (sky130_fd_sc_hd__nand2_1)
     3    0.03    0.22    0.20    3.98 ^ _402_/Y (sky130_fd_sc_hd__nand2_1)
                                         _080_ (net)
                  0.22    0.00    3.98 ^ _403_/B1 (sky130_fd_sc_hd__a21o_1)
     2    0.03    0.22    0.20    4.18 ^ _403_/X (sky130_fd_sc_hd__a21o_1)
                                         _081_ (net)
                  0.22    0.00    4.18 ^ _408_/A2 (sky130_fd_sc_hd__a31o_1)
     1    0.02    0.16    0.20    4.38 ^ _408_/X (sky130_fd_sc_hd__a31o_1)
                                         _086_ (net)
                  0.16    0.00    4.39 ^ _409_/B1 (sky130_fd_sc_hd__a21oi_1)
     1    0.01    0.08    0.05    4.44 v _409_/Y (sky130_fd_sc_hd__a21oi_1)
                                         _087_ (net)
                  0.08    0.00    4.44 v _410_/B1 (sky130_fd_sc_hd__a21oi_1)
     1    0.02    0.24    0.17    4.61 ^ _410_/Y (sky130_fd_sc_hd__a21oi_1)
                                         net25 (net)
                  0.24    0.00    4.61 ^ output25/A (sky130_fd_sc_hd__buf_2)
     1    0.03    0.13    0.18    4.79 ^ output25/X (sky130_fd_sc_hd__buf_2)
                                         out[5] (net)
                  0.13    0.00    4.79 ^ out[5] (out)
                                  4.79   data arrival time

                  0.00   10.00   10.00   clock __VIRTUAL_CLK__ (rise edge)
                          0.00   10.00   clock network delay (ideal)
                         -0.25    9.75   clock uncertainty
                          0.00    9.75   clock reconvergence pessimism
                         -2.00    7.75   output external delay
                                  7.75   data required time
-----------------------------------------------------------------------------
                                  7.75   data required time
                                 -4.79   data arrival time
-----------------------------------------------------------------------------
                                  2.96   slack (MET)


Startpoint: B[0] (input port clocked by __VIRTUAL_CLK__)
Endpoint: out[4] (output port clocked by __VIRTUAL_CLK__)
Path Group: __VIRTUAL_CLK__
Path Type: max
Corner: Fastest

Fanout     Cap    Slew   Delay    Time   Description
-----------------------------------------------------------------------------
                  0.00    0.00    0.00   clock __VIRTUAL_CLK__ (rise edge)
                          0.00    0.00   clock network delay (ideal)
                          2.00    2.00 v input external delay
     1    0.00    0.01    0.00    2.00 v B[0] (in)
                                         B[0] (net)
                  0.01    0.00    2.00 v input9/A (sky130_fd_sc_hd__buf_4)
     5    0.07    0.07    0.13    2.13 v input9/X (sky130_fd_sc_hd__buf_4)
                                         net9 (net)
                  0.07    0.01    2.13 v _251_/A (sky130_fd_sc_hd__buf_6)
    10    0.09    0.06    0.13    2.26 v _251_/X (sky130_fd_sc_hd__buf_6)
                                         _182_ (net)
                  0.06    0.01    2.27 v _252_/A (sky130_fd_sc_hd__clkbuf_4)
    10    0.07    0.10    0.17    2.45 v _252_/X (sky130_fd_sc_hd__clkbuf_4)
                                         _183_ (net)
                  0.10    0.00    2.45 v _298_/A1 (sky130_fd_sc_hd__o21a_2)
     3    0.03    0.06    0.20    2.65 v _298_/X (sky130_fd_sc_hd__o21a_2)
                                         _227_ (net)
                  0.06    0.00    2.66 v _361_/A3 (sky130_fd_sc_hd__o31a_1)
     2    0.01    0.07    0.20    2.86 v _361_/X (sky130_fd_sc_hd__o31a_1)
                                         _040_ (net)
                  0.07    0.00    2.86 v _362_/B (sky130_fd_sc_hd__xnor2_1)
     2    0.03    0.48    0.41    3.26 ^ _362_/Y (sky130_fd_sc_hd__xnor2_1)
                                         _041_ (net)
                  0.48    0.00    3.27 ^ _364_/B (sky130_fd_sc_hd__nor2_1)
     1    0.01    0.12    0.08    3.35 v _364_/Y (sky130_fd_sc_hd__nor2_1)
                                         _043_ (net)
                  0.12    0.00    3.35 v _365_/B (sky130_fd_sc_hd__nor2_1)
     3    0.04    0.53    0.45    3.80 ^ _365_/Y (sky130_fd_sc_hd__nor2_1)
                                         _044_ (net)
                  0.53    0.00    3.80 ^ _367_/A (sky130_fd_sc_hd__nand2_1)
     1    0.01    0.15    0.11    3.91 v _367_/Y (sky130_fd_sc_hd__nand2_1)
                                         _046_ (net)
                  0.15    0.00    3.91 v _372_/A2 (sky130_fd_sc_hd__a31o_1)
     1    0.01    0.06    0.22    4.13 v _372_/X (sky130_fd_sc_hd__a31o_1)
                                         _051_ (net)
                  0.06    0.00    4.13 v _373_/B2 (sky130_fd_sc_hd__o2bb2a_1)
     1    0.00    0.04    0.18    4.31 v _373_/X (sky130_fd_sc_hd__o2bb2a_1)
                                         net24 (net)
                  0.04    0.00    4.31 v output24/A (sky130_fd_sc_hd__buf_2)
     1    0.03    0.06    0.13    4.44 v output24/X (sky130_fd_sc_hd__buf_2)
                                         out[4] (net)
                  0.06    0.00    4.44 v out[4] (out)
                                  4.44   data arrival time

                  0.00   10.00   10.00   clock __VIRTUAL_CLK__ (rise edge)
                          0.00   10.00   clock network delay (ideal)
                         -0.25    9.75   clock uncertainty
                          0.00    9.75   clock reconvergence pessimism
                         -2.00    7.75   output external delay
                                  7.75   data required time
-----------------------------------------------------------------------------
                                  7.75   data required time
                                 -4.44   data arrival time
-----------------------------------------------------------------------------
                                  3.31   slack (MET)


Startpoint: opcode[0] (input port clocked by __VIRTUAL_CLK__)
Endpoint: out[3] (output port clocked by __VIRTUAL_CLK__)
Path Group: __VIRTUAL_CLK__
Path Type: max
Corner: Fastest

Fanout     Cap    Slew   Delay    Time   Description
-----------------------------------------------------------------------------
                  0.00    0.00    0.00   clock __VIRTUAL_CLK__ (rise edge)
                          0.00    0.00   clock network delay (ideal)
                          2.00    2.00 v input external delay
     1    0.00    0.01    0.00    2.00 v opcode[0] (in)
                                         opcode[0] (net)
                  0.01    0.00    2.00 v input17/A (sky130_fd_sc_hd__buf_2)
     5    0.05    0.09    0.13    2.13 v input17/X (sky130_fd_sc_hd__buf_2)
                                         net17 (net)
                  0.09    0.01    2.14 v _275_/A_N (sky130_fd_sc_hd__nand3b_4)
     8    0.06    0.15    0.21    2.35 v _275_/Y (sky130_fd_sc_hd__nand3b_4)
                                         _205_ (net)
                  0.15    0.01    2.36 v rebuffer12/A (sky130_fd_sc_hd__buf_2)
     2    0.02    0.04    0.15    2.51 v rebuffer12/X (sky130_fd_sc_hd__buf_2)
                                         net40 (net)
                  0.04    0.00    2.51 v _276_/A2 (sky130_fd_sc_hd__a21oi_2)
     2    0.03    0.29    0.26    2.77 ^ _276_/Y (sky130_fd_sc_hd__a21oi_2)
                                         _206_ (net)
                  0.29    0.00    2.78 ^ _278_/A1 (sky130_fd_sc_hd__o21a_1)
     2    0.02    0.16    0.20    2.97 ^ _278_/X (sky130_fd_sc_hd__o21a_1)
                                         _208_ (net)
                  0.16    0.00    2.98 ^ _301_/B1 (sky130_fd_sc_hd__a21o_1)
     3    0.04    0.28    0.24    3.21 ^ _301_/X (sky130_fd_sc_hd__a21o_1)
                                         _230_ (net)
                  0.28    0.00    3.22 ^ _312_/A2 (sky130_fd_sc_hd__a21o_1)
     3    0.03    0.17    0.20    3.42 ^ _312_/X (sky130_fd_sc_hd__a21o_1)
                                         _240_ (net)
                  0.17    0.00    3.42 ^ _318_/A (sky130_fd_sc_hd__and3_1)
     2    0.04    0.30    0.31    3.73 ^ _318_/X (sky130_fd_sc_hd__and3_1)
                                         _246_ (net)
                  0.30    0.01    3.74 ^ _320_/A_N (sky130_fd_sc_hd__and3b_1)
     1    0.01    0.04    0.14    3.87 v _320_/X (sky130_fd_sc_hd__and3b_1)
                                         _000_ (net)
                  0.04    0.00    3.87 v _339_/B1 (sky130_fd_sc_hd__o2bb2a_1)
     2    0.02    0.09    0.24    4.12 v _339_/X (sky130_fd_sc_hd__o2bb2a_1)
                                         net23 (net)
                  0.09    0.00    4.12 v output23/A (sky130_fd_sc_hd__buf_2)
     1    0.04    0.07    0.15    4.27 v output23/X (sky130_fd_sc_hd__buf_2)
                                         out[3] (net)
                  0.07    0.00    4.27 v out[3] (out)
                                  4.27   data arrival time

                  0.00   10.00   10.00   clock __VIRTUAL_CLK__ (rise edge)
                          0.00   10.00   clock network delay (ideal)
                         -0.25    9.75   clock uncertainty
                          0.00    9.75   clock reconvergence pessimism
                         -2.00    7.75   output external delay
                                  7.75   data required time
-----------------------------------------------------------------------------
                                  7.75   data required time
                                 -4.27   data arrival time
-----------------------------------------------------------------------------
                                  3.48   slack (MET)


Startpoint: B[0] (input port clocked by __VIRTUAL_CLK__)
Endpoint: out[2] (output port clocked by __VIRTUAL_CLK__)
Path Group: __VIRTUAL_CLK__
Path Type: max
Corner: Fastest

Fanout     Cap    Slew   Delay    Time   Description
-----------------------------------------------------------------------------
                  0.00    0.00    0.00   clock __VIRTUAL_CLK__ (rise edge)
                          0.00    0.00   clock network delay (ideal)
                          2.00    2.00 ^ input external delay
     1    0.00    0.02    0.01    2.01 ^ B[0] (in)
                                         B[0] (net)
                  0.02    0.00    2.01 ^ input9/A (sky130_fd_sc_hd__buf_4)
     5    0.07    0.14    0.15    2.16 ^ input9/X (sky130_fd_sc_hd__buf_4)
                                         net9 (net)
                  0.14    0.01    2.17 ^ _251_/A (sky130_fd_sc_hd__buf_6)
    10    0.09    0.14    0.16    2.32 ^ _251_/X (sky130_fd_sc_hd__buf_6)
                                         _182_ (net)
                  0.14    0.01    2.33 ^ _252_/A (sky130_fd_sc_hd__clkbuf_4)
    10    0.07    0.16    0.21    2.55 ^ _252_/X (sky130_fd_sc_hd__clkbuf_4)
                                         _183_ (net)
                  0.16    0.01    2.56 ^ _276_/A1 (sky130_fd_sc_hd__a21oi_2)
     2    0.03    0.09    0.10    2.66 v _276_/Y (sky130_fd_sc_hd__a21oi_2)
                                         _206_ (net)
                  0.09    0.00    2.66 v _279_/B (sky130_fd_sc_hd__or3_4)
     2    0.03    0.07    0.29    2.94 v _279_/X (sky130_fd_sc_hd__or3_4)
                                         _209_ (net)
                  0.07    0.00    2.95 v _301_/A2 (sky130_fd_sc_hd__a21o_1)
     3    0.04    0.13    0.23    3.18 v _301_/X (sky130_fd_sc_hd__a21o_1)
                                         _230_ (net)
                  0.13    0.00    3.19 v _303_/A2 (sky130_fd_sc_hd__o21a_1)
     1    0.01    0.04    0.17    3.35 v _303_/X (sky130_fd_sc_hd__o21a_1)
                                         _232_ (net)
                  0.04    0.00    3.36 v _308_/A2 (sky130_fd_sc_hd__a211o_1)
     1    0.01    0.06    0.22    3.58 v _308_/X (sky130_fd_sc_hd__a211o_1)
                                         _237_ (net)
                  0.06    0.00    3.58 v _309_/B2 (sky130_fd_sc_hd__o2bb2a_1)
     1    0.03    0.11    0.27    3.84 v _309_/X (sky130_fd_sc_hd__o2bb2a_1)
                                         net22 (net)
                  0.11    0.00    3.85 v output22/A (sky130_fd_sc_hd__buf_2)
     1    0.03    0.06    0.16    4.00 v output22/X (sky130_fd_sc_hd__buf_2)
                                         out[2] (net)
                  0.06    0.00    4.00 v out[2] (out)
                                  4.00   data arrival time

                  0.00   10.00   10.00   clock __VIRTUAL_CLK__ (rise edge)
                          0.00   10.00   clock network delay (ideal)
                         -0.25    9.75   clock uncertainty
                          0.00    9.75   clock reconvergence pessimism
                         -2.00    7.75   output external delay
                                  7.75   data required time
-----------------------------------------------------------------------------
                                  7.75   data required time
                                 -4.00   data arrival time
-----------------------------------------------------------------------------
                                  3.75   slack (MET)


Startpoint: opcode[0] (input port clocked by __VIRTUAL_CLK__)
Endpoint: out[1] (output port clocked by __VIRTUAL_CLK__)
Path Group: __VIRTUAL_CLK__
Path Type: max
Corner: Fastest

Fanout     Cap    Slew   Delay    Time   Description
-----------------------------------------------------------------------------
                  0.00    0.00    0.00   clock __VIRTUAL_CLK__ (rise edge)
                          0.00    0.00   clock network delay (ideal)
                          2.00    2.00 v input external delay
     1    0.00    0.01    0.00    2.00 v opcode[0] (in)
                                         opcode[0] (net)
                  0.01    0.00    2.00 v input17/A (sky130_fd_sc_hd__buf_2)
     5    0.05    0.09    0.13    2.13 v input17/X (sky130_fd_sc_hd__buf_2)
                                         net17 (net)
                  0.09    0.01    2.14 v _275_/A_N (sky130_fd_sc_hd__nand3b_4)
     8    0.06    0.15    0.21    2.35 v _275_/Y (sky130_fd_sc_hd__nand3b_4)
                                         _205_ (net)
                  0.15    0.01    2.36 v rebuffer12/A (sky130_fd_sc_hd__buf_2)
     2    0.02    0.04    0.15    2.51 v rebuffer12/X (sky130_fd_sc_hd__buf_2)
                                         net40 (net)
                  0.04    0.00    2.51 v _276_/A2 (sky130_fd_sc_hd__a21oi_2)
     2    0.03    0.29    0.26    2.77 ^ _276_/Y (sky130_fd_sc_hd__a21oi_2)
                                         _206_ (net)
                  0.29    0.00    2.78 ^ _279_/B (sky130_fd_sc_hd__or3_4)
     2    0.03    0.07    0.15    2.93 ^ _279_/X (sky130_fd_sc_hd__or3_4)
                                         _209_ (net)
                  0.07    0.00    2.93 ^ _280_/B_N (sky130_fd_sc_hd__or2b_1)
     1    0.02    0.10    0.21    3.14 v _280_/X (sky130_fd_sc_hd__or2b_1)
                                         _210_ (net)
                  0.10    0.00    3.15 v _281_/B (sky130_fd_sc_hd__xnor2_1)
     1    0.01    0.05    0.12    3.26 v _281_/Y (sky130_fd_sc_hd__xnor2_1)
                                         _211_ (net)
                  0.05    0.00    3.26 v _286_/A2 (sky130_fd_sc_hd__a211o_1)
     1    0.02    0.09    0.26    3.52 v _286_/X (sky130_fd_sc_hd__a211o_1)
                                         _216_ (net)
                  0.09    0.00    3.52 v _287_/B2 (sky130_fd_sc_hd__o2bb2a_1)
     2    0.02    0.08    0.25    3.77 v _287_/X (sky130_fd_sc_hd__o2bb2a_1)
                                         net21 (net)
                  0.08    0.00    3.77 v output21/A (sky130_fd_sc_hd__buf_2)
     1    0.03    0.06    0.14    3.91 v output21/X (sky130_fd_sc_hd__buf_2)
                                         out[1] (net)
                  0.06    0.00    3.92 v out[1] (out)
                                  3.92   data arrival time

                  0.00   10.00   10.00   clock __VIRTUAL_CLK__ (rise edge)
                          0.00   10.00   clock network delay (ideal)
                         -0.25    9.75   clock uncertainty
                          0.00    9.75   clock reconvergence pessimism
                         -2.00    7.75   output external delay
                                  7.75   data required time
-----------------------------------------------------------------------------
                                  7.75   data required time
                                 -3.92   data arrival time
-----------------------------------------------------------------------------
                                  3.83   slack (MET)


Startpoint: opcode[1] (input port clocked by __VIRTUAL_CLK__)
Endpoint: out[0] (output port clocked by __VIRTUAL_CLK__)
Path Group: __VIRTUAL_CLK__
Path Type: max
Corner: Fastest

Fanout     Cap    Slew   Delay    Time   Description
-----------------------------------------------------------------------------
                  0.00    0.00    0.00   clock __VIRTUAL_CLK__ (rise edge)
                          0.00    0.00   clock network delay (ideal)
                          2.00    2.00 v input external delay
     1    0.00    0.01    0.00    2.00 v opcode[1] (in)
                                         opcode[1] (net)
                  0.01    0.00    2.00 v input18/A (sky130_fd_sc_hd__clkbuf_4)
     5    0.06    0.09    0.15    2.15 v input18/X (sky130_fd_sc_hd__clkbuf_4)
                                         net18 (net)
                  0.09    0.00    2.15 v _249_/B (sky130_fd_sc_hd__or2_2)
     5    0.05    0.11    0.28    2.43 v _249_/X (sky130_fd_sc_hd__or2_2)
                                         _180_ (net)
                  0.11    0.00    2.44 v _258_/B (sky130_fd_sc_hd__nor2_4)
     8    0.07    0.32    0.29    2.73 ^ _258_/Y (sky130_fd_sc_hd__nor2_4)
                                         _189_ (net)
                  0.32    0.01    2.74 ^ _260_/A1 (sky130_fd_sc_hd__o211a_1)
     1    0.01    0.09    0.17    2.91 ^ _260_/X (sky130_fd_sc_hd__o211a_1)
                                         _191_ (net)
                  0.09    0.00    2.91 ^ _261_/B1 (sky130_fd_sc_hd__a31o_1)
     1    0.01    0.07    0.09    3.00 ^ _261_/X (sky130_fd_sc_hd__a31o_1)
                                         _192_ (net)
                  0.07    0.00    3.00 ^ _262_/B2 (sky130_fd_sc_hd__a2bb2o_1)
     2    0.02    0.18    0.20    3.20 ^ _262_/X (sky130_fd_sc_hd__a2bb2o_1)
                                         net20 (net)
                  0.18    0.00    3.20 ^ output20/A (sky130_fd_sc_hd__buf_2)
     1    0.04    0.13    0.18    3.38 ^ output20/X (sky130_fd_sc_hd__buf_2)
                                         out[0] (net)
                  0.13    0.00    3.38 ^ out[0] (out)
                                  3.38   data arrival time

                  0.00   10.00   10.00   clock __VIRTUAL_CLK__ (rise edge)
                          0.00   10.00   clock network delay (ideal)
                         -0.25    9.75   clock uncertainty
                          0.00    9.75   clock reconvergence pessimism
                         -2.00    7.75   output external delay
                                  7.75   data required time
-----------------------------------------------------------------------------
                                  7.75   data required time
                                 -3.38   data arrival time
-----------------------------------------------------------------------------
                                  4.37   slack (MET)



worst slack corner Fastest: 2.6632
======================= Slowest Corner ===================================

Startpoint: B[0] (input port clocked by __VIRTUAL_CLK__)
Endpoint: out[6] (output port clocked by __VIRTUAL_CLK__)
Path Group: __VIRTUAL_CLK__
Path Type: max
Corner: Slowest

Fanout     Cap    Slew   Delay    Time   Description
-----------------------------------------------------------------------------
                  0.00    0.00    0.00   clock __VIRTUAL_CLK__ (rise edge)
                          0.00    0.00   clock network delay (ideal)
                          2.00    2.00 v input external delay
     1    0.00    0.02    0.01    2.01 v B[0] (in)
                                         B[0] (net)
                  0.02    0.00    2.01 v input9/A (sky130_fd_sc_hd__buf_4)
     5    0.06    0.17    0.35    2.36 v input9/X (sky130_fd_sc_hd__buf_4)
                                         net9 (net)
                  0.17    0.01    2.36 v _251_/A (sky130_fd_sc_hd__buf_6)
    10    0.09    0.15    0.36    2.73 v _251_/X (sky130_fd_sc_hd__buf_6)
                                         _182_ (net)
                  0.15    0.01    2.74 v _252_/A (sky130_fd_sc_hd__clkbuf_4)
    10    0.07    0.24    0.46    3.20 v _252_/X (sky130_fd_sc_hd__clkbuf_4)
                                         _183_ (net)
                  0.24    0.00    3.21 v _298_/A1 (sky130_fd_sc_hd__o21a_2)
     3    0.03    0.16    0.59    3.80 v _298_/X (sky130_fd_sc_hd__o21a_2)
                                         _227_ (net)
                  0.16    0.00    3.80 v _361_/A3 (sky130_fd_sc_hd__o31a_1)
     2    0.01    0.18    0.62    4.42 v _361_/X (sky130_fd_sc_hd__o31a_1)
                                         _040_ (net)
                  0.18    0.00    4.43 v _362_/B (sky130_fd_sc_hd__xnor2_1)
     2    0.03    1.10    0.99    5.41 ^ _362_/Y (sky130_fd_sc_hd__xnor2_1)
                                         _041_ (net)
                  1.10    0.00    5.42 ^ _364_/B (sky130_fd_sc_hd__nor2_1)
     1    0.01    0.28    0.51    5.92 v _364_/Y (sky130_fd_sc_hd__nor2_1)
                                         _043_ (net)
                  0.28    0.00    5.93 v _365_/B (sky130_fd_sc_hd__nor2_1)
     3    0.04    1.25    1.10    7.03 ^ _365_/Y (sky130_fd_sc_hd__nor2_1)
                                         _044_ (net)
                  1.25    0.00    7.03 ^ _375_/A1 (sky130_fd_sc_hd__a21o_1)
     2    0.05    0.61    0.97    8.00 ^ _375_/X (sky130_fd_sc_hd__a21o_1)
                                         _053_ (net)
                  0.61    0.00    8.01 ^ _442_/A1 (sky130_fd_sc_hd__a21o_1)
     4    0.03    0.44    0.71    8.72 ^ _442_/X (sky130_fd_sc_hd__a21o_1)
                                         _119_ (net)
                  0.44    0.00    8.72 ^ _448_/A1 (sky130_fd_sc_hd__o21a_1)
     2    0.05    0.76    0.91    9.63 ^ _448_/X (sky130_fd_sc_hd__o21a_1)
                                         _125_ (net)
                  0.76    0.00    9.64 ^ _452_/A2 (sky130_fd_sc_hd__a21oi_1)
     1    0.01    0.24    0.48   10.12 v _452_/Y (sky130_fd_sc_hd__a21oi_1)
                                         _129_ (net)
                  0.24    0.00   10.12 v _453_/B2 (sky130_fd_sc_hd__a22oi_2)
     1    0.02    0.49    0.55   10.67 ^ _453_/Y (sky130_fd_sc_hd__a22oi_2)
                                         net26 (net)
                  0.49    0.00   10.68 ^ output26/A (sky130_fd_sc_hd__buf_2)
     1    0.03    0.27    0.55   11.22 ^ output26/X (sky130_fd_sc_hd__buf_2)
                                         out[6] (net)
                  0.27    0.00   11.22 ^ out[6] (out)
                                 11.22   data arrival time

                  0.00   10.00   10.00   clock __VIRTUAL_CLK__ (rise edge)
                          0.00   10.00   clock network delay (ideal)
                         -0.25    9.75   clock uncertainty
                          0.00    9.75   clock reconvergence pessimism
                         -2.00    7.75   output external delay
                                  7.75   data required time
-----------------------------------------------------------------------------
                                  7.75   data required time
                                -11.22   data arrival time
-----------------------------------------------------------------------------
                                 -3.47   slack (VIOLATED)


Startpoint: B[0] (input port clocked by __VIRTUAL_CLK__)
Endpoint: out[7] (output port clocked by __VIRTUAL_CLK__)
Path Group: __VIRTUAL_CLK__
Path Type: max
Corner: Slowest

Fanout     Cap    Slew   Delay    Time   Description
-----------------------------------------------------------------------------
                  0.00    0.00    0.00   clock __VIRTUAL_CLK__ (rise edge)
                          0.00    0.00   clock network delay (ideal)
                          2.00    2.00 v input external delay
     1    0.00    0.02    0.01    2.01 v B[0] (in)
                                         B[0] (net)
                  0.02    0.00    2.01 v input9/A (sky130_fd_sc_hd__buf_4)
     5    0.06    0.17    0.35    2.36 v input9/X (sky130_fd_sc_hd__buf_4)
                                         net9 (net)
                  0.17    0.01    2.36 v _251_/A (sky130_fd_sc_hd__buf_6)
    10    0.09    0.15    0.36    2.73 v _251_/X (sky130_fd_sc_hd__buf_6)
                                         _182_ (net)
                  0.15    0.01    2.74 v _252_/A (sky130_fd_sc_hd__clkbuf_4)
    10    0.07    0.24    0.46    3.20 v _252_/X (sky130_fd_sc_hd__clkbuf_4)
                                         _183_ (net)
                  0.24    0.00    3.21 v _298_/A1 (sky130_fd_sc_hd__o21a_2)
     3    0.03    0.16    0.59    3.80 v _298_/X (sky130_fd_sc_hd__o21a_2)
                                         _227_ (net)
                  0.16    0.00    3.80 v _361_/A3 (sky130_fd_sc_hd__o31a_1)
     2    0.01    0.18    0.62    4.42 v _361_/X (sky130_fd_sc_hd__o31a_1)
                                         _040_ (net)
                  0.18    0.00    4.43 v _362_/B (sky130_fd_sc_hd__xnor2_1)
     2    0.03    1.10    0.99    5.41 ^ _362_/Y (sky130_fd_sc_hd__xnor2_1)
                                         _041_ (net)
                  1.10    0.00    5.42 ^ _364_/B (sky130_fd_sc_hd__nor2_1)
     1    0.01    0.28    0.51    5.92 v _364_/Y (sky130_fd_sc_hd__nor2_1)
                                         _043_ (net)
                  0.28    0.00    5.93 v _365_/B (sky130_fd_sc_hd__nor2_1)
     3    0.04    1.25    1.10    7.03 ^ _365_/Y (sky130_fd_sc_hd__nor2_1)
                                         _044_ (net)
                  1.25    0.00    7.03 ^ _375_/A1 (sky130_fd_sc_hd__a21o_1)
     2    0.05    0.61    0.97    8.00 ^ _375_/X (sky130_fd_sc_hd__a21o_1)
                                         _053_ (net)
                  0.61    0.00    8.01 ^ _442_/A1 (sky130_fd_sc_hd__a21o_1)
     4    0.03    0.44    0.71    8.72 ^ _442_/X (sky130_fd_sc_hd__a21o_1)
                                         _119_ (net)
                  0.44    0.00    8.72 ^ _455_/A1 (sky130_fd_sc_hd__a21oi_2)
     1    0.02    0.26    0.37    9.08 v _455_/Y (sky130_fd_sc_hd__a21oi_2)
                                         _131_ (net)
                  0.26    0.00    9.09 v _464_/A1 (sky130_fd_sc_hd__o311a_1)
     1    0.01    0.16    0.84    9.93 v _464_/X (sky130_fd_sc_hd__o311a_1)
                                         _140_ (net)
                  0.16    0.00    9.93 v _503_/A1 (sky130_fd_sc_hd__o32a_4)
     1    0.02    0.17    0.82   10.75 v _503_/X (sky130_fd_sc_hd__o32a_4)
                                         net27 (net)
                  0.17    0.00   10.75 v output27/A (sky130_fd_sc_hd__buf_8)
     1    0.03    0.07    0.30   11.06 v output27/X (sky130_fd_sc_hd__buf_8)
                                         out[7] (net)
                  0.07    0.00   11.06 v out[7] (out)
                                 11.06   data arrival time

                  0.00   10.00   10.00   clock __VIRTUAL_CLK__ (rise edge)
                          0.00   10.00   clock network delay (ideal)
                         -0.25    9.75   clock uncertainty
                          0.00    9.75   clock reconvergence pessimism
                         -2.00    7.75   output external delay
                                  7.75   data required time
-----------------------------------------------------------------------------
                                  7.75   data required time
                                -11.06   data arrival time
-----------------------------------------------------------------------------
                                 -3.31   slack (VIOLATED)


Startpoint: B[3] (input port clocked by __VIRTUAL_CLK__)
Endpoint: out[5] (output port clocked by __VIRTUAL_CLK__)
Path Group: __VIRTUAL_CLK__
Path Type: max
Corner: Slowest

Fanout     Cap    Slew   Delay    Time   Description
-----------------------------------------------------------------------------
                  0.00    0.00    0.00   clock __VIRTUAL_CLK__ (rise edge)
                          0.00    0.00   clock network delay (ideal)
                          2.00    2.00 ^ input external delay
     1    0.00    0.04    0.02    2.02 ^ B[3] (in)
                                         B[3] (net)
                  0.04    0.00    2.02 ^ input12/A (sky130_fd_sc_hd__buf_2)
     8    0.07    0.51    0.52    2.54 ^ input12/X (sky130_fd_sc_hd__buf_2)
                                         net12 (net)
                  0.51    0.01    2.55 ^ _391_/C (sky130_fd_sc_hd__and4_1)
     2    0.03    0.52    0.92    3.46 ^ _391_/X (sky130_fd_sc_hd__and4_1)
                                         _069_ (net)
                  0.52    0.00    3.47 ^ _393_/A_N (sky130_fd_sc_hd__and2b_1)
     1    0.02    0.22    0.69    4.15 v _393_/X (sky130_fd_sc_hd__and2b_1)
                                         _071_ (net)
                  0.22    0.00    4.16 v _394_/B (sky130_fd_sc_hd__xnor2_4)
     3    0.05    0.60    0.62    4.78 ^ _394_/Y (sky130_fd_sc_hd__xnor2_4)
                                         _072_ (net)
                  0.60    0.01    4.78 ^ _396_/A (sky130_fd_sc_hd__nand3_4)
     3    0.05    0.42    0.57    5.35 v _396_/Y (sky130_fd_sc_hd__nand3_4)
                                         _074_ (net)
                  0.42    0.01    5.36 v _398_/B (sky130_fd_sc_hd__and3_4)
     2    0.04    0.13    0.59    5.95 v _398_/X (sky130_fd_sc_hd__and3_4)
                                         _076_ (net)
                  0.13    0.00    5.95 v _401_/C (sky130_fd_sc_hd__or3_4)
     3    0.03    0.18    0.81    6.77 v _401_/X (sky130_fd_sc_hd__or3_4)
                                         _079_ (net)
                  0.18    0.00    6.77 v rebuffer5/A (sky130_fd_sc_hd__clkbuf_2)
     2    0.03    0.22    0.39    7.16 v rebuffer5/X (sky130_fd_sc_hd__clkbuf_2)
                                         net33 (net)
                  0.22    0.00    7.16 v _402_/B (sky130_fd_sc_hd__nand2_1)
     3    0.03    0.46    0.47    7.63 ^ _402_/Y (sky130_fd_sc_hd__nand2_1)
                                         _080_ (net)
                  0.46    0.00    7.63 ^ _403_/B1 (sky130_fd_sc_hd__a21o_1)
     2    0.03    0.46    0.58    8.22 ^ _403_/X (sky130_fd_sc_hd__a21o_1)
                                         _081_ (net)
                  0.46    0.00    8.22 ^ _408_/A2 (sky130_fd_sc_hd__a31o_1)
     1    0.02    0.35    0.67    8.89 ^ _408_/X (sky130_fd_sc_hd__a31o_1)
                                         _086_ (net)
                  0.35    0.00    8.89 ^ _409_/B1 (sky130_fd_sc_hd__a21oi_1)
     1    0.01    0.20    0.22    9.11 v _409_/Y (sky130_fd_sc_hd__a21oi_1)
                                         _087_ (net)
                  0.20    0.00    9.11 v _410_/B1 (sky130_fd_sc_hd__a21oi_1)
     1    0.01    0.54    0.54    9.65 ^ _410_/Y (sky130_fd_sc_hd__a21oi_1)
                                         net25 (net)
                  0.54    0.00    9.65 ^ output25/A (sky130_fd_sc_hd__buf_2)
     1    0.03    0.28    0.57   10.22 ^ output25/X (sky130_fd_sc_hd__buf_2)
                                         out[5] (net)
                  0.28    0.00   10.22 ^ out[5] (out)
                                 10.22   data arrival time

                  0.00   10.00   10.00   clock __VIRTUAL_CLK__ (rise edge)
                          0.00   10.00   clock network delay (ideal)
                         -0.25    9.75   clock uncertainty
                          0.00    9.75   clock reconvergence pessimism
                         -2.00    7.75   output external delay
                                  7.75   data required time
-----------------------------------------------------------------------------
                                  7.75   data required time
                                -10.22   data arrival time
-----------------------------------------------------------------------------
                                 -2.47   slack (VIOLATED)


Startpoint: B[0] (input port clocked by __VIRTUAL_CLK__)
Endpoint: out[4] (output port clocked by __VIRTUAL_CLK__)
Path Group: __VIRTUAL_CLK__
Path Type: max
Corner: Slowest

Fanout     Cap    Slew   Delay    Time   Description
-----------------------------------------------------------------------------
                  0.00    0.00    0.00   clock __VIRTUAL_CLK__ (rise edge)
                          0.00    0.00   clock network delay (ideal)
                          2.00    2.00 v input external delay
     1    0.00    0.02    0.01    2.01 v B[0] (in)
                                         B[0] (net)
                  0.02    0.00    2.01 v input9/A (sky130_fd_sc_hd__buf_4)
     5    0.06    0.17    0.35    2.36 v input9/X (sky130_fd_sc_hd__buf_4)
                                         net9 (net)
                  0.17    0.01    2.36 v _251_/A (sky130_fd_sc_hd__buf_6)
    10    0.09    0.15    0.36    2.73 v _251_/X (sky130_fd_sc_hd__buf_6)
                                         _182_ (net)
                  0.15    0.01    2.74 v _252_/A (sky130_fd_sc_hd__clkbuf_4)
    10    0.07    0.24    0.46    3.20 v _252_/X (sky130_fd_sc_hd__clkbuf_4)
                                         _183_ (net)
                  0.24    0.00    3.21 v _298_/A1 (sky130_fd_sc_hd__o21a_2)
     3    0.03    0.16    0.59    3.80 v _298_/X (sky130_fd_sc_hd__o21a_2)
                                         _227_ (net)
                  0.16    0.00    3.80 v _361_/A3 (sky130_fd_sc_hd__o31a_1)
     2    0.01    0.18    0.62    4.42 v _361_/X (sky130_fd_sc_hd__o31a_1)
                                         _040_ (net)
                  0.18    0.00    4.43 v _362_/B (sky130_fd_sc_hd__xnor2_1)
     2    0.03    1.10    0.99    5.41 ^ _362_/Y (sky130_fd_sc_hd__xnor2_1)
                                         _041_ (net)
                  1.10    0.00    5.42 ^ _364_/B (sky130_fd_sc_hd__nor2_1)
     1    0.01    0.28    0.51    5.92 v _364_/Y (sky130_fd_sc_hd__nor2_1)
                                         _043_ (net)
                  0.28    0.00    5.93 v _365_/B (sky130_fd_sc_hd__nor2_1)
     3    0.04    1.25    1.10    7.03 ^ _365_/Y (sky130_fd_sc_hd__nor2_1)
                                         _044_ (net)
                  1.25    0.00    7.03 ^ _367_/A (sky130_fd_sc_hd__nand2_1)
     1    0.01    0.41    0.68    7.71 v _367_/Y (sky130_fd_sc_hd__nand2_1)
                                         _046_ (net)
                  0.41    0.00    7.71 v _372_/A2 (sky130_fd_sc_hd__a31o_1)
     1    0.01    0.15    0.63    8.35 v _372_/X (sky130_fd_sc_hd__a31o_1)
                                         _051_ (net)
                  0.15    0.00    8.35 v _373_/B2 (sky130_fd_sc_hd__o2bb2a_1)
     1    0.00    0.10    0.67    9.02 v _373_/X (sky130_fd_sc_hd__o2bb2a_1)
                                         net24 (net)
                  0.10    0.00    9.02 v output24/A (sky130_fd_sc_hd__buf_2)
     1    0.03    0.17    0.38    9.40 v output24/X (sky130_fd_sc_hd__buf_2)
                                         out[4] (net)
                  0.17    0.00    9.40 v out[4] (out)
                                  9.40   data arrival time

                  0.00   10.00   10.00   clock __VIRTUAL_CLK__ (rise edge)
                          0.00   10.00   clock network delay (ideal)
                         -0.25    9.75   clock uncertainty
                          0.00    9.75   clock reconvergence pessimism
                         -2.00    7.75   output external delay
                                  7.75   data required time
-----------------------------------------------------------------------------
                                  7.75   data required time
                                 -9.40   data arrival time
-----------------------------------------------------------------------------
                                 -1.65   slack (VIOLATED)


Startpoint: opcode[0] (input port clocked by __VIRTUAL_CLK__)
Endpoint: out[3] (output port clocked by __VIRTUAL_CLK__)
Path Group: __VIRTUAL_CLK__
Path Type: max
Corner: Slowest

Fanout     Cap    Slew   Delay    Time   Description
-----------------------------------------------------------------------------
                  0.00    0.00    0.00   clock __VIRTUAL_CLK__ (rise edge)
                          0.00    0.00   clock network delay (ideal)
                          2.00    2.00 v input external delay
     1    0.00    0.02    0.01    2.01 v opcode[0] (in)
                                         opcode[0] (net)
                  0.02    0.00    2.01 v input17/A (sky130_fd_sc_hd__buf_2)
     5    0.05    0.24    0.39    2.40 v input17/X (sky130_fd_sc_hd__buf_2)
                                         net17 (net)
                  0.24    0.01    2.41 v _275_/A_N (sky130_fd_sc_hd__nand3b_4)
     8    0.06    0.46    0.67    3.07 v _275_/Y (sky130_fd_sc_hd__nand3b_4)
                                         _205_ (net)
                  0.46    0.01    3.08 v rebuffer12/A (sky130_fd_sc_hd__buf_2)
     2    0.02    0.11    0.51    3.59 v rebuffer12/X (sky130_fd_sc_hd__buf_2)
                                         net40 (net)
                  0.11    0.00    3.59 v _276_/A2 (sky130_fd_sc_hd__a21oi_2)
     2    0.03    0.65    0.63    4.22 ^ _276_/Y (sky130_fd_sc_hd__a21oi_2)
                                         _206_ (net)
                  0.65    0.00    4.23 ^ _278_/A1 (sky130_fd_sc_hd__o21a_1)
     2    0.02    0.34    0.67    4.90 ^ _278_/X (sky130_fd_sc_hd__o21a_1)
                                         _208_ (net)
                  0.34    0.00    4.90 ^ _301_/B1 (sky130_fd_sc_hd__a21o_1)
     3    0.04    0.57    0.63    5.53 ^ _301_/X (sky130_fd_sc_hd__a21o_1)
                                         _230_ (net)
                  0.57    0.00    5.54 ^ _312_/A2 (sky130_fd_sc_hd__a21o_1)
     3    0.03    0.35    0.63    6.17 ^ _312_/X (sky130_fd_sc_hd__a21o_1)
                                         _240_ (net)
                  0.35    0.00    6.17 ^ _318_/A (sky130_fd_sc_hd__and3_1)
     2    0.04    0.61    0.83    7.00 ^ _318_/X (sky130_fd_sc_hd__and3_1)
                                         _246_ (net)
                  0.61    0.01    7.01 ^ _320_/A_N (sky130_fd_sc_hd__and3b_1)
     1    0.01    0.10    0.59    7.59 v _320_/X (sky130_fd_sc_hd__and3b_1)
                                         _000_ (net)
                  0.10    0.00    7.60 v _339_/B1 (sky130_fd_sc_hd__o2bb2a_1)
     2    0.02    0.25    0.85    8.44 v _339_/X (sky130_fd_sc_hd__o2bb2a_1)
                                         net23 (net)
                  0.25    0.00    8.45 v output23/A (sky130_fd_sc_hd__buf_2)
     1    0.04    0.18    0.46    8.90 v output23/X (sky130_fd_sc_hd__buf_2)
                                         out[3] (net)
                  0.18    0.00    8.91 v out[3] (out)
                                  8.91   data arrival time

                  0.00   10.00   10.00   clock __VIRTUAL_CLK__ (rise edge)
                          0.00   10.00   clock network delay (ideal)
                         -0.25    9.75   clock uncertainty
                          0.00    9.75   clock reconvergence pessimism
                         -2.00    7.75   output external delay
                                  7.75   data required time
-----------------------------------------------------------------------------
                                  7.75   data required time
                                 -8.91   data arrival time
-----------------------------------------------------------------------------
                                 -1.16   slack (VIOLATED)


Startpoint: opcode[0] (input port clocked by __VIRTUAL_CLK__)
Endpoint: out[2] (output port clocked by __VIRTUAL_CLK__)
Path Group: __VIRTUAL_CLK__
Path Type: max
Corner: Slowest

Fanout     Cap    Slew   Delay    Time   Description
-----------------------------------------------------------------------------
                  0.00    0.00    0.00   clock __VIRTUAL_CLK__ (rise edge)
                          0.00    0.00   clock network delay (ideal)
                          2.00    2.00 v input external delay
     1    0.00    0.02    0.01    2.01 v opcode[0] (in)
                                         opcode[0] (net)
                  0.02    0.00    2.01 v input17/A (sky130_fd_sc_hd__buf_2)
     5    0.05    0.24    0.39    2.40 v input17/X (sky130_fd_sc_hd__buf_2)
                                         net17 (net)
                  0.24    0.01    2.41 v _275_/A_N (sky130_fd_sc_hd__nand3b_4)
     8    0.06    0.46    0.67    3.07 v _275_/Y (sky130_fd_sc_hd__nand3b_4)
                                         _205_ (net)
                  0.46    0.01    3.08 v rebuffer12/A (sky130_fd_sc_hd__buf_2)
     2    0.02    0.11    0.51    3.59 v rebuffer12/X (sky130_fd_sc_hd__buf_2)
                                         net40 (net)
                  0.11    0.00    3.59 v _276_/A2 (sky130_fd_sc_hd__a21oi_2)
     2    0.03    0.65    0.63    4.22 ^ _276_/Y (sky130_fd_sc_hd__a21oi_2)
                                         _206_ (net)
                  0.65    0.00    4.23 ^ _278_/A1 (sky130_fd_sc_hd__o21a_1)
     2    0.02    0.34    0.67    4.90 ^ _278_/X (sky130_fd_sc_hd__o21a_1)
                                         _208_ (net)
                  0.34    0.00    4.90 ^ _301_/B1 (sky130_fd_sc_hd__a21o_1)
     3    0.04    0.57    0.63    5.53 ^ _301_/X (sky130_fd_sc_hd__a21o_1)
                                         _230_ (net)
                  0.57    0.00    5.53 ^ _302_/B (sky130_fd_sc_hd__nand2_1)
     1    0.02    0.35    0.51    6.04 v _302_/Y (sky130_fd_sc_hd__nand2_1)
                                         _231_ (net)
                  0.35    0.00    6.04 v _308_/A1 (sky130_fd_sc_hd__a211o_1)
     1    0.01    0.15    0.70    6.74 v _308_/X (sky130_fd_sc_hd__a211o_1)
                                         _237_ (net)
                  0.15    0.00    6.74 v _309_/B2 (sky130_fd_sc_hd__o2bb2a_1)
     1    0.03    0.31    0.90    7.65 v _309_/X (sky130_fd_sc_hd__o2bb2a_1)
                                         net22 (net)
                  0.31    0.00    7.65 v output22/A (sky130_fd_sc_hd__buf_2)
     1    0.03    0.17    0.48    8.13 v output22/X (sky130_fd_sc_hd__buf_2)
                                         out[2] (net)
                  0.17    0.00    8.13 v out[2] (out)
                                  8.13   data arrival time

                  0.00   10.00   10.00   clock __VIRTUAL_CLK__ (rise edge)
                          0.00   10.00   clock network delay (ideal)
                         -0.25    9.75   clock uncertainty
                          0.00    9.75   clock reconvergence pessimism
                         -2.00    7.75   output external delay
                                  7.75   data required time
-----------------------------------------------------------------------------
                                  7.75   data required time
                                 -8.13   data arrival time
-----------------------------------------------------------------------------
                                 -0.38   slack (VIOLATED)


Startpoint: opcode[0] (input port clocked by __VIRTUAL_CLK__)
Endpoint: out[1] (output port clocked by __VIRTUAL_CLK__)
Path Group: __VIRTUAL_CLK__
Path Type: max
Corner: Slowest

Fanout     Cap    Slew   Delay    Time   Description
-----------------------------------------------------------------------------
                  0.00    0.00    0.00   clock __VIRTUAL_CLK__ (rise edge)
                          0.00    0.00   clock network delay (ideal)
                          2.00    2.00 v input external delay
     1    0.00    0.02    0.01    2.01 v opcode[0] (in)
                                         opcode[0] (net)
                  0.02    0.00    2.01 v input17/A (sky130_fd_sc_hd__buf_2)
     5    0.05    0.24    0.39    2.40 v input17/X (sky130_fd_sc_hd__buf_2)
                                         net17 (net)
                  0.24    0.01    2.41 v _275_/A_N (sky130_fd_sc_hd__nand3b_4)
     8    0.06    0.46    0.67    3.07 v _275_/Y (sky130_fd_sc_hd__nand3b_4)
                                         _205_ (net)
                  0.46    0.01    3.08 v rebuffer12/A (sky130_fd_sc_hd__buf_2)
     2    0.02    0.11    0.51    3.59 v rebuffer12/X (sky130_fd_sc_hd__buf_2)
                                         net40 (net)
                  0.11    0.00    3.59 v _276_/A2 (sky130_fd_sc_hd__a21oi_2)
     2    0.03    0.65    0.63    4.22 ^ _276_/Y (sky130_fd_sc_hd__a21oi_2)
                                         _206_ (net)
                  0.65    0.00    4.22 ^ _279_/B (sky130_fd_sc_hd__or3_4)
     2    0.03    0.15    0.56    4.78 ^ _279_/X (sky130_fd_sc_hd__or3_4)
                                         _209_ (net)
                  0.15    0.00    4.79 ^ _280_/B_N (sky130_fd_sc_hd__or2b_1)
     1    0.02    0.27    0.75    5.53 v _280_/X (sky130_fd_sc_hd__or2b_1)
                                         _210_ (net)
                  0.27    0.00    5.54 v _281_/B (sky130_fd_sc_hd__xnor2_1)
     1    0.01    0.15    0.35    5.88 v _281_/Y (sky130_fd_sc_hd__xnor2_1)
                                         _211_ (net)
                  0.15    0.00    5.88 v _286_/A2 (sky130_fd_sc_hd__a211o_1)
     1    0.02    0.22    0.76    6.64 v _286_/X (sky130_fd_sc_hd__a211o_1)
                                         _216_ (net)
                  0.22    0.00    6.64 v _287_/B2 (sky130_fd_sc_hd__o2bb2a_1)
     2    0.02    0.23    0.86    7.50 v _287_/X (sky130_fd_sc_hd__o2bb2a_1)
                                         net21 (net)
                  0.23    0.00    7.50 v output21/A (sky130_fd_sc_hd__buf_2)
     1    0.03    0.17    0.44    7.94 v output21/X (sky130_fd_sc_hd__buf_2)
                                         out[1] (net)
                  0.17    0.00    7.94 v out[1] (out)
                                  7.94   data arrival time

                  0.00   10.00   10.00   clock __VIRTUAL_CLK__ (rise edge)
                          0.00   10.00   clock network delay (ideal)
                         -0.25    9.75   clock uncertainty
                          0.00    9.75   clock reconvergence pessimism
                         -2.00    7.75   output external delay
                                  7.75   data required time
-----------------------------------------------------------------------------
                                  7.75   data required time
                                 -7.94   data arrival time
-----------------------------------------------------------------------------
                                 -0.19   slack (VIOLATED)


Startpoint: opcode[0] (input port clocked by __VIRTUAL_CLK__)
Endpoint: out[0] (output port clocked by __VIRTUAL_CLK__)
Path Group: __VIRTUAL_CLK__
Path Type: max
Corner: Slowest

Fanout     Cap    Slew   Delay    Time   Description
-----------------------------------------------------------------------------
                  0.00    0.00    0.00   clock __VIRTUAL_CLK__ (rise edge)
                          0.00    0.00   clock network delay (ideal)
                          2.00    2.00 v input external delay
     1    0.00    0.02    0.01    2.01 v opcode[0] (in)
                                         opcode[0] (net)
                  0.02    0.00    2.01 v input17/A (sky130_fd_sc_hd__buf_2)
     5    0.05    0.24    0.39    2.40 v input17/X (sky130_fd_sc_hd__buf_2)
                                         net17 (net)
                  0.24    0.00    2.41 v _249_/A (sky130_fd_sc_hd__or2_2)
     5    0.05    0.33    1.04    3.45 v _249_/X (sky130_fd_sc_hd__or2_2)
                                         _180_ (net)
                  0.33    0.00    3.45 v _258_/B (sky130_fd_sc_hd__nor2_4)
     8    0.07    0.71    0.71    4.17 ^ _258_/Y (sky130_fd_sc_hd__nor2_4)
                                         _189_ (net)
                  0.71    0.01    4.18 ^ _260_/A1 (sky130_fd_sc_hd__o211a_1)
     1    0.01    0.20    0.67    4.84 ^ _260_/X (sky130_fd_sc_hd__o211a_1)
                                         _191_ (net)
                  0.20    0.00    4.84 ^ _261_/B1 (sky130_fd_sc_hd__a31o_1)
     1    0.01    0.16    0.29    5.14 ^ _261_/X (sky130_fd_sc_hd__a31o_1)
                                         _192_ (net)
                  0.16    0.00    5.14 ^ _262_/B2 (sky130_fd_sc_hd__a2bb2o_1)
     2    0.02    0.38    0.52    5.66 ^ _262_/X (sky130_fd_sc_hd__a2bb2o_1)
                                         net20 (net)
                  0.38    0.00    5.66 ^ output20/A (sky130_fd_sc_hd__buf_2)
     1    0.04    0.28    0.51    6.17 ^ output20/X (sky130_fd_sc_hd__buf_2)
                                         out[0] (net)
                  0.28    0.00    6.17 ^ out[0] (out)
                                  6.17   data arrival time

                  0.00   10.00   10.00   clock __VIRTUAL_CLK__ (rise edge)
                          0.00   10.00   clock network delay (ideal)
                         -0.25    9.75   clock uncertainty
                          0.00    9.75   clock reconvergence pessimism
                         -2.00    7.75   output external delay
                                  7.75   data required time
-----------------------------------------------------------------------------
                                  7.75   data required time
                                 -6.17   data arrival time
-----------------------------------------------------------------------------
                                  1.58   slack (MET)



worst slack corner Slowest: -3.4731
======================= Typical Corner ===================================

Startpoint: B[0] (input port clocked by __VIRTUAL_CLK__)
Endpoint: out[6] (output port clocked by __VIRTUAL_CLK__)
Path Group: __VIRTUAL_CLK__
Path Type: max
Corner: Typical

Fanout     Cap    Slew   Delay    Time   Description
-----------------------------------------------------------------------------
                  0.00    0.00    0.00   clock __VIRTUAL_CLK__ (rise edge)
                          0.00    0.00   clock network delay (ideal)
                          2.00    2.00 v input external delay
     1    0.00    0.01    0.01    2.01 v B[0] (in)
                                         B[0] (net)
                  0.01    0.00    2.01 v input9/A (sky130_fd_sc_hd__buf_4)
     5    0.06    0.09    0.19    2.20 v input9/X (sky130_fd_sc_hd__buf_4)
                                         net9 (net)
                  0.09    0.01    2.20 v _251_/A (sky130_fd_sc_hd__buf_6)
    10    0.09    0.08    0.19    2.39 v _251_/X (sky130_fd_sc_hd__buf_6)
                                         _182_ (net)
                  0.09    0.01    2.40 v _252_/A (sky130_fd_sc_hd__clkbuf_4)
    10    0.07    0.14    0.26    2.66 v _252_/X (sky130_fd_sc_hd__clkbuf_4)
                                         _183_ (net)
                  0.14    0.00    2.67 v _298_/A1 (sky130_fd_sc_hd__o21a_2)
     3    0.03    0.09    0.31    2.98 v _298_/X (sky130_fd_sc_hd__o21a_2)
                                         _227_ (net)
                  0.09    0.00    2.98 v _361_/A3 (sky130_fd_sc_hd__o31a_1)
     2    0.01    0.10    0.32    3.30 v _361_/X (sky130_fd_sc_hd__o31a_1)
                                         _040_ (net)
                  0.10    0.00    3.30 v _362_/B (sky130_fd_sc_hd__xnor2_1)
     2    0.03    0.67    0.59    3.89 ^ _362_/Y (sky130_fd_sc_hd__xnor2_1)
                                         _041_ (net)
                  0.67    0.00    3.89 ^ _364_/B (sky130_fd_sc_hd__nor2_1)
     1    0.01    0.18    0.21    4.10 v _364_/Y (sky130_fd_sc_hd__nor2_1)
                                         _043_ (net)
                  0.18    0.00    4.10 v _365_/B (sky130_fd_sc_hd__nor2_1)
     3    0.04    0.75    0.65    4.75 ^ _365_/Y (sky130_fd_sc_hd__nor2_1)
                                         _044_ (net)
                  0.75    0.00    4.75 ^ _375_/A1 (sky130_fd_sc_hd__a21o_1)
     2    0.05    0.39    0.46    5.22 ^ _375_/X (sky130_fd_sc_hd__a21o_1)
                                         _053_ (net)
                  0.39    0.00    5.22 ^ _442_/A1 (sky130_fd_sc_hd__a21o_1)
     4    0.03    0.28    0.36    5.58 ^ _442_/X (sky130_fd_sc_hd__a21o_1)
                                         _119_ (net)
                  0.28    0.00    5.58 ^ _448_/A1 (sky130_fd_sc_hd__o21a_1)
     2    0.05    0.47    0.50    6.09 ^ _448_/X (sky130_fd_sc_hd__o21a_1)
                                         _125_ (net)
                  0.47    0.00    6.09 ^ _452_/A2 (sky130_fd_sc_hd__a21oi_1)
     1    0.01    0.13    0.20    6.29 v _452_/Y (sky130_fd_sc_hd__a21oi_1)
                                         _129_ (net)
                  0.13    0.00    6.29 v _453_/B2 (sky130_fd_sc_hd__a22oi_2)
     1    0.02    0.31    0.33    6.63 ^ _453_/Y (sky130_fd_sc_hd__a22oi_2)
                                         net26 (net)
                  0.31    0.00    6.63 ^ output26/A (sky130_fd_sc_hd__buf_2)
     1    0.03    0.17    0.29    6.91 ^ output26/X (sky130_fd_sc_hd__buf_2)
                                         out[6] (net)
                  0.17    0.00    6.92 ^ out[6] (out)
                                  6.92   data arrival time

                  0.00   10.00   10.00   clock __VIRTUAL_CLK__ (rise edge)
                          0.00   10.00   clock network delay (ideal)
                         -0.25    9.75   clock uncertainty
                          0.00    9.75   clock reconvergence pessimism
                         -2.00    7.75   output external delay
                                  7.75   data required time
-----------------------------------------------------------------------------
                                  7.75   data required time
                                 -6.92   data arrival time
-----------------------------------------------------------------------------
                                  0.83   slack (MET)


Startpoint: B[0] (input port clocked by __VIRTUAL_CLK__)
Endpoint: out[7] (output port clocked by __VIRTUAL_CLK__)
Path Group: __VIRTUAL_CLK__
Path Type: max
Corner: Typical

Fanout     Cap    Slew   Delay    Time   Description
-----------------------------------------------------------------------------
                  0.00    0.00    0.00   clock __VIRTUAL_CLK__ (rise edge)
                          0.00    0.00   clock network delay (ideal)
                          2.00    2.00 v input external delay
     1    0.00    0.01    0.01    2.01 v B[0] (in)
                                         B[0] (net)
                  0.01    0.00    2.01 v input9/A (sky130_fd_sc_hd__buf_4)
     5    0.06    0.09    0.19    2.20 v input9/X (sky130_fd_sc_hd__buf_4)
                                         net9 (net)
                  0.09    0.01    2.20 v _251_/A (sky130_fd_sc_hd__buf_6)
    10    0.09    0.08    0.19    2.39 v _251_/X (sky130_fd_sc_hd__buf_6)
                                         _182_ (net)
                  0.09    0.01    2.40 v _252_/A (sky130_fd_sc_hd__clkbuf_4)
    10    0.07    0.14    0.26    2.66 v _252_/X (sky130_fd_sc_hd__clkbuf_4)
                                         _183_ (net)
                  0.14    0.00    2.67 v _298_/A1 (sky130_fd_sc_hd__o21a_2)
     3    0.03    0.09    0.31    2.98 v _298_/X (sky130_fd_sc_hd__o21a_2)
                                         _227_ (net)
                  0.09    0.00    2.98 v _361_/A3 (sky130_fd_sc_hd__o31a_1)
     2    0.01    0.10    0.32    3.30 v _361_/X (sky130_fd_sc_hd__o31a_1)
                                         _040_ (net)
                  0.10    0.00    3.30 v _362_/B (sky130_fd_sc_hd__xnor2_1)
     2    0.03    0.67    0.59    3.89 ^ _362_/Y (sky130_fd_sc_hd__xnor2_1)
                                         _041_ (net)
                  0.67    0.00    3.89 ^ _364_/B (sky130_fd_sc_hd__nor2_1)
     1    0.01    0.18    0.21    4.10 v _364_/Y (sky130_fd_sc_hd__nor2_1)
                                         _043_ (net)
                  0.18    0.00    4.10 v _365_/B (sky130_fd_sc_hd__nor2_1)
     3    0.04    0.75    0.65    4.75 ^ _365_/Y (sky130_fd_sc_hd__nor2_1)
                                         _044_ (net)
                  0.75    0.00    4.75 ^ _375_/A1 (sky130_fd_sc_hd__a21o_1)
     2    0.05    0.39    0.46    5.22 ^ _375_/X (sky130_fd_sc_hd__a21o_1)
                                         _053_ (net)
                  0.39    0.00    5.22 ^ _442_/A1 (sky130_fd_sc_hd__a21o_1)
     4    0.03    0.28    0.36    5.58 ^ _442_/X (sky130_fd_sc_hd__a21o_1)
                                         _119_ (net)
                  0.28    0.00    5.58 ^ _455_/A1 (sky130_fd_sc_hd__a21oi_2)
     1    0.02    0.15    0.17    5.75 v _455_/Y (sky130_fd_sc_hd__a21oi_2)
                                         _131_ (net)
                  0.15    0.00    5.76 v _464_/A1 (sky130_fd_sc_hd__o311a_1)
     1    0.01    0.08    0.44    6.20 v _464_/X (sky130_fd_sc_hd__o311a_1)
                                         _140_ (net)
                  0.08    0.00    6.20 v _503_/A1 (sky130_fd_sc_hd__o32a_4)
     1    0.02    0.08    0.45    6.65 v _503_/X (sky130_fd_sc_hd__o32a_4)
                                         net27 (net)
                  0.08    0.00    6.65 v output27/A (sky130_fd_sc_hd__buf_8)
     1    0.03    0.04    0.16    6.81 v output27/X (sky130_fd_sc_hd__buf_8)
                                         out[7] (net)
                  0.04    0.00    6.81 v out[7] (out)
                                  6.81   data arrival time

                  0.00   10.00   10.00   clock __VIRTUAL_CLK__ (rise edge)
                          0.00   10.00   clock network delay (ideal)
                         -0.25    9.75   clock uncertainty
                          0.00    9.75   clock reconvergence pessimism
                         -2.00    7.75   output external delay
                                  7.75   data required time
-----------------------------------------------------------------------------
                                  7.75   data required time
                                 -6.81   data arrival time
-----------------------------------------------------------------------------
                                  0.94   slack (MET)


Startpoint: B[3] (input port clocked by __VIRTUAL_CLK__)
Endpoint: out[5] (output port clocked by __VIRTUAL_CLK__)
Path Group: __VIRTUAL_CLK__
Path Type: max
Corner: Typical

Fanout     Cap    Slew   Delay    Time   Description
-----------------------------------------------------------------------------
                  0.00    0.00    0.00   clock __VIRTUAL_CLK__ (rise edge)
                          0.00    0.00   clock network delay (ideal)
                          2.00    2.00 ^ input external delay
     1    0.00    0.02    0.01    2.01 ^ B[3] (in)
                                         B[3] (net)
                  0.02    0.00    2.01 ^ input12/A (sky130_fd_sc_hd__buf_2)
     8    0.07    0.33    0.30    2.32 ^ input12/X (sky130_fd_sc_hd__buf_2)
                                         net12 (net)
                  0.33    0.01    2.33 ^ _391_/C (sky130_fd_sc_hd__and4_1)
     2    0.03    0.32    0.47    2.80 ^ _391_/X (sky130_fd_sc_hd__and4_1)
                                         _069_ (net)
                  0.32    0.00    2.80 ^ _393_/A_N (sky130_fd_sc_hd__and2b_1)
     1    0.02    0.11    0.31    3.12 v _393_/X (sky130_fd_sc_hd__and2b_1)
                                         _071_ (net)
                  0.11    0.00    3.12 v _394_/B (sky130_fd_sc_hd__xnor2_4)
     3    0.05    0.39    0.37    3.49 ^ _394_/Y (sky130_fd_sc_hd__xnor2_4)
                                         _072_ (net)
                  0.39    0.01    3.50 ^ _396_/A (sky130_fd_sc_hd__nand3_4)
     3    0.05    0.23    0.27    3.77 v _396_/Y (sky130_fd_sc_hd__nand3_4)
                                         _074_ (net)
                  0.23    0.01    3.78 v _398_/B (sky130_fd_sc_hd__and3_4)
     2    0.04    0.08    0.31    4.09 v _398_/X (sky130_fd_sc_hd__and3_4)
                                         _076_ (net)
                  0.08    0.00    4.10 v _401_/C (sky130_fd_sc_hd__or3_4)
     3    0.03    0.10    0.41    4.50 v _401_/X (sky130_fd_sc_hd__or3_4)
                                         _079_ (net)
                  0.10    0.00    4.51 v rebuffer5/A (sky130_fd_sc_hd__clkbuf_2)
     2    0.03    0.12    0.21    4.72 v rebuffer5/X (sky130_fd_sc_hd__clkbuf_2)
                                         net33 (net)
                  0.12    0.00    4.72 v _402_/B (sky130_fd_sc_hd__nand2_1)
     3    0.03    0.29    0.28    5.00 ^ _402_/Y (sky130_fd_sc_hd__nand2_1)
                                         _080_ (net)
                  0.29    0.00    5.00 ^ _403_/B1 (sky130_fd_sc_hd__a21o_1)
     2    0.03    0.29    0.32    5.32 ^ _403_/X (sky130_fd_sc_hd__a21o_1)
                                         _081_ (net)
                  0.29    0.00    5.33 ^ _408_/A2 (sky130_fd_sc_hd__a31o_1)
     1    0.02    0.22    0.33    5.66 ^ _408_/X (sky130_fd_sc_hd__a31o_1)
                                         _086_ (net)
                  0.22    0.00    5.66 ^ _409_/B1 (sky130_fd_sc_hd__a21oi_1)
     1    0.01    0.11    0.10    5.76 v _409_/Y (sky130_fd_sc_hd__a21oi_1)
                                         _087_ (net)
                  0.11    0.00    5.76 v _410_/B1 (sky130_fd_sc_hd__a21oi_1)
     1    0.01    0.33    0.32    6.08 ^ _410_/Y (sky130_fd_sc_hd__a21oi_1)
                                         net25 (net)
                  0.33    0.00    6.09 ^ output25/A (sky130_fd_sc_hd__buf_2)
     1    0.03    0.17    0.29    6.38 ^ output25/X (sky130_fd_sc_hd__buf_2)
                                         out[5] (net)
                  0.17    0.00    6.38 ^ out[5] (out)
                                  6.38   data arrival time

                  0.00   10.00   10.00   clock __VIRTUAL_CLK__ (rise edge)
                          0.00   10.00   clock network delay (ideal)
                         -0.25    9.75   clock uncertainty
                          0.00    9.75   clock reconvergence pessimism
                         -2.00    7.75   output external delay
                                  7.75   data required time
-----------------------------------------------------------------------------
                                  7.75   data required time
                                 -6.38   data arrival time
-----------------------------------------------------------------------------
                                  1.37   slack (MET)


Startpoint: B[0] (input port clocked by __VIRTUAL_CLK__)
Endpoint: out[4] (output port clocked by __VIRTUAL_CLK__)
Path Group: __VIRTUAL_CLK__
Path Type: max
Corner: Typical

Fanout     Cap    Slew   Delay    Time   Description
-----------------------------------------------------------------------------
                  0.00    0.00    0.00   clock __VIRTUAL_CLK__ (rise edge)
                          0.00    0.00   clock network delay (ideal)
                          2.00    2.00 v input external delay
     1    0.00    0.01    0.01    2.01 v B[0] (in)
                                         B[0] (net)
                  0.01    0.00    2.01 v input9/A (sky130_fd_sc_hd__buf_4)
     5    0.06    0.09    0.19    2.20 v input9/X (sky130_fd_sc_hd__buf_4)
                                         net9 (net)
                  0.09    0.01    2.20 v _251_/A (sky130_fd_sc_hd__buf_6)
    10    0.09    0.08    0.19    2.39 v _251_/X (sky130_fd_sc_hd__buf_6)
                                         _182_ (net)
                  0.09    0.01    2.40 v _252_/A (sky130_fd_sc_hd__clkbuf_4)
    10    0.07    0.14    0.26    2.66 v _252_/X (sky130_fd_sc_hd__clkbuf_4)
                                         _183_ (net)
                  0.14    0.00    2.67 v _298_/A1 (sky130_fd_sc_hd__o21a_2)
     3    0.03    0.09    0.31    2.98 v _298_/X (sky130_fd_sc_hd__o21a_2)
                                         _227_ (net)
                  0.09    0.00    2.98 v _361_/A3 (sky130_fd_sc_hd__o31a_1)
     2    0.01    0.10    0.32    3.30 v _361_/X (sky130_fd_sc_hd__o31a_1)
                                         _040_ (net)
                  0.10    0.00    3.30 v _362_/B (sky130_fd_sc_hd__xnor2_1)
     2    0.03    0.67    0.59    3.89 ^ _362_/Y (sky130_fd_sc_hd__xnor2_1)
                                         _041_ (net)
                  0.67    0.00    3.89 ^ _364_/B (sky130_fd_sc_hd__nor2_1)
     1    0.01    0.18    0.21    4.10 v _364_/Y (sky130_fd_sc_hd__nor2_1)
                                         _043_ (net)
                  0.18    0.00    4.10 v _365_/B (sky130_fd_sc_hd__nor2_1)
     3    0.04    0.75    0.65    4.75 ^ _365_/Y (sky130_fd_sc_hd__nor2_1)
                                         _044_ (net)
                  0.75    0.00    4.75 ^ _367_/A (sky130_fd_sc_hd__nand2_1)
     1    0.01    0.22    0.27    5.02 v _367_/Y (sky130_fd_sc_hd__nand2_1)
                                         _046_ (net)
                  0.22    0.00    5.02 v _372_/A2 (sky130_fd_sc_hd__a31o_1)
     1    0.01    0.08    0.34    5.36 v _372_/X (sky130_fd_sc_hd__a31o_1)
                                         _051_ (net)
                  0.08    0.00    5.36 v _373_/B2 (sky130_fd_sc_hd__o2bb2a_1)
     1    0.00    0.05    0.30    5.66 v _373_/X (sky130_fd_sc_hd__o2bb2a_1)
                                         net24 (net)
                  0.05    0.00    5.66 v output24/A (sky130_fd_sc_hd__buf_2)
     1    0.03    0.09    0.19    5.85 v output24/X (sky130_fd_sc_hd__buf_2)
                                         out[4] (net)
                  0.09    0.00    5.85 v out[4] (out)
                                  5.85   data arrival time

                  0.00   10.00   10.00   clock __VIRTUAL_CLK__ (rise edge)
                          0.00   10.00   clock network delay (ideal)
                         -0.25    9.75   clock uncertainty
                          0.00    9.75   clock reconvergence pessimism
                         -2.00    7.75   output external delay
                                  7.75   data required time
-----------------------------------------------------------------------------
                                  7.75   data required time
                                 -5.85   data arrival time
-----------------------------------------------------------------------------
                                  1.90   slack (MET)


Startpoint: opcode[0] (input port clocked by __VIRTUAL_CLK__)
Endpoint: out[3] (output port clocked by __VIRTUAL_CLK__)
Path Group: __VIRTUAL_CLK__
Path Type: max
Corner: Typical

Fanout     Cap    Slew   Delay    Time   Description
-----------------------------------------------------------------------------
                  0.00    0.00    0.00   clock __VIRTUAL_CLK__ (rise edge)
                          0.00    0.00   clock network delay (ideal)
                          2.00    2.00 v input external delay
     1    0.00    0.01    0.00    2.00 v opcode[0] (in)
                                         opcode[0] (net)
                  0.01    0.00    2.00 v input17/A (sky130_fd_sc_hd__buf_2)
     5    0.05    0.13    0.20    2.20 v input17/X (sky130_fd_sc_hd__buf_2)
                                         net17 (net)
                  0.13    0.01    2.21 v _275_/A_N (sky130_fd_sc_hd__nand3b_4)
     8    0.06    0.22    0.33    2.54 v _275_/Y (sky130_fd_sc_hd__nand3b_4)
                                         _205_ (net)
                  0.22    0.01    2.55 v rebuffer12/A (sky130_fd_sc_hd__buf_2)
     2    0.02    0.06    0.24    2.79 v rebuffer12/X (sky130_fd_sc_hd__buf_2)
                                         net40 (net)
                  0.06    0.00    2.79 v _276_/A2 (sky130_fd_sc_hd__a21oi_2)
     2    0.03    0.40    0.37    3.17 ^ _276_/Y (sky130_fd_sc_hd__a21oi_2)
                                         _206_ (net)
                  0.40    0.00    3.17 ^ _278_/A1 (sky130_fd_sc_hd__o21a_1)
     2    0.02    0.21    0.33    3.50 ^ _278_/X (sky130_fd_sc_hd__o21a_1)
                                         _208_ (net)
                  0.21    0.00    3.50 ^ _301_/B1 (sky130_fd_sc_hd__a21o_1)
     3    0.04    0.36    0.36    3.86 ^ _301_/X (sky130_fd_sc_hd__a21o_1)
                                         _230_ (net)
                  0.36    0.00    3.86 ^ _312_/A2 (sky130_fd_sc_hd__a21o_1)
     3    0.03    0.23    0.32    4.18 ^ _312_/X (sky130_fd_sc_hd__a21o_1)
                                         _240_ (net)
                  0.23    0.00    4.18 ^ _318_/A (sky130_fd_sc_hd__and3_1)
     2    0.04    0.39    0.46    4.64 ^ _318_/X (sky130_fd_sc_hd__and3_1)
                                         _246_ (net)
                  0.39    0.01    4.65 ^ _320_/A_N (sky130_fd_sc_hd__and3b_1)
     1    0.01    0.05    0.25    4.91 v _320_/X (sky130_fd_sc_hd__and3b_1)
                                         _000_ (net)
                  0.05    0.00    4.91 v _339_/B1 (sky130_fd_sc_hd__o2bb2a_1)
     2    0.02    0.13    0.39    5.30 v _339_/X (sky130_fd_sc_hd__o2bb2a_1)
                                         net23 (net)
                  0.13    0.00    5.30 v output23/A (sky130_fd_sc_hd__buf_2)
     1    0.04    0.09    0.23    5.54 v output23/X (sky130_fd_sc_hd__buf_2)
                                         out[3] (net)
                  0.09    0.00    5.54 v out[3] (out)
                                  5.54   data arrival time

                  0.00   10.00   10.00   clock __VIRTUAL_CLK__ (rise edge)
                          0.00   10.00   clock network delay (ideal)
                         -0.25    9.75   clock uncertainty
                          0.00    9.75   clock reconvergence pessimism
                         -2.00    7.75   output external delay
                                  7.75   data required time
-----------------------------------------------------------------------------
                                  7.75   data required time
                                 -5.54   data arrival time
-----------------------------------------------------------------------------
                                  2.21   slack (MET)


Startpoint: opcode[0] (input port clocked by __VIRTUAL_CLK__)
Endpoint: out[2] (output port clocked by __VIRTUAL_CLK__)
Path Group: __VIRTUAL_CLK__
Path Type: max
Corner: Typical

Fanout     Cap    Slew   Delay    Time   Description
-----------------------------------------------------------------------------
                  0.00    0.00    0.00   clock __VIRTUAL_CLK__ (rise edge)
                          0.00    0.00   clock network delay (ideal)
                          2.00    2.00 v input external delay
     1    0.00    0.01    0.00    2.00 v opcode[0] (in)
                                         opcode[0] (net)
                  0.01    0.00    2.00 v input17/A (sky130_fd_sc_hd__buf_2)
     5    0.05    0.13    0.20    2.20 v input17/X (sky130_fd_sc_hd__buf_2)
                                         net17 (net)
                  0.13    0.01    2.21 v _275_/A_N (sky130_fd_sc_hd__nand3b_4)
     8    0.06    0.22    0.33    2.54 v _275_/Y (sky130_fd_sc_hd__nand3b_4)
                                         _205_ (net)
                  0.22    0.01    2.55 v rebuffer12/A (sky130_fd_sc_hd__buf_2)
     2    0.02    0.06    0.24    2.79 v rebuffer12/X (sky130_fd_sc_hd__buf_2)
                                         net40 (net)
                  0.06    0.00    2.79 v _276_/A2 (sky130_fd_sc_hd__a21oi_2)
     2    0.03    0.40    0.37    3.17 ^ _276_/Y (sky130_fd_sc_hd__a21oi_2)
                                         _206_ (net)
                  0.40    0.00    3.17 ^ _278_/A1 (sky130_fd_sc_hd__o21a_1)
     2    0.02    0.21    0.33    3.50 ^ _278_/X (sky130_fd_sc_hd__o21a_1)
                                         _208_ (net)
                  0.21    0.00    3.50 ^ _301_/B1 (sky130_fd_sc_hd__a21o_1)
     3    0.04    0.36    0.36    3.86 ^ _301_/X (sky130_fd_sc_hd__a21o_1)
                                         _230_ (net)
                  0.36    0.00    3.86 ^ _302_/B (sky130_fd_sc_hd__nand2_1)
     1    0.02    0.18    0.23    4.08 v _302_/Y (sky130_fd_sc_hd__nand2_1)
                                         _231_ (net)
                  0.18    0.00    4.09 v _308_/A1 (sky130_fd_sc_hd__a211o_1)
     1    0.01    0.08    0.36    4.45 v _308_/X (sky130_fd_sc_hd__a211o_1)
                                         _237_ (net)
                  0.08    0.00    4.45 v _309_/B2 (sky130_fd_sc_hd__o2bb2a_1)
     1    0.03    0.16    0.42    4.87 v _309_/X (sky130_fd_sc_hd__o2bb2a_1)
                                         net22 (net)
                  0.16    0.00    4.87 v output22/A (sky130_fd_sc_hd__buf_2)
     1    0.03    0.09    0.24    5.11 v output22/X (sky130_fd_sc_hd__buf_2)
                                         out[2] (net)
                  0.09    0.00    5.12 v out[2] (out)
                                  5.12   data arrival time

                  0.00   10.00   10.00   clock __VIRTUAL_CLK__ (rise edge)
                          0.00   10.00   clock network delay (ideal)
                         -0.25    9.75   clock uncertainty
                          0.00    9.75   clock reconvergence pessimism
                         -2.00    7.75   output external delay
                                  7.75   data required time
-----------------------------------------------------------------------------
                                  7.75   data required time
                                 -5.12   data arrival time
-----------------------------------------------------------------------------
                                  2.63   slack (MET)


Startpoint: opcode[0] (input port clocked by __VIRTUAL_CLK__)
Endpoint: out[1] (output port clocked by __VIRTUAL_CLK__)
Path Group: __VIRTUAL_CLK__
Path Type: max
Corner: Typical

Fanout     Cap    Slew   Delay    Time   Description
-----------------------------------------------------------------------------
                  0.00    0.00    0.00   clock __VIRTUAL_CLK__ (rise edge)
                          0.00    0.00   clock network delay (ideal)
                          2.00    2.00 v input external delay
     1    0.00    0.01    0.00    2.00 v opcode[0] (in)
                                         opcode[0] (net)
                  0.01    0.00    2.00 v input17/A (sky130_fd_sc_hd__buf_2)
     5    0.05    0.13    0.20    2.20 v input17/X (sky130_fd_sc_hd__buf_2)
                                         net17 (net)
                  0.13    0.01    2.21 v _275_/A_N (sky130_fd_sc_hd__nand3b_4)
     8    0.06    0.22    0.33    2.54 v _275_/Y (sky130_fd_sc_hd__nand3b_4)
                                         _205_ (net)
                  0.22    0.01    2.55 v rebuffer12/A (sky130_fd_sc_hd__buf_2)
     2    0.02    0.06    0.24    2.79 v rebuffer12/X (sky130_fd_sc_hd__buf_2)
                                         net40 (net)
                  0.06    0.00    2.79 v _276_/A2 (sky130_fd_sc_hd__a21oi_2)
     2    0.03    0.40    0.37    3.17 ^ _276_/Y (sky130_fd_sc_hd__a21oi_2)
                                         _206_ (net)
                  0.40    0.00    3.17 ^ _279_/B (sky130_fd_sc_hd__or3_4)
     2    0.03    0.09    0.27    3.43 ^ _279_/X (sky130_fd_sc_hd__or3_4)
                                         _209_ (net)
                  0.09    0.00    3.44 ^ _280_/B_N (sky130_fd_sc_hd__or2b_1)
     1    0.02    0.14    0.35    3.78 v _280_/X (sky130_fd_sc_hd__or2b_1)
                                         _210_ (net)
                  0.14    0.00    3.78 v _281_/B (sky130_fd_sc_hd__xnor2_1)
     1    0.01    0.08    0.18    3.97 v _281_/Y (sky130_fd_sc_hd__xnor2_1)
                                         _211_ (net)
                  0.08    0.00    3.97 v _286_/A2 (sky130_fd_sc_hd__a211o_1)
     1    0.02    0.12    0.40    4.37 v _286_/X (sky130_fd_sc_hd__a211o_1)
                                         _216_ (net)
                  0.12    0.00    4.37 v _287_/B2 (sky130_fd_sc_hd__o2bb2a_1)
     2    0.02    0.12    0.40    4.77 v _287_/X (sky130_fd_sc_hd__o2bb2a_1)
                                         net21 (net)
                  0.12    0.00    4.77 v output21/A (sky130_fd_sc_hd__buf_2)
     1    0.03    0.09    0.22    4.99 v output21/X (sky130_fd_sc_hd__buf_2)
                                         out[1] (net)
                  0.09    0.00    5.00 v out[1] (out)
                                  5.00   data arrival time

                  0.00   10.00   10.00   clock __VIRTUAL_CLK__ (rise edge)
                          0.00   10.00   clock network delay (ideal)
                         -0.25    9.75   clock uncertainty
                          0.00    9.75   clock reconvergence pessimism
                         -2.00    7.75   output external delay
                                  7.75   data required time
-----------------------------------------------------------------------------
                                  7.75   data required time
                                 -5.00   data arrival time
-----------------------------------------------------------------------------
                                  2.75   slack (MET)


Startpoint: opcode[0] (input port clocked by __VIRTUAL_CLK__)
Endpoint: out[0] (output port clocked by __VIRTUAL_CLK__)
Path Group: __VIRTUAL_CLK__
Path Type: max
Corner: Typical

Fanout     Cap    Slew   Delay    Time   Description
-----------------------------------------------------------------------------
                  0.00    0.00    0.00   clock __VIRTUAL_CLK__ (rise edge)
                          0.00    0.00   clock network delay (ideal)
                          2.00    2.00 v input external delay
     1    0.00    0.01    0.00    2.00 v opcode[0] (in)
                                         opcode[0] (net)
                  0.01    0.00    2.00 v input17/A (sky130_fd_sc_hd__buf_2)
     5    0.05    0.13    0.20    2.20 v input17/X (sky130_fd_sc_hd__buf_2)
                                         net17 (net)
                  0.13    0.00    2.21 v _249_/A (sky130_fd_sc_hd__or2_2)
     5    0.05    0.16    0.48    2.68 v _249_/X (sky130_fd_sc_hd__or2_2)
                                         _180_ (net)
                  0.16    0.00    2.69 v _258_/B (sky130_fd_sc_hd__nor2_4)
     8    0.07    0.43    0.41    3.10 ^ _258_/Y (sky130_fd_sc_hd__nor2_4)
                                         _189_ (net)
                  0.43    0.01    3.11 ^ _260_/A1 (sky130_fd_sc_hd__o211a_1)
     1    0.01    0.13    0.30    3.41 ^ _260_/X (sky130_fd_sc_hd__o211a_1)
                                         _191_ (net)
                  0.13    0.00    3.41 ^ _261_/B1 (sky130_fd_sc_hd__a31o_1)
     1    0.01    0.09    0.16    3.57 ^ _261_/X (sky130_fd_sc_hd__a31o_1)
                                         _192_ (net)
                  0.09    0.00    3.57 ^ _262_/B2 (sky130_fd_sc_hd__a2bb2o_1)
     2    0.02    0.24    0.29    3.86 ^ _262_/X (sky130_fd_sc_hd__a2bb2o_1)
                                         net20 (net)
                  0.24    0.00    3.86 ^ output20/A (sky130_fd_sc_hd__buf_2)
     1    0.04    0.18    0.28    4.14 ^ output20/X (sky130_fd_sc_hd__buf_2)
                                         out[0] (net)
                  0.18    0.00    4.14 ^ out[0] (out)
                                  4.14   data arrival time

                  0.00   10.00   10.00   clock __VIRTUAL_CLK__ (rise edge)
                          0.00   10.00   clock network delay (ideal)
                         -0.25    9.75   clock uncertainty
                          0.00    9.75   clock reconvergence pessimism
                         -2.00    7.75   output external delay
                                  7.75   data required time
-----------------------------------------------------------------------------
                                  7.75   data required time
                                 -4.14   data arrival time
-----------------------------------------------------------------------------
                                  3.61   slack (MET)



worst slack corner Typical: 0.8336
