
===========================================================================
report_checks -path_delay min (Hold)
============================================================================
======================= Fastest Corner ===================================

Startpoint: A[7] (input port clocked by __VIRTUAL_CLK__)
Endpoint: out[7] (output port clocked by __VIRTUAL_CLK__)
Path Group: __VIRTUAL_CLK__
Path Type: min
Corner: Fastest

Fanout     Cap    Slew   Delay    Time   Description
-----------------------------------------------------------------------------
                  0.00    0.00    0.00   clock __VIRTUAL_CLK__ (rise edge)
                          0.00    0.00   clock network delay (ideal)
                          2.00    2.00 v input external delay
     1    0.00    0.01    0.00    2.00 v A[7] (in)
                                         A[7] (net)
                  0.01    0.00    2.00 v input8/A (sky130_fd_sc_hd__buf_2)
     6    0.06    0.10    0.13    2.13 v input8/X (sky130_fd_sc_hd__buf_2)
                                         net8 (net)
                  0.10    0.01    2.14 v _502_/A (sky130_fd_sc_hd__inv_2)
     1    0.01    0.06    0.08    2.21 ^ _502_/Y (sky130_fd_sc_hd__inv_2)
                                         _179_ (net)
                  0.06    0.00    2.22 ^ _503_/B2 (sky130_fd_sc_hd__o32a_4)
     1    0.02    0.06    0.09    2.31 ^ _503_/X (sky130_fd_sc_hd__o32a_4)
                                         net27 (net)
                  0.06    0.00    2.31 ^ output27/A (sky130_fd_sc_hd__buf_8)
     1    0.03    0.05    0.08    2.39 ^ output27/X (sky130_fd_sc_hd__buf_8)
                                         out[7] (net)
                  0.05    0.00    2.39 ^ out[7] (out)
                                  2.39   data arrival time

                  0.00    0.00    0.00   clock __VIRTUAL_CLK__ (rise edge)
                          0.00    0.00   clock network delay (ideal)
                          0.25    0.25   clock uncertainty
                          0.00    0.25   clock reconvergence pessimism
                         -2.00   -1.75   output external delay
                                 -1.75   data required time
-----------------------------------------------------------------------------
                                 -1.75   data required time
                                 -2.39   data arrival time
-----------------------------------------------------------------------------
                                  4.14   slack (MET)


Startpoint: A[6] (input port clocked by __VIRTUAL_CLK__)
Endpoint: out[6] (output port clocked by __VIRTUAL_CLK__)
Path Group: __VIRTUAL_CLK__
Path Type: min
Corner: Fastest

Fanout     Cap    Slew   Delay    Time   Description
-----------------------------------------------------------------------------
                  0.00    0.00    0.00   clock __VIRTUAL_CLK__ (rise edge)
                          0.00    0.00   clock network delay (ideal)
                          2.00    2.00 ^ input external delay
     1    0.00    0.02    0.01    2.01 ^ A[6] (in)
                                         A[6] (net)
                  0.02    0.00    2.01 ^ input7/A (sky130_fd_sc_hd__buf_4)
    10    0.09    0.19    0.17    2.17 ^ input7/X (sky130_fd_sc_hd__buf_4)
                                         net7 (net)
                  0.19    0.01    2.19 ^ _453_/A1 (sky130_fd_sc_hd__a22oi_2)
     1    0.02    0.06    0.09    2.28 v _453_/Y (sky130_fd_sc_hd__a22oi_2)
                                         net26 (net)
                  0.06    0.00    2.28 v output26/A (sky130_fd_sc_hd__buf_2)
     1    0.03    0.06    0.12    2.40 v output26/X (sky130_fd_sc_hd__buf_2)
                                         out[6] (net)
                  0.06    0.00    2.41 v out[6] (out)
                                  2.41   data arrival time

                  0.00    0.00    0.00   clock __VIRTUAL_CLK__ (rise edge)
                          0.00    0.00   clock network delay (ideal)
                          0.25    0.25   clock uncertainty
                          0.00    0.25   clock reconvergence pessimism
                         -2.00   -1.75   output external delay
                                 -1.75   data required time
-----------------------------------------------------------------------------
                                 -1.75   data required time
                                 -2.41   data arrival time
-----------------------------------------------------------------------------
                                  4.16   slack (MET)


Startpoint: A[5] (input port clocked by __VIRTUAL_CLK__)
Endpoint: out[5] (output port clocked by __VIRTUAL_CLK__)
Path Group: __VIRTUAL_CLK__
Path Type: min
Corner: Fastest

Fanout     Cap    Slew   Delay    Time   Description
-----------------------------------------------------------------------------
                  0.00    0.00    0.00   clock __VIRTUAL_CLK__ (rise edge)
                          0.00    0.00   clock network delay (ideal)
                          2.00    2.00 ^ input external delay
     1    0.00    0.02    0.01    2.01 ^ A[5] (in)
                                         A[5] (net)
                  0.02    0.00    2.01 ^ input6/A (sky130_fd_sc_hd__clkbuf_2)
     3    0.03    0.15    0.13    2.14 ^ input6/X (sky130_fd_sc_hd__clkbuf_2)
                                         net6 (net)
                  0.15    0.00    2.15 ^ _374_/A (sky130_fd_sc_hd__buf_6)
    10    0.09    0.13    0.14    2.29 ^ _374_/X (sky130_fd_sc_hd__buf_6)
                                         _052_ (net)
                  0.13    0.01    2.30 ^ _410_/A1 (sky130_fd_sc_hd__a21oi_1)
     1    0.01    0.06    0.09    2.38 v _410_/Y (sky130_fd_sc_hd__a21oi_1)
                                         net25 (net)
                  0.06    0.00    2.39 v output25/A (sky130_fd_sc_hd__buf_2)
     1    0.03    0.06    0.12    2.51 v output25/X (sky130_fd_sc_hd__buf_2)
                                         out[5] (net)
                  0.06    0.00    2.51 v out[5] (out)
                                  2.51   data arrival time

                  0.00    0.00    0.00   clock __VIRTUAL_CLK__ (rise edge)
                          0.00    0.00   clock network delay (ideal)
                          0.25    0.25   clock uncertainty
                          0.00    0.25   clock reconvergence pessimism
                         -2.00   -1.75   output external delay
                                 -1.75   data required time
-----------------------------------------------------------------------------
                                 -1.75   data required time
                                 -2.51   data arrival time
-----------------------------------------------------------------------------
                                  4.26   slack (MET)


Startpoint: A[4] (input port clocked by __VIRTUAL_CLK__)
Endpoint: out[4] (output port clocked by __VIRTUAL_CLK__)
Path Group: __VIRTUAL_CLK__
Path Type: min
Corner: Fastest

Fanout     Cap    Slew   Delay    Time   Description
-----------------------------------------------------------------------------
                  0.00    0.00    0.00   clock __VIRTUAL_CLK__ (rise edge)
                          0.00    0.00   clock network delay (ideal)
                          2.00    2.00 v input external delay
     1    0.00    0.01    0.00    2.00 v A[4] (in)
                                         A[4] (net)
                  0.01    0.00    2.00 v input5/A (sky130_fd_sc_hd__buf_4)
     4    0.07    0.07    0.12    2.12 v input5/X (sky130_fd_sc_hd__buf_4)
                                         net5 (net)
                  0.07    0.01    2.13 v _340_/A (sky130_fd_sc_hd__buf_8)
    10    0.09    0.05    0.11    2.24 v _340_/X (sky130_fd_sc_hd__buf_8)
                                         _019_ (net)
                  0.06    0.01    2.25 v _373_/A1_N (sky130_fd_sc_hd__o2bb2a_1)
     1    0.00    0.03    0.14    2.39 ^ _373_/X (sky130_fd_sc_hd__o2bb2a_1)
                                         net24 (net)
                  0.03    0.00    2.39 ^ output24/A (sky130_fd_sc_hd__buf_2)
     1    0.03    0.13    0.13    2.52 ^ output24/X (sky130_fd_sc_hd__buf_2)
                                         out[4] (net)
                  0.13    0.00    2.52 ^ out[4] (out)
                                  2.52   data arrival time

                  0.00    0.00    0.00   clock __VIRTUAL_CLK__ (rise edge)
                          0.00    0.00   clock network delay (ideal)
                          0.25    0.25   clock uncertainty
                          0.00    0.25   clock reconvergence pessimism
                         -2.00   -1.75   output external delay
                                 -1.75   data required time
-----------------------------------------------------------------------------
                                 -1.75   data required time
                                 -2.52   data arrival time
-----------------------------------------------------------------------------
                                  4.27   slack (MET)


Startpoint: A[3] (input port clocked by __VIRTUAL_CLK__)
Endpoint: out[3] (output port clocked by __VIRTUAL_CLK__)
Path Group: __VIRTUAL_CLK__
Path Type: min
Corner: Fastest

Fanout     Cap    Slew   Delay    Time   Description
-----------------------------------------------------------------------------
                  0.00    0.00    0.00   clock __VIRTUAL_CLK__ (rise edge)
                          0.00    0.00   clock network delay (ideal)
                          2.00    2.00 ^ input external delay
     1    0.00    0.02    0.01    2.01 ^ A[3] (in)
                                         A[3] (net)
                  0.02    0.00    2.01 ^ input4/A (sky130_fd_sc_hd__buf_4)
     7    0.07    0.16    0.15    2.16 ^ input4/X (sky130_fd_sc_hd__buf_4)
                                         net4 (net)
                  0.16    0.00    2.16 ^ _310_/A (sky130_fd_sc_hd__buf_12)
    10    0.10    0.09    0.11    2.27 ^ _310_/X (sky130_fd_sc_hd__buf_12)
                                         _238_ (net)
                  0.09    0.00    2.27 ^ _339_/A1_N (sky130_fd_sc_hd__o2bb2a_1)
     2    0.02    0.08    0.17    2.44 v _339_/X (sky130_fd_sc_hd__o2bb2a_1)
                                         net23 (net)
                  0.08    0.00    2.44 v output23/A (sky130_fd_sc_hd__buf_2)
     1    0.04    0.07    0.13    2.58 v output23/X (sky130_fd_sc_hd__buf_2)
                                         out[3] (net)
                  0.07    0.00    2.58 v out[3] (out)
                                  2.58   data arrival time

                  0.00    0.00    0.00   clock __VIRTUAL_CLK__ (rise edge)
                          0.00    0.00   clock network delay (ideal)
                          0.25    0.25   clock uncertainty
                          0.00    0.25   clock reconvergence pessimism
                         -2.00   -1.75   output external delay
                                 -1.75   data required time
-----------------------------------------------------------------------------
                                 -1.75   data required time
                                 -2.58   data arrival time
-----------------------------------------------------------------------------
                                  4.33   slack (MET)


Startpoint: A[1] (input port clocked by __VIRTUAL_CLK__)
Endpoint: out[1] (output port clocked by __VIRTUAL_CLK__)
Path Group: __VIRTUAL_CLK__
Path Type: min
Corner: Fastest

Fanout     Cap    Slew   Delay    Time   Description
-----------------------------------------------------------------------------
                  0.00    0.00    0.00   clock __VIRTUAL_CLK__ (rise edge)
                          0.00    0.00   clock network delay (ideal)
                          2.00    2.00 v input external delay
     1    0.00    0.01    0.00    2.00 v A[1] (in)
                                         A[1] (net)
                  0.01    0.00    2.00 v input2/A (sky130_fd_sc_hd__clkbuf_4)
    10    0.06    0.09    0.13    2.13 v input2/X (sky130_fd_sc_hd__clkbuf_4)
                                         net2 (net)
                  0.09    0.00    2.13 v _263_/A (sky130_fd_sc_hd__buf_2)
    10    0.06    0.10    0.16    2.29 v _263_/X (sky130_fd_sc_hd__buf_2)
                                         _193_ (net)
                  0.10    0.01    2.30 v _287_/A1_N (sky130_fd_sc_hd__o2bb2a_1)
     2    0.02    0.13    0.23    2.53 ^ _287_/X (sky130_fd_sc_hd__o2bb2a_1)
                                         net21 (net)
                  0.13    0.00    2.53 ^ output21/A (sky130_fd_sc_hd__buf_2)
     1    0.03    0.13    0.15    2.68 ^ output21/X (sky130_fd_sc_hd__buf_2)
                                         out[1] (net)
                  0.13    0.00    2.68 ^ out[1] (out)
                                  2.68   data arrival time

                  0.00    0.00    0.00   clock __VIRTUAL_CLK__ (rise edge)
                          0.00    0.00   clock network delay (ideal)
                          0.25    0.25   clock uncertainty
                          0.00    0.25   clock reconvergence pessimism
                         -2.00   -1.75   output external delay
                                 -1.75   data required time
-----------------------------------------------------------------------------
                                 -1.75   data required time
                                 -2.68   data arrival time
-----------------------------------------------------------------------------
                                  4.43   slack (MET)


Startpoint: A[2] (input port clocked by __VIRTUAL_CLK__)
Endpoint: out[2] (output port clocked by __VIRTUAL_CLK__)
Path Group: __VIRTUAL_CLK__
Path Type: min
Corner: Fastest

Fanout     Cap    Slew   Delay    Time   Description
-----------------------------------------------------------------------------
                  0.00    0.00    0.00   clock __VIRTUAL_CLK__ (rise edge)
                          0.00    0.00   clock network delay (ideal)
                          2.00    2.00 ^ input external delay
     1    0.00    0.02    0.01    2.01 ^ A[2] (in)
                                         A[2] (net)
                  0.02    0.00    2.01 ^ input3/A (sky130_fd_sc_hd__clkbuf_4)
     8    0.07    0.16    0.16    2.17 ^ input3/X (sky130_fd_sc_hd__clkbuf_4)
                                         net3 (net)
                  0.16    0.01    2.18 ^ _288_/A (sky130_fd_sc_hd__clkbuf_4)
    10    0.08    0.18    0.21    2.39 ^ _288_/X (sky130_fd_sc_hd__clkbuf_4)
                                         _217_ (net)
                  0.18    0.01    2.39 ^ _309_/A1_N (sky130_fd_sc_hd__o2bb2a_1)
     1    0.03    0.10    0.20    2.59 v _309_/X (sky130_fd_sc_hd__o2bb2a_1)
                                         net22 (net)
                  0.10    0.00    2.59 v output22/A (sky130_fd_sc_hd__buf_2)
     1    0.03    0.06    0.14    2.73 v output22/X (sky130_fd_sc_hd__buf_2)
                                         out[2] (net)
                  0.06    0.00    2.73 v out[2] (out)
                                  2.73   data arrival time

                  0.00    0.00    0.00   clock __VIRTUAL_CLK__ (rise edge)
                          0.00    0.00   clock network delay (ideal)
                          0.25    0.25   clock uncertainty
                          0.00    0.25   clock reconvergence pessimism
                         -2.00   -1.75   output external delay
                                 -1.75   data required time
-----------------------------------------------------------------------------
                                 -1.75   data required time
                                 -2.73   data arrival time
-----------------------------------------------------------------------------
                                  4.48   slack (MET)


Startpoint: opcode[2] (input port clocked by __VIRTUAL_CLK__)
Endpoint: out[0] (output port clocked by __VIRTUAL_CLK__)
Path Group: __VIRTUAL_CLK__
Path Type: min
Corner: Fastest

Fanout     Cap    Slew   Delay    Time   Description
-----------------------------------------------------------------------------
                  0.00    0.00    0.00   clock __VIRTUAL_CLK__ (rise edge)
                          0.00    0.00   clock network delay (ideal)
                          2.00    2.00 ^ input external delay
     1    0.00    0.02    0.01    2.01 ^ opcode[2] (in)
                                         opcode[2] (net)
                  0.02    0.00    2.01 ^ input19/A (sky130_fd_sc_hd__clkbuf_4)
     7    0.07    0.17    0.17    2.18 ^ input19/X (sky130_fd_sc_hd__clkbuf_4)
                                         net19 (net)
                  0.17    0.01    2.19 ^ _250_/A (sky130_fd_sc_hd__or2_1)
     3    0.04    0.27    0.24    2.43 ^ _250_/X (sky130_fd_sc_hd__or2_1)
                                         _181_ (net)
                  0.27    0.01    2.43 ^ _262_/A2_N (sky130_fd_sc_hd__a2bb2o_1)
     2    0.02    0.09    0.18    2.61 v _262_/X (sky130_fd_sc_hd__a2bb2o_1)
                                         net20 (net)
                  0.09    0.00    2.61 v output20/A (sky130_fd_sc_hd__buf_2)
     1    0.04    0.07    0.14    2.75 v output20/X (sky130_fd_sc_hd__buf_2)
                                         out[0] (net)
                  0.07    0.00    2.75 v out[0] (out)
                                  2.75   data arrival time

                  0.00    0.00    0.00   clock __VIRTUAL_CLK__ (rise edge)
                          0.00    0.00   clock network delay (ideal)
                          0.25    0.25   clock uncertainty
                          0.00    0.25   clock reconvergence pessimism
                         -2.00   -1.75   output external delay
                                 -1.75   data required time
-----------------------------------------------------------------------------
                                 -1.75   data required time
                                 -2.75   data arrival time
-----------------------------------------------------------------------------
                                  4.50   slack (MET)



worst slack corner Fastest: 4.1445
======================= Slowest Corner ===================================

Startpoint: A[7] (input port clocked by __VIRTUAL_CLK__)
Endpoint: out[7] (output port clocked by __VIRTUAL_CLK__)
Path Group: __VIRTUAL_CLK__
Path Type: min
Corner: Slowest

Fanout     Cap    Slew   Delay    Time   Description
-----------------------------------------------------------------------------
                  0.00    0.00    0.00   clock __VIRTUAL_CLK__ (rise edge)
                          0.00    0.00   clock network delay (ideal)
                          2.00    2.00 v input external delay
     1    0.00    0.02    0.01    2.01 v A[7] (in)
                                         A[7] (net)
                  0.02    0.00    2.01 v input8/A (sky130_fd_sc_hd__buf_2)
     6    0.06    0.27    0.38    2.39 v input8/X (sky130_fd_sc_hd__buf_2)
                                         net8 (net)
                  0.27    0.01    2.40 v _502_/A (sky130_fd_sc_hd__inv_2)
     1    0.01    0.13    0.19    2.59 ^ _502_/Y (sky130_fd_sc_hd__inv_2)
                                         _179_ (net)
                  0.13    0.00    2.59 ^ _503_/B2 (sky130_fd_sc_hd__o32a_4)
     1    0.02    0.14    0.36    2.95 ^ _503_/X (sky130_fd_sc_hd__o32a_4)
                                         net27 (net)
                  0.14    0.00    2.95 ^ output27/A (sky130_fd_sc_hd__buf_8)
     1    0.03    0.11    0.22    3.17 ^ output27/X (sky130_fd_sc_hd__buf_8)
                                         out[7] (net)
                  0.11    0.00    3.18 ^ out[7] (out)
                                  3.18   data arrival time

                  0.00    0.00    0.00   clock __VIRTUAL_CLK__ (rise edge)
                          0.00    0.00   clock network delay (ideal)
                          0.25    0.25   clock uncertainty
                          0.00    0.25   clock reconvergence pessimism
                         -2.00   -1.75   output external delay
                                 -1.75   data required time
-----------------------------------------------------------------------------
                                 -1.75   data required time
                                 -3.18   data arrival time
-----------------------------------------------------------------------------
                                  4.93   slack (MET)


Startpoint: A[6] (input port clocked by __VIRTUAL_CLK__)
Endpoint: out[6] (output port clocked by __VIRTUAL_CLK__)
Path Group: __VIRTUAL_CLK__
Path Type: min
Corner: Slowest

Fanout     Cap    Slew   Delay    Time   Description
-----------------------------------------------------------------------------
                  0.00    0.00    0.00   clock __VIRTUAL_CLK__ (rise edge)
                          0.00    0.00   clock network delay (ideal)
                          2.00    2.00 ^ input external delay
     1    0.00    0.04    0.02    2.02 ^ A[6] (in)
                                         A[6] (net)
                  0.04    0.00    2.02 ^ input7/A (sky130_fd_sc_hd__buf_4)
    10    0.09    0.40    0.41    2.43 ^ input7/X (sky130_fd_sc_hd__buf_4)
                                         net7 (net)
                  0.40    0.01    2.44 ^ _453_/A1 (sky130_fd_sc_hd__a22oi_2)
     1    0.02    0.22    0.36    2.80 v _453_/Y (sky130_fd_sc_hd__a22oi_2)
                                         net26 (net)
                  0.22    0.00    2.80 v output26/A (sky130_fd_sc_hd__buf_2)
     1    0.03    0.17    0.39    3.20 v output26/X (sky130_fd_sc_hd__buf_2)
                                         out[6] (net)
                  0.17    0.00    3.20 v out[6] (out)
                                  3.20   data arrival time

                  0.00    0.00    0.00   clock __VIRTUAL_CLK__ (rise edge)
                          0.00    0.00   clock network delay (ideal)
                          0.25    0.25   clock uncertainty
                          0.00    0.25   clock reconvergence pessimism
                         -2.00   -1.75   output external delay
                                 -1.75   data required time
-----------------------------------------------------------------------------
                                 -1.75   data required time
                                 -3.20   data arrival time
-----------------------------------------------------------------------------
                                  4.95   slack (MET)


Startpoint: A[4] (input port clocked by __VIRTUAL_CLK__)
Endpoint: out[4] (output port clocked by __VIRTUAL_CLK__)
Path Group: __VIRTUAL_CLK__
Path Type: min
Corner: Slowest

Fanout     Cap    Slew   Delay    Time   Description
-----------------------------------------------------------------------------
                  0.00    0.00    0.00   clock __VIRTUAL_CLK__ (rise edge)
                          0.00    0.00   clock network delay (ideal)
                          2.00    2.00 v input external delay
     1    0.00    0.02    0.01    2.01 v A[4] (in)
                                         A[4] (net)
                  0.02    0.00    2.01 v input5/A (sky130_fd_sc_hd__buf_4)
     4    0.07    0.17    0.32    2.33 v input5/X (sky130_fd_sc_hd__buf_4)
                                         net5 (net)
                  0.17    0.01    2.34 v _340_/A (sky130_fd_sc_hd__buf_8)
    10    0.09    0.12    0.31    2.65 v _340_/X (sky130_fd_sc_hd__buf_8)
                                         _019_ (net)
                  0.12    0.01    2.66 v _373_/A1_N (sky130_fd_sc_hd__o2bb2a_1)
     1    0.00    0.08    0.46    3.12 ^ _373_/X (sky130_fd_sc_hd__o2bb2a_1)
                                         net24 (net)
                  0.08    0.00    3.12 ^ output24/A (sky130_fd_sc_hd__buf_2)
     1    0.03    0.27    0.33    3.45 ^ output24/X (sky130_fd_sc_hd__buf_2)
                                         out[4] (net)
                  0.27    0.00    3.45 ^ out[4] (out)
                                  3.45   data arrival time

                  0.00    0.00    0.00   clock __VIRTUAL_CLK__ (rise edge)
                          0.00    0.00   clock network delay (ideal)
                          0.25    0.25   clock uncertainty
                          0.00    0.25   clock reconvergence pessimism
                         -2.00   -1.75   output external delay
                                 -1.75   data required time
-----------------------------------------------------------------------------
                                 -1.75   data required time
                                 -3.45   data arrival time
-----------------------------------------------------------------------------
                                  5.20   slack (MET)


Startpoint: A[5] (input port clocked by __VIRTUAL_CLK__)
Endpoint: out[5] (output port clocked by __VIRTUAL_CLK__)
Path Group: __VIRTUAL_CLK__
Path Type: min
Corner: Slowest

Fanout     Cap    Slew   Delay    Time   Description
-----------------------------------------------------------------------------
                  0.00    0.00    0.00   clock __VIRTUAL_CLK__ (rise edge)
                          0.00    0.00   clock network delay (ideal)
                          2.00    2.00 ^ input external delay
     1    0.00    0.04    0.02    2.02 ^ A[5] (in)
                                         A[5] (net)
                  0.04    0.00    2.02 ^ input6/A (sky130_fd_sc_hd__clkbuf_2)
     3    0.03    0.30    0.32    2.34 ^ input6/X (sky130_fd_sc_hd__clkbuf_2)
                                         net6 (net)
                  0.30    0.00    2.34 ^ _374_/A (sky130_fd_sc_hd__buf_6)
    10    0.09    0.28    0.41    2.75 ^ _374_/X (sky130_fd_sc_hd__buf_6)
                                         _052_ (net)
                  0.28    0.01    2.76 ^ _410_/A1 (sky130_fd_sc_hd__a21oi_1)
     1    0.01    0.16    0.33    3.08 v _410_/Y (sky130_fd_sc_hd__a21oi_1)
                                         net25 (net)
                  0.16    0.00    3.08 v output25/A (sky130_fd_sc_hd__buf_2)
     1    0.03    0.17    0.37    3.45 v output25/X (sky130_fd_sc_hd__buf_2)
                                         out[5] (net)
                  0.17    0.00    3.46 v out[5] (out)
                                  3.46   data arrival time

                  0.00    0.00    0.00   clock __VIRTUAL_CLK__ (rise edge)
                          0.00    0.00   clock network delay (ideal)
                          0.25    0.25   clock uncertainty
                          0.00    0.25   clock reconvergence pessimism
                         -2.00   -1.75   output external delay
                                 -1.75   data required time
-----------------------------------------------------------------------------
                                 -1.75   data required time
                                 -3.46   data arrival time
-----------------------------------------------------------------------------
                                  5.21   slack (MET)


Startpoint: A[3] (input port clocked by __VIRTUAL_CLK__)
Endpoint: out[3] (output port clocked by __VIRTUAL_CLK__)
Path Group: __VIRTUAL_CLK__
Path Type: min
Corner: Slowest

Fanout     Cap    Slew   Delay    Time   Description
-----------------------------------------------------------------------------
                  0.00    0.00    0.00   clock __VIRTUAL_CLK__ (rise edge)
                          0.00    0.00   clock network delay (ideal)
                          2.00    2.00 v input external delay
     1    0.00    0.02    0.01    2.01 v A[3] (in)
                                         A[3] (net)
                  0.02    0.00    2.01 v input4/A (sky130_fd_sc_hd__buf_4)
     7    0.07    0.18    0.33    2.34 v input4/X (sky130_fd_sc_hd__buf_4)
                                         net4 (net)
                  0.18    0.00    2.34 v _310_/A (sky130_fd_sc_hd__buf_12)
    10    0.09    0.10    0.31    2.65 v _310_/X (sky130_fd_sc_hd__buf_12)
                                         _238_ (net)
                  0.10    0.00    2.65 v _339_/A1_N (sky130_fd_sc_hd__o2bb2a_1)
     2    0.02    0.32    0.63    3.28 ^ _339_/X (sky130_fd_sc_hd__o2bb2a_1)
                                         net23 (net)
                  0.32    0.00    3.28 ^ output23/A (sky130_fd_sc_hd__buf_2)
     1    0.04    0.29    0.44    3.72 ^ output23/X (sky130_fd_sc_hd__buf_2)
                                         out[3] (net)
                  0.29    0.00    3.72 ^ out[3] (out)
                                  3.72   data arrival time

                  0.00    0.00    0.00   clock __VIRTUAL_CLK__ (rise edge)
                          0.00    0.00   clock network delay (ideal)
                          0.25    0.25   clock uncertainty
                          0.00    0.25   clock reconvergence pessimism
                         -2.00   -1.75   output external delay
                                 -1.75   data required time
-----------------------------------------------------------------------------
                                 -1.75   data required time
                                 -3.72   data arrival time
-----------------------------------------------------------------------------
                                  5.47   slack (MET)


Startpoint: A[1] (input port clocked by __VIRTUAL_CLK__)
Endpoint: out[1] (output port clocked by __VIRTUAL_CLK__)
Path Group: __VIRTUAL_CLK__
Path Type: min
Corner: Slowest

Fanout     Cap    Slew   Delay    Time   Description
-----------------------------------------------------------------------------
                  0.00    0.00    0.00   clock __VIRTUAL_CLK__ (rise edge)
                          0.00    0.00   clock network delay (ideal)
                          2.00    2.00 v input external delay
     1    0.00    0.02    0.01    2.01 v A[1] (in)
                                         A[1] (net)
                  0.02    0.00    2.01 v input2/A (sky130_fd_sc_hd__clkbuf_4)
    10    0.06    0.22    0.34    2.35 v input2/X (sky130_fd_sc_hd__clkbuf_4)
                                         net2 (net)
                  0.22    0.00    2.35 v _263_/A (sky130_fd_sc_hd__buf_2)
    10    0.06    0.27    0.47    2.82 v _263_/X (sky130_fd_sc_hd__buf_2)
                                         _193_ (net)
                  0.27    0.01    2.83 v _287_/A1_N (sky130_fd_sc_hd__o2bb2a_1)
     2    0.02    0.28    0.69    3.52 ^ _287_/X (sky130_fd_sc_hd__o2bb2a_1)
                                         net21 (net)
                  0.28    0.00    3.52 ^ output21/A (sky130_fd_sc_hd__buf_2)
     1    0.03    0.27    0.41    3.93 ^ output21/X (sky130_fd_sc_hd__buf_2)
                                         out[1] (net)
                  0.27    0.00    3.93 ^ out[1] (out)
                                  3.93   data arrival time

                  0.00    0.00    0.00   clock __VIRTUAL_CLK__ (rise edge)
                          0.00    0.00   clock network delay (ideal)
                          0.25    0.25   clock uncertainty
                          0.00    0.25   clock reconvergence pessimism
                         -2.00   -1.75   output external delay
                                 -1.75   data required time
-----------------------------------------------------------------------------
                                 -1.75   data required time
                                 -3.93   data arrival time
-----------------------------------------------------------------------------
                                  5.68   slack (MET)


Startpoint: A[2] (input port clocked by __VIRTUAL_CLK__)
Endpoint: out[2] (output port clocked by __VIRTUAL_CLK__)
Path Group: __VIRTUAL_CLK__
Path Type: min
Corner: Slowest

Fanout     Cap    Slew   Delay    Time   Description
-----------------------------------------------------------------------------
                  0.00    0.00    0.00   clock __VIRTUAL_CLK__ (rise edge)
                          0.00    0.00   clock network delay (ideal)
                          2.00    2.00 ^ input external delay
     1    0.00    0.04    0.02    2.02 ^ A[2] (in)
                                         A[2] (net)
                  0.04    0.00    2.02 ^ input3/A (sky130_fd_sc_hd__clkbuf_4)
     8    0.07    0.33    0.39    2.41 ^ input3/X (sky130_fd_sc_hd__clkbuf_4)
                                         net3 (net)
                  0.33    0.01    2.42 ^ _288_/A (sky130_fd_sc_hd__clkbuf_4)
    10    0.08    0.37    0.55    2.98 ^ _288_/X (sky130_fd_sc_hd__clkbuf_4)
                                         _217_ (net)
                  0.37    0.01    2.98 ^ _309_/A1_N (sky130_fd_sc_hd__o2bb2a_1)
     1    0.03    0.28    0.70    3.69 v _309_/X (sky130_fd_sc_hd__o2bb2a_1)
                                         net22 (net)
                  0.28    0.00    3.69 v output22/A (sky130_fd_sc_hd__buf_2)
     1    0.03    0.17    0.42    4.11 v output22/X (sky130_fd_sc_hd__buf_2)
                                         out[2] (net)
                  0.17    0.00    4.11 v out[2] (out)
                                  4.11   data arrival time

                  0.00    0.00    0.00   clock __VIRTUAL_CLK__ (rise edge)
                          0.00    0.00   clock network delay (ideal)
                          0.25    0.25   clock uncertainty
                          0.00    0.25   clock reconvergence pessimism
                         -2.00   -1.75   output external delay
                                 -1.75   data required time
-----------------------------------------------------------------------------
                                 -1.75   data required time
                                 -4.11   data arrival time
-----------------------------------------------------------------------------
                                  5.86   slack (MET)


Startpoint: A[0] (input port clocked by __VIRTUAL_CLK__)
Endpoint: out[0] (output port clocked by __VIRTUAL_CLK__)
Path Group: __VIRTUAL_CLK__
Path Type: min
Corner: Slowest

Fanout     Cap    Slew   Delay    Time   Description
-----------------------------------------------------------------------------
                  0.00    0.00    0.00   clock __VIRTUAL_CLK__ (rise edge)
                          0.00    0.00   clock network delay (ideal)
                          2.00    2.00 v input external delay
     1    0.01    0.03    0.02    2.02 v A[0] (in)
                                         A[0] (net)
                  0.03    0.00    2.02 v input1/A (sky130_fd_sc_hd__clkbuf_4)
     9    0.07    0.27    0.38    2.40 v input1/X (sky130_fd_sc_hd__clkbuf_4)
                                         net1 (net)
                  0.27    0.01    2.41 v _248_/A (sky130_fd_sc_hd__clkbuf_4)
    10    0.08    0.29    0.50    2.91 v _248_/X (sky130_fd_sc_hd__clkbuf_4)
                                         _176_ (net)
                  0.29    0.01    2.92 v _262_/A1_N (sky130_fd_sc_hd__a2bb2o_1)
     2    0.02    0.37    0.79    3.71 ^ _262_/X (sky130_fd_sc_hd__a2bb2o_1)
                                         net20 (net)
                  0.37    0.00    3.71 ^ output20/A (sky130_fd_sc_hd__buf_2)
     1    0.04    0.28    0.46    4.17 ^ output20/X (sky130_fd_sc_hd__buf_2)
                                         out[0] (net)
                  0.28    0.00    4.17 ^ out[0] (out)
                                  4.17   data arrival time

                  0.00    0.00    0.00   clock __VIRTUAL_CLK__ (rise edge)
                          0.00    0.00   clock network delay (ideal)
                          0.25    0.25   clock uncertainty
                          0.00    0.25   clock reconvergence pessimism
                         -2.00   -1.75   output external delay
                                 -1.75   data required time
-----------------------------------------------------------------------------
                                 -1.75   data required time
                                 -4.17   data arrival time
-----------------------------------------------------------------------------
                                  5.92   slack (MET)



worst slack corner Slowest: 4.9266
======================= Typical Corner ===================================

Startpoint: A[7] (input port clocked by __VIRTUAL_CLK__)
Endpoint: out[7] (output port clocked by __VIRTUAL_CLK__)
Path Group: __VIRTUAL_CLK__
Path Type: min
Corner: Typical

Fanout     Cap    Slew   Delay    Time   Description
-----------------------------------------------------------------------------
                  0.00    0.00    0.00   clock __VIRTUAL_CLK__ (rise edge)
                          0.00    0.00   clock network delay (ideal)
                          2.00    2.00 v input external delay
     1    0.00    0.01    0.01    2.01 v A[7] (in)
                                         A[7] (net)
                  0.01    0.00    2.01 v input8/A (sky130_fd_sc_hd__buf_2)
     6    0.06    0.14    0.19    2.20 v input8/X (sky130_fd_sc_hd__buf_2)
                                         net8 (net)
                  0.14    0.01    2.21 v _502_/A (sky130_fd_sc_hd__inv_2)
     1    0.01    0.08    0.11    2.32 ^ _502_/Y (sky130_fd_sc_hd__inv_2)
                                         _179_ (net)
                  0.08    0.00    2.32 ^ _503_/B2 (sky130_fd_sc_hd__o32a_4)
     1    0.02    0.08    0.18    2.50 ^ _503_/X (sky130_fd_sc_hd__o32a_4)
                                         net27 (net)
                  0.08    0.00    2.50 ^ output27/A (sky130_fd_sc_hd__buf_8)
     1    0.03    0.07    0.12    2.62 ^ output27/X (sky130_fd_sc_hd__buf_8)
                                         out[7] (net)
                  0.07    0.00    2.63 ^ out[7] (out)
                                  2.63   data arrival time

                  0.00    0.00    0.00   clock __VIRTUAL_CLK__ (rise edge)
                          0.00    0.00   clock network delay (ideal)
                          0.25    0.25   clock uncertainty
                          0.00    0.25   clock reconvergence pessimism
                         -2.00   -1.75   output external delay
                                 -1.75   data required time
-----------------------------------------------------------------------------
                                 -1.75   data required time
                                 -2.63   data arrival time
-----------------------------------------------------------------------------
                                  4.38   slack (MET)


Startpoint: A[6] (input port clocked by __VIRTUAL_CLK__)
Endpoint: out[6] (output port clocked by __VIRTUAL_CLK__)
Path Group: __VIRTUAL_CLK__
Path Type: min
Corner: Typical

Fanout     Cap    Slew   Delay    Time   Description
-----------------------------------------------------------------------------
                  0.00    0.00    0.00   clock __VIRTUAL_CLK__ (rise edge)
                          0.00    0.00   clock network delay (ideal)
                          2.00    2.00 ^ input external delay
     1    0.00    0.02    0.01    2.01 ^ A[6] (in)
                                         A[6] (net)
                  0.02    0.00    2.01 ^ input7/A (sky130_fd_sc_hd__buf_4)
    10    0.09    0.25    0.23    2.25 ^ input7/X (sky130_fd_sc_hd__buf_4)
                                         net7 (net)
                  0.25    0.01    2.26 ^ _453_/A1 (sky130_fd_sc_hd__a22oi_2)
     1    0.02    0.10    0.17    2.43 v _453_/Y (sky130_fd_sc_hd__a22oi_2)
                                         net26 (net)
                  0.10    0.00    2.44 v output26/A (sky130_fd_sc_hd__buf_2)
     1    0.03    0.09    0.20    2.63 v output26/X (sky130_fd_sc_hd__buf_2)
                                         out[6] (net)
                  0.09    0.00    2.63 v out[6] (out)
                                  2.63   data arrival time

                  0.00    0.00    0.00   clock __VIRTUAL_CLK__ (rise edge)
                          0.00    0.00   clock network delay (ideal)
                          0.25    0.25   clock uncertainty
                          0.00    0.25   clock reconvergence pessimism
                         -2.00   -1.75   output external delay
                                 -1.75   data required time
-----------------------------------------------------------------------------
                                 -1.75   data required time
                                 -2.63   data arrival time
-----------------------------------------------------------------------------
                                  4.38   slack (MET)


Startpoint: A[5] (input port clocked by __VIRTUAL_CLK__)
Endpoint: out[5] (output port clocked by __VIRTUAL_CLK__)
Path Group: __VIRTUAL_CLK__
Path Type: min
Corner: Typical

Fanout     Cap    Slew   Delay    Time   Description
-----------------------------------------------------------------------------
                  0.00    0.00    0.00   clock __VIRTUAL_CLK__ (rise edge)
                          0.00    0.00   clock network delay (ideal)
                          2.00    2.00 ^ input external delay
     1    0.00    0.02    0.01    2.01 ^ A[5] (in)
                                         A[5] (net)
                  0.02    0.00    2.01 ^ input6/A (sky130_fd_sc_hd__clkbuf_2)
     3    0.03    0.19    0.19    2.20 ^ input6/X (sky130_fd_sc_hd__clkbuf_2)
                                         net6 (net)
                  0.19    0.00    2.20 ^ _374_/A (sky130_fd_sc_hd__buf_6)
    10    0.09    0.18    0.22    2.43 ^ _374_/X (sky130_fd_sc_hd__buf_6)
                                         _052_ (net)
                  0.18    0.01    2.43 ^ _410_/A1 (sky130_fd_sc_hd__a21oi_1)
     1    0.01    0.09    0.15    2.58 v _410_/Y (sky130_fd_sc_hd__a21oi_1)
                                         net25 (net)
                  0.09    0.00    2.58 v output25/A (sky130_fd_sc_hd__buf_2)
     1    0.03    0.09    0.19    2.78 v output25/X (sky130_fd_sc_hd__buf_2)
                                         out[5] (net)
                  0.09    0.00    2.78 v out[5] (out)
                                  2.78   data arrival time

                  0.00    0.00    0.00   clock __VIRTUAL_CLK__ (rise edge)
                          0.00    0.00   clock network delay (ideal)
                          0.25    0.25   clock uncertainty
                          0.00    0.25   clock reconvergence pessimism
                         -2.00   -1.75   output external delay
                                 -1.75   data required time
-----------------------------------------------------------------------------
                                 -1.75   data required time
                                 -2.78   data arrival time
-----------------------------------------------------------------------------
                                  4.53   slack (MET)


Startpoint: A[4] (input port clocked by __VIRTUAL_CLK__)
Endpoint: out[4] (output port clocked by __VIRTUAL_CLK__)
Path Group: __VIRTUAL_CLK__
Path Type: min
Corner: Typical

Fanout     Cap    Slew   Delay    Time   Description
-----------------------------------------------------------------------------
                  0.00    0.00    0.00   clock __VIRTUAL_CLK__ (rise edge)
                          0.00    0.00   clock network delay (ideal)
                          2.00    2.00 v input external delay
     1    0.00    0.01    0.01    2.01 v A[4] (in)
                                         A[4] (net)
                  0.01    0.00    2.01 v input5/A (sky130_fd_sc_hd__buf_4)
     4    0.07    0.09    0.17    2.18 v input5/X (sky130_fd_sc_hd__buf_4)
                                         net5 (net)
                  0.09    0.01    2.19 v _340_/A (sky130_fd_sc_hd__buf_8)
    10    0.09    0.07    0.17    2.36 v _340_/X (sky130_fd_sc_hd__buf_8)
                                         _019_ (net)
                  0.07    0.01    2.37 v _373_/A1_N (sky130_fd_sc_hd__o2bb2a_1)
     1    0.00    0.05    0.23    2.60 ^ _373_/X (sky130_fd_sc_hd__o2bb2a_1)
                                         net24 (net)
                  0.05    0.00    2.60 ^ output24/A (sky130_fd_sc_hd__buf_2)
     1    0.03    0.17    0.19    2.79 ^ output24/X (sky130_fd_sc_hd__buf_2)
                                         out[4] (net)
                  0.17    0.00    2.79 ^ out[4] (out)
                                  2.79   data arrival time

                  0.00    0.00    0.00   clock __VIRTUAL_CLK__ (rise edge)
                          0.00    0.00   clock network delay (ideal)
                          0.25    0.25   clock uncertainty
                          0.00    0.25   clock reconvergence pessimism
                         -2.00   -1.75   output external delay
                                 -1.75   data required time
-----------------------------------------------------------------------------
                                 -1.75   data required time
                                 -2.79   data arrival time
-----------------------------------------------------------------------------
                                  4.54   slack (MET)


Startpoint: A[3] (input port clocked by __VIRTUAL_CLK__)
Endpoint: out[3] (output port clocked by __VIRTUAL_CLK__)
Path Group: __VIRTUAL_CLK__
Path Type: min
Corner: Typical

Fanout     Cap    Slew   Delay    Time   Description
-----------------------------------------------------------------------------
                  0.00    0.00    0.00   clock __VIRTUAL_CLK__ (rise edge)
                          0.00    0.00   clock network delay (ideal)
                          2.00    2.00 ^ input external delay
     1    0.00    0.02    0.01    2.01 ^ A[3] (in)
                                         A[3] (net)
                  0.02    0.00    2.01 ^ input4/A (sky130_fd_sc_hd__buf_4)
     7    0.07    0.21    0.21    2.22 ^ input4/X (sky130_fd_sc_hd__buf_4)
                                         net4 (net)
                  0.21    0.00    2.22 ^ _310_/A (sky130_fd_sc_hd__buf_12)
    10    0.09    0.12    0.18    2.40 ^ _310_/X (sky130_fd_sc_hd__buf_12)
                                         _238_ (net)
                  0.12    0.00    2.41 ^ _339_/A1_N (sky130_fd_sc_hd__o2bb2a_1)
     2    0.02    0.12    0.29    2.69 v _339_/X (sky130_fd_sc_hd__o2bb2a_1)
                                         net23 (net)
                  0.12    0.00    2.70 v output23/A (sky130_fd_sc_hd__buf_2)
     1    0.04    0.09    0.20    2.90 v output23/X (sky130_fd_sc_hd__buf_2)
                                         out[3] (net)
                  0.09    0.00    2.90 v out[3] (out)
                                  2.90   data arrival time

                  0.00    0.00    0.00   clock __VIRTUAL_CLK__ (rise edge)
                          0.00    0.00   clock network delay (ideal)
                          0.25    0.25   clock uncertainty
                          0.00    0.25   clock reconvergence pessimism
                         -2.00   -1.75   output external delay
                                 -1.75   data required time
-----------------------------------------------------------------------------
                                 -1.75   data required time
                                 -2.90   data arrival time
-----------------------------------------------------------------------------
                                  4.65   slack (MET)


Startpoint: A[1] (input port clocked by __VIRTUAL_CLK__)
Endpoint: out[1] (output port clocked by __VIRTUAL_CLK__)
Path Group: __VIRTUAL_CLK__
Path Type: min
Corner: Typical

Fanout     Cap    Slew   Delay    Time   Description
-----------------------------------------------------------------------------
                  0.00    0.00    0.00   clock __VIRTUAL_CLK__ (rise edge)
                          0.00    0.00   clock network delay (ideal)
                          2.00    2.00 v input external delay
     1    0.00    0.01    0.00    2.00 v A[1] (in)
                                         A[1] (net)
                  0.01    0.00    2.00 v input2/A (sky130_fd_sc_hd__clkbuf_4)
    10    0.06    0.12    0.19    2.19 v input2/X (sky130_fd_sc_hd__clkbuf_4)
                                         net2 (net)
                  0.12    0.00    2.20 v _263_/A (sky130_fd_sc_hd__buf_2)
    10    0.06    0.14    0.24    2.44 v _263_/X (sky130_fd_sc_hd__buf_2)
                                         _193_ (net)
                  0.14    0.01    2.44 v _287_/A1_N (sky130_fd_sc_hd__o2bb2a_1)
     2    0.02    0.18    0.36    2.80 ^ _287_/X (sky130_fd_sc_hd__o2bb2a_1)
                                         net21 (net)
                  0.18    0.00    2.81 ^ output21/A (sky130_fd_sc_hd__buf_2)
     1    0.03    0.17    0.23    3.04 ^ output21/X (sky130_fd_sc_hd__buf_2)
                                         out[1] (net)
                  0.17    0.00    3.04 ^ out[1] (out)
                                  3.04   data arrival time

                  0.00    0.00    0.00   clock __VIRTUAL_CLK__ (rise edge)
                          0.00    0.00   clock network delay (ideal)
                          0.25    0.25   clock uncertainty
                          0.00    0.25   clock reconvergence pessimism
                         -2.00   -1.75   output external delay
                                 -1.75   data required time
-----------------------------------------------------------------------------
                                 -1.75   data required time
                                 -3.04   data arrival time
-----------------------------------------------------------------------------
                                  4.79   slack (MET)


Startpoint: A[2] (input port clocked by __VIRTUAL_CLK__)
Endpoint: out[2] (output port clocked by __VIRTUAL_CLK__)
Path Group: __VIRTUAL_CLK__
Path Type: min
Corner: Typical

Fanout     Cap    Slew   Delay    Time   Description
-----------------------------------------------------------------------------
                  0.00    0.00    0.00   clock __VIRTUAL_CLK__ (rise edge)
                          0.00    0.00   clock network delay (ideal)
                          2.00    2.00 ^ input external delay
     1    0.00    0.02    0.01    2.01 ^ A[2] (in)
                                         A[2] (net)
                  0.02    0.00    2.01 ^ input3/A (sky130_fd_sc_hd__clkbuf_4)
     8    0.07    0.21    0.23    2.24 ^ input3/X (sky130_fd_sc_hd__clkbuf_4)
                                         net3 (net)
                  0.21    0.01    2.25 ^ _288_/A (sky130_fd_sc_hd__clkbuf_4)
    10    0.08    0.23    0.31    2.56 ^ _288_/X (sky130_fd_sc_hd__clkbuf_4)
                                         _217_ (net)
                  0.23    0.01    2.57 ^ _309_/A1_N (sky130_fd_sc_hd__o2bb2a_1)
     1    0.03    0.14    0.33    2.90 v _309_/X (sky130_fd_sc_hd__o2bb2a_1)
                                         net22 (net)
                  0.14    0.00    2.90 v output22/A (sky130_fd_sc_hd__buf_2)
     1    0.03    0.09    0.21    3.12 v output22/X (sky130_fd_sc_hd__buf_2)
                                         out[2] (net)
                  0.09    0.00    3.12 v out[2] (out)
                                  3.12   data arrival time

                  0.00    0.00    0.00   clock __VIRTUAL_CLK__ (rise edge)
                          0.00    0.00   clock network delay (ideal)
                          0.25    0.25   clock uncertainty
                          0.00    0.25   clock reconvergence pessimism
                         -2.00   -1.75   output external delay
                                 -1.75   data required time
-----------------------------------------------------------------------------
                                 -1.75   data required time
                                 -3.12   data arrival time
-----------------------------------------------------------------------------
                                  4.87   slack (MET)


Startpoint: A[0] (input port clocked by __VIRTUAL_CLK__)
Endpoint: out[0] (output port clocked by __VIRTUAL_CLK__)
Path Group: __VIRTUAL_CLK__
Path Type: min
Corner: Typical

Fanout     Cap    Slew   Delay    Time   Description
-----------------------------------------------------------------------------
                  0.00    0.00    0.00   clock __VIRTUAL_CLK__ (rise edge)
                          0.00    0.00   clock network delay (ideal)
                          2.00    2.00 v input external delay
     1    0.01    0.02    0.01    2.01 v A[0] (in)
                                         A[0] (net)
                  0.02    0.00    2.01 v input1/A (sky130_fd_sc_hd__clkbuf_4)
     9    0.07    0.15    0.21    2.22 v input1/X (sky130_fd_sc_hd__clkbuf_4)
                                         net1 (net)
                  0.15    0.01    2.23 v _248_/A (sky130_fd_sc_hd__clkbuf_4)
    10    0.08    0.16    0.28    2.51 v _248_/X (sky130_fd_sc_hd__clkbuf_4)
                                         _176_ (net)
                  0.16    0.01    2.52 v _262_/A1_N (sky130_fd_sc_hd__a2bb2o_1)
     2    0.02    0.24    0.42    2.93 ^ _262_/X (sky130_fd_sc_hd__a2bb2o_1)
                                         net20 (net)
                  0.24    0.00    2.94 ^ output20/A (sky130_fd_sc_hd__buf_2)
     1    0.04    0.18    0.25    3.18 ^ output20/X (sky130_fd_sc_hd__buf_2)
                                         out[0] (net)
                  0.18    0.00    3.19 ^ out[0] (out)
                                  3.19   data arrival time

                  0.00    0.00    0.00   clock __VIRTUAL_CLK__ (rise edge)
                          0.00    0.00   clock network delay (ideal)
                          0.25    0.25   clock uncertainty
                          0.00    0.25   clock reconvergence pessimism
                         -2.00   -1.75   output external delay
                                 -1.75   data required time
-----------------------------------------------------------------------------
                                 -1.75   data required time
                                 -3.19   data arrival time
-----------------------------------------------------------------------------
                                  4.94   slack (MET)



worst slack corner Typical: 4.3762
