Instance,Terminal,Layer,X location,Y location,Voltage
FILLER_0_22_133,VPWR,li1,66.9300,73.4400,1.800000
FILLER_0_22_125,VPWR,li1,64.8600,73.4400,1.800000
FILLER_0_22_113,VPWR,li1,60.2600,73.4400,1.800000
FILLER_0_22_109,VPWR,li1,56.3500,73.4400,1.800000
FILLER_0_22_97,VPWR,li1,52.9000,73.4400,1.800000
FILLER_0_22_85,VPWR,li1,47.3800,73.4400,1.800000
FILLER_0_22_81,VPWR,li1,43.4700,73.4400,1.800000
FILLER_0_22_69,VPWR,li1,40.0200,73.4400,1.800000
FILLER_0_22_57,VPWR,li1,34.5000,73.4400,1.800000
FILLER_0_22_53,VPWR,li1,30.5900,73.4400,1.800000
FILLER_0_22_41,VPWR,li1,27.1400,73.4400,1.800000
FILLER_0_22_29,VPWR,li1,21.6200,73.4400,1.800000
FILLER_0_22_27,VPWR,li1,18.1700,73.4400,1.800000
FILLER_0_22_15,VPWR,li1,15.1800,73.4400,1.800000
FILLER_0_22_3,VPWR,li1,9.6600,73.4400,1.800000
FILLER_0_21_125,VPWR,li1,64.4000,68.0000,1.799998
FILLER_0_21_113,VPWR,li1,60.2600,68.0000,1.799998
FILLER_0_21_111,VPWR,li1,56.8100,68.0000,1.799997
FILLER_0_21_107,VPWR,li1,55.6600,68.0000,1.799997
FILLER_0_21_95,VPWR,li1,51.9800,68.0000,1.799997
FILLER_0_21_72,VPWR,li1,39.3300,68.0000,1.799995
FILLER_0_21_60,VPWR,li1,35.8800,68.0000,1.799995
FILLER_0_21_48,VPWR,li1,27.8300,68.0000,1.799996
FILLER_0_21_42,VPWR,li1,26.2200,68.0000,1.799996
FILLER_0_21_30,VPWR,li1,22.0800,68.0000,1.799997
FILLER_0_21_18,VPWR,li1,16.5600,68.0000,1.799998
FILLER_0_21_6,VPWR,li1,11.0400,68.0000,1.799998
FILLER_0_20_129,VPWR,li1,65.3200,68.0000,1.799998
FILLER_0_20_121,VPWR,li1,63.0200,68.0000,1.799998
FILLER_0_20_109,VPWR,li1,58.4200,68.0000,1.799998
FILLER_0_20_97,VPWR,li1,52.9000,68.0000,1.799997
FILLER_0_20_39,VPWR,li1,23.6900,68.0000,1.799997
FILLER_0_20_18,VPWR,li1,14.7200,68.0000,1.799998
FILLER_0_20_6,VPWR,li1,11.0400,68.0000,1.799998
FILLER_0_19_133,VPWR,li1,66.9300,62.5600,1.799991
FILLER_0_19_121,VPWR,li1,63.9400,62.5600,1.799991
FILLER_0_19_117,VPWR,li1,59.5700,62.5600,1.799991
FILLER_0_19_113,VPWR,li1,58.4200,62.5600,1.799991
FILLER_0_19_111,VPWR,li1,56.8100,62.5600,1.799991
FILLER_0_19_103,VPWR,li1,54.7400,62.5600,1.799990
FILLER_0_19_96,VPWR,li1,50.6000,62.5600,1.799989
FILLER_0_19_68,VPWR,li1,37.4900,62.5600,1.799992
FILLER_0_19_15,VPWR,li1,12.6500,62.5600,1.799994
FILLER_0_19_3,VPWR,li1,9.6600,62.5600,1.799994
FILLER_0_18_133,VPWR,li1,66.9300,62.5600,1.799991
FILLER_0_18_129,VPWR,li1,65.7800,62.5600,1.799991
FILLER_0_18_85,VPWR,li1,45.5400,62.5600,1.799991
FILLER_0_18_83,VPWR,li1,43.9300,62.5600,1.799992
FILLER_0_18_71,VPWR,li1,39.5600,62.5600,1.799992
FILLER_0_18_59,VPWR,li1,35.4200,62.5600,1.799992
FILLER_0_18_37,VPWR,li1,23.2300,62.5600,1.799991
FILLER_0_18_33,VPWR,li1,20.9300,62.5600,1.799991
FILLER_0_18_29,VPWR,li1,19.7800,62.5600,1.799991
FILLER_0_18_27,VPWR,li1,18.1700,62.5600,1.799991
FILLER_0_18_15,VPWR,li1,15.1800,62.5600,1.799993
FILLER_0_18_3,VPWR,li1,9.6600,62.5600,1.799994
FILLER_0_17_133,VPWR,li1,66.9300,57.1200,1.799983
FILLER_0_17_121,VPWR,li1,63.9400,57.1200,1.799983
FILLER_0_17_109,VPWR,li1,56.3500,57.1200,1.799976
FILLER_0_17_105,VPWR,li1,54.0500,57.1200,1.799972
FILLER_0_17_77,VPWR,li1,42.7800,57.1200,1.799973
FILLER_0_17_65,VPWR,li1,38.1800,57.1200,1.799972
FILLER_0_17_29,VPWR,li1,19.3200,57.1200,1.799964
FILLER_0_17_3,VPWR,li1,7.5900,57.1200,1.799974
FILLER_0_16_133,VPWR,li1,66.9300,57.1200,1.799983
FILLER_0_16_127,VPWR,li1,65.3200,57.1200,1.799983
FILLER_0_16_96,VPWR,li1,50.1400,57.1200,1.799965
FILLER_0_16_76,VPWR,li1,42.3200,57.1200,1.799973
FILLER_0_16_64,VPWR,li1,37.7200,57.1200,1.799972
FILLER_0_16_37,VPWR,li1,22.7700,57.1200,1.799960
FILLER_0_16_29,VPWR,li1,19.3200,57.1200,1.799964
FILLER_0_16_27,VPWR,li1,18.1700,57.1200,1.799968
FILLER_0_16_3,VPWR,li1,8.7400,57.1200,1.799974
FILLER_0_15_133,VPWR,li1,66.9300,51.6800,1.799995
FILLER_0_15_96,VPWR,li1,51.5200,51.6800,1.799996
FILLER_0_15_53,VPWR,li1,30.5900,51.6800,1.799995
FILLER_0_15_39,VPWR,li1,23.6900,51.6800,1.799995
FILLER_0_15_27,VPWR,li1,18.4000,51.6800,1.799995
FILLER_0_15_3,VPWR,li1,7.1300,51.6800,1.799994
FILLER_0_14_133,VPWR,li1,66.9300,51.6800,1.799995
FILLER_0_14_127,VPWR,li1,65.3200,51.6800,1.799995
FILLER_0_14_106,VPWR,li1,54.5100,51.6800,1.799996
FILLER_0_14_94,VPWR,li1,51.5200,51.6800,1.799996
FILLER_0_14_72,VPWR,li1,38.8700,51.6800,1.799996
FILLER_0_14_32,VPWR,li1,20.4700,51.6800,1.799995
FILLER_0_14_11,VPWR,li1,11.0400,51.6800,1.799994
FILLER_0_14_3,VPWR,li1,8.7400,51.6800,1.799994
FILLER_0_13_133,VPWR,li1,66.9300,46.2400,1.799988
FILLER_0_13_106,VPWR,li1,55.6600,46.2400,1.799985
FILLER_0_13_94,VPWR,li1,51.5200,46.2400,1.799983
FILLER_0_13_73,VPWR,li1,39.3300,46.2400,1.799966
FILLER_0_13_69,VPWR,li1,38.1800,46.2400,1.799962
FILLER_0_13_57,VPWR,li1,34.5000,46.2400,1.799967
FILLER_0_13_54,VPWR,li1,30.8200,46.2400,1.799976
FILLER_0_13_46,VPWR,li1,28.5200,46.2400,1.799983
FILLER_0_13_32,VPWR,li1,20.4700,46.2400,1.799988
FILLER_0_13_24,VPWR,li1,18.4000,46.2400,1.799989
FILLER_0_13_15,VPWR,li1,13.1100,46.2400,1.799993
FILLER_0_13_3,VPWR,li1,9.6600,46.2400,1.799993
FILLER_0_12_133,VPWR,li1,66.9300,46.2400,1.799988
FILLER_0_12_122,VPWR,li1,62.3300,46.2400,1.799988
FILLER_0_12_109,VPWR,li1,56.3500,46.2400,1.799985
FILLER_0_12_97,VPWR,li1,51.0600,46.2400,1.799983
FILLER_0_12_85,VPWR,li1,47.3800,46.2400,1.799980
FILLER_0_12_58,VPWR,li1,32.4300,46.2400,1.799976
FILLER_0_12_52,VPWR,li1,30.8200,46.2400,1.799976
FILLER_0_12_43,VPWR,li1,25.7600,46.2400,1.799985
FILLER_0_12_35,VPWR,li1,23.4600,46.2400,1.799987
FILLER_0_12_29,VPWR,li1,19.0900,46.2400,1.799989
FILLER_0_12_27,VPWR,li1,18.1700,46.2400,1.799991
FILLER_0_12_21,VPWR,li1,16.5600,46.2400,1.799991
FILLER_0_12_15,VPWR,li1,12.6500,46.2400,1.799993
FILLER_0_12_11,VPWR,li1,10.8100,46.2400,1.799993
FILLER_0_12_3,VPWR,li1,8.7400,46.2400,1.799993
FILLER_0_11_133,VPWR,li1,66.9300,40.8000,1.800000
FILLER_0_11_125,VPWR,li1,64.8600,40.8000,1.800000
FILLER_0_11_113,VPWR,li1,60.2600,40.8000,1.800000
FILLER_0_11_111,VPWR,li1,56.8100,40.8000,1.800000
FILLER_0_11_105,VPWR,li1,55.2000,40.8000,1.800000
FILLER_0_11_101,VPWR,li1,52.2100,40.8000,1.800000
FILLER_0_11_97,VPWR,li1,51.0600,40.8000,1.800000
FILLER_0_11_85,VPWR,li1,47.3800,40.8000,1.800000
FILLER_0_11_68,VPWR,li1,37.4900,40.8000,1.800000
FILLER_0_11_57,VPWR,li1,32.2000,40.8000,1.800000
FILLER_0_11_55,VPWR,li1,31.0500,40.8000,1.800000
FILLER_0_11_43,VPWR,li1,28.0600,40.8000,1.800000
FILLER_0_11_31,VPWR,li1,22.5400,40.8000,1.800000
FILLER_0_11_3,VPWR,li1,7.5900,40.8000,1.800000
FILLER_0_10_128,VPWR,li1,65.7800,40.8000,1.800000
FILLER_0_10_116,VPWR,li1,61.6400,40.8000,1.800000
FILLER_0_10_85,VPWR,li1,46.0000,40.8000,1.800000
FILLER_0_10_62,VPWR,li1,36.8000,40.8000,1.800000
FILLER_0_10_50,VPWR,li1,31.2800,40.8000,1.800000
FILLER_0_10_29,VPWR,li1,20.2400,40.8000,1.800000
FILLER_0_10_20,VPWR,li1,16.5600,40.8000,1.800000
FILLER_0_10_15,VPWR,li1,12.8800,40.8000,1.800000
FILLER_0_10_3,VPWR,li1,9.6600,40.8000,1.800000
FILLER_0_9_133,VPWR,li1,66.9300,35.3600,1.799992
FILLER_0_9_111,VPWR,li1,56.8100,35.3600,1.799991
FILLER_0_9_89,VPWR,li1,46.9200,35.3600,1.799992
FILLER_0_9_73,VPWR,li1,39.5600,35.3600,1.799992
FILLER_0_9_65,VPWR,li1,37.2600,35.3600,1.799992
FILLER_0_9_60,VPWR,li1,33.3500,35.3600,1.799991
FILLER_0_9_23,VPWR,li1,16.3300,35.3600,1.799993
FILLER_0_9_15,VPWR,li1,13.1100,35.3600,1.799995
FILLER_0_9_3,VPWR,li1,9.6600,35.3600,1.799995
FILLER_0_8_111,VPWR,li1,57.0400,35.3600,1.799991
FILLER_0_8_85,VPWR,li1,45.0800,35.3600,1.799993
FILLER_0_8_55,VPWR,li1,31.5100,35.3600,1.799991
FILLER_0_8_7,VPWR,li1,8.9700,35.3600,1.799995
FILLER_0_8_3,VPWR,li1,7.8200,35.3600,1.799995
FILLER_0_7_100,VPWR,li1,51.7500,29.9200,1.799972
FILLER_0_7_79,VPWR,li1,42.0900,29.9200,1.799983
FILLER_0_7_62,VPWR,li1,35.8800,29.9200,1.799986
FILLER_0_7_57,VPWR,li1,31.9700,29.9200,1.799989
FILLER_0_7_44,VPWR,li1,28.5200,29.9200,1.799992
FILLER_0_7_27,VPWR,li1,18.4000,29.9200,1.799990
FILLER_0_7_3,VPWR,li1,7.1300,29.9200,1.799989
FILLER_0_6_132,VPWR,li1,66.7000,29.9200,1.799980
FILLER_0_6_124,VPWR,li1,64.4000,29.9200,1.799980
FILLER_0_6_112,VPWR,li1,59.8000,29.9200,1.799982
FILLER_0_6_107,VPWR,li1,55.2000,29.9200,1.799976
FILLER_0_6_85,VPWR,li1,45.0800,29.9200,1.799981
FILLER_0_6_72,VPWR,li1,41.4000,29.9200,1.799983
FILLER_0_6_60,VPWR,li1,35.8800,29.9200,1.799986
FILLER_0_6_34,VPWR,li1,22.5400,29.9200,1.799991
FILLER_0_6_24,VPWR,li1,16.7900,29.9200,1.799990
FILLER_0_6_3,VPWR,li1,7.1300,29.9200,1.799989
FILLER_0_5_133,VPWR,li1,66.9300,24.4800,1.799996
FILLER_0_5_125,VPWR,li1,64.8600,24.4800,1.799996
FILLER_0_5_113,VPWR,li1,60.2600,24.4800,1.799996
FILLER_0_5_111,VPWR,li1,56.8100,24.4800,1.799994
FILLER_0_5_105,VPWR,li1,55.2000,24.4800,1.799994
FILLER_0_5_93,VPWR,li1,51.0600,24.4800,1.799995
FILLER_0_5_81,VPWR,li1,45.5400,24.4800,1.799996
FILLER_0_5_69,VPWR,li1,40.0200,24.4800,1.799995
FILLER_0_5_57,VPWR,li1,34.5000,24.4800,1.799994
FILLER_0_5_54,VPWR,li1,30.8200,24.4800,1.799993
FILLER_0_5_46,VPWR,li1,27.1400,24.4800,1.799993
FILLER_0_5_37,VPWR,li1,23.2300,24.4800,1.799993
FILLER_0_5_25,VPWR,li1,19.7800,24.4800,1.799995
FILLER_0_5_18,VPWR,li1,14.0300,24.4800,1.799996
FILLER_0_5_14,VPWR,li1,12.8800,24.4800,1.799996
FILLER_0_5_3,VPWR,li1,8.7400,24.4800,1.799996
FILLER_0_4_126,VPWR,li1,64.4000,24.4800,1.799996
FILLER_0_4_120,VPWR,li1,61.4100,24.4800,1.799996
FILLER_0_4_95,VPWR,li1,49.6800,24.4800,1.799995
FILLER_0_4_78,VPWR,li1,41.6300,24.4800,1.799995
FILLER_0_4_70,VPWR,li1,39.5600,24.4800,1.799995
FILLER_0_4_43,VPWR,li1,26.2200,24.4800,1.799992
FILLER_0_4_36,VPWR,li1,22.5400,24.4800,1.799994
FILLER_0_4_29,VPWR,li1,19.7800,24.4800,1.799995
FILLER_0_4_27,VPWR,li1,18.1700,24.4800,1.799995
FILLER_0_4_15,VPWR,li1,15.1800,24.4800,1.799996
FILLER_0_4_3,VPWR,li1,9.6600,24.4800,1.799996
FILLER_0_3_132,VPWR,li1,66.7000,19.0400,1.799992
FILLER_0_3_120,VPWR,li1,60.9500,19.0400,1.799992
FILLER_0_3_110,VPWR,li1,56.5800,19.0400,1.799990
FILLER_0_3_73,VPWR,li1,39.5600,19.0400,1.799990
FILLER_0_3_65,VPWR,li1,37.2600,19.0400,1.799990
FILLER_0_3_54,VPWR,li1,30.8200,19.0400,1.799991
FILLER_0_3_50,VPWR,li1,28.7500,19.0400,1.799992
FILLER_0_3_27,VPWR,li1,18.1700,19.0400,1.799994
FILLER_0_3_15,VPWR,li1,15.1800,19.0400,1.799995
FILLER_0_3_3,VPWR,li1,9.6600,19.0400,1.799996
FILLER_0_2_125,VPWR,li1,64.4000,19.0400,1.799992
FILLER_0_2_72,VPWR,li1,39.1000,19.0400,1.799990
FILLER_0_2_18,VPWR,li1,14.7200,19.0400,1.799996
FILLER_0_2_6,VPWR,li1,11.0400,19.0400,1.799996
FILLER_0_1_125,VPWR,li1,64.4000,13.6000,1.800000
FILLER_0_1_113,VPWR,li1,60.2600,13.6000,1.800000
FILLER_0_1_100,VPWR,li1,54.2800,13.6000,1.799999
FILLER_0_1_74,VPWR,li1,40.2500,13.6000,1.799998
FILLER_0_1_66,VPWR,li1,37.7200,13.6000,1.799998
FILLER_0_1_62,VPWR,li1,34.2700,13.6000,1.799998
FILLER_0_1_52,VPWR,li1,30.3600,13.6000,1.799998
FILLER_0_1_18,VPWR,li1,14.7200,13.6000,1.799997
FILLER_0_1_6,VPWR,li1,11.0400,13.6000,1.799997
FILLER_0_0_133,VPWR,li1,66.9300,13.6000,1.800000
FILLER_0_0_125,VPWR,li1,64.8600,13.6000,1.800000
FILLER_0_0_113,VPWR,li1,60.2600,13.6000,1.800000
FILLER_0_0_111,VPWR,li1,56.8100,13.6000,1.799999
FILLER_0_0_105,VPWR,li1,55.2000,13.6000,1.799999
FILLER_0_0_98,VPWR,li1,51.2900,13.6000,1.799999
FILLER_0_0_91,VPWR,li1,48.0700,13.6000,1.799999
FILLER_0_0_85,VPWR,li1,45.0800,13.6000,1.799999
FILLER_0_0_81,VPWR,li1,43.4700,13.6000,1.799999
FILLER_0_0_69,VPWR,li1,40.0200,13.6000,1.799998
FILLER_0_0_65,VPWR,li1,35.6500,13.6000,1.799998
FILLER_0_0_57,VPWR,li1,33.5800,13.6000,1.799998
FILLER_0_0_55,VPWR,li1,31.0500,13.6000,1.799998
FILLER_0_0_47,VPWR,li1,28.9800,13.6000,1.799997
FILLER_0_0_35,VPWR,li1,24.3800,13.6000,1.799996
FILLER_0_0_29,VPWR,li1,19.5500,13.6000,1.799996
FILLER_0_0_27,VPWR,li1,18.1700,13.6000,1.799996
FILLER_0_0_15,VPWR,li1,15.1800,13.6000,1.799996
FILLER_0_0_3,VPWR,li1,9.6600,13.6000,1.799997
hold5,VPWR,li1,35.4200,51.6800,1.799996
hold4,VPWR,li1,47.3800,35.3600,1.799992
hold3,VPWR,li1,64.8600,46.2400,1.799988
hold2,VPWR,li1,49.6800,13.6000,1.799999
hold1,VPWR,li1,63.0200,19.0400,1.799992
clkload2,VPWR,li1,46.0000,57.1200,1.799973
clkload1,VPWR,li1,21.1600,57.1200,1.799960
clkload0,VPWR,li1,25.3000,24.4800,1.799992
clkbuf_2_3__f_clk,VPWR,li1,49.2200,57.1200,1.799965
clkbuf_2_2__f_clk,VPWR,li1,24.3800,57.1200,1.799957
clkbuf_2_1__f_clk,VPWR,li1,50.1400,29.9200,1.799969
clkbuf_2_0__f_clk,VPWR,li1,28.5200,29.9200,1.799992
clkbuf_0_clk,VPWR,li1,37.2600,46.2400,1.799962
ZeroToFiveCounter_6,VPWR,li1,7.5900,13.6000,1.799997
output5,VPWR,li1,66.2400,24.4800,1.799996
output4,VPWR,li1,52.9000,13.6000,1.799999
output3,VPWR,li1,49.6800,13.6000,1.799999
output2,VPWR,li1,46.4600,13.6000,1.799999
input1,VPWR,li1,36.5700,13.6000,1.799998
ZeroToFiveCounter_10,VPWR,li1,7.5900,68.0000,1.799998
ZeroToFiveCounter_9,VPWR,li1,7.5900,19.0400,1.799996
ZeroToFiveCounter_8,VPWR,li1,7.5900,68.0000,1.799998
ZeroToFiveCounter_7,VPWR,li1,66.4700,19.0400,1.799992
ZeroToFiveCounter_13,VPWR,li1,66.4700,13.6000,1.800000
ZeroToFiveCounter_12,VPWR,li1,66.4700,68.0000,1.799998
ZeroToFiveCounter_11,VPWR,li1,66.4700,68.0000,1.799998
TAP_TAPCELL_ROW_22_95,VPWR,li1,57.2700,73.1330,1.800000
TAP_TAPCELL_ROW_22_94,VPWR,li1,44.3900,73.1330,1.800000
TAP_TAPCELL_ROW_22_93,VPWR,li1,31.5100,73.1330,1.800000
TAP_TAPCELL_ROW_22_92,VPWR,li1,18.6300,73.1330,1.800000
TAP_TAPCELL_ROW_21_91,VPWR,li1,57.2700,68.3060,1.799997
TAP_TAPCELL_ROW_21_90,VPWR,li1,31.5100,68.3060,1.799995
TAP_TAPCELL_ROW_20_89,VPWR,li1,44.3900,67.6930,1.799995
TAP_TAPCELL_ROW_20_88,VPWR,li1,18.6300,67.6930,1.799997
TAP_TAPCELL_ROW_19_87,VPWR,li1,57.2700,62.8660,1.799991
TAP_TAPCELL_ROW_19_86,VPWR,li1,31.5100,62.8660,1.799993
TAP_TAPCELL_ROW_18_85,VPWR,li1,44.3900,62.2530,1.799991
TAP_TAPCELL_ROW_18_84,VPWR,li1,18.6300,62.2530,1.799991
TAP_TAPCELL_ROW_17_83,VPWR,li1,57.2700,57.4260,1.799980
TAP_TAPCELL_ROW_17_82,VPWR,li1,31.5100,57.4260,1.799971
TAP_TAPCELL_ROW_16_81,VPWR,li1,44.3900,56.8130,1.799973
TAP_TAPCELL_ROW_16_80,VPWR,li1,18.6300,56.8130,1.799968
TAP_TAPCELL_ROW_15_79,VPWR,li1,57.2700,51.9860,1.799996
TAP_TAPCELL_ROW_15_78,VPWR,li1,31.5100,51.9860,1.799995
TAP_TAPCELL_ROW_14_77,VPWR,li1,44.3900,51.3730,1.799997
TAP_TAPCELL_ROW_14_76,VPWR,li1,18.6300,51.3730,1.799995
TAP_TAPCELL_ROW_13_75,VPWR,li1,57.2700,46.5460,1.799985
TAP_TAPCELL_ROW_13_74,VPWR,li1,31.5100,46.5460,1.799976
TAP_TAPCELL_ROW_12_73,VPWR,li1,44.3900,45.9330,1.799974
TAP_TAPCELL_ROW_12_72,VPWR,li1,18.6300,45.9330,1.799989
TAP_TAPCELL_ROW_11_71,VPWR,li1,57.2700,41.1060,1.800000
TAP_TAPCELL_ROW_11_70,VPWR,li1,31.5100,41.1060,1.800000
TAP_TAPCELL_ROW_10_69,VPWR,li1,44.3900,40.4930,1.800000
TAP_TAPCELL_ROW_10_68,VPWR,li1,18.6300,40.4930,1.800000
TAP_TAPCELL_ROW_9_67,VPWR,li1,57.2700,35.6660,1.799991
TAP_TAPCELL_ROW_9_66,VPWR,li1,31.5100,35.6660,1.799991
TAP_TAPCELL_ROW_8_65,VPWR,li1,44.3900,35.0530,1.799993
TAP_TAPCELL_ROW_8_64,VPWR,li1,18.6300,35.0530,1.799992
TAP_TAPCELL_ROW_7_63,VPWR,li1,57.2700,30.2260,1.799979
TAP_TAPCELL_ROW_7_62,VPWR,li1,31.5100,30.2260,1.799989
TAP_TAPCELL_ROW_6_61,VPWR,li1,44.3900,29.6130,1.799981
TAP_TAPCELL_ROW_6_60,VPWR,li1,18.6300,29.6130,1.799990
TAP_TAPCELL_ROW_5_59,VPWR,li1,57.2700,24.7860,1.799995
TAP_TAPCELL_ROW_5_58,VPWR,li1,31.5100,24.7860,1.799993
TAP_TAPCELL_ROW_4_57,VPWR,li1,44.3900,24.1730,1.799996
TAP_TAPCELL_ROW_4_56,VPWR,li1,18.6300,24.1730,1.799995
TAP_TAPCELL_ROW_3_55,VPWR,li1,57.2700,19.3460,1.799990
TAP_TAPCELL_ROW_3_54,VPWR,li1,31.5100,19.3460,1.799991
TAP_TAPCELL_ROW_2_53,VPWR,li1,44.3900,18.7330,1.799990
TAP_TAPCELL_ROW_2_52,VPWR,li1,18.6300,18.7330,1.799994
TAP_TAPCELL_ROW_1_51,VPWR,li1,57.2700,13.9060,1.799999
TAP_TAPCELL_ROW_1_50,VPWR,li1,31.5100,13.9060,1.799998
TAP_TAPCELL_ROW_0_49,VPWR,li1,57.2700,13.2930,1.799999
TAP_TAPCELL_ROW_0_48,VPWR,li1,44.3900,13.2930,1.799999
TAP_TAPCELL_ROW_0_47,VPWR,li1,31.5100,13.2930,1.799998
TAP_TAPCELL_ROW_0_46,VPWR,li1,18.6300,13.2930,1.799996
PHY_EDGE_ROW_22_Left_45,VPWR,li1,6.2100,73.4400,1.800000
PHY_EDGE_ROW_21_Left_44,VPWR,li1,6.2100,68.0000,1.799998
PHY_EDGE_ROW_20_Left_43,VPWR,li1,6.2100,68.0000,1.799998
PHY_EDGE_ROW_19_Left_42,VPWR,li1,6.2100,62.5600,1.799994
PHY_EDGE_ROW_18_Left_41,VPWR,li1,6.2100,62.5600,1.799994
PHY_EDGE_ROW_17_Left_40,VPWR,li1,6.2100,57.1200,1.799974
PHY_EDGE_ROW_16_Left_39,VPWR,li1,6.2100,57.1200,1.799974
PHY_EDGE_ROW_15_Left_38,VPWR,li1,6.2100,51.6800,1.799994
PHY_EDGE_ROW_14_Left_37,VPWR,li1,6.2100,51.6800,1.799994
PHY_EDGE_ROW_13_Left_36,VPWR,li1,6.2100,46.2400,1.799993
PHY_EDGE_ROW_12_Left_35,VPWR,li1,6.2100,46.2400,1.799993
PHY_EDGE_ROW_11_Left_34,VPWR,li1,6.2100,40.8000,1.800000
PHY_EDGE_ROW_10_Left_33,VPWR,li1,6.2100,40.8000,1.800000
PHY_EDGE_ROW_9_Left_32,VPWR,li1,6.2100,35.3600,1.799995
PHY_EDGE_ROW_8_Left_31,VPWR,li1,6.2100,35.3600,1.799995
PHY_EDGE_ROW_7_Left_30,VPWR,li1,6.2100,29.9200,1.799989
PHY_EDGE_ROW_6_Left_29,VPWR,li1,6.2100,29.9200,1.799989
PHY_EDGE_ROW_5_Left_28,VPWR,li1,6.2100,24.4800,1.799996
PHY_EDGE_ROW_4_Left_27,VPWR,li1,6.2100,24.4800,1.799996
PHY_EDGE_ROW_3_Left_26,VPWR,li1,6.2100,19.0400,1.799996
PHY_EDGE_ROW_2_Left_25,VPWR,li1,6.2100,19.0400,1.799996
PHY_EDGE_ROW_1_Left_24,VPWR,li1,6.2100,13.6000,1.799997
PHY_EDGE_ROW_0_Left_23,VPWR,li1,6.2100,13.6000,1.799997
PHY_EDGE_ROW_22_Right_22,VPWR,li1,67.8500,73.4400,1.800000
PHY_EDGE_ROW_21_Right_21,VPWR,li1,67.8500,68.0000,1.799998
PHY_EDGE_ROW_20_Right_20,VPWR,li1,67.8500,68.0000,1.799998
PHY_EDGE_ROW_19_Right_19,VPWR,li1,67.8500,62.5600,1.799991
PHY_EDGE_ROW_18_Right_18,VPWR,li1,67.8500,62.5600,1.799991
PHY_EDGE_ROW_17_Right_17,VPWR,li1,67.8500,57.1200,1.799983
PHY_EDGE_ROW_16_Right_16,VPWR,li1,67.8500,57.1200,1.799983
PHY_EDGE_ROW_15_Right_15,VPWR,li1,67.8500,51.6800,1.799995
PHY_EDGE_ROW_14_Right_14,VPWR,li1,67.8500,51.6800,1.799995
PHY_EDGE_ROW_13_Right_13,VPWR,li1,67.8500,46.2400,1.799988
PHY_EDGE_ROW_12_Right_12,VPWR,li1,67.8500,46.2400,1.799988
PHY_EDGE_ROW_11_Right_11,VPWR,li1,67.8500,40.8000,1.800000
PHY_EDGE_ROW_10_Right_10,VPWR,li1,67.8500,40.8000,1.800000
PHY_EDGE_ROW_9_Right_9,VPWR,li1,67.8500,35.3600,1.799992
PHY_EDGE_ROW_8_Right_8,VPWR,li1,67.8500,35.3600,1.799992
PHY_EDGE_ROW_7_Right_7,VPWR,li1,67.8500,29.9200,1.799980
PHY_EDGE_ROW_6_Right_6,VPWR,li1,67.8500,29.9200,1.799980
PHY_EDGE_ROW_5_Right_5,VPWR,li1,67.8500,24.4800,1.799996
PHY_EDGE_ROW_4_Right_4,VPWR,li1,67.8500,24.4800,1.799996
PHY_EDGE_ROW_3_Right_3,VPWR,li1,67.8500,19.0400,1.799992
PHY_EDGE_ROW_2_Right_2,VPWR,li1,67.8500,19.0400,1.799992
PHY_EDGE_ROW_1_Right_1,VPWR,li1,67.8500,13.6000,1.800000
PHY_EDGE_ROW_0_Right_0,VPWR,li1,67.8500,13.6000,1.800000
_380_,VPWR,li1,39.5600,35.3600,1.799992
_379_,VPWR,li1,62.3300,29.9200,1.799980
_378_,VPWR,li1,51.9800,35.3600,1.799990
_377_,VPWR,li1,62.1000,46.2400,1.799988
_376_,VPWR,li1,62.1000,51.6800,1.799995
_375_,VPWR,li1,60.2600,62.5600,1.799991
_374_,VPWR,li1,62.3300,35.3600,1.799992
_373_,VPWR,li1,51.0600,62.5600,1.799989
_372_,VPWR,li1,44.1600,46.2400,1.799974
_371_,VPWR,li1,44.6200,68.0000,1.799995
_370_,VPWR,li1,44.8500,62.5600,1.799991
_369_,VPWR,li1,29.9000,68.0000,1.799995
_368_,VPWR,li1,26.6800,62.5600,1.799991
_367_,VPWR,li1,17.4800,62.5600,1.799991
_366_,VPWR,li1,30.3600,57.1200,1.799971
_365_,VPWR,li1,28.9800,51.6800,1.799995
_364_,VPWR,li1,13.3400,51.6800,1.799994
_363_,VPWR,li1,12.8800,57.1200,1.799974
_362_,VPWR,li1,12.8800,40.8000,1.800000
_361_,VPWR,li1,26.6800,35.3600,1.799990
_360_,VPWR,li1,24.8400,35.3600,1.799990
_359_,VPWR,li1,11.9600,29.9200,1.799989
_358_,VPWR,li1,13.3400,29.9200,1.799989
_357_,VPWR,li1,23.4600,19.0400,1.799991
_356_,VPWR,li1,20.2400,13.6000,1.799995
_355_,VPWR,li1,34.0400,19.0400,1.799990
_354_,VPWR,li1,31.7400,24.4800,1.799993
_353_,VPWR,li1,58.4200,19.0400,1.799990
_352_,VPWR,li1,56.1200,24.4800,1.799994
_351_,VPWR,li1,49.2200,19.0400,1.799988
_350_,VPWR,li1,44.6200,19.0400,1.799990
_349_,VPWR,li1,41.1700,29.9200,1.799983
_348_,VPWR,li1,66.0100,35.3600,1.799992
_347_,VPWR,li1,56.3500,40.8000,1.800000
_346_,VPWR,li1,60.9500,46.2400,1.799988
_345_,VPWR,li1,63.2500,57.1200,1.799983
_344_,VPWR,li1,60.4900,62.5600,1.799991
_343_,VPWR,li1,64.6300,35.3600,1.799992
_342_,VPWR,li1,52.2100,62.5600,1.799989
_341_,VPWR,li1,48.0700,51.6800,1.799997
_340_,VPWR,li1,48.0700,68.0000,1.799996
_339_,VPWR,li1,49.4500,68.0000,1.799996
_338_,VPWR,li1,41.4000,35.3600,1.799992
_337_,VPWR,li1,35.1900,68.0000,1.799995
_336_,VPWR,li1,36.1100,62.5600,1.799992
_335_,VPWR,li1,17.7100,68.0000,1.799998
_334_,VPWR,li1,34.7300,57.1200,1.799971
_333_,VPWR,li1,37.9500,51.6800,1.799996
_332_,VPWR,li1,14.4900,46.2400,1.799992
_331_,VPWR,li1,18.1700,57.1200,1.799968
_330_,VPWR,li1,14.0300,40.8000,1.800000
_329_,VPWR,li1,32.4300,35.3600,1.799991
_328_,VPWR,li1,30.1300,35.3600,1.799992
_327_,VPWR,li1,33.5800,35.3600,1.799991
_326_,VPWR,li1,16.3300,24.4800,1.799996
_325_,VPWR,li1,14.9500,24.4800,1.799996
_324_,VPWR,li1,17.7100,19.0400,1.799994
_323_,VPWR,li1,20.9300,13.6000,1.799995
_322_,VPWR,li1,35.1900,13.6000,1.799998
_321_,VPWR,li1,37.0300,24.4800,1.799994
_320_,VPWR,li1,62.7900,24.4800,1.799996
_319_,VPWR,li1,65.5500,19.0400,1.799992
_318_,VPWR,li1,40.2500,19.0400,1.799990
_317_,VPWR,li1,41.6300,13.6000,1.799998
_316_,VPWR,li1,39.1000,29.9200,1.799984
_315_,VPWR,li1,47.3800,29.9200,1.799974
_314_,VPWR,li1,56.3500,29.9200,1.799976
_313_,VPWR,li1,53.1300,29.9200,1.799972
_312_,VPWR,li1,51.0600,35.3600,1.799990
_311_,VPWR,li1,56.3500,29.9200,1.799976
_310_,VPWR,li1,54.7400,35.3600,1.799991
_309_,VPWR,li1,50.6000,40.8000,1.800000
_308_,VPWR,li1,54.0500,40.8000,1.800000
_307_,VPWR,li1,53.8200,46.2400,1.799984
_306_,VPWR,li1,58.6500,46.2400,1.799987
_305_,VPWR,li1,55.8900,51.6800,1.799996
_304_,VPWR,li1,53.1300,40.8000,1.800000
_303_,VPWR,li1,55.2000,51.6800,1.799996
_302_,VPWR,li1,58.8800,51.6800,1.799996
_301_,VPWR,li1,60.2600,57.1200,1.799983
_300_,VPWR,li1,59.3400,57.1200,1.799983
_299_,VPWR,li1,57.7300,57.1200,1.799980
_298_,VPWR,li1,61.8700,57.1200,1.799983
_297_,VPWR,li1,63.2500,35.3600,1.799992
_296_,VPWR,li1,61.4100,35.3600,1.799992
_295_,VPWR,li1,58.8800,35.3600,1.799992
_294_,VPWR,li1,57.9600,40.8000,1.800000
_293_,VPWR,li1,52.4400,57.1200,1.799972
_292_,VPWR,li1,54.9700,57.1200,1.799976
_291_,VPWR,li1,40.9400,51.6800,1.799996
_290_,VPWR,li1,38.4100,51.6800,1.799996
_289_,VPWR,li1,55.2000,57.1200,1.799976
_288_,VPWR,li1,39.7900,51.6800,1.799996
_287_,VPWR,li1,43.0100,46.2400,1.799974
_286_,VPWR,li1,41.1700,51.6800,1.799996
_285_,VPWR,li1,48.5300,57.1200,1.799965
_284_,VPWR,li1,48.0700,51.6800,1.799997
_283_,VPWR,li1,46.6900,68.0000,1.799996
_282_,VPWR,li1,39.3300,68.0000,1.799995
_281_,VPWR,li1,42.3200,62.5600,1.799992
_280_,VPWR,li1,39.1000,62.5600,1.799992
_279_,VPWR,li1,43.4700,68.0000,1.799995
_278_,VPWR,li1,37.0300,68.0000,1.799995
_277_,VPWR,li1,41.6300,68.0000,1.799995
_276_,VPWR,li1,45.3100,68.0000,1.799996
_275_,VPWR,li1,32.4300,68.0000,1.799995
_274_,VPWR,li1,31.5100,62.5600,1.799993
_273_,VPWR,li1,34.7300,62.5600,1.799992
_272_,VPWR,li1,35.4200,51.6800,1.799996
_271_,VPWR,li1,32.8900,51.6800,1.799996
_270_,VPWR,li1,29.6700,68.0000,1.799995
_269_,VPWR,li1,25.7600,62.5600,1.799991
_268_,VPWR,li1,28.9800,62.5600,1.799993
_267_,VPWR,li1,24.6100,68.0000,1.799996
_266_,VPWR,li1,16.3300,68.0000,1.799998
_265_,VPWR,li1,20.0100,68.0000,1.799997
_264_,VPWR,li1,21.8500,62.5600,1.799991
_263_,VPWR,li1,22.3100,68.0000,1.799997
_262_,VPWR,li1,25.0700,57.1200,1.799957
_261_,VPWR,li1,30.1300,57.1200,1.799971
_260_,VPWR,li1,23.6900,57.1200,1.799957
_259_,VPWR,li1,28.7500,51.6800,1.799995
_258_,VPWR,li1,32.8900,57.1200,1.799971
_257_,VPWR,li1,22.5400,51.6800,1.799995
_256_,VPWR,li1,24.6100,51.6800,1.799995
_255_,VPWR,li1,26.4500,51.6800,1.799995
_254_,VPWR,li1,22.3100,46.2400,1.799987
_253_,VPWR,li1,20.0100,51.6800,1.799995
_252_,VPWR,li1,8.0500,51.6800,1.799994
_251_,VPWR,li1,12.6500,51.6800,1.799994
_250_,VPWR,li1,15.4100,57.1200,1.799971
_249_,VPWR,li1,19.5500,51.6800,1.799995
_248_,VPWR,li1,17.2500,51.6800,1.799995
_247_,VPWR,li1,11.2700,57.1200,1.799974
_246_,VPWR,li1,13.1100,57.1200,1.799975
_245_,VPWR,li1,14.9500,51.6800,1.799994
_244_,VPWR,li1,17.2500,57.1200,1.799968
_243_,VPWR,li1,22.3100,51.6800,1.799995
_242_,VPWR,li1,11.7300,46.2400,1.799993
_241_,VPWR,li1,14.0300,46.2400,1.799993
_240_,VPWR,li1,18.6300,40.8000,1.800000
_239_,VPWR,li1,15.8700,46.2400,1.799992
_238_,VPWR,li1,20.4700,46.2400,1.799988
_237_,VPWR,li1,27.8300,40.8000,1.800000
_236_,VPWR,li1,23.2300,40.8000,1.800000
_235_,VPWR,li1,24.1500,29.9200,1.799991
_234_,VPWR,li1,20.7000,29.9200,1.799991
_233_,VPWR,li1,16.7900,35.3600,1.799993
_232_,VPWR,li1,19.5500,35.3600,1.799992
_231_,VPWR,li1,11.2700,24.4800,1.799996
_230_,VPWR,li1,11.7300,35.3600,1.799995
_229_,VPWR,li1,9.8900,35.3600,1.799995
_228_,VPWR,li1,14.9500,35.3600,1.799994
_227_,VPWR,li1,8.0500,29.9200,1.799989
_226_,VPWR,li1,14.0300,35.3600,1.799994
_225_,VPWR,li1,20.0100,29.9200,1.799990
_224_,VPWR,li1,17.7100,29.9200,1.799990
_223_,VPWR,li1,17.7100,35.3600,1.799993
_222_,VPWR,li1,34.5000,35.3600,1.799991
_221_,VPWR,li1,21.3900,24.4800,1.799994
_220_,VPWR,li1,20.0100,19.0400,1.799993
_219_,VPWR,li1,23.2300,19.0400,1.799991
_218_,VPWR,li1,16.3300,19.0400,1.799995
_217_,VPWR,li1,24.1500,24.4800,1.799993
_216_,VPWR,li1,26.2200,13.6000,1.799997
_215_,VPWR,li1,28.5200,13.6000,1.799997
_214_,VPWR,li1,28.7500,19.0400,1.799992
_213_,VPWR,li1,32.8900,19.0400,1.799990
_212_,VPWR,li1,32.8900,13.6000,1.799998
_211_,VPWR,li1,34.7300,19.0400,1.799990
_210_,VPWR,li1,29.6700,19.0400,1.799992
_209_,VPWR,li1,28.9800,24.4800,1.799993
_208_,VPWR,li1,33.1200,29.9200,1.799989
_207_,VPWR,li1,44.6200,35.3600,1.799993
_206_,VPWR,li1,49.4500,29.9200,1.799969
_205_,VPWR,li1,43.7000,40.8000,1.800000
_204_,VPWR,li1,43.0100,51.6800,1.799997
_203_,VPWR,li1,46.0000,51.6800,1.799997
_202_,VPWR,li1,27.8300,46.2400,1.799983
_201_,VPWR,li1,48.0700,40.8000,1.800000
_200_,VPWR,li1,50.8300,29.9200,1.799969
_199_,VPWR,li1,45.3100,24.4800,1.799996
_198_,VPWR,li1,43.4700,13.6000,1.799999
_197_,VPWR,li1,43.0100,24.4800,1.799995
_196_,VPWR,li1,42.5500,19.0400,1.799990
_195_,VPWR,li1,44.1600,29.9200,1.799981
_194_,VPWR,li1,41.6300,40.8000,1.800000
_193_,VPWR,li1,34.0400,40.8000,1.800000
_192_,VPWR,li1,50.8300,24.4800,1.799995
_191_,VPWR,li1,46.2300,13.6000,1.799999
_190_,VPWR,li1,51.0600,19.0400,1.799989
_189_,VPWR,li1,47.6100,24.4800,1.799995
_188_,VPWR,li1,59.1100,19.0400,1.799990
_187_,VPWR,li1,54.5100,19.0400,1.799989
_186_,VPWR,li1,41.1700,40.8000,1.800000
_185_,VPWR,li1,36.1100,40.8000,1.800000
_184_,VPWR,li1,25.3000,46.2400,1.799985
_183_,VPWR,li1,43.4700,40.8000,1.800000
_182_,VPWR,li1,54.9700,29.9200,1.799976
_181_,VPWR,li1,39.3300,40.8000,1.800000
_180_,VPWR,li1,32.8900,62.5600,1.799993
_179_,VPWR,li1,44.1600,51.6800,1.799997
_178_,VPWR,li1,62.3300,51.6800,1.799995
_177_,VPWR,li1,25.9900,40.8000,1.800000
_176_,VPWR,li1,20.4700,35.3600,1.799992
_175_,VPWR,li1,26.6800,19.0400,1.799992
