Instance,Terminal,Layer,X location,Y location,Voltage
FILLER_0_22_133,VGND,li1,66.9300,70.7200,0.000001
FILLER_0_22_125,VGND,li1,64.8600,70.7200,0.000001
FILLER_0_22_113,VGND,li1,60.2600,70.7200,0.000001
FILLER_0_22_109,VGND,li1,56.3500,70.7200,0.000002
FILLER_0_22_97,VGND,li1,52.9000,70.7200,0.000002
FILLER_0_22_85,VGND,li1,47.3800,70.7200,0.000003
FILLER_0_22_81,VGND,li1,43.4700,70.7200,0.000004
FILLER_0_22_69,VGND,li1,40.0200,70.7200,0.000003
FILLER_0_22_57,VGND,li1,34.5000,70.7200,0.000002
FILLER_0_22_53,VGND,li1,30.5900,70.7200,0.000001
FILLER_0_22_41,VGND,li1,27.1400,70.7200,0.000001
FILLER_0_22_29,VGND,li1,21.6200,70.7200,0.000001
FILLER_0_22_27,VGND,li1,18.1700,70.7200,0.000001
FILLER_0_22_15,VGND,li1,15.1800,70.7200,0.000001
FILLER_0_22_3,VGND,li1,9.6600,70.7200,0.000001
FILLER_0_21_125,VGND,li1,64.4000,70.7200,0.000001
FILLER_0_21_113,VGND,li1,60.2600,70.7200,0.000001
FILLER_0_21_111,VGND,li1,56.8100,70.7200,0.000002
FILLER_0_21_107,VGND,li1,55.6600,70.7200,0.000002
FILLER_0_21_95,VGND,li1,51.9800,70.7200,0.000002
FILLER_0_21_72,VGND,li1,39.3300,70.7200,0.000003
FILLER_0_21_60,VGND,li1,35.8800,70.7200,0.000002
FILLER_0_21_48,VGND,li1,27.8300,70.7200,0.000001
FILLER_0_21_42,VGND,li1,26.2200,70.7200,0.000001
FILLER_0_21_30,VGND,li1,22.0800,70.7200,0.000001
FILLER_0_21_18,VGND,li1,16.5600,70.7200,0.000001
FILLER_0_21_6,VGND,li1,11.0400,70.7200,0.000001
FILLER_0_20_129,VGND,li1,65.3200,65.2800,0.000002
FILLER_0_20_121,VGND,li1,63.0200,65.2800,0.000002
FILLER_0_20_109,VGND,li1,58.4200,65.2800,0.000003
FILLER_0_20_97,VGND,li1,52.9000,65.2800,0.000004
FILLER_0_20_39,VGND,li1,23.6900,65.2800,0.000011
FILLER_0_20_18,VGND,li1,14.7200,65.2800,0.000009
FILLER_0_20_6,VGND,li1,11.0400,65.2800,0.000009
FILLER_0_19_133,VGND,li1,66.9300,65.2800,0.000002
FILLER_0_19_121,VGND,li1,63.9400,65.2800,0.000002
FILLER_0_19_117,VGND,li1,59.5700,65.2800,0.000003
FILLER_0_19_113,VGND,li1,58.4200,65.2800,0.000003
FILLER_0_19_111,VGND,li1,56.8100,65.2800,0.000003
FILLER_0_19_103,VGND,li1,54.7400,65.2800,0.000004
FILLER_0_19_96,VGND,li1,50.6000,65.2800,0.000005
FILLER_0_19_68,VGND,li1,37.4900,65.2800,0.000008
FILLER_0_19_15,VGND,li1,12.6500,65.2800,0.000009
FILLER_0_19_3,VGND,li1,9.6600,65.2800,0.000009
FILLER_0_18_133,VGND,li1,66.9300,59.8400,0.000015
FILLER_0_18_129,VGND,li1,65.7800,59.8400,0.000015
FILLER_0_18_85,VGND,li1,45.5400,59.8400,0.000028
FILLER_0_18_83,VGND,li1,43.9300,59.8400,0.000027
FILLER_0_18_71,VGND,li1,39.5600,59.8400,0.000026
FILLER_0_18_59,VGND,li1,35.4200,59.8400,0.000024
FILLER_0_18_37,VGND,li1,23.2300,59.8400,0.000039
FILLER_0_18_33,VGND,li1,20.9300,59.8400,0.000035
FILLER_0_18_29,VGND,li1,19.7800,59.8400,0.000030
FILLER_0_18_27,VGND,li1,18.1700,59.8400,0.000030
FILLER_0_18_15,VGND,li1,15.1800,59.8400,0.000024
FILLER_0_18_3,VGND,li1,9.6600,59.8400,0.000026
FILLER_0_17_133,VGND,li1,66.9300,59.8400,0.000015
FILLER_0_17_121,VGND,li1,63.9400,59.8400,0.000015
FILLER_0_17_109,VGND,li1,56.3500,59.8400,0.000024
FILLER_0_17_105,VGND,li1,54.0500,59.8400,0.000026
FILLER_0_17_77,VGND,li1,42.7800,59.8400,0.000027
FILLER_0_17_65,VGND,li1,38.1800,59.8400,0.000025
FILLER_0_17_29,VGND,li1,19.3200,59.8400,0.000030
FILLER_0_17_3,VGND,li1,7.5900,59.8400,0.000026
FILLER_0_16_133,VGND,li1,66.9300,54.4000,0.000006
FILLER_0_16_127,VGND,li1,65.3200,54.4000,0.000006
FILLER_0_16_96,VGND,li1,50.1400,54.4000,0.000006
FILLER_0_16_76,VGND,li1,42.3200,54.4000,0.000008
FILLER_0_16_64,VGND,li1,37.7200,54.4000,0.000008
FILLER_0_16_37,VGND,li1,22.7700,54.4000,0.000012
FILLER_0_16_29,VGND,li1,19.3200,54.4000,0.000011
FILLER_0_16_27,VGND,li1,18.1700,54.4000,0.000011
FILLER_0_16_3,VGND,li1,8.7400,54.4000,0.000011
FILLER_0_15_133,VGND,li1,66.9300,54.4000,0.000006
FILLER_0_15_96,VGND,li1,51.5200,54.4000,0.000006
FILLER_0_15_53,VGND,li1,30.5900,54.4000,0.000009
FILLER_0_15_39,VGND,li1,23.6900,54.4000,0.000012
FILLER_0_15_27,VGND,li1,18.4000,54.4000,0.000011
FILLER_0_15_3,VGND,li1,7.1300,54.4000,0.000011
FILLER_0_14_133,VGND,li1,66.9300,48.9600,0.000005
FILLER_0_14_127,VGND,li1,65.3200,48.9600,0.000005
FILLER_0_14_106,VGND,li1,54.5100,48.9600,0.000006
FILLER_0_14_94,VGND,li1,51.5200,48.9600,0.000005
FILLER_0_14_72,VGND,li1,38.8700,48.9600,0.000007
FILLER_0_14_32,VGND,li1,20.4700,48.9600,0.000004
FILLER_0_14_11,VGND,li1,11.0400,48.9600,0.000003
FILLER_0_14_3,VGND,li1,8.7400,48.9600,0.000003
FILLER_0_13_133,VGND,li1,66.9300,48.9600,0.000005
FILLER_0_13_106,VGND,li1,55.6600,48.9600,0.000006
FILLER_0_13_94,VGND,li1,51.5200,48.9600,0.000005
FILLER_0_13_73,VGND,li1,39.3300,48.9600,0.000007
FILLER_0_13_69,VGND,li1,38.1800,48.9600,0.000006
FILLER_0_13_57,VGND,li1,34.5000,48.9600,0.000006
FILLER_0_13_54,VGND,li1,30.8200,48.9600,0.000005
FILLER_0_13_46,VGND,li1,28.5200,48.9600,0.000006
FILLER_0_13_32,VGND,li1,20.4700,48.9600,0.000004
FILLER_0_13_24,VGND,li1,18.4000,48.9600,0.000003
FILLER_0_13_15,VGND,li1,13.1100,48.9600,0.000003
FILLER_0_13_3,VGND,li1,9.6600,48.9600,0.000003
FILLER_0_12_133,VGND,li1,66.9300,43.5200,0.000005
FILLER_0_12_122,VGND,li1,62.3300,43.5200,0.000005
FILLER_0_12_109,VGND,li1,56.3500,43.5200,0.000009
FILLER_0_12_97,VGND,li1,51.0600,43.5200,0.000011
FILLER_0_12_85,VGND,li1,47.3800,43.5200,0.000013
FILLER_0_12_58,VGND,li1,32.4300,43.5200,0.000020
FILLER_0_12_52,VGND,li1,30.8200,43.5200,0.000020
FILLER_0_12_43,VGND,li1,25.7600,43.5200,0.000017
FILLER_0_12_35,VGND,li1,23.4600,43.5200,0.000015
FILLER_0_12_29,VGND,li1,19.0900,43.5200,0.000013
FILLER_0_12_27,VGND,li1,18.1700,43.5200,0.000012
FILLER_0_12_21,VGND,li1,16.5600,43.5200,0.000012
FILLER_0_12_15,VGND,li1,12.6500,43.5200,0.000014
FILLER_0_12_11,VGND,li1,10.8100,43.5200,0.000014
FILLER_0_12_3,VGND,li1,8.7400,43.5200,0.000014
FILLER_0_11_133,VGND,li1,66.9300,43.5200,0.000005
FILLER_0_11_125,VGND,li1,64.8600,43.5200,0.000005
FILLER_0_11_113,VGND,li1,60.2600,43.5200,0.000006
FILLER_0_11_111,VGND,li1,56.8100,43.5200,0.000009
FILLER_0_11_105,VGND,li1,55.2000,43.5200,0.000009
FILLER_0_11_101,VGND,li1,52.2100,43.5200,0.000011
FILLER_0_11_97,VGND,li1,51.0600,43.5200,0.000011
FILLER_0_11_85,VGND,li1,47.3800,43.5200,0.000013
FILLER_0_11_68,VGND,li1,37.4900,43.5200,0.000034
FILLER_0_11_57,VGND,li1,32.2000,43.5200,0.000020
FILLER_0_11_55,VGND,li1,31.0500,43.5200,0.000020
FILLER_0_11_43,VGND,li1,28.0600,43.5200,0.000018
FILLER_0_11_31,VGND,li1,22.5400,43.5200,0.000015
FILLER_0_11_3,VGND,li1,7.5900,43.5200,0.000014
FILLER_0_10_128,VGND,li1,65.7800,38.0800,0.000003
FILLER_0_10_116,VGND,li1,61.6400,38.0800,0.000003
FILLER_0_10_85,VGND,li1,46.0000,38.0800,0.000005
FILLER_0_10_62,VGND,li1,36.8000,38.0800,0.000005
FILLER_0_10_50,VGND,li1,31.2800,38.0800,0.000004
FILLER_0_10_29,VGND,li1,20.2400,38.0800,0.000004
FILLER_0_10_20,VGND,li1,16.5600,38.0800,0.000003
FILLER_0_10_15,VGND,li1,12.8800,38.0800,0.000003
FILLER_0_10_3,VGND,li1,9.6600,38.0800,0.000003
FILLER_0_9_133,VGND,li1,66.9300,38.0800,0.000003
FILLER_0_9_111,VGND,li1,56.8100,38.0800,0.000004
FILLER_0_9_89,VGND,li1,46.9200,38.0800,0.000005
FILLER_0_9_73,VGND,li1,39.5600,38.0800,0.000005
FILLER_0_9_65,VGND,li1,37.2600,38.0800,0.000005
FILLER_0_9_60,VGND,li1,33.3500,38.0800,0.000004
FILLER_0_9_23,VGND,li1,16.3300,38.0800,0.000003
FILLER_0_9_15,VGND,li1,13.1100,38.0800,0.000003
FILLER_0_9_3,VGND,li1,9.6600,38.0800,0.000003
FILLER_0_8_111,VGND,li1,57.0400,32.6400,0.000006
FILLER_0_8_85,VGND,li1,45.0800,32.6400,0.000007
FILLER_0_8_55,VGND,li1,31.5100,32.6400,0.000008
FILLER_0_8_7,VGND,li1,8.9700,32.6400,0.000011
FILLER_0_8_3,VGND,li1,7.8200,32.6400,0.000011
FILLER_0_7_100,VGND,li1,51.7500,32.6400,0.000006
FILLER_0_7_79,VGND,li1,42.0900,32.6400,0.000009
FILLER_0_7_62,VGND,li1,35.8800,32.6400,0.000009
FILLER_0_7_57,VGND,li1,31.9700,32.6400,0.000008
FILLER_0_7_44,VGND,li1,28.5200,32.6400,0.000009
FILLER_0_7_27,VGND,li1,18.4000,32.6400,0.000009
FILLER_0_7_3,VGND,li1,7.1300,32.6400,0.000011
FILLER_0_6_132,VGND,li1,66.7000,27.2000,0.000012
FILLER_0_6_124,VGND,li1,64.4000,27.2000,0.000012
FILLER_0_6_112,VGND,li1,59.8000,27.2000,0.000018
FILLER_0_6_107,VGND,li1,55.2000,27.2000,0.000023
FILLER_0_6_85,VGND,li1,45.0800,27.2000,0.000025
FILLER_0_6_72,VGND,li1,41.4000,27.2000,0.000026
FILLER_0_6_60,VGND,li1,35.8800,27.2000,0.000027
FILLER_0_6_34,VGND,li1,22.5400,27.2000,0.000032
FILLER_0_6_24,VGND,li1,16.7900,27.2000,0.000022
FILLER_0_6_3,VGND,li1,7.1300,27.2000,0.000025
FILLER_0_5_133,VGND,li1,66.9300,27.2000,0.000012
FILLER_0_5_125,VGND,li1,64.8600,27.2000,0.000012
FILLER_0_5_113,VGND,li1,60.2600,27.2000,0.000018
FILLER_0_5_111,VGND,li1,56.8100,27.2000,0.000023
FILLER_0_5_105,VGND,li1,55.2000,27.2000,0.000023
FILLER_0_5_93,VGND,li1,51.0600,27.2000,0.000029
FILLER_0_5_81,VGND,li1,45.5400,27.2000,0.000025
FILLER_0_5_69,VGND,li1,40.0200,27.2000,0.000026
FILLER_0_5_57,VGND,li1,34.5000,27.2000,0.000027
FILLER_0_5_54,VGND,li1,30.8200,27.2000,0.000027
FILLER_0_5_46,VGND,li1,27.1400,27.2000,0.000038
FILLER_0_5_37,VGND,li1,23.2300,27.2000,0.000032
FILLER_0_5_25,VGND,li1,19.7800,27.2000,0.000026
FILLER_0_5_18,VGND,li1,14.0300,27.2000,0.000023
FILLER_0_5_14,VGND,li1,12.8800,27.2000,0.000025
FILLER_0_5_3,VGND,li1,8.7400,27.2000,0.000025
FILLER_0_4_126,VGND,li1,64.4000,21.7600,0.000004
FILLER_0_4_120,VGND,li1,61.4100,21.7600,0.000005
FILLER_0_4_95,VGND,li1,49.6800,21.7600,0.000007
FILLER_0_4_78,VGND,li1,41.6300,21.7600,0.000007
FILLER_0_4_70,VGND,li1,39.5600,21.7600,0.000007
FILLER_0_4_43,VGND,li1,26.2200,21.7600,0.000004
FILLER_0_4_36,VGND,li1,22.5400,21.7600,0.000004
FILLER_0_4_29,VGND,li1,19.7800,21.7600,0.000003
FILLER_0_4_27,VGND,li1,18.1700,21.7600,0.000003
FILLER_0_4_15,VGND,li1,15.1800,21.7600,0.000002
FILLER_0_4_3,VGND,li1,9.6600,21.7600,0.000002
FILLER_0_3_132,VGND,li1,66.7000,21.7600,0.000004
FILLER_0_3_120,VGND,li1,60.9500,21.7600,0.000005
FILLER_0_3_110,VGND,li1,56.5800,21.7600,0.000007
FILLER_0_3_73,VGND,li1,39.5600,21.7600,0.000007
FILLER_0_3_65,VGND,li1,37.2600,21.7600,0.000006
FILLER_0_3_54,VGND,li1,30.8200,21.7600,0.000005
FILLER_0_3_50,VGND,li1,28.7500,21.7600,0.000005
FILLER_0_3_27,VGND,li1,18.1700,21.7600,0.000003
FILLER_0_3_15,VGND,li1,15.1800,21.7600,0.000002
FILLER_0_3_3,VGND,li1,9.6600,21.7600,0.000002
FILLER_0_2_125,VGND,li1,64.4000,16.3200,0.000005
FILLER_0_2_72,VGND,li1,39.1000,16.3200,0.000008
FILLER_0_2_18,VGND,li1,14.7200,16.3200,0.000009
FILLER_0_2_6,VGND,li1,11.0400,16.3200,0.000009
FILLER_0_1_125,VGND,li1,64.4000,16.3200,0.000005
FILLER_0_1_113,VGND,li1,60.2600,16.3200,0.000007
FILLER_0_1_100,VGND,li1,54.2800,16.3200,0.000008
FILLER_0_1_74,VGND,li1,40.2500,16.3200,0.000008
FILLER_0_1_66,VGND,li1,37.7200,16.3200,0.000008
FILLER_0_1_62,VGND,li1,34.2700,16.3200,0.000009
FILLER_0_1_52,VGND,li1,30.3600,16.3200,0.000009
FILLER_0_1_18,VGND,li1,14.7200,16.3200,0.000009
FILLER_0_1_6,VGND,li1,11.0400,16.3200,0.000009
FILLER_0_0_133,VGND,li1,66.9300,10.8800,0.000000
FILLER_0_0_125,VGND,li1,64.8600,10.8800,0.000000
FILLER_0_0_113,VGND,li1,60.2600,10.8800,0.000000
FILLER_0_0_111,VGND,li1,56.8100,10.8800,0.000000
FILLER_0_0_105,VGND,li1,55.2000,10.8800,0.000000
FILLER_0_0_98,VGND,li1,51.2900,10.8800,0.000000
FILLER_0_0_91,VGND,li1,48.0700,10.8800,0.000000
FILLER_0_0_85,VGND,li1,45.0800,10.8800,0.000000
FILLER_0_0_81,VGND,li1,43.4700,10.8800,0.000000
FILLER_0_0_69,VGND,li1,40.0200,10.8800,0.000000
FILLER_0_0_65,VGND,li1,35.6500,10.8800,0.000000
FILLER_0_0_57,VGND,li1,33.5800,10.8800,0.000000
FILLER_0_0_55,VGND,li1,31.0500,10.8800,0.000000
FILLER_0_0_47,VGND,li1,28.9800,10.8800,0.000000
FILLER_0_0_35,VGND,li1,24.3800,10.8800,0.000000
FILLER_0_0_29,VGND,li1,19.5500,10.8800,0.000000
FILLER_0_0_27,VGND,li1,18.1700,10.8800,0.000000
FILLER_0_0_15,VGND,li1,15.1800,10.8800,0.000000
FILLER_0_0_3,VGND,li1,9.6600,10.8800,0.000000
hold5,VGND,li1,35.4200,48.9600,0.000006
hold4,VGND,li1,47.3800,32.6400,0.000006
hold3,VGND,li1,64.8600,43.5200,0.000005
hold2,VGND,li1,49.6800,16.3200,0.000008
hold1,VGND,li1,63.0200,21.7600,0.000004
clkload2,VGND,li1,46.0000,54.4000,0.000008
clkload1,VGND,li1,21.1600,54.4000,0.000012
clkload0,VGND,li1,25.3000,27.2000,0.000036
clkbuf_2_3__f_clk,VGND,li1,49.2200,59.8400,0.000029
clkbuf_2_2__f_clk,VGND,li1,24.3800,59.8400,0.000039
clkbuf_2_1__f_clk,VGND,li1,50.1400,27.2000,0.000030
clkbuf_2_0__f_clk,VGND,li1,28.5200,27.2000,0.000038
clkbuf_0_clk,VGND,li1,37.2600,43.5200,0.000034
ZeroToFiveCounter_6,VGND,li1,7.5900,16.3200,0.000009
output5,VGND,li1,66.2400,21.7600,0.000004
output4,VGND,li1,52.9000,10.8800,0.000000
output3,VGND,li1,49.6800,10.8800,0.000000
output2,VGND,li1,46.4600,10.8800,0.000000
input1,VGND,li1,36.5700,10.8800,0.000000
ZeroToFiveCounter_10,VGND,li1,7.5900,65.2800,0.000009
ZeroToFiveCounter_9,VGND,li1,7.5900,16.3200,0.000009
ZeroToFiveCounter_8,VGND,li1,7.5900,70.7200,0.000001
ZeroToFiveCounter_7,VGND,li1,66.4700,16.3200,0.000005
ZeroToFiveCounter_13,VGND,li1,66.4700,16.3200,0.000005
ZeroToFiveCounter_12,VGND,li1,66.4700,70.7200,0.000001
ZeroToFiveCounter_11,VGND,li1,66.4700,65.2800,0.000002
TAP_TAPCELL_ROW_22_95,VGND,li1,57.2700,71.0110,0.000002
TAP_TAPCELL_ROW_22_94,VGND,li1,44.3900,71.0110,0.000004
TAP_TAPCELL_ROW_22_93,VGND,li1,31.5100,71.0110,0.000002
TAP_TAPCELL_ROW_22_92,VGND,li1,18.6300,71.0110,0.000001
TAP_TAPCELL_ROW_21_91,VGND,li1,57.2700,70.4280,0.000002
TAP_TAPCELL_ROW_21_90,VGND,li1,31.5100,70.4280,0.000002
TAP_TAPCELL_ROW_20_89,VGND,li1,44.3900,65.5710,0.000008
TAP_TAPCELL_ROW_20_88,VGND,li1,18.6300,65.5710,0.000009
TAP_TAPCELL_ROW_19_87,VGND,li1,57.2700,64.9880,0.000003
TAP_TAPCELL_ROW_19_86,VGND,li1,31.5100,64.9880,0.000011
TAP_TAPCELL_ROW_18_85,VGND,li1,44.3900,60.1310,0.000028
TAP_TAPCELL_ROW_18_84,VGND,li1,18.6300,60.1310,0.000030
TAP_TAPCELL_ROW_17_83,VGND,li1,57.2700,59.5480,0.000024
TAP_TAPCELL_ROW_17_82,VGND,li1,31.5100,59.5480,0.000023
TAP_TAPCELL_ROW_16_81,VGND,li1,44.3900,54.6910,0.000008
TAP_TAPCELL_ROW_16_80,VGND,li1,18.6300,54.6910,0.000011
TAP_TAPCELL_ROW_15_79,VGND,li1,57.2700,54.1080,0.000007
TAP_TAPCELL_ROW_15_78,VGND,li1,31.5100,54.1080,0.000009
TAP_TAPCELL_ROW_14_77,VGND,li1,44.3900,49.2510,0.000007
TAP_TAPCELL_ROW_14_76,VGND,li1,18.6300,49.2510,0.000003
TAP_TAPCELL_ROW_13_75,VGND,li1,57.2700,48.6680,0.000006
TAP_TAPCELL_ROW_13_74,VGND,li1,31.5100,48.6680,0.000005
TAP_TAPCELL_ROW_12_73,VGND,li1,44.3900,43.8110,0.000020
TAP_TAPCELL_ROW_12_72,VGND,li1,18.6300,43.8110,0.000013
TAP_TAPCELL_ROW_11_71,VGND,li1,57.2700,43.2280,0.000008
TAP_TAPCELL_ROW_11_70,VGND,li1,31.5100,43.2280,0.000020
TAP_TAPCELL_ROW_10_69,VGND,li1,44.3900,38.3710,0.000005
TAP_TAPCELL_ROW_10_68,VGND,li1,18.6300,38.3710,0.000004
TAP_TAPCELL_ROW_9_67,VGND,li1,57.2700,37.7880,0.000004
TAP_TAPCELL_ROW_9_66,VGND,li1,31.5100,37.7880,0.000004
TAP_TAPCELL_ROW_8_65,VGND,li1,44.3900,32.9310,0.000007
TAP_TAPCELL_ROW_8_64,VGND,li1,18.6300,32.9310,0.000009
TAP_TAPCELL_ROW_7_63,VGND,li1,57.2700,32.3480,0.000006
TAP_TAPCELL_ROW_7_62,VGND,li1,31.5100,32.3480,0.000008
TAP_TAPCELL_ROW_6_61,VGND,li1,44.3900,27.4910,0.000025
TAP_TAPCELL_ROW_6_60,VGND,li1,18.6300,27.4910,0.000026
TAP_TAPCELL_ROW_5_59,VGND,li1,57.2700,26.9080,0.000021
TAP_TAPCELL_ROW_5_58,VGND,li1,31.5100,26.9080,0.000027
TAP_TAPCELL_ROW_4_57,VGND,li1,44.3900,22.0510,0.000008
TAP_TAPCELL_ROW_4_56,VGND,li1,18.6300,22.0510,0.000003
TAP_TAPCELL_ROW_3_55,VGND,li1,57.2700,21.4680,0.000007
TAP_TAPCELL_ROW_3_54,VGND,li1,31.5100,21.4680,0.000005
TAP_TAPCELL_ROW_2_53,VGND,li1,44.3900,16.6110,0.000008
TAP_TAPCELL_ROW_2_52,VGND,li1,18.6300,16.6110,0.000010
TAP_TAPCELL_ROW_1_51,VGND,li1,57.2700,16.0280,0.000008
TAP_TAPCELL_ROW_1_50,VGND,li1,31.5100,16.0280,0.000009
TAP_TAPCELL_ROW_0_49,VGND,li1,57.2700,11.1710,0.000000
TAP_TAPCELL_ROW_0_48,VGND,li1,44.3900,11.1710,0.000000
TAP_TAPCELL_ROW_0_47,VGND,li1,31.5100,11.1710,0.000000
TAP_TAPCELL_ROW_0_46,VGND,li1,18.6300,11.1710,0.000000
PHY_EDGE_ROW_22_Left_45,VGND,li1,6.2100,70.7200,0.000001
PHY_EDGE_ROW_21_Left_44,VGND,li1,6.2100,70.7200,0.000001
PHY_EDGE_ROW_20_Left_43,VGND,li1,6.2100,65.2800,0.000009
PHY_EDGE_ROW_19_Left_42,VGND,li1,6.2100,65.2800,0.000009
PHY_EDGE_ROW_18_Left_41,VGND,li1,6.2100,59.8400,0.000026
PHY_EDGE_ROW_17_Left_40,VGND,li1,6.2100,59.8400,0.000026
PHY_EDGE_ROW_16_Left_39,VGND,li1,6.2100,54.4000,0.000011
PHY_EDGE_ROW_15_Left_38,VGND,li1,6.2100,54.4000,0.000011
PHY_EDGE_ROW_14_Left_37,VGND,li1,6.2100,48.9600,0.000003
PHY_EDGE_ROW_13_Left_36,VGND,li1,6.2100,48.9600,0.000003
PHY_EDGE_ROW_12_Left_35,VGND,li1,6.2100,43.5200,0.000014
PHY_EDGE_ROW_11_Left_34,VGND,li1,6.2100,43.5200,0.000014
PHY_EDGE_ROW_10_Left_33,VGND,li1,6.2100,38.0800,0.000003
PHY_EDGE_ROW_9_Left_32,VGND,li1,6.2100,38.0800,0.000003
PHY_EDGE_ROW_8_Left_31,VGND,li1,6.2100,32.6400,0.000011
PHY_EDGE_ROW_7_Left_30,VGND,li1,6.2100,32.6400,0.000011
PHY_EDGE_ROW_6_Left_29,VGND,li1,6.2100,27.2000,0.000025
PHY_EDGE_ROW_5_Left_28,VGND,li1,6.2100,27.2000,0.000025
PHY_EDGE_ROW_4_Left_27,VGND,li1,6.2100,21.7600,0.000002
PHY_EDGE_ROW_3_Left_26,VGND,li1,6.2100,21.7600,0.000002
PHY_EDGE_ROW_2_Left_25,VGND,li1,6.2100,16.3200,0.000009
PHY_EDGE_ROW_1_Left_24,VGND,li1,6.2100,16.3200,0.000009
PHY_EDGE_ROW_0_Left_23,VGND,li1,6.2100,10.8800,0.000000
PHY_EDGE_ROW_22_Right_22,VGND,li1,67.8500,70.7200,0.000001
PHY_EDGE_ROW_21_Right_21,VGND,li1,67.8500,70.7200,0.000001
PHY_EDGE_ROW_20_Right_20,VGND,li1,67.8500,65.2800,0.000002
PHY_EDGE_ROW_19_Right_19,VGND,li1,67.8500,65.2800,0.000002
PHY_EDGE_ROW_18_Right_18,VGND,li1,67.8500,59.8400,0.000015
PHY_EDGE_ROW_17_Right_17,VGND,li1,67.8500,59.8400,0.000015
PHY_EDGE_ROW_16_Right_16,VGND,li1,67.8500,54.4000,0.000006
PHY_EDGE_ROW_15_Right_15,VGND,li1,67.8500,54.4000,0.000006
PHY_EDGE_ROW_14_Right_14,VGND,li1,67.8500,48.9600,0.000005
PHY_EDGE_ROW_13_Right_13,VGND,li1,67.8500,48.9600,0.000005
PHY_EDGE_ROW_12_Right_12,VGND,li1,67.8500,43.5200,0.000005
PHY_EDGE_ROW_11_Right_11,VGND,li1,67.8500,43.5200,0.000005
PHY_EDGE_ROW_10_Right_10,VGND,li1,67.8500,38.0800,0.000003
PHY_EDGE_ROW_9_Right_9,VGND,li1,67.8500,38.0800,0.000003
PHY_EDGE_ROW_8_Right_8,VGND,li1,67.8500,32.6400,0.000006
PHY_EDGE_ROW_7_Right_7,VGND,li1,67.8500,32.6400,0.000006
PHY_EDGE_ROW_6_Right_6,VGND,li1,67.8500,27.2000,0.000012
PHY_EDGE_ROW_5_Right_5,VGND,li1,67.8500,27.2000,0.000012
PHY_EDGE_ROW_4_Right_4,VGND,li1,67.8500,21.7600,0.000004
PHY_EDGE_ROW_3_Right_3,VGND,li1,67.8500,21.7600,0.000004
PHY_EDGE_ROW_2_Right_2,VGND,li1,67.8500,16.3200,0.000005
PHY_EDGE_ROW_1_Right_1,VGND,li1,67.8500,16.3200,0.000005
PHY_EDGE_ROW_0_Right_0,VGND,li1,67.8500,10.8800,0.000000
_380_,VGND,li1,39.5600,32.6400,0.000010
_379_,VGND,li1,62.3300,32.6400,0.000006
_378_,VGND,li1,51.9800,38.0800,0.000005
_377_,VGND,li1,62.1000,48.9600,0.000006
_376_,VGND,li1,62.1000,54.4000,0.000007
_375_,VGND,li1,60.2600,59.8400,0.000021
_374_,VGND,li1,62.3300,32.6400,0.000006
_373_,VGND,li1,51.0600,59.8400,0.000029
_372_,VGND,li1,44.1600,48.9600,0.000007
_371_,VGND,li1,44.6200,70.7200,0.000004
_370_,VGND,li1,44.8500,65.2800,0.000008
_369_,VGND,li1,29.9000,65.2800,0.000011
_368_,VGND,li1,26.6800,65.2800,0.000012
_367_,VGND,li1,17.4800,65.2800,0.000009
_366_,VGND,li1,30.3600,54.4000,0.000011
_365_,VGND,li1,28.9800,48.9600,0.000006
_364_,VGND,li1,13.3400,54.4000,0.000011
_363_,VGND,li1,12.8800,59.8400,0.000026
_362_,VGND,li1,12.8800,43.5200,0.000014
_361_,VGND,li1,26.6800,38.0800,0.000006
_360_,VGND,li1,24.8400,32.6400,0.000010
_359_,VGND,li1,11.9600,27.2000,0.000025
_358_,VGND,li1,13.3400,32.6400,0.000011
_357_,VGND,li1,23.4600,16.3200,0.000012
_356_,VGND,li1,20.2400,16.3200,0.000010
_355_,VGND,li1,34.0400,16.3200,0.000009
_354_,VGND,li1,31.7400,21.7600,0.000005
_353_,VGND,li1,58.4200,16.3200,0.000008
_352_,VGND,li1,56.1200,21.7600,0.000008
_351_,VGND,li1,49.2200,16.3200,0.000008
_350_,VGND,li1,44.6200,21.7600,0.000008
_349_,VGND,li1,41.1700,32.6400,0.000009
_348_,VGND,li1,66.0100,38.0800,0.000003
_347_,VGND,li1,56.3500,38.0800,0.000004
_346_,VGND,li1,60.9500,43.5200,0.000006
_345_,VGND,li1,63.2500,54.4000,0.000007
_344_,VGND,li1,60.4900,65.2800,0.000003
_343_,VGND,li1,64.6300,38.0800,0.000003
_342_,VGND,li1,52.2100,65.2800,0.000005
_341_,VGND,li1,48.0700,48.9600,0.000005
_340_,VGND,li1,48.0700,65.2800,0.000005
_339_,VGND,li1,49.4500,65.2800,0.000005
_338_,VGND,li1,41.4000,38.0800,0.000005
_337_,VGND,li1,35.1900,65.2800,0.000008
_336_,VGND,li1,36.1100,65.2800,0.000008
_335_,VGND,li1,17.7100,65.2800,0.000009
_334_,VGND,li1,34.7300,59.8400,0.000024
_333_,VGND,li1,37.9500,48.9600,0.000006
_332_,VGND,li1,14.4900,48.9600,0.000003
_331_,VGND,li1,18.1700,59.8400,0.000030
_330_,VGND,li1,14.0300,38.0800,0.000003
_329_,VGND,li1,32.4300,38.0800,0.000004
_328_,VGND,li1,30.1300,32.6400,0.000009
_327_,VGND,li1,33.5800,32.6400,0.000009
_326_,VGND,li1,16.3300,27.2000,0.000022
_325_,VGND,li1,14.9500,27.2000,0.000023
_324_,VGND,li1,17.7100,16.3200,0.000009
_323_,VGND,li1,20.9300,10.8800,0.000000
_322_,VGND,li1,35.1900,16.3200,0.000009
_321_,VGND,li1,37.0300,21.7600,0.000006
_320_,VGND,li1,62.7900,21.7600,0.000004
_319_,VGND,li1,65.5500,21.7600,0.000004
_318_,VGND,li1,40.2500,16.3200,0.000008
_317_,VGND,li1,41.6300,16.3200,0.000008
_316_,VGND,li1,39.1000,32.6400,0.000010
_315_,VGND,li1,47.3800,32.6400,0.000006
_314_,VGND,li1,56.3500,27.2000,0.000023
_313_,VGND,li1,53.1300,32.6400,0.000006
_312_,VGND,li1,51.0600,32.6400,0.000006
_311_,VGND,li1,56.3500,32.6400,0.000006
_310_,VGND,li1,54.7400,32.6400,0.000006
_309_,VGND,li1,50.6000,38.0800,0.000005
_308_,VGND,li1,54.0500,38.0800,0.000005
_307_,VGND,li1,53.8200,43.5200,0.000010
_306_,VGND,li1,58.6500,43.5200,0.000008
_305_,VGND,li1,55.8900,48.9600,0.000006
_304_,VGND,li1,53.1300,43.5200,0.000010
_303_,VGND,li1,55.2000,54.4000,0.000007
_302_,VGND,li1,58.8800,48.9600,0.000006
_301_,VGND,li1,60.2600,54.4000,0.000007
_300_,VGND,li1,59.3400,59.8400,0.000021
_299_,VGND,li1,57.7300,54.4000,0.000007
_298_,VGND,li1,61.8700,54.4000,0.000007
_297_,VGND,li1,63.2500,38.0800,0.000003
_296_,VGND,li1,61.4100,38.0800,0.000003
_295_,VGND,li1,58.8800,38.0800,0.000004
_294_,VGND,li1,57.9600,38.0800,0.000004
_293_,VGND,li1,52.4400,54.4000,0.000007
_292_,VGND,li1,54.9700,59.8400,0.000026
_291_,VGND,li1,40.9400,54.4000,0.000008
_290_,VGND,li1,38.4100,54.4000,0.000008
_289_,VGND,li1,55.2000,54.4000,0.000007
_288_,VGND,li1,39.7900,48.9600,0.000007
_287_,VGND,li1,43.0100,43.5200,0.000024
_286_,VGND,li1,41.1700,48.9600,0.000007
_285_,VGND,li1,48.5300,54.4000,0.000006
_284_,VGND,li1,48.0700,54.4000,0.000006
_283_,VGND,li1,46.6900,65.2800,0.000007
_282_,VGND,li1,39.3300,65.2800,0.000008
_281_,VGND,li1,42.3200,59.8400,0.000027
_280_,VGND,li1,39.1000,65.2800,0.000008
_279_,VGND,li1,43.4700,65.2800,0.000008
_278_,VGND,li1,37.0300,65.2800,0.000008
_277_,VGND,li1,41.6300,65.2800,0.000008
_276_,VGND,li1,45.3100,65.2800,0.000007
_275_,VGND,li1,32.4300,70.7200,0.000002
_274_,VGND,li1,31.5100,59.8400,0.000023
_273_,VGND,li1,34.7300,65.2800,0.000008
_272_,VGND,li1,35.4200,54.4000,0.000008
_271_,VGND,li1,32.8900,54.4000,0.000008
_270_,VGND,li1,29.6700,70.7200,0.000001
_269_,VGND,li1,25.7600,59.8400,0.000034
_268_,VGND,li1,28.9800,59.8400,0.000028
_267_,VGND,li1,24.6100,65.2800,0.000011
_266_,VGND,li1,16.3300,65.2800,0.000009
_265_,VGND,li1,20.0100,65.2800,0.000009
_264_,VGND,li1,21.8500,59.8400,0.000035
_263_,VGND,li1,22.3100,65.2800,0.000011
_262_,VGND,li1,25.0700,54.4000,0.000012
_261_,VGND,li1,30.1300,59.8400,0.000028
_260_,VGND,li1,23.6900,54.4000,0.000012
_259_,VGND,li1,28.7500,54.4000,0.000011
_258_,VGND,li1,32.8900,59.8400,0.000023
_257_,VGND,li1,22.5400,48.9600,0.000004
_256_,VGND,li1,24.6100,54.4000,0.000012
_255_,VGND,li1,26.4500,54.4000,0.000011
_254_,VGND,li1,22.3100,48.9600,0.000004
_253_,VGND,li1,20.0100,54.4000,0.000011
_252_,VGND,li1,8.0500,54.4000,0.000011
_251_,VGND,li1,12.6500,48.9600,0.000003
_250_,VGND,li1,15.4100,54.4000,0.000010
_249_,VGND,li1,19.5500,48.9600,0.000003
_248_,VGND,li1,17.2500,48.9600,0.000003
_247_,VGND,li1,11.2700,54.4000,0.000011
_246_,VGND,li1,13.1100,54.4000,0.000011
_245_,VGND,li1,14.9500,48.9600,0.000003
_244_,VGND,li1,17.2500,54.4000,0.000011
_243_,VGND,li1,22.3100,54.4000,0.000012
_242_,VGND,li1,11.7300,43.5200,0.000014
_241_,VGND,li1,14.0300,43.5200,0.000014
_240_,VGND,li1,18.6300,43.5200,0.000013
_239_,VGND,li1,15.8700,48.9600,0.000003
_238_,VGND,li1,20.4700,43.5200,0.000014
_237_,VGND,li1,27.8300,38.0800,0.000005
_236_,VGND,li1,23.2300,38.0800,0.000005
_235_,VGND,li1,24.1500,32.6400,0.000010
_234_,VGND,li1,20.7000,32.6400,0.000009
_233_,VGND,li1,16.7900,32.6400,0.000008
_232_,VGND,li1,19.5500,32.6400,0.000009
_231_,VGND,li1,11.2700,27.2000,0.000025
_230_,VGND,li1,11.7300,32.6400,0.000011
_229_,VGND,li1,9.8900,32.6400,0.000011
_228_,VGND,li1,14.9500,38.0800,0.000003
_227_,VGND,li1,8.0500,32.6400,0.000011
_226_,VGND,li1,14.0300,32.6400,0.000010
_225_,VGND,li1,20.0100,27.2000,0.000026
_224_,VGND,li1,17.7100,27.2000,0.000022
_223_,VGND,li1,17.7100,38.0800,0.000003
_222_,VGND,li1,34.5000,38.0800,0.000004
_221_,VGND,li1,21.3900,21.7600,0.000003
_220_,VGND,li1,20.0100,21.7600,0.000003
_219_,VGND,li1,23.2300,21.7600,0.000004
_218_,VGND,li1,16.3300,16.3200,0.000009
_217_,VGND,li1,24.1500,21.7600,0.000004
_216_,VGND,li1,26.2200,16.3200,0.000011
_215_,VGND,li1,28.5200,16.3200,0.000010
_214_,VGND,li1,28.7500,16.3200,0.000010
_213_,VGND,li1,32.8900,21.7600,0.000006
_212_,VGND,li1,32.8900,16.3200,0.000009
_211_,VGND,li1,34.7300,21.7600,0.000006
_210_,VGND,li1,29.6700,21.7600,0.000005
_209_,VGND,li1,28.9800,27.2000,0.000033
_208_,VGND,li1,33.1200,32.6400,0.000008
_207_,VGND,li1,44.6200,38.0800,0.000005
_206_,VGND,li1,49.4500,32.6400,0.000006
_205_,VGND,li1,43.7000,43.5200,0.000020
_204_,VGND,li1,43.0100,48.9600,0.000007
_203_,VGND,li1,46.0000,48.9600,0.000006
_202_,VGND,li1,27.8300,43.5200,0.000018
_201_,VGND,li1,48.0700,38.0800,0.000005
_200_,VGND,li1,50.8300,32.6400,0.000006
_199_,VGND,li1,45.3100,21.7600,0.000008
_198_,VGND,li1,43.4700,16.3200,0.000008
_197_,VGND,li1,43.0100,21.7600,0.000007
_196_,VGND,li1,42.5500,16.3200,0.000008
_195_,VGND,li1,44.1600,32.6400,0.000007
_194_,VGND,li1,41.6300,43.5200,0.000024
_193_,VGND,li1,34.0400,43.5200,0.000028
_192_,VGND,li1,50.8300,21.7600,0.000007
_191_,VGND,li1,46.2300,16.3200,0.000008
_190_,VGND,li1,51.0600,21.7600,0.000007
_189_,VGND,li1,47.6100,21.7600,0.000006
_188_,VGND,li1,59.1100,21.7600,0.000006
_187_,VGND,li1,54.5100,21.7600,0.000008
_186_,VGND,li1,41.1700,38.0800,0.000005
_185_,VGND,li1,36.1100,43.5200,0.000034
_184_,VGND,li1,25.3000,48.9600,0.000005
_183_,VGND,li1,43.4700,38.0800,0.000005
_182_,VGND,li1,54.9700,32.6400,0.000006
_181_,VGND,li1,39.3300,43.5200,0.000028
_180_,VGND,li1,32.8900,65.2800,0.000009
_179_,VGND,li1,44.1600,54.4000,0.000008
_178_,VGND,li1,62.3300,48.9600,0.000006
_177_,VGND,li1,25.9900,38.0800,0.000006
_176_,VGND,li1,20.4700,38.0800,0.000004
_175_,VGND,li1,26.6800,21.7600,0.000004
