
===========================================================================
 report_power
============================================================================
======================= Fastest Corner ===================================

Group                  Internal  Switching    Leakage      Total
                          Power      Power      Power      Power (Watts)
----------------------------------------------------------------
Sequential             1.46e-04   0.00e+00   2.88e-08   1.46e-04  45.3%
Combinational          2.44e-06   6.15e-06   1.04e-09   8.59e-06   2.7%
Clock                  1.14e-04   5.42e-05   7.73e-10   1.68e-04  52.1%
Macro                  0.00e+00   0.00e+00   0.00e+00   0.00e+00   0.0%
Pad                    0.00e+00   0.00e+00   0.00e+00   0.00e+00   0.0%
----------------------------------------------------------------
Total                  2.63e-04   6.03e-05   3.06e-08   3.24e-04 100.0%
                          81.4%      18.6%       0.0%

======================= Slowest Corner ===================================

Group                  Internal  Switching    Leakage      Total
                          Power      Power      Power      Power (Watts)
----------------------------------------------------------------
Sequential             9.71e-05   0.00e+00   5.68e-07   9.77e-05  44.3%
Combinational          1.64e-06   3.98e-06   8.37e-07   6.46e-06   2.9%
Clock                  8.14e-05   3.49e-05   1.15e-07   1.16e-04  52.8%
Macro                  0.00e+00   0.00e+00   0.00e+00   0.00e+00   0.0%
Pad                    0.00e+00   0.00e+00   0.00e+00   0.00e+00   0.0%
----------------------------------------------------------------
Total                  1.80e-04   3.89e-05   1.52e-06   2.20e-04 100.0%
                          81.7%      17.6%       0.7%

======================= Typical Corner ===================================

Group                  Internal  Switching    Leakage      Total
                          Power      Power      Power      Power (Watts)
----------------------------------------------------------------
Sequential             1.26e-04   0.00e+00   2.87e-08   1.26e-04  45.2%
Combinational          2.03e-06   5.23e-06   7.59e-10   7.27e-06   2.6%
Clock                  9.99e-05   4.52e-05   4.82e-10   1.45e-04  52.2%
Macro                  0.00e+00   0.00e+00   0.00e+00   0.00e+00   0.0%
Pad                    0.00e+00   0.00e+00   0.00e+00   0.00e+00   0.0%
----------------------------------------------------------------
Total                  2.28e-04   5.05e-05   2.99e-08   2.78e-04 100.0%
                          81.9%      18.1%       0.0%

