Instance,Terminal,Layer,X location,Y location,Voltage
FILLER_0_27_178,VPWR,li1,87.8600,84.3200,1.799986
FILLER_0_27_175,VPWR,li1,86.2500,84.3200,1.799987
FILLER_0_27_169,VPWR,li1,84.6400,84.3200,1.799986
FILLER_0_27_157,VPWR,li1,78.2000,84.3200,1.799985
FILLER_0_27_145,VPWR,li1,74.9800,84.3200,1.799984
FILLER_0_27_138,VPWR,li1,69.4600,84.3200,1.799986
FILLER_0_27_126,VPWR,li1,66.2400,84.3200,1.799988
FILLER_0_27_107,VPWR,li1,54.9700,84.3200,1.799988
FILLER_0_27_95,VPWR,li1,51.9800,84.3200,1.799988
FILLER_0_27_83,VPWR,li1,43.9300,84.3200,1.799989
FILLER_0_27_75,VPWR,li1,41.8600,84.3200,1.799990
FILLER_0_27_63,VPWR,li1,37.2600,84.3200,1.799992
FILLER_0_27_52,VPWR,li1,30.3600,84.3200,1.799991
FILLER_0_27_43,VPWR,li1,25.7600,84.3200,1.799991
FILLER_0_27_35,VPWR,li1,23.4600,84.3200,1.799990
FILLER_0_27_27,VPWR,li1,18.1700,84.3200,1.799991
FILLER_0_27_19,VPWR,li1,16.1000,84.3200,1.799991
FILLER_0_27_3,VPWR,li1,7.5900,84.3200,1.799992
FILLER_0_26_184,VPWR,li1,90.6200,84.3200,1.799984
FILLER_0_26_181,VPWR,li1,89.0100,84.3200,1.799984
FILLER_0_26_175,VPWR,li1,87.4000,84.3200,1.799986
FILLER_0_26_163,VPWR,li1,81.1900,84.3200,1.799985
FILLER_0_26_155,VPWR,li1,78.6600,84.3200,1.799985
FILLER_0_26_145,VPWR,li1,72.4500,84.3200,1.799985
FILLER_0_26_141,VPWR,li1,71.3000,84.3200,1.799985
FILLER_0_26_136,VPWR,li1,69.0000,84.3200,1.799986
FILLER_0_26_124,VPWR,li1,65.3200,84.3200,1.799988
FILLER_0_26_112,VPWR,li1,59.8000,84.3200,1.799990
FILLER_0_26_105,VPWR,li1,54.2800,84.3200,1.799988
FILLER_0_26_97,VPWR,li1,51.0600,84.3200,1.799988
FILLER_0_26_85,VPWR,li1,47.3800,84.3200,1.799988
FILLER_0_26_83,VPWR,li1,43.9300,84.3200,1.799989
FILLER_0_26_77,VPWR,li1,42.3200,84.3200,1.799990
FILLER_0_26_65,VPWR,li1,38.1800,84.3200,1.799992
FILLER_0_26_53,VPWR,li1,32.6600,84.3200,1.799992
FILLER_0_26_41,VPWR,li1,27.1400,84.3200,1.799991
FILLER_0_26_29,VPWR,li1,21.6200,84.3200,1.799990
FILLER_0_26_25,VPWR,li1,17.7100,84.3200,1.799991
FILLER_0_26_13,VPWR,li1,14.2600,84.3200,1.799991
FILLER_0_25_189,VPWR,li1,92.6900,78.8800,1.799998
FILLER_0_25_185,VPWR,li1,91.5400,78.8800,1.799998
FILLER_0_25_173,VPWR,li1,87.8600,78.8800,1.799998
FILLER_0_25_169,VPWR,li1,83.7200,78.8800,1.799997
FILLER_0_25_165,VPWR,li1,82.1100,78.8800,1.799997
FILLER_0_25_153,VPWR,li1,78.6600,78.8800,1.799996
FILLER_0_25_141,VPWR,li1,73.1400,78.8800,1.799995
FILLER_0_25_129,VPWR,li1,67.6200,78.8800,1.799994
FILLER_0_25_123,VPWR,li1,62.5600,78.8800,1.799994
FILLER_0_25_119,VPWR,li1,60.4900,78.8800,1.799995
FILLER_0_25_113,VPWR,li1,58.8800,78.8800,1.799995
FILLER_0_25_109,VPWR,li1,56.3500,78.8800,1.799994
FILLER_0_25_101,VPWR,li1,53.8200,78.8800,1.799994
FILLER_0_25_89,VPWR,li1,49.2200,78.8800,1.799993
FILLER_0_25_77,VPWR,li1,43.7000,78.8800,1.799993
FILLER_0_25_65,VPWR,li1,38.1800,78.8800,1.799993
FILLER_0_25_48,VPWR,li1,29.4400,78.8800,1.799992
FILLER_0_25_36,VPWR,li1,24.8400,78.8800,1.799991
FILLER_0_25_24,VPWR,li1,19.3200,78.8800,1.799993
FILLER_0_25_15,VPWR,li1,12.8800,78.8800,1.799995
FILLER_0_25_3,VPWR,li1,9.6600,78.8800,1.799996
FILLER_0_24_187,VPWR,li1,92.2300,78.8800,1.799998
FILLER_0_24_179,VPWR,li1,89.7000,78.8800,1.799998
FILLER_0_24_167,VPWR,li1,85.1000,78.8800,1.799998
FILLER_0_24_155,VPWR,li1,79.5800,78.8800,1.799996
FILLER_0_24_141,VPWR,li1,72.2200,78.8800,1.799995
FILLER_0_24_134,VPWR,li1,68.5400,78.8800,1.799994
FILLER_0_24_119,VPWR,li1,61.1800,78.8800,1.799994
FILLER_0_24_100,VPWR,li1,51.9800,78.8800,1.799994
FILLER_0_24_92,VPWR,li1,49.6800,78.8800,1.799993
FILLER_0_24_65,VPWR,li1,36.3400,78.8800,1.799993
FILLER_0_24_55,VPWR,li1,31.0500,78.8800,1.799992
FILLER_0_24_49,VPWR,li1,29.4400,78.8800,1.799992
FILLER_0_24_35,VPWR,li1,21.8500,78.8800,1.799992
FILLER_0_24_27,VPWR,li1,18.1700,78.8800,1.799993
FILLER_0_24_15,VPWR,li1,15.1800,78.8800,1.799994
FILLER_0_24_3,VPWR,li1,9.6600,78.8800,1.799996
FILLER_0_23_186,VPWR,li1,92.0000,73.4400,1.799988
FILLER_0_23_167,VPWR,li1,82.5700,73.4400,1.799988
FILLER_0_23_161,VPWR,li1,80.9600,73.4400,1.799987
FILLER_0_23_149,VPWR,li1,76.8200,73.4400,1.799986
FILLER_0_23_118,VPWR,li1,60.4900,73.4400,1.799989
FILLER_0_23_108,VPWR,li1,56.1200,73.4400,1.799989
FILLER_0_23_99,VPWR,li1,51.2900,73.4400,1.799990
FILLER_0_23_89,VPWR,li1,46.6900,73.4400,1.799991
FILLER_0_23_81,VPWR,li1,44.6200,73.4400,1.799992
FILLER_0_23_69,VPWR,li1,40.0200,73.4400,1.799994
FILLER_0_23_57,VPWR,li1,34.5000,73.4400,1.799995
FILLER_0_23_54,VPWR,li1,30.8200,73.4400,1.799994
FILLER_0_23_46,VPWR,li1,28.5200,73.4400,1.799994
FILLER_0_23_33,VPWR,li1,21.6200,73.4400,1.799993
FILLER_0_23_21,VPWR,li1,17.9400,73.4400,1.799994
FILLER_0_23_9,VPWR,li1,12.4200,73.4400,1.799995
FILLER_0_22_189,VPWR,li1,92.6900,73.4400,1.799988
FILLER_0_22_185,VPWR,li1,91.5400,73.4400,1.799988
FILLER_0_22_173,VPWR,li1,86.4800,73.4400,1.799988
FILLER_0_22_161,VPWR,li1,80.0400,73.4400,1.799987
FILLER_0_22_149,VPWR,li1,76.8200,73.4400,1.799986
FILLER_0_22_134,VPWR,li1,68.5400,73.4400,1.799984
FILLER_0_22_107,VPWR,li1,55.6600,73.4400,1.799989
FILLER_0_22_95,VPWR,li1,51.9800,73.4400,1.799990
FILLER_0_22_85,VPWR,li1,45.3100,73.4400,1.799992
FILLER_0_22_83,VPWR,li1,43.9300,73.4400,1.799992
FILLER_0_22_79,VPWR,li1,42.7800,73.4400,1.799992
FILLER_0_22_67,VPWR,li1,39.1000,73.4400,1.799994
FILLER_0_22_55,VPWR,li1,33.5800,73.4400,1.799995
FILLER_0_22_43,VPWR,li1,28.0600,73.4400,1.799994
FILLER_0_22_37,VPWR,li1,22.7700,73.4400,1.799993
FILLER_0_22_29,VPWR,li1,20.7000,73.4400,1.799993
FILLER_0_22_26,VPWR,li1,17.9400,73.4400,1.799994
FILLER_0_22_14,VPWR,li1,14.7200,73.4400,1.799994
FILLER_0_22_3,VPWR,li1,7.8200,73.4400,1.799995
FILLER_0_21_189,VPWR,li1,92.6900,68.0000,1.799988
FILLER_0_21_181,VPWR,li1,89.4700,68.0000,1.799990
FILLER_0_21_169,VPWR,li1,86.0200,68.0000,1.799991
FILLER_0_21_166,VPWR,li1,82.3400,68.0000,1.799992
FILLER_0_21_154,VPWR,li1,79.1200,68.0000,1.799992
FILLER_0_21_142,VPWR,li1,73.6000,68.0000,1.799991
FILLER_0_21_130,VPWR,li1,68.0800,68.0000,1.799991
FILLER_0_21_119,VPWR,li1,60.4900,68.0000,1.799992
FILLER_0_21_113,VPWR,li1,58.8800,68.0000,1.799992
FILLER_0_21_109,VPWR,li1,56.3500,68.0000,1.799990
FILLER_0_21_101,VPWR,li1,53.8200,68.0000,1.799989
FILLER_0_21_89,VPWR,li1,49.2200,68.0000,1.799987
FILLER_0_21_80,VPWR,li1,42.5500,68.0000,1.799988
FILLER_0_21_74,VPWR,li1,40.9400,68.0000,1.799988
FILLER_0_21_42,VPWR,li1,25.0700,68.0000,1.799989
FILLER_0_21_36,VPWR,li1,23.4600,68.0000,1.799989
FILLER_0_21_24,VPWR,li1,19.3200,68.0000,1.799990
FILLER_0_21_9,VPWR,li1,11.5000,68.0000,1.799993
FILLER_0_20_169,VPWR,li1,84.1800,68.0000,1.799992
FILLER_0_20_157,VPWR,li1,80.5000,68.0000,1.799992
FILLER_0_20_149,VPWR,li1,74.7500,68.0000,1.799991
FILLER_0_20_141,VPWR,li1,72.2200,68.0000,1.799991
FILLER_0_20_137,VPWR,li1,69.2300,68.0000,1.799991
FILLER_0_20_129,VPWR,li1,66.7000,68.0000,1.799991
FILLER_0_20_123,VPWR,li1,62.5600,68.0000,1.799991
FILLER_0_20_115,VPWR,li1,60.2600,68.0000,1.799992
FILLER_0_20_105,VPWR,li1,54.5100,68.0000,1.799989
FILLER_0_20_97,VPWR,li1,51.9800,68.0000,1.799989
FILLER_0_20_85,VPWR,li1,45.3100,68.0000,1.799987
FILLER_0_20_76,VPWR,li1,42.3200,68.0000,1.799988
FILLER_0_20_60,VPWR,li1,33.5800,68.0000,1.799989
FILLER_0_20_41,VPWR,li1,24.8400,68.0000,1.799989
FILLER_0_20_29,VPWR,li1,21.6200,68.0000,1.799989
FILLER_0_20_24,VPWR,li1,17.4800,68.0000,1.799991
FILLER_0_20_11,VPWR,li1,11.0400,68.0000,1.799993
FILLER_0_20_3,VPWR,li1,8.7400,68.0000,1.799992
FILLER_0_19_175,VPWR,li1,86.2500,62.5600,1.799990
FILLER_0_19_169,VPWR,li1,84.6400,62.5600,1.799990
FILLER_0_19_160,VPWR,li1,79.3500,62.5600,1.799989
FILLER_0_19_152,VPWR,li1,77.2800,62.5600,1.799989
FILLER_0_19_140,VPWR,li1,72.6800,62.5600,1.799989
FILLER_0_19_128,VPWR,li1,67.1600,62.5600,1.799989
FILLER_0_19_109,VPWR,li1,56.3500,62.5600,1.799991
FILLER_0_19_93,VPWR,li1,48.7600,62.5600,1.799990
FILLER_0_19_85,VPWR,li1,46.4600,62.5600,1.799990
FILLER_0_19_73,VPWR,li1,41.8600,62.5600,1.799990
FILLER_0_19_57,VPWR,li1,31.9700,62.5600,1.799988
FILLER_0_19_48,VPWR,li1,29.4400,62.5600,1.799987
FILLER_0_19_32,VPWR,li1,20.4700,62.5600,1.799986
FILLER_0_19_11,VPWR,li1,11.0400,62.5600,1.799992
FILLER_0_19_3,VPWR,li1,8.7400,62.5600,1.799992
FILLER_0_18_160,VPWR,li1,79.8100,62.5600,1.799989
FILLER_0_18_148,VPWR,li1,76.3600,62.5600,1.799989
FILLER_0_18_139,VPWR,li1,69.6900,62.5600,1.799989
FILLER_0_18_135,VPWR,li1,68.5400,62.5600,1.799989
FILLER_0_18_118,VPWR,li1,60.7200,62.5600,1.799992
FILLER_0_18_106,VPWR,li1,57.0400,62.5600,1.799991
FILLER_0_18_91,VPWR,li1,50.1400,62.5600,1.799990
FILLER_0_18_85,VPWR,li1,45.3100,62.5600,1.799990
FILLER_0_18_78,VPWR,li1,42.7800,62.5600,1.799990
FILLER_0_18_66,VPWR,li1,38.6400,62.5600,1.799990
FILLER_0_18_54,VPWR,li1,33.1200,62.5600,1.799988
FILLER_0_18_39,VPWR,li1,24.8400,62.5600,1.799985
FILLER_0_18_22,VPWR,li1,17.0200,62.5600,1.799987
FILLER_0_18_11,VPWR,li1,11.0400,62.5600,1.799992
FILLER_0_18_3,VPWR,li1,8.7400,62.5600,1.799992
FILLER_0_17_187,VPWR,li1,92.2300,57.1200,1.799991
FILLER_0_17_169,VPWR,li1,84.6400,57.1200,1.799991
FILLER_0_17_167,VPWR,li1,82.5700,57.1200,1.799991
FILLER_0_17_161,VPWR,li1,80.9600,57.1200,1.799991
FILLER_0_17_149,VPWR,li1,76.8200,57.1200,1.799991
FILLER_0_17_133,VPWR,li1,67.1600,57.1200,1.799992
FILLER_0_17_125,VPWR,li1,64.8600,57.1200,1.799993
FILLER_0_17_113,VPWR,li1,60.2600,57.1200,1.799994
FILLER_0_17_111,VPWR,li1,56.8100,57.1200,1.799993
FILLER_0_17_95,VPWR,li1,51.9800,57.1200,1.799992
FILLER_0_17_89,VPWR,li1,47.1500,57.1200,1.799992
FILLER_0_17_81,VPWR,li1,44.6200,57.1200,1.799993
FILLER_0_17_65,VPWR,li1,35.6500,57.1200,1.799994
FILLER_0_17_50,VPWR,li1,29.9000,57.1200,1.799992
FILLER_0_17_35,VPWR,li1,23.0000,57.1200,1.799991
FILLER_0_17_18,VPWR,li1,14.0300,57.1200,1.799993
FILLER_0_17_10,VPWR,li1,11.9600,57.1200,1.799994
FILLER_0_17_3,VPWR,li1,7.3600,57.1200,1.799994
FILLER_0_16_162,VPWR,li1,80.5000,57.1200,1.799991
FILLER_0_16_159,VPWR,li1,78.8900,57.1200,1.799991
FILLER_0_16_153,VPWR,li1,77.2800,57.1200,1.799991
FILLER_0_16_141,VPWR,li1,73.1400,57.1200,1.799991
FILLER_0_16_139,VPWR,li1,69.6900,57.1200,1.799992
FILLER_0_16_133,VPWR,li1,68.0800,57.1200,1.799992
FILLER_0_16_121,VPWR,li1,63.9400,57.1200,1.799993
FILLER_0_16_109,VPWR,li1,58.4200,57.1200,1.799993
FILLER_0_16_101,VPWR,li1,52.2100,57.1200,1.799992
FILLER_0_16_85,VPWR,li1,45.3100,57.1200,1.799992
FILLER_0_16_81,VPWR,li1,43.4700,57.1200,1.799993
FILLER_0_16_73,VPWR,li1,40.9400,57.1200,1.799993
FILLER_0_16_64,VPWR,li1,35.6500,57.1200,1.799994
FILLER_0_16_56,VPWR,li1,33.1200,57.1200,1.799993
FILLER_0_16_52,VPWR,li1,29.6700,57.1200,1.799992
FILLER_0_16_27,VPWR,li1,18.1700,57.1200,1.799992
FILLER_0_16_21,VPWR,li1,16.5600,57.1200,1.799992
FILLER_0_16_9,VPWR,li1,12.4200,57.1200,1.799993
FILLER_0_15_176,VPWR,li1,86.9400,51.6800,1.799988
FILLER_0_15_169,VPWR,li1,83.4900,51.6800,1.799988
FILLER_0_15_167,VPWR,li1,82.5700,51.6800,1.799988
FILLER_0_15_144,VPWR,li1,72.4500,51.6800,1.799989
FILLER_0_15_136,VPWR,li1,68.3100,51.6800,1.799991
FILLER_0_15_130,VPWR,li1,65.5500,51.6800,1.799992
FILLER_0_15_118,VPWR,li1,62.5600,51.6800,1.799993
FILLER_0_15_106,VPWR,li1,55.6600,51.6800,1.799994
FILLER_0_15_94,VPWR,li1,51.5200,51.6800,1.799994
FILLER_0_15_82,VPWR,li1,46.0000,51.6800,1.799993
FILLER_0_15_70,VPWR,li1,40.4800,51.6800,1.799993
FILLER_0_15_54,VPWR,li1,30.8200,51.6800,1.799991
FILLER_0_15_45,VPWR,li1,26.4500,51.6800,1.799989
FILLER_0_15_39,VPWR,li1,24.8400,51.6800,1.799989
FILLER_0_15_28,VPWR,li1,19.0900,51.6800,1.799988
FILLER_0_15_15,VPWR,li1,13.8000,51.6800,1.799990
FILLER_0_15_3,VPWR,li1,9.6600,51.6800,1.799992
FILLER_0_14_161,VPWR,li1,79.8100,51.6800,1.799988
FILLER_0_14_153,VPWR,li1,77.7400,51.6800,1.799988
FILLER_0_14_141,VPWR,li1,73.1400,51.6800,1.799989
FILLER_0_14_139,VPWR,li1,69.6900,51.6800,1.799991
FILLER_0_14_133,VPWR,li1,68.0800,51.6800,1.799991
FILLER_0_14_121,VPWR,li1,63.9400,51.6800,1.799993
FILLER_0_14_109,VPWR,li1,58.4200,51.6800,1.799994
FILLER_0_14_97,VPWR,li1,52.9000,51.6800,1.799994
FILLER_0_14_85,VPWR,li1,47.3800,51.6800,1.799993
FILLER_0_14_82,VPWR,li1,43.7000,51.6800,1.799993
FILLER_0_14_74,VPWR,li1,41.4000,51.6800,1.799993
FILLER_0_14_64,VPWR,li1,35.1900,51.6800,1.799993
FILLER_0_14_60,VPWR,li1,34.0400,51.6800,1.799992
FILLER_0_14_48,VPWR,li1,30.3600,51.6800,1.799991
FILLER_0_14_36,VPWR,li1,24.8400,51.6800,1.799989
FILLER_0_14_29,VPWR,li1,19.3200,51.6800,1.799988
FILLER_0_14_27,VPWR,li1,18.1700,51.6800,1.799988
FILLER_0_14_3,VPWR,li1,7.8200,51.6800,1.799992
FILLER_0_13_173,VPWR,li1,85.3300,46.2400,1.799990
FILLER_0_13_167,VPWR,li1,82.5700,46.2400,1.799990
FILLER_0_13_163,VPWR,li1,81.4200,46.2400,1.799990
FILLER_0_13_151,VPWR,li1,77.7400,46.2400,1.799989
FILLER_0_13_137,VPWR,li1,69.0000,46.2400,1.799989
FILLER_0_13_125,VPWR,li1,65.7800,46.2400,1.799990
FILLER_0_13_113,VPWR,li1,58.8800,46.2400,1.799990
FILLER_0_13_108,VPWR,li1,56.1200,46.2400,1.799989
FILLER_0_13_73,VPWR,li1,41.8600,46.2400,1.799989
FILLER_0_13_63,VPWR,li1,34.7300,46.2400,1.799990
FILLER_0_13_57,VPWR,li1,33.1200,46.2400,1.799990
FILLER_0_13_54,VPWR,li1,30.8200,46.2400,1.799989
FILLER_0_13_42,VPWR,li1,27.6000,46.2400,1.799988
FILLER_0_13_25,VPWR,li1,17.9400,46.2400,1.799986
FILLER_0_13_11,VPWR,li1,11.5000,46.2400,1.799989
FILLER_0_13_3,VPWR,li1,7.8200,46.2400,1.799988
FILLER_0_12_185,VPWR,li1,90.8500,46.2400,1.799987
FILLER_0_12_181,VPWR,li1,89.7000,46.2400,1.799987
FILLER_0_12_175,VPWR,li1,86.7100,46.2400,1.799988
FILLER_0_12_165,VPWR,li1,81.8800,46.2400,1.799990
FILLER_0_12_153,VPWR,li1,78.6600,46.2400,1.799989
FILLER_0_12_141,VPWR,li1,73.1400,46.2400,1.799988
FILLER_0_12_134,VPWR,li1,68.5400,46.2400,1.799989
FILLER_0_12_122,VPWR,li1,64.4000,46.2400,1.799990
FILLER_0_12_110,VPWR,li1,58.8800,46.2400,1.799990
FILLER_0_12_82,VPWR,li1,43.7000,46.2400,1.799989
FILLER_0_12_67,VPWR,li1,36.8000,46.2400,1.799991
FILLER_0_12_59,VPWR,li1,34.5000,46.2400,1.799990
FILLER_0_12_47,VPWR,li1,29.9000,46.2400,1.799989
FILLER_0_12_38,VPWR,li1,23.4600,46.2400,1.799987
FILLER_0_12_15,VPWR,li1,12.8800,46.2400,1.799988
FILLER_0_11_188,VPWR,li1,92.4600,40.8000,1.799993
FILLER_0_11_176,VPWR,li1,89.2400,40.8000,1.799993
FILLER_0_11_167,VPWR,li1,82.5700,40.8000,1.799993
FILLER_0_11_161,VPWR,li1,80.9600,40.8000,1.799992
FILLER_0_11_149,VPWR,li1,76.8200,40.8000,1.799992
FILLER_0_11_137,VPWR,li1,71.3000,40.8000,1.799992
FILLER_0_11_125,VPWR,li1,65.7800,40.8000,1.799992
FILLER_0_11_113,VPWR,li1,60.2600,40.8000,1.799993
FILLER_0_11_104,VPWR,li1,55.2000,40.8000,1.799989
FILLER_0_11_87,VPWR,li1,45.7700,40.8000,1.799987
FILLER_0_11_81,VPWR,li1,44.1600,40.8000,1.799988
FILLER_0_11_69,VPWR,li1,40.0200,40.8000,1.799989
FILLER_0_11_54,VPWR,li1,30.8200,40.8000,1.799987
FILLER_0_11_38,VPWR,li1,23.4600,40.8000,1.799986
FILLER_0_11_3,VPWR,li1,8.2800,40.8000,1.799991
FILLER_0_10_189,VPWR,li1,92.6900,40.8000,1.799993
FILLER_0_10_185,VPWR,li1,91.5400,40.8000,1.799993
FILLER_0_10_174,VPWR,li1,86.0200,40.8000,1.799994
FILLER_0_10_166,VPWR,li1,83.7200,40.8000,1.799993
FILLER_0_10_149,VPWR,li1,74.7500,40.8000,1.799992
FILLER_0_10_141,VPWR,li1,72.2200,40.8000,1.799992
FILLER_0_10_139,VPWR,li1,69.6900,40.8000,1.799992
FILLER_0_10_133,VPWR,li1,68.0800,40.8000,1.799992
FILLER_0_10_127,VPWR,li1,64.1700,40.8000,1.799992
FILLER_0_10_119,VPWR,li1,62.1000,40.8000,1.799992
FILLER_0_10_107,VPWR,li1,57.5000,40.8000,1.799991
FILLER_0_10_95,VPWR,li1,51.9800,40.8000,1.799987
FILLER_0_10_85,VPWR,li1,45.0800,40.8000,1.799987
FILLER_0_10_83,VPWR,li1,43.9300,40.8000,1.799988
FILLER_0_10_79,VPWR,li1,42.7800,40.8000,1.799988
FILLER_0_10_67,VPWR,li1,39.1000,40.8000,1.799989
FILLER_0_10_58,VPWR,li1,32.4300,40.8000,1.799987
FILLER_0_10_54,VPWR,li1,31.2800,40.8000,1.799987
FILLER_0_10_50,VPWR,li1,28.7500,40.8000,1.799987
FILLER_0_10_38,VPWR,li1,25.7600,40.8000,1.799986
FILLER_0_10_33,VPWR,li1,20.9300,40.8000,1.799986
FILLER_0_10_29,VPWR,li1,19.7800,40.8000,1.799986
FILLER_0_10_20,VPWR,li1,16.5600,40.8000,1.799987
FILLER_0_10_9,VPWR,li1,11.0400,40.8000,1.799991
FILLER_0_9_188,VPWR,li1,92.4600,35.3600,1.799991
FILLER_0_9_176,VPWR,li1,89.2400,35.3600,1.799992
FILLER_0_9_169,VPWR,li1,84.1800,35.3600,1.799994
FILLER_0_9_167,VPWR,li1,82.5700,35.3600,1.799994
FILLER_0_9_163,VPWR,li1,81.4200,35.3600,1.799994
FILLER_0_9_151,VPWR,li1,77.7400,35.3600,1.799994
FILLER_0_9_130,VPWR,li1,68.0800,35.3600,1.799994
FILLER_0_9_118,VPWR,li1,62.5600,35.3600,1.799995
FILLER_0_9_110,VPWR,li1,56.5800,35.3600,1.799993
FILLER_0_9_105,VPWR,li1,54.0500,35.3600,1.799993
FILLER_0_9_101,VPWR,li1,52.9000,35.3600,1.799993
FILLER_0_9_91,VPWR,li1,47.8400,35.3600,1.799993
FILLER_0_9_57,VPWR,li1,34.5000,35.3600,1.799995
FILLER_0_9_44,VPWR,li1,28.5200,35.3600,1.799995
FILLER_0_9_33,VPWR,li1,20.9300,35.3600,1.799995
FILLER_0_9_27,VPWR,li1,19.3200,35.3600,1.799995
FILLER_0_9_15,VPWR,li1,15.1800,35.3600,1.799996
FILLER_0_9_3,VPWR,li1,9.6600,35.3600,1.799997
FILLER_0_8_185,VPWR,li1,90.8500,35.3600,1.799991
FILLER_0_8_177,VPWR,li1,88.7800,35.3600,1.799992
FILLER_0_8_165,VPWR,li1,84.1800,35.3600,1.799994
FILLER_0_8_153,VPWR,li1,78.6600,35.3600,1.799994
FILLER_0_8_141,VPWR,li1,73.1400,35.3600,1.799994
FILLER_0_8_139,VPWR,li1,69.6900,35.3600,1.799994
FILLER_0_8_131,VPWR,li1,67.6200,35.3600,1.799994
FILLER_0_8_121,VPWR,li1,62.1000,35.3600,1.799995
FILLER_0_8_109,VPWR,li1,58.4200,35.3600,1.799994
FILLER_0_8_97,VPWR,li1,52.9000,35.3600,1.799993
FILLER_0_8_85,VPWR,li1,47.3800,35.3600,1.799993
FILLER_0_8_80,VPWR,li1,43.2400,35.3600,1.799993
FILLER_0_8_56,VPWR,li1,32.2000,35.3600,1.799995
FILLER_0_8_44,VPWR,li1,28.5200,35.3600,1.799995
FILLER_0_8_29,VPWR,li1,19.0900,35.3600,1.799995
FILLER_0_8_27,VPWR,li1,18.1700,35.3600,1.799995
FILLER_0_8_19,VPWR,li1,16.1000,35.3600,1.799996
FILLER_0_8_7,VPWR,li1,11.5000,35.3600,1.799997
FILLER_0_7_189,VPWR,li1,92.6900,29.9200,1.799994
FILLER_0_7_181,VPWR,li1,90.6200,29.9200,1.799994
FILLER_0_7_169,VPWR,li1,86.0200,29.9200,1.799995
FILLER_0_7_167,VPWR,li1,82.5700,29.9200,1.799994
FILLER_0_7_159,VPWR,li1,80.5000,29.9200,1.799993
FILLER_0_7_147,VPWR,li1,75.9000,29.9200,1.799993
FILLER_0_7_135,VPWR,li1,70.3800,29.9200,1.799993
FILLER_0_7_123,VPWR,li1,64.8600,29.9200,1.799994
FILLER_0_7_119,VPWR,li1,60.4900,29.9200,1.799994
FILLER_0_7_113,VPWR,li1,58.8800,29.9200,1.799993
FILLER_0_7_100,VPWR,li1,54.2800,29.9200,1.799992
FILLER_0_7_88,VPWR,li1,46.6900,29.9200,1.799991
FILLER_0_7_80,VPWR,li1,44.1600,29.9200,1.799990
FILLER_0_7_69,VPWR,li1,38.1800,29.9200,1.799990
FILLER_0_7_57,VPWR,li1,34.5000,29.9200,1.799991
FILLER_0_7_55,VPWR,li1,31.0500,29.9200,1.799990
FILLER_0_7_51,VPWR,li1,29.9000,29.9200,1.799989
FILLER_0_7_37,VPWR,li1,23.2300,29.9200,1.799988
FILLER_0_7_23,VPWR,li1,16.5600,29.9200,1.799989
FILLER_0_7_15,VPWR,li1,14.2600,29.9200,1.799991
FILLER_0_7_3,VPWR,li1,9.6600,29.9200,1.799993
FILLER_0_6_189,VPWR,li1,92.6900,29.9200,1.799994
FILLER_0_6_185,VPWR,li1,91.5400,29.9200,1.799994
FILLER_0_6_177,VPWR,li1,87.4000,29.9200,1.799994
FILLER_0_6_173,VPWR,li1,85.5600,29.9200,1.799995
FILLER_0_6_162,VPWR,li1,80.9600,29.9200,1.799993
FILLER_0_6_141,VPWR,li1,70.6100,29.9200,1.799993
FILLER_0_6_137,VPWR,li1,69.2300,29.9200,1.799993
FILLER_0_6_125,VPWR,li1,65.7800,29.9200,1.799994
FILLER_0_6_115,VPWR,li1,58.6500,29.9200,1.799993
FILLER_0_6_106,VPWR,li1,54.7400,29.9200,1.799992
FILLER_0_6_100,VPWR,li1,51.9800,29.9200,1.799992
FILLER_0_6_92,VPWR,li1,49.6800,29.9200,1.799991
FILLER_0_6_54,VPWR,li1,30.5900,29.9200,1.799990
FILLER_0_6_48,VPWR,li1,28.9800,29.9200,1.799989
FILLER_0_6_36,VPWR,li1,24.8400,29.9200,1.799988
FILLER_0_6_18,VPWR,li1,14.4900,29.9200,1.799991
FILLER_0_6_11,VPWR,li1,11.2700,29.9200,1.799993
FILLER_0_6_3,VPWR,li1,8.7400,29.9200,1.799993
FILLER_0_5_186,VPWR,li1,91.3100,24.4800,1.799993
FILLER_0_5_180,VPWR,li1,89.7000,24.4800,1.799993
FILLER_0_5_174,VPWR,li1,86.2500,24.4800,1.799993
FILLER_0_5_154,VPWR,li1,76.5900,24.4800,1.799991
FILLER_0_5_150,VPWR,li1,75.4400,24.4800,1.799991
FILLER_0_5_138,VPWR,li1,71.7600,24.4800,1.799991
FILLER_0_5_126,VPWR,li1,66.2400,24.4800,1.799992
FILLER_0_5_120,VPWR,li1,61.1800,24.4800,1.799993
FILLER_0_5_113,VPWR,li1,57.9600,24.4800,1.799993
FILLER_0_5_109,VPWR,li1,56.3500,24.4800,1.799993
FILLER_0_5_101,VPWR,li1,53.8200,24.4800,1.799993
FILLER_0_5_89,VPWR,li1,49.2200,24.4800,1.799992
FILLER_0_5_83,VPWR,li1,43.9300,24.4800,1.799991
FILLER_0_5_79,VPWR,li1,42.7800,24.4800,1.799990
FILLER_0_5_55,VPWR,li1,31.0500,24.4800,1.799987
FILLER_0_5_47,VPWR,li1,27.6000,24.4800,1.799986
FILLER_0_5_21,VPWR,li1,15.4100,24.4800,1.799991
FILLER_0_5_15,VPWR,li1,13.8000,24.4800,1.799991
FILLER_0_5_3,VPWR,li1,9.6600,24.4800,1.799993
FILLER_0_4_182,VPWR,li1,91.0800,24.4800,1.799993
FILLER_0_4_170,VPWR,li1,86.4800,24.4800,1.799993
FILLER_0_4_158,VPWR,li1,80.9600,24.4800,1.799991
FILLER_0_4_150,VPWR,li1,74.7500,24.4800,1.799991
FILLER_0_4_141,VPWR,li1,70.8400,24.4800,1.799992
FILLER_0_4_139,VPWR,li1,69.6900,24.4800,1.799992
FILLER_0_4_131,VPWR,li1,67.6200,24.4800,1.799992
FILLER_0_4_119,VPWR,li1,63.0200,24.4800,1.799993
FILLER_0_4_85,VPWR,li1,47.3800,24.4800,1.799991
FILLER_0_4_82,VPWR,li1,43.7000,24.4800,1.799991
FILLER_0_4_74,VPWR,li1,41.4000,24.4800,1.799990
FILLER_0_4_52,VPWR,li1,32.2000,24.4800,1.799988
FILLER_0_4_36,VPWR,li1,22.7700,24.4800,1.799987
FILLER_0_4_20,VPWR,li1,16.5600,24.4800,1.799989
FILLER_0_3_185,VPWR,li1,90.8500,19.0400,1.799987
FILLER_0_3_173,VPWR,li1,87.8600,19.0400,1.799988
FILLER_0_3_162,VPWR,li1,81.4200,19.0400,1.799989
FILLER_0_3_150,VPWR,li1,77.2800,19.0400,1.799989
FILLER_0_3_138,VPWR,li1,71.7600,19.0400,1.799990
FILLER_0_3_126,VPWR,li1,66.2400,19.0400,1.799990
FILLER_0_3_113,VPWR,li1,58.1900,19.0400,1.799991
FILLER_0_3_110,VPWR,li1,56.5800,19.0400,1.799990
FILLER_0_3_98,VPWR,li1,53.3600,19.0400,1.799989
FILLER_0_3_90,VPWR,li1,47.1500,19.0400,1.799987
FILLER_0_3_77,VPWR,li1,41.1700,19.0400,1.799988
FILLER_0_3_69,VPWR,li1,39.1000,19.0400,1.799989
FILLER_0_3_57,VPWR,li1,34.5000,19.0400,1.799990
FILLER_0_3_52,VPWR,li1,30.3600,19.0400,1.799990
FILLER_0_3_7,VPWR,li1,8.9700,19.0400,1.799991
FILLER_0_3_3,VPWR,li1,7.8200,19.0400,1.799991
FILLER_0_2_186,VPWR,li1,92.0000,19.0400,1.799987
FILLER_0_2_172,VPWR,li1,84.8700,19.0400,1.799990
FILLER_0_2_153,VPWR,li1,76.3600,19.0400,1.799989
FILLER_0_2_141,VPWR,li1,73.1400,19.0400,1.799990
FILLER_0_2_138,VPWR,li1,69.4600,19.0400,1.799990
FILLER_0_2_130,VPWR,li1,67.1600,19.0400,1.799990
FILLER_0_2_115,VPWR,li1,60.2600,19.0400,1.799992
FILLER_0_2_103,VPWR,li1,55.6600,19.0400,1.799990
FILLER_0_2_91,VPWR,li1,50.1400,19.0400,1.799987
FILLER_0_2_70,VPWR,li1,38.1800,19.0400,1.799989
FILLER_0_2_58,VPWR,li1,33.1200,19.0400,1.799990
FILLER_0_2_51,VPWR,li1,29.4400,19.0400,1.799989
FILLER_0_2_39,VPWR,li1,26.2200,19.0400,1.799989
FILLER_0_2_29,VPWR,li1,19.3200,19.0400,1.799989
FILLER_0_2_22,VPWR,li1,17.0200,19.0400,1.799990
FILLER_0_2_9,VPWR,li1,9.8900,19.0400,1.799991
FILLER_0_1_188,VPWR,li1,92.4600,13.6000,1.799995
FILLER_0_1_180,VPWR,li1,90.1600,13.6000,1.799995
FILLER_0_1_169,VPWR,li1,84.6400,13.6000,1.799995
FILLER_0_1_165,VPWR,li1,82.1100,13.6000,1.799994
FILLER_0_1_157,VPWR,li1,79.5800,13.6000,1.799993
FILLER_0_1_145,VPWR,li1,74.9800,13.6000,1.799992
FILLER_0_1_133,VPWR,li1,69.4600,13.6000,1.799990
FILLER_0_1_122,VPWR,li1,62.5600,13.6000,1.799988
FILLER_0_1_118,VPWR,li1,60.0300,13.6000,1.799985
FILLER_0_1_95,VPWR,li1,51.9800,13.6000,1.799982
FILLER_0_1_73,VPWR,li1,39.3300,13.6000,1.799983
FILLER_0_1_65,VPWR,li1,37.2600,13.6000,1.799984
FILLER_0_1_48,VPWR,li1,29.4400,13.6000,1.799982
FILLER_0_1_40,VPWR,li1,24.3800,13.6000,1.799981
FILLER_0_1_32,VPWR,li1,22.0800,13.6000,1.799980
FILLER_0_1_9,VPWR,li1,10.3500,13.6000,1.799983
FILLER_0_0_177,VPWR,li1,87.1700,13.6000,1.799995
FILLER_0_0_173,VPWR,li1,86.0200,13.6000,1.799995
FILLER_0_0_165,VPWR,li1,82.1100,13.6000,1.799994
FILLER_0_0_153,VPWR,li1,78.6600,13.6000,1.799993
FILLER_0_0_141,VPWR,li1,73.1400,13.6000,1.799991
FILLER_0_0_137,VPWR,li1,69.2300,13.6000,1.799990
FILLER_0_0_129,VPWR,li1,66.7000,13.6000,1.799988
FILLER_0_0_113,VPWR,li1,57.7300,13.6000,1.799984
FILLER_0_0_103,VPWR,li1,54.2800,13.6000,1.799983
FILLER_0_0_93,VPWR,li1,49.2200,13.6000,1.799982
FILLER_0_0_85,VPWR,li1,44.8500,13.6000,1.799982
FILLER_0_0_83,VPWR,li1,43.9300,13.6000,1.799982
FILLER_0_0_75,VPWR,li1,40.2500,13.6000,1.799983
FILLER_0_0_67,VPWR,li1,38.1800,13.6000,1.799984
FILLER_0_0_57,VPWR,li1,32.2000,13.6000,1.799983
FILLER_0_0_55,VPWR,li1,31.0500,13.6000,1.799983
FILLER_0_0_47,VPWR,li1,28.9800,13.6000,1.799982
FILLER_0_0_35,VPWR,li1,24.3800,13.6000,1.799981
FILLER_0_0_20,VPWR,li1,16.5600,13.6000,1.799980
ANTENNA_6,VPWR,li1,79.5800,57.1200,1.799991
ANTENNA_5,VPWR,li1,89.7000,84.3200,1.799984
ANTENNA_4,VPWR,li1,86.9400,84.3200,1.799986
ANTENNA_3,VPWR,li1,25.7600,68.0000,1.799988
ANTENNA_2,VPWR,li1,86.4800,29.9200,1.799995
ANTENNA_1,VPWR,li1,84.6400,78.8800,1.799998
rebuffer13,VPWR,li1,11.7300,19.0400,1.799991
rebuffer12,VPWR,li1,66.2400,78.8800,1.799994
rebuffer11,VPWR,li1,28.2900,62.5600,1.799987
rebuffer10,VPWR,li1,13.3400,46.2400,1.799988
rebuffer9,VPWR,li1,20.4700,46.2400,1.799986
rebuffer8,VPWR,li1,20.9300,46.2400,1.799986
clone7,VPWR,li1,49.2200,46.2400,1.799988
rebuffer6,VPWR,li1,84.8700,62.5600,1.799990
rebuffer5,VPWR,li1,84.1800,19.0400,1.799989
rebuffer4,VPWR,li1,23.4600,35.3600,1.799995
rebuffer3,VPWR,li1,22.0800,40.8000,1.799986
rebuffer2,VPWR,li1,16.7900,29.9200,1.799989
rebuffer1,VPWR,li1,17.4800,46.2400,1.799986
max_cap28,VPWR,li1,66.9300,62.5600,1.799989
output27,VPWR,li1,90.1600,13.6000,1.799995
output26,VPWR,li1,92.0000,19.0400,1.799987
output25,VPWR,li1,92.0000,35.3600,1.799991
output24,VPWR,li1,92.0000,46.2400,1.799986
output23,VPWR,li1,81.8800,57.1200,1.799991
output22,VPWR,li1,92.0000,68.0000,1.799988
output21,VPWR,li1,92.0000,84.3200,1.799983
output20,VPWR,li1,89.2400,84.3200,1.799984
input19,VPWR,li1,20.2400,13.6000,1.799980
input18,VPWR,li1,51.5200,13.6000,1.799982
input17,VPWR,li1,84.1800,13.6000,1.799995
input16,VPWR,li1,10.5800,84.3200,1.799992
input15,VPWR,li1,20.2400,84.3200,1.799990
input14,VPWR,li1,33.1200,84.3200,1.799992
input13,VPWR,li1,48.3000,84.3200,1.799988
input12,VPWR,li1,56.1200,84.3200,1.799988
input11,VPWR,li1,71.3000,84.3200,1.799985
input10,VPWR,li1,80.7300,84.3200,1.799985
input9,VPWR,li1,91.5400,84.3200,1.799983
input8,VPWR,li1,13.8000,13.6000,1.799981
input7,VPWR,li1,8.2800,19.0400,1.799991
input6,VPWR,li1,7.8200,35.3600,1.799997
input5,VPWR,li1,11.0400,46.2400,1.799989
input4,VPWR,li1,8.2800,57.1200,1.799994
input3,VPWR,li1,8.2800,68.0000,1.799992
input2,VPWR,li1,8.2800,84.3200,1.799992
input1,VPWR,li1,12.8800,84.3200,1.799991
TAP_TAPCELL_ROW_27_145,VPWR,li1,83.0300,84.6260,1.799986
TAP_TAPCELL_ROW_27_144,VPWR,li1,70.1500,84.6260,1.799986
TAP_TAPCELL_ROW_27_143,VPWR,li1,57.2700,84.6260,1.799989
TAP_TAPCELL_ROW_27_142,VPWR,li1,44.3900,84.6260,1.799989
TAP_TAPCELL_ROW_27_141,VPWR,li1,31.5100,84.6260,1.799991
TAP_TAPCELL_ROW_27_140,VPWR,li1,18.6300,84.6260,1.799991
TAP_TAPCELL_ROW_26_139,VPWR,li1,70.1500,84.0130,1.799986
TAP_TAPCELL_ROW_26_138,VPWR,li1,44.3900,84.0130,1.799989
TAP_TAPCELL_ROW_26_137,VPWR,li1,18.6300,84.0130,1.799991
TAP_TAPCELL_ROW_25_136,VPWR,li1,83.0300,79.1860,1.799997
TAP_TAPCELL_ROW_25_135,VPWR,li1,57.2700,79.1860,1.799994
TAP_TAPCELL_ROW_25_134,VPWR,li1,31.5100,79.1860,1.799992
TAP_TAPCELL_ROW_24_133,VPWR,li1,70.1500,78.5730,1.799994
TAP_TAPCELL_ROW_24_132,VPWR,li1,44.3900,78.5730,1.799993
TAP_TAPCELL_ROW_24_131,VPWR,li1,18.6300,78.5730,1.799993
TAP_TAPCELL_ROW_23_130,VPWR,li1,83.0300,73.7460,1.799988
TAP_TAPCELL_ROW_23_129,VPWR,li1,57.2700,73.7460,1.799989
TAP_TAPCELL_ROW_23_128,VPWR,li1,31.5100,73.7460,1.799994
TAP_TAPCELL_ROW_22_127,VPWR,li1,70.1500,73.1330,1.799984
TAP_TAPCELL_ROW_22_126,VPWR,li1,44.3900,73.1330,1.799992
TAP_TAPCELL_ROW_22_125,VPWR,li1,18.6300,73.1330,1.799994
TAP_TAPCELL_ROW_21_124,VPWR,li1,83.0300,68.3060,1.799992
TAP_TAPCELL_ROW_21_123,VPWR,li1,57.2700,68.3060,1.799990
TAP_TAPCELL_ROW_21_122,VPWR,li1,31.5100,68.3060,1.799988
TAP_TAPCELL_ROW_20_121,VPWR,li1,70.1500,67.6930,1.799991
TAP_TAPCELL_ROW_20_120,VPWR,li1,44.3900,67.6930,1.799987
TAP_TAPCELL_ROW_20_119,VPWR,li1,18.6300,67.6930,1.799990
TAP_TAPCELL_ROW_19_118,VPWR,li1,83.0300,62.8660,1.799990
TAP_TAPCELL_ROW_19_117,VPWR,li1,57.2700,62.8660,1.799991
TAP_TAPCELL_ROW_19_116,VPWR,li1,31.5100,62.8660,1.799988
TAP_TAPCELL_ROW_18_115,VPWR,li1,70.1500,62.2530,1.799989
TAP_TAPCELL_ROW_18_114,VPWR,li1,44.3900,62.2530,1.799990
TAP_TAPCELL_ROW_18_113,VPWR,li1,18.6300,62.2530,1.799987
TAP_TAPCELL_ROW_17_112,VPWR,li1,83.0300,57.4260,1.799991
TAP_TAPCELL_ROW_17_111,VPWR,li1,57.2700,57.4260,1.799993
TAP_TAPCELL_ROW_17_110,VPWR,li1,31.5100,57.4260,1.799993
TAP_TAPCELL_ROW_16_109,VPWR,li1,70.1500,56.8130,1.799992
TAP_TAPCELL_ROW_16_108,VPWR,li1,44.3900,56.8130,1.799993
TAP_TAPCELL_ROW_16_107,VPWR,li1,18.6300,56.8130,1.799992
TAP_TAPCELL_ROW_15_106,VPWR,li1,83.0300,51.9860,1.799988
TAP_TAPCELL_ROW_15_105,VPWR,li1,57.2700,51.9860,1.799994
TAP_TAPCELL_ROW_15_104,VPWR,li1,31.5100,51.9860,1.799991
TAP_TAPCELL_ROW_14_103,VPWR,li1,70.1500,51.3730,1.799990
TAP_TAPCELL_ROW_14_102,VPWR,li1,44.3900,51.3730,1.799993
TAP_TAPCELL_ROW_14_101,VPWR,li1,18.6300,51.3730,1.799988
TAP_TAPCELL_ROW_13_100,VPWR,li1,83.0300,46.5460,1.799990
TAP_TAPCELL_ROW_13_99,VPWR,li1,57.2700,46.5460,1.799990
TAP_TAPCELL_ROW_13_98,VPWR,li1,31.5100,46.5460,1.799989
TAP_TAPCELL_ROW_12_97,VPWR,li1,70.1500,45.9330,1.799989
TAP_TAPCELL_ROW_12_96,VPWR,li1,44.3900,45.9330,1.799989
TAP_TAPCELL_ROW_12_95,VPWR,li1,18.6300,45.9330,1.799986
TAP_TAPCELL_ROW_11_94,VPWR,li1,83.0300,41.1060,1.799993
TAP_TAPCELL_ROW_11_93,VPWR,li1,57.2700,41.1060,1.799991
TAP_TAPCELL_ROW_11_92,VPWR,li1,31.5100,41.1060,1.799987
TAP_TAPCELL_ROW_10_91,VPWR,li1,70.1500,40.4930,1.799992
TAP_TAPCELL_ROW_10_90,VPWR,li1,44.3900,40.4930,1.799988
TAP_TAPCELL_ROW_10_89,VPWR,li1,18.6300,40.4930,1.799986
TAP_TAPCELL_ROW_9_88,VPWR,li1,83.0300,35.6660,1.799994
TAP_TAPCELL_ROW_9_87,VPWR,li1,57.2700,35.6660,1.799994
TAP_TAPCELL_ROW_9_86,VPWR,li1,31.5100,35.6660,1.799995
TAP_TAPCELL_ROW_8_85,VPWR,li1,70.1500,35.0530,1.799994
TAP_TAPCELL_ROW_8_84,VPWR,li1,44.3900,35.0530,1.799993
TAP_TAPCELL_ROW_8_83,VPWR,li1,18.6300,35.0530,1.799995
TAP_TAPCELL_ROW_7_82,VPWR,li1,83.0300,30.2260,1.799994
TAP_TAPCELL_ROW_7_81,VPWR,li1,57.2700,30.2260,1.799993
TAP_TAPCELL_ROW_7_80,VPWR,li1,31.5100,30.2260,1.799990
TAP_TAPCELL_ROW_6_79,VPWR,li1,70.1500,29.6130,1.799993
TAP_TAPCELL_ROW_6_78,VPWR,li1,44.3900,29.6130,1.799990
TAP_TAPCELL_ROW_6_77,VPWR,li1,18.6300,29.6130,1.799988
TAP_TAPCELL_ROW_5_76,VPWR,li1,83.0300,24.7860,1.799992
TAP_TAPCELL_ROW_5_75,VPWR,li1,57.2700,24.7860,1.799993
TAP_TAPCELL_ROW_5_74,VPWR,li1,31.5100,24.7860,1.799988
TAP_TAPCELL_ROW_4_73,VPWR,li1,70.1500,24.1730,1.799992
TAP_TAPCELL_ROW_4_72,VPWR,li1,44.3900,24.1730,1.799991
TAP_TAPCELL_ROW_4_71,VPWR,li1,18.6300,24.1730,1.799988
TAP_TAPCELL_ROW_3_70,VPWR,li1,83.0300,19.3460,1.799989
TAP_TAPCELL_ROW_3_69,VPWR,li1,57.2700,19.3460,1.799990
TAP_TAPCELL_ROW_3_68,VPWR,li1,31.5100,19.3460,1.799990
TAP_TAPCELL_ROW_2_67,VPWR,li1,70.1500,18.7330,1.799990
TAP_TAPCELL_ROW_2_66,VPWR,li1,44.3900,18.7330,1.799986
TAP_TAPCELL_ROW_2_65,VPWR,li1,18.6300,18.7330,1.799990
TAP_TAPCELL_ROW_1_64,VPWR,li1,83.0300,13.9060,1.799994
TAP_TAPCELL_ROW_1_63,VPWR,li1,57.2700,13.9060,1.799984
TAP_TAPCELL_ROW_1_62,VPWR,li1,31.5100,13.9060,1.799983
TAP_TAPCELL_ROW_0_61,VPWR,li1,83.0300,13.2930,1.799994
TAP_TAPCELL_ROW_0_60,VPWR,li1,70.1500,13.2930,1.799990
TAP_TAPCELL_ROW_0_59,VPWR,li1,57.2700,13.2930,1.799984
TAP_TAPCELL_ROW_0_58,VPWR,li1,44.3900,13.2930,1.799982
TAP_TAPCELL_ROW_0_57,VPWR,li1,31.5100,13.2930,1.799983
TAP_TAPCELL_ROW_0_56,VPWR,li1,18.6300,13.2930,1.799980
PHY_EDGE_ROW_27_Left_55,VPWR,li1,6.2100,84.3200,1.799992
PHY_EDGE_ROW_26_Left_54,VPWR,li1,6.2100,84.3200,1.799992
PHY_EDGE_ROW_25_Left_53,VPWR,li1,6.2100,78.8800,1.799996
PHY_EDGE_ROW_24_Left_52,VPWR,li1,6.2100,78.8800,1.799996
PHY_EDGE_ROW_23_Left_51,VPWR,li1,6.2100,73.4400,1.799995
PHY_EDGE_ROW_22_Left_50,VPWR,li1,6.2100,73.4400,1.799995
PHY_EDGE_ROW_21_Left_49,VPWR,li1,6.2100,68.0000,1.799992
PHY_EDGE_ROW_20_Left_48,VPWR,li1,6.2100,68.0000,1.799992
PHY_EDGE_ROW_19_Left_47,VPWR,li1,6.2100,62.5600,1.799992
PHY_EDGE_ROW_18_Left_46,VPWR,li1,6.2100,62.5600,1.799992
PHY_EDGE_ROW_17_Left_45,VPWR,li1,6.2100,57.1200,1.799994
PHY_EDGE_ROW_16_Left_44,VPWR,li1,6.2100,57.1200,1.799994
PHY_EDGE_ROW_15_Left_43,VPWR,li1,6.2100,51.6800,1.799992
PHY_EDGE_ROW_14_Left_42,VPWR,li1,6.2100,51.6800,1.799992
PHY_EDGE_ROW_13_Left_41,VPWR,li1,6.2100,46.2400,1.799988
PHY_EDGE_ROW_12_Left_40,VPWR,li1,6.2100,46.2400,1.799988
PHY_EDGE_ROW_11_Left_39,VPWR,li1,6.2100,40.8000,1.799991
PHY_EDGE_ROW_10_Left_38,VPWR,li1,6.2100,40.8000,1.799991
PHY_EDGE_ROW_9_Left_37,VPWR,li1,6.2100,35.3600,1.799997
PHY_EDGE_ROW_8_Left_36,VPWR,li1,6.2100,35.3600,1.799997
PHY_EDGE_ROW_7_Left_35,VPWR,li1,6.2100,29.9200,1.799993
PHY_EDGE_ROW_6_Left_34,VPWR,li1,6.2100,29.9200,1.799993
PHY_EDGE_ROW_5_Left_33,VPWR,li1,6.2100,24.4800,1.799993
PHY_EDGE_ROW_4_Left_32,VPWR,li1,6.2100,24.4800,1.799993
PHY_EDGE_ROW_3_Left_31,VPWR,li1,6.2100,19.0400,1.799991
PHY_EDGE_ROW_2_Left_30,VPWR,li1,6.2100,19.0400,1.799991
PHY_EDGE_ROW_1_Left_29,VPWR,li1,6.2100,13.6000,1.799982
PHY_EDGE_ROW_0_Left_28,VPWR,li1,6.2100,13.6000,1.799982
PHY_EDGE_ROW_27_Right_27,VPWR,li1,93.6100,84.3200,1.799983
PHY_EDGE_ROW_26_Right_26,VPWR,li1,93.6100,84.3200,1.799983
PHY_EDGE_ROW_25_Right_25,VPWR,li1,93.6100,78.8800,1.799998
PHY_EDGE_ROW_24_Right_24,VPWR,li1,93.6100,78.8800,1.799998
PHY_EDGE_ROW_23_Right_23,VPWR,li1,93.6100,73.4400,1.799988
PHY_EDGE_ROW_22_Right_22,VPWR,li1,93.6100,73.4400,1.799988
PHY_EDGE_ROW_21_Right_21,VPWR,li1,93.6100,68.0000,1.799988
PHY_EDGE_ROW_20_Right_20,VPWR,li1,93.6100,68.0000,1.799988
PHY_EDGE_ROW_19_Right_19,VPWR,li1,93.6100,62.5600,1.799988
PHY_EDGE_ROW_18_Right_18,VPWR,li1,93.6100,62.5600,1.799988
PHY_EDGE_ROW_17_Right_17,VPWR,li1,93.6100,57.1200,1.799991
PHY_EDGE_ROW_16_Right_16,VPWR,li1,93.6100,57.1200,1.799991
PHY_EDGE_ROW_15_Right_15,VPWR,li1,93.6100,51.6800,1.799987
PHY_EDGE_ROW_14_Right_14,VPWR,li1,93.6100,51.6800,1.799987
PHY_EDGE_ROW_13_Right_13,VPWR,li1,93.6100,46.2400,1.799986
PHY_EDGE_ROW_12_Right_12,VPWR,li1,93.6100,46.2400,1.799986
PHY_EDGE_ROW_11_Right_11,VPWR,li1,93.6100,40.8000,1.799993
PHY_EDGE_ROW_10_Right_10,VPWR,li1,93.6100,40.8000,1.799993
PHY_EDGE_ROW_9_Right_9,VPWR,li1,93.6100,35.3600,1.799991
PHY_EDGE_ROW_8_Right_8,VPWR,li1,93.6100,35.3600,1.799991
PHY_EDGE_ROW_7_Right_7,VPWR,li1,93.6100,29.9200,1.799994
PHY_EDGE_ROW_6_Right_6,VPWR,li1,93.6100,29.9200,1.799994
PHY_EDGE_ROW_5_Right_5,VPWR,li1,93.6100,24.4800,1.799993
PHY_EDGE_ROW_4_Right_4,VPWR,li1,93.6100,24.4800,1.799993
PHY_EDGE_ROW_3_Right_3,VPWR,li1,93.6100,19.0400,1.799987
PHY_EDGE_ROW_2_Right_2,VPWR,li1,93.6100,19.0400,1.799987
PHY_EDGE_ROW_1_Right_1,VPWR,li1,93.6100,13.6000,1.799995
PHY_EDGE_ROW_0_Right_0,VPWR,li1,93.6100,13.6000,1.799995
_503_,VPWR,li1,69.9200,73.4400,1.799984
_502_,VPWR,li1,46.6900,62.5600,1.799990
_501_,VPWR,li1,15.8700,68.0000,1.799991
_500_,VPWR,li1,37.4900,51.6800,1.799993
_499_,VPWR,li1,12.8800,29.9200,1.799991
_498_,VPWR,li1,15.6400,46.2400,1.799987
_497_,VPWR,li1,52.4400,40.8000,1.799987
_496_,VPWR,li1,54.9700,46.2400,1.799989
_495_,VPWR,li1,11.9600,13.6000,1.799983
_494_,VPWR,li1,26.4500,57.1200,1.799991
_493_,VPWR,li1,21.3900,29.9200,1.799987
_492_,VPWR,li1,9.6600,46.2400,1.799988
_491_,VPWR,li1,74.7500,84.3200,1.799984
_490_,VPWR,li1,55.6600,57.1200,1.799992
_489_,VPWR,li1,59.3400,13.6000,1.799985
_488_,VPWR,li1,60.9500,13.6000,1.799987
_487_,VPWR,li1,33.5800,78.8800,1.799992
_486_,VPWR,li1,89.2400,29.9200,1.799994
_485_,VPWR,li1,60.4900,84.3200,1.799990
_484_,VPWR,li1,44.3900,35.3600,1.799993
_483_,VPWR,li1,62.7900,73.4400,1.799987
_482_,VPWR,li1,61.4100,29.9200,1.799994
_481_,VPWR,li1,30.5900,57.1200,1.799992
_480_,VPWR,li1,72.4500,57.1200,1.799991
_479_,VPWR,li1,40.7100,29.9200,1.799990
_478_,VPWR,li1,16.1000,51.6800,1.799989
_477_,VPWR,li1,70.8400,46.2400,1.799989
_476_,VPWR,li1,88.0900,68.0000,1.799990
_475_,VPWR,li1,66.4700,73.4400,1.799985
_474_,VPWR,li1,91.0800,62.5600,1.799988
_473_,VPWR,li1,63.0200,68.0000,1.799991
_472_,VPWR,li1,37.2600,68.0000,1.799988
_471_,VPWR,li1,21.1600,62.5600,1.799986
_470_,VPWR,li1,22.5400,35.3600,1.799995
_469_,VPWR,li1,58.1900,73.4400,1.799989
_468_,VPWR,li1,35.4200,51.6800,1.799993
_467_,VPWR,li1,56.3500,78.8800,1.799994
_466_,VPWR,li1,47.8400,46.2400,1.799988
_465_,VPWR,li1,80.0400,19.0400,1.799989
_464_,VPWR,li1,82.3400,62.5600,1.799989
_463_,VPWR,li1,46.2300,78.8800,1.799993
_462_,VPWR,li1,73.8300,24.4800,1.799991
_461_,VPWR,li1,18.8600,13.6000,1.799980
_460_,VPWR,li1,64.4000,35.3600,1.799994
_459_,VPWR,li1,87.6300,24.4800,1.799993
_458_,VPWR,li1,31.0500,19.0400,1.799990
_457_,VPWR,li1,90.3900,19.0400,1.799987
_456_,VPWR,li1,63.7100,78.8800,1.799994
_455_,VPWR,li1,42.0900,13.6000,1.799982
_454_,VPWR,li1,55.8900,84.3200,1.799988
_453_,VPWR,li1,63.4800,73.4400,1.799987
_452_,VPWR,li1,85.1000,84.3200,1.799987
_451_,VPWR,li1,77.2800,40.8000,1.799992
_450_,VPWR,li1,84.8700,40.8000,1.799994
_449_,VPWR,li1,63.9400,78.8800,1.799994
_448_,VPWR,li1,28.0600,24.4800,1.799986
_447_,VPWR,li1,48.5300,40.8000,1.799987
_446_,VPWR,li1,20.0100,40.8000,1.799986
_445_,VPWR,li1,40.2500,46.2400,1.799989
_444_,VPWR,li1,14.4900,19.0400,1.799990
_443_,VPWR,li1,76.5900,24.4800,1.799991
_442_,VPWR,li1,42.7800,19.0400,1.799986
_441_,VPWR,li1,62.7900,62.5600,1.799991
_440_,VPWR,li1,22.5400,62.5600,1.799986
_439_,VPWR,li1,38.4100,68.0000,1.799988
_438_,VPWR,li1,87.8600,57.1200,1.799991
_437_,VPWR,li1,34.5000,40.8000,1.799988
_436_,VPWR,li1,83.7200,51.6800,1.799988
_435_,VPWR,li1,12.6500,13.6000,1.799981
_434_,VPWR,li1,48.0700,68.0000,1.799987
_433_,VPWR,li1,25.9900,62.5600,1.799985
_432_,VPWR,li1,72.2200,73.4400,1.799984
_431_,VPWR,li1,51.0600,62.5600,1.799990
_430_,VPWR,li1,25.7600,29.9200,1.799988
_429_,VPWR,li1,40.9400,13.6000,1.799983
_428_,VPWR,li1,20.4700,24.4800,1.799988
_427_,VPWR,li1,13.3400,62.5600,1.799989
_426_,VPWR,li1,35.8800,19.0400,1.799990
_425_,VPWR,li1,8.9700,57.1200,1.799994
_424_,VPWR,li1,53.5900,62.5600,1.799990
_423_,VPWR,li1,80.9600,51.6800,1.799988
_422_,VPWR,li1,50.1400,35.3600,1.799993
_421_,VPWR,li1,53.3600,73.4400,1.799990
_420_,VPWR,li1,87.4000,62.5600,1.799989
_419_,VPWR,li1,58.8800,24.4800,1.799994
_418_,VPWR,li1,26.6800,78.8800,1.799991
_417_,VPWR,li1,27.1400,40.8000,1.799986
_416_,VPWR,li1,19.5500,24.4800,1.799988
_415_,VPWR,li1,24.1500,73.4400,1.799993
_414_,VPWR,li1,65.0900,13.6000,1.799988
_413_,VPWR,li1,28.0600,19.0400,1.799989
_412_,VPWR,li1,83.4900,29.9200,1.799994
_411_,VPWR,li1,25.3000,24.4800,1.799986
_410_,VPWR,li1,63.9400,68.0000,1.799991
_409_,VPWR,li1,52.9000,84.3200,1.799988
_408_,VPWR,li1,36.5700,24.4800,1.799990
_407_,VPWR,li1,13.3400,68.0000,1.799991
_406_,VPWR,li1,33.8100,62.5600,1.799990
_405_,VPWR,li1,53.3600,29.9200,1.799992
_404_,VPWR,li1,84.1800,46.2400,1.799990
_403_,VPWR,li1,54.2800,62.5600,1.799990
_402_,VPWR,li1,61.4100,78.8800,1.799994
_401_,VPWR,li1,44.3900,13.6000,1.799982
_400_,VPWR,li1,45.5400,68.0000,1.799987
_399_,VPWR,li1,10.8100,19.0400,1.799991
_398_,VPWR,li1,14.9500,40.8000,1.799988
_397_,VPWR,li1,23.4600,46.2400,1.799987
_396_,VPWR,li1,89.7000,62.5600,1.799988
_395_,VPWR,li1,20.2400,78.8800,1.799992
_394_,VPWR,li1,39.1000,29.9200,1.799990
_393_,VPWR,li1,37.7200,57.1200,1.799993
_392_,VPWR,li1,40.7100,35.3600,1.799993
_391_,VPWR,li1,16.7900,62.5600,1.799987
_390_,VPWR,li1,83.9500,19.0400,1.799989
_389_,VPWR,li1,88.7800,57.1200,1.799991
_388_,VPWR,li1,15.6400,19.0400,1.799990
_387_,VPWR,li1,29.6700,68.0000,1.799988
_386_,VPWR,li1,40.0200,24.4800,1.799990
_385_,VPWR,li1,8.2800,46.2400,1.799988
_384_,VPWR,li1,27.8300,57.1200,1.799991
_383_,VPWR,li1,34.9600,24.4800,1.799990
_382_,VPWR,li1,22.7700,19.0400,1.799989
_381_,VPWR,li1,27.8300,84.3200,1.799991
_380_,VPWR,li1,65.0900,62.5600,1.799990
_379_,VPWR,li1,38.8700,24.4800,1.799990
_378_,VPWR,li1,58.6500,35.3600,1.799994
_377_,VPWR,li1,23.6900,78.8800,1.799991
_376_,VPWR,li1,75.4400,78.8800,1.799996
_375_,VPWR,li1,80.5000,40.8000,1.799992
_374_,VPWR,li1,13.5700,62.5600,1.799989
_373_,VPWR,li1,84.1800,46.2400,1.799990
_372_,VPWR,li1,48.9900,19.0400,1.799987
_371_,VPWR,li1,89.2400,51.6800,1.799987
_370_,VPWR,li1,14.9500,46.2400,1.799987
_369_,VPWR,li1,92.0000,51.6800,1.799987
_368_,VPWR,li1,58.6500,73.4400,1.799989
_367_,VPWR,li1,28.2900,29.9200,1.799989
_366_,VPWR,li1,40.9400,57.1200,1.799993
_365_,VPWR,li1,62.7900,19.0400,1.799991
_364_,VPWR,li1,88.0900,46.2400,1.799988
_363_,VPWR,li1,59.5700,24.4800,1.799994
_362_,VPWR,li1,56.8100,68.0000,1.799990
_361_,VPWR,li1,62.7900,62.5600,1.799991
_360_,VPWR,li1,83.0300,84.3200,1.799986
_359_,VPWR,li1,22.5400,57.1200,1.799991
_358_,VPWR,li1,74.9800,51.6800,1.799988
_357_,VPWR,li1,13.5700,40.8000,1.799988
_356_,VPWR,li1,87.1700,13.6000,1.799995
_355_,VPWR,li1,79.8100,24.4800,1.799991
_354_,VPWR,li1,29.4400,24.4800,1.799987
_353_,VPWR,li1,46.0000,19.0400,1.799987
_352_,VPWR,li1,88.5500,51.6800,1.799988
_351_,VPWR,li1,37.0300,46.2400,1.799991
_350_,VPWR,li1,20.4700,29.9200,1.799987
_349_,VPWR,li1,39.3300,35.3600,1.799993
_348_,VPWR,li1,87.1700,73.4400,1.799988
_347_,VPWR,li1,11.2700,40.8000,1.799991
_346_,VPWR,li1,46.0000,84.3200,1.799988
_345_,VPWR,li1,85.7900,35.3600,1.799994
_344_,VPWR,li1,33.3500,40.8000,1.799988
_343_,VPWR,li1,70.1500,51.6800,1.799990
_342_,VPWR,li1,53.1300,46.2400,1.799988
_341_,VPWR,li1,81.1900,62.5600,1.799989
_340_,VPWR,li1,44.1600,19.0400,1.799986
_339_,VPWR,li1,21.6200,51.6800,1.799988
_338_,VPWR,li1,15.8700,13.6000,1.799980
_337_,VPWR,li1,21.6200,19.0400,1.799989
_336_,VPWR,li1,63.7100,19.0400,1.799991
_335_,VPWR,li1,62.5600,24.4800,1.799993
_334_,VPWR,li1,84.4100,24.4800,1.799992
_333_,VPWR,li1,66.9300,51.6800,1.799992
_332_,VPWR,li1,77.0500,29.9200,1.799993
_331_,VPWR,li1,89.2400,73.4400,1.799988
_330_,VPWR,li1,8.2800,73.4400,1.799995
_329_,VPWR,li1,65.5500,40.8000,1.799992
_328_,VPWR,li1,10.3500,73.4400,1.799995
_327_,VPWR,li1,37.4900,57.1200,1.799993
_326_,VPWR,li1,91.3100,51.6800,1.799987
_325_,VPWR,li1,62.7900,13.6000,1.799988
_324_,VPWR,li1,10.8100,24.4800,1.799993
_323_,VPWR,li1,49.4500,29.9200,1.799991
_322_,VPWR,li1,58.6500,51.6800,1.799994
_321_,VPWR,li1,85.7900,19.0400,1.799990
_320_,VPWR,li1,26.9100,68.0000,1.799988
_319_,VPWR,li1,40.0200,19.0400,1.799988
_318_,VPWR,li1,58.6500,13.6000,1.799985
_317_,VPWR,li1,78.2000,51.6800,1.799988
_316_,VPWR,li1,71.9900,62.5600,1.799989
_315_,VPWR,li1,33.5800,13.6000,1.799984
_314_,VPWR,li1,39.5600,78.8800,1.799993
_313_,VPWR,li1,26.2200,13.6000,1.799981
_312_,VPWR,li1,33.1200,68.0000,1.799988
_311_,VPWR,li1,45.3100,24.4800,1.799991
_310_,VPWR,li1,17.9400,57.1200,1.799992
_309_,VPWR,li1,34.5000,13.6000,1.799984
_308_,VPWR,li1,25.5300,46.2400,1.799987
_307_,VPWR,li1,72.4500,29.9200,1.799993
_306_,VPWR,li1,88.0900,19.0400,1.799988
_305_,VPWR,li1,8.2800,40.8000,1.799991
_304_,VPWR,li1,60.9500,29.9200,1.799994
_303_,VPWR,li1,29.9000,68.0000,1.799988
_302_,VPWR,li1,56.3500,13.6000,1.799984
_301_,VPWR,li1,73.6000,46.2400,1.799988
_300_,VPWR,li1,36.1100,35.3600,1.799995
_299_,VPWR,li1,48.9900,57.1200,1.799992
_298_,VPWR,li1,54.0500,57.1200,1.799992
_297_,VPWR,li1,92.2300,24.4800,1.799993
_296_,VPWR,li1,43.7000,68.0000,1.799987
_295_,VPWR,li1,46.6900,40.8000,1.799987
_294_,VPWR,li1,69.2300,57.1200,1.799992
_293_,VPWR,li1,59.3400,62.5600,1.799992
_292_,VPWR,li1,46.2300,29.9200,1.799991
_291_,VPWR,li1,43.0100,78.8800,1.799993
_290_,VPWR,li1,48.5300,57.1200,1.799992
_289_,VPWR,li1,11.5000,51.6800,1.799991
_288_,VPWR,li1,47.3800,40.8000,1.799987
_287_,VPWR,li1,37.2600,62.5600,1.799990
_286_,VPWR,li1,18.6300,29.9200,1.799988
_285_,VPWR,li1,60.4900,19.0400,1.799992
_284_,VPWR,li1,47.6100,73.4400,1.799991
_283_,VPWR,li1,14.9500,68.0000,1.799991
_282_,VPWR,li1,56.8100,29.9200,1.799993
_281_,VPWR,li1,32.4300,29.9200,1.799990
_280_,VPWR,li1,85.1000,51.6800,1.799989
_279_,VPWR,li1,24.6100,73.4400,1.799993
_278_,VPWR,li1,47.8400,13.6000,1.799981
_277_,VPWR,li1,8.9700,13.6000,1.799982
_276_,VPWR,li1,14.9500,78.8800,1.799994
_275_,VPWR,li1,89.2400,46.2400,1.799987
_274_,VPWR,li1,9.8900,84.3200,1.799992
_273_,VPWR,li1,81.8800,73.4400,1.799988
_272_,VPWR,li1,46.6900,13.6000,1.799981
_271_,VPWR,li1,84.1800,73.4400,1.799989
_270_,VPWR,li1,55.2000,35.3600,1.799993
_269_,VPWR,li1,16.7900,51.6800,1.799989
_268_,VPWR,li1,48.9900,73.4400,1.799990
_267_,VPWR,li1,50.1400,40.8000,1.799987
_266_,VPWR,li1,53.8200,24.4800,1.799993
_265_,VPWR,li1,35.8800,68.0000,1.799989
_264_,VPWR,li1,29.6700,40.8000,1.799987
_263_,VPWR,li1,19.3200,62.5600,1.799987
_262_,VPWR,li1,28.5200,51.6800,1.799990
_261_,VPWR,li1,25.0700,24.4800,1.799986
_260_,VPWR,li1,33.5800,57.1200,1.799993
_259_,VPWR,li1,88.5500,40.8000,1.799993
_258_,VPWR,li1,72.9100,35.3600,1.799994
_257_,VPWR,li1,72.2200,24.4800,1.799991
_256_,VPWR,li1,76.5900,68.0000,1.799991
_255_,VPWR,li1,32.4300,51.6800,1.799992
_254_,VPWR,li1,20.9300,51.6800,1.799988
_253_,VPWR,li1,36.1100,40.8000,1.799989
_252_,VPWR,li1,61.6400,46.2400,1.799991
_251_,VPWR,li1,33.3500,78.8800,1.799992
_250_,VPWR,li1,91.3100,68.0000,1.799988
_249_,VPWR,li1,55.8900,13.6000,1.799983
_248_,VPWR,li1,8.2800,13.6000,1.799982
