Instance,Terminal,Layer,X location,Y location,Voltage
FILLER_0_27_178,VGND,li1,87.8600,87.0400,0.000007
FILLER_0_27_175,VGND,li1,86.2500,87.0400,0.000007
FILLER_0_27_169,VGND,li1,84.6400,87.0400,0.000007
FILLER_0_27_157,VGND,li1,78.2000,87.0400,0.000008
FILLER_0_27_145,VGND,li1,74.9800,87.0400,0.000008
FILLER_0_27_138,VGND,li1,69.4600,87.0400,0.000007
FILLER_0_27_126,VGND,li1,66.2400,87.0400,0.000007
FILLER_0_27_107,VGND,li1,54.9700,87.0400,0.000009
FILLER_0_27_95,VGND,li1,51.9800,87.0400,0.000009
FILLER_0_27_83,VGND,li1,43.9300,87.0400,0.000008
FILLER_0_27_75,VGND,li1,41.8600,87.0400,0.000008
FILLER_0_27_63,VGND,li1,37.2600,87.0400,0.000006
FILLER_0_27_52,VGND,li1,30.3600,87.0400,0.000007
FILLER_0_27_43,VGND,li1,25.7600,87.0400,0.000007
FILLER_0_27_35,VGND,li1,23.4600,87.0400,0.000007
FILLER_0_27_27,VGND,li1,18.1700,87.0400,0.000007
FILLER_0_27_19,VGND,li1,16.1000,87.0400,0.000006
FILLER_0_27_3,VGND,li1,7.5900,87.0400,0.000006
FILLER_0_26_184,VGND,li1,90.6200,81.6000,0.000008
FILLER_0_26_181,VGND,li1,89.0100,81.6000,0.000007
FILLER_0_26_175,VGND,li1,87.4000,81.6000,0.000007
FILLER_0_26_163,VGND,li1,81.1900,81.6000,0.000008
FILLER_0_26_155,VGND,li1,78.6600,81.6000,0.000008
FILLER_0_26_145,VGND,li1,72.4500,81.6000,0.000008
FILLER_0_26_141,VGND,li1,71.3000,81.6000,0.000008
FILLER_0_26_136,VGND,li1,69.0000,81.6000,0.000007
FILLER_0_26_124,VGND,li1,65.3200,81.6000,0.000006
FILLER_0_26_112,VGND,li1,59.8000,81.6000,0.000007
FILLER_0_26_105,VGND,li1,54.2800,81.6000,0.000007
FILLER_0_26_97,VGND,li1,51.0600,81.6000,0.000007
FILLER_0_26_85,VGND,li1,47.3800,81.6000,0.000006
FILLER_0_26_83,VGND,li1,43.9300,81.6000,0.000005
FILLER_0_26_77,VGND,li1,42.3200,81.6000,0.000005
FILLER_0_26_65,VGND,li1,38.1800,81.6000,0.000004
FILLER_0_26_53,VGND,li1,32.6600,81.6000,0.000005
FILLER_0_26_41,VGND,li1,27.1400,81.6000,0.000005
FILLER_0_26_29,VGND,li1,21.6200,81.6000,0.000005
FILLER_0_26_25,VGND,li1,17.7100,81.6000,0.000005
FILLER_0_26_13,VGND,li1,14.2600,81.6000,0.000004
FILLER_0_25_189,VGND,li1,92.6900,81.6000,0.000008
FILLER_0_25_185,VGND,li1,91.5400,81.6000,0.000008
FILLER_0_25_173,VGND,li1,87.8600,81.6000,0.000007
FILLER_0_25_169,VGND,li1,83.7200,81.6000,0.000008
FILLER_0_25_165,VGND,li1,82.1100,81.6000,0.000008
FILLER_0_25_153,VGND,li1,78.6600,81.6000,0.000008
FILLER_0_25_141,VGND,li1,73.1400,81.6000,0.000008
FILLER_0_25_129,VGND,li1,67.6200,81.6000,0.000007
FILLER_0_25_123,VGND,li1,62.5600,81.6000,0.000007
FILLER_0_25_119,VGND,li1,60.4900,81.6000,0.000007
FILLER_0_25_113,VGND,li1,58.8800,81.6000,0.000007
FILLER_0_25_109,VGND,li1,56.3500,81.6000,0.000007
FILLER_0_25_101,VGND,li1,53.8200,81.6000,0.000007
FILLER_0_25_89,VGND,li1,49.2200,81.6000,0.000006
FILLER_0_25_77,VGND,li1,43.7000,81.6000,0.000005
FILLER_0_25_65,VGND,li1,38.1800,81.6000,0.000004
FILLER_0_25_48,VGND,li1,29.4400,81.6000,0.000005
FILLER_0_25_36,VGND,li1,24.8400,81.6000,0.000005
FILLER_0_25_24,VGND,li1,19.3200,81.6000,0.000005
FILLER_0_25_15,VGND,li1,12.8800,81.6000,0.000004
FILLER_0_25_3,VGND,li1,9.6600,81.6000,0.000005
FILLER_0_24_187,VGND,li1,92.2300,76.1600,0.000006
FILLER_0_24_179,VGND,li1,89.7000,76.1600,0.000006
FILLER_0_24_167,VGND,li1,85.1000,76.1600,0.000007
FILLER_0_24_155,VGND,li1,79.5800,76.1600,0.000009
FILLER_0_24_141,VGND,li1,72.2200,76.1600,0.000011
FILLER_0_24_134,VGND,li1,68.5400,76.1600,0.000012
FILLER_0_24_119,VGND,li1,61.1800,76.1600,0.000011
FILLER_0_24_100,VGND,li1,51.9800,76.1600,0.000011
FILLER_0_24_92,VGND,li1,49.6800,76.1600,0.000011
FILLER_0_24_65,VGND,li1,36.3400,76.1600,0.000009
FILLER_0_24_55,VGND,li1,31.0500,76.1600,0.000010
FILLER_0_24_49,VGND,li1,29.4400,76.1600,0.000011
FILLER_0_24_35,VGND,li1,21.8500,76.1600,0.000010
FILLER_0_24_27,VGND,li1,18.1700,76.1600,0.000009
FILLER_0_24_15,VGND,li1,15.1800,76.1600,0.000007
FILLER_0_24_3,VGND,li1,9.6600,76.1600,0.000007
FILLER_0_23_186,VGND,li1,92.0000,76.1600,0.000006
FILLER_0_23_167,VGND,li1,82.5700,76.1600,0.000008
FILLER_0_23_161,VGND,li1,80.9600,76.1600,0.000009
FILLER_0_23_149,VGND,li1,76.8200,76.1600,0.000010
FILLER_0_23_118,VGND,li1,60.4900,76.1600,0.000011
FILLER_0_23_108,VGND,li1,56.1200,76.1600,0.000011
FILLER_0_23_99,VGND,li1,51.2900,76.1600,0.000011
FILLER_0_23_89,VGND,li1,46.6900,76.1600,0.000011
FILLER_0_23_81,VGND,li1,44.6200,76.1600,0.000009
FILLER_0_23_69,VGND,li1,40.0200,76.1600,0.000008
FILLER_0_23_57,VGND,li1,34.5000,76.1600,0.000010
FILLER_0_23_54,VGND,li1,30.8200,76.1600,0.000010
FILLER_0_23_46,VGND,li1,28.5200,76.1600,0.000011
FILLER_0_23_33,VGND,li1,21.6200,76.1600,0.000010
FILLER_0_23_21,VGND,li1,17.9400,76.1600,0.000009
FILLER_0_23_9,VGND,li1,12.4200,76.1600,0.000006
FILLER_0_22_189,VGND,li1,92.6900,70.7200,0.000006
FILLER_0_22_185,VGND,li1,91.5400,70.7200,0.000006
FILLER_0_22_173,VGND,li1,86.4800,70.7200,0.000007
FILLER_0_22_161,VGND,li1,80.0400,70.7200,0.000008
FILLER_0_22_149,VGND,li1,76.8200,70.7200,0.000008
FILLER_0_22_134,VGND,li1,68.5400,70.7200,0.000008
FILLER_0_22_107,VGND,li1,55.6600,70.7200,0.000007
FILLER_0_22_95,VGND,li1,51.9800,70.7200,0.000007
FILLER_0_22_85,VGND,li1,45.3100,70.7200,0.000008
FILLER_0_22_83,VGND,li1,43.9300,70.7200,0.000008
FILLER_0_22_79,VGND,li1,42.7800,70.7200,0.000008
FILLER_0_22_67,VGND,li1,39.1000,70.7200,0.000007
FILLER_0_22_55,VGND,li1,33.5800,70.7200,0.000009
FILLER_0_22_43,VGND,li1,28.0600,70.7200,0.000009
FILLER_0_22_37,VGND,li1,22.7700,70.7200,0.000009
FILLER_0_22_29,VGND,li1,20.7000,70.7200,0.000008
FILLER_0_22_26,VGND,li1,17.9400,70.7200,0.000008
FILLER_0_22_14,VGND,li1,14.7200,70.7200,0.000006
FILLER_0_22_3,VGND,li1,7.8200,70.7200,0.000008
FILLER_0_21_189,VGND,li1,92.6900,70.7200,0.000006
FILLER_0_21_181,VGND,li1,89.4700,70.7200,0.000006
FILLER_0_21_169,VGND,li1,86.0200,70.7200,0.000007
FILLER_0_21_166,VGND,li1,82.3400,70.7200,0.000008
FILLER_0_21_154,VGND,li1,79.1200,70.7200,0.000008
FILLER_0_21_142,VGND,li1,73.6000,70.7200,0.000008
FILLER_0_21_130,VGND,li1,68.0800,70.7200,0.000007
FILLER_0_21_119,VGND,li1,60.4900,70.7200,0.000006
FILLER_0_21_113,VGND,li1,58.8800,70.7200,0.000007
FILLER_0_21_109,VGND,li1,56.3500,70.7200,0.000007
FILLER_0_21_101,VGND,li1,53.8200,70.7200,0.000007
FILLER_0_21_89,VGND,li1,49.2200,70.7200,0.000008
FILLER_0_21_80,VGND,li1,42.5500,70.7200,0.000008
FILLER_0_21_74,VGND,li1,40.9400,70.7200,0.000008
FILLER_0_21_42,VGND,li1,25.0700,70.7200,0.000009
FILLER_0_21_36,VGND,li1,23.4600,70.7200,0.000009
FILLER_0_21_24,VGND,li1,19.3200,70.7200,0.000008
FILLER_0_21_9,VGND,li1,11.5000,70.7200,0.000008
FILLER_0_20_169,VGND,li1,84.1800,65.2800,0.000011
FILLER_0_20_157,VGND,li1,80.5000,65.2800,0.000012
FILLER_0_20_149,VGND,li1,74.7500,65.2800,0.000011
FILLER_0_20_141,VGND,li1,72.2200,65.2800,0.000011
FILLER_0_20_137,VGND,li1,69.2300,65.2800,0.000010
FILLER_0_20_129,VGND,li1,66.7000,65.2800,0.000010
FILLER_0_20_123,VGND,li1,62.5600,65.2800,0.000009
FILLER_0_20_115,VGND,li1,60.2600,65.2800,0.000011
FILLER_0_20_105,VGND,li1,54.5100,65.2800,0.000013
FILLER_0_20_97,VGND,li1,51.9800,65.2800,0.000013
FILLER_0_20_85,VGND,li1,45.3100,65.2800,0.000013
FILLER_0_20_76,VGND,li1,42.3200,65.2800,0.000012
FILLER_0_20_60,VGND,li1,33.5800,65.2800,0.000011
FILLER_0_20_41,VGND,li1,24.8400,65.2800,0.000014
FILLER_0_20_29,VGND,li1,21.6200,65.2800,0.000012
FILLER_0_20_24,VGND,li1,17.4800,65.2800,0.000010
FILLER_0_20_11,VGND,li1,11.0400,65.2800,0.000008
FILLER_0_20_3,VGND,li1,8.7400,65.2800,0.000008
FILLER_0_19_175,VGND,li1,86.2500,65.2800,0.000011
FILLER_0_19_169,VGND,li1,84.6400,65.2800,0.000011
FILLER_0_19_160,VGND,li1,79.3500,65.2800,0.000012
FILLER_0_19_152,VGND,li1,77.2800,65.2800,0.000012
FILLER_0_19_140,VGND,li1,72.6800,65.2800,0.000011
FILLER_0_19_128,VGND,li1,67.1600,65.2800,0.000010
FILLER_0_19_109,VGND,li1,56.3500,65.2800,0.000012
FILLER_0_19_93,VGND,li1,48.7600,65.2800,0.000013
FILLER_0_19_85,VGND,li1,46.4600,65.2800,0.000013
FILLER_0_19_73,VGND,li1,41.8600,65.2800,0.000012
FILLER_0_19_57,VGND,li1,31.9700,65.2800,0.000012
FILLER_0_19_48,VGND,li1,29.4400,65.2800,0.000013
FILLER_0_19_32,VGND,li1,20.4700,65.2800,0.000012
FILLER_0_19_11,VGND,li1,11.0400,65.2800,0.000008
FILLER_0_19_3,VGND,li1,8.7400,65.2800,0.000008
FILLER_0_18_160,VGND,li1,79.8100,59.8400,0.000009
FILLER_0_18_148,VGND,li1,76.3600,59.8400,0.000010
FILLER_0_18_139,VGND,li1,69.6900,59.8400,0.000010
FILLER_0_18_135,VGND,li1,68.5400,59.8400,0.000009
FILLER_0_18_118,VGND,li1,60.7200,59.8400,0.000008
FILLER_0_18_106,VGND,li1,57.0400,59.8400,0.000009
FILLER_0_18_91,VGND,li1,50.1400,59.8400,0.000009
FILLER_0_18_85,VGND,li1,45.3100,59.8400,0.000009
FILLER_0_18_78,VGND,li1,42.7800,59.8400,0.000009
FILLER_0_18_66,VGND,li1,38.6400,59.8400,0.000007
FILLER_0_18_54,VGND,li1,33.1200,59.8400,0.000009
FILLER_0_18_39,VGND,li1,24.8400,59.8400,0.000011
FILLER_0_18_22,VGND,li1,17.0200,59.8400,0.000010
FILLER_0_18_11,VGND,li1,11.0400,59.8400,0.000008
FILLER_0_18_3,VGND,li1,8.7400,59.8400,0.000008
FILLER_0_17_187,VGND,li1,92.2300,59.8400,0.000008
FILLER_0_17_169,VGND,li1,84.6400,59.8400,0.000009
FILLER_0_17_167,VGND,li1,82.5700,59.8400,0.000009
FILLER_0_17_161,VGND,li1,80.9600,59.8400,0.000009
FILLER_0_17_149,VGND,li1,76.8200,59.8400,0.000010
FILLER_0_17_133,VGND,li1,67.1600,59.8400,0.000009
FILLER_0_17_125,VGND,li1,64.8600,59.8400,0.000008
FILLER_0_17_113,VGND,li1,60.2600,59.8400,0.000008
FILLER_0_17_111,VGND,li1,56.8100,59.8400,0.000009
FILLER_0_17_95,VGND,li1,51.9800,59.8400,0.000009
FILLER_0_17_89,VGND,li1,47.1500,59.8400,0.000009
FILLER_0_17_81,VGND,li1,44.6200,59.8400,0.000009
FILLER_0_17_65,VGND,li1,35.6500,59.8400,0.000008
FILLER_0_17_50,VGND,li1,29.9000,59.8400,0.000010
FILLER_0_17_35,VGND,li1,23.0000,59.8400,0.000010
FILLER_0_17_18,VGND,li1,14.0300,59.8400,0.000008
FILLER_0_17_10,VGND,li1,11.9600,59.8400,0.000008
FILLER_0_17_3,VGND,li1,7.3600,59.8400,0.000008
FILLER_0_16_162,VGND,li1,80.5000,54.4000,0.000015
FILLER_0_16_159,VGND,li1,78.8900,54.4000,0.000015
FILLER_0_16_153,VGND,li1,77.2800,54.4000,0.000015
FILLER_0_16_141,VGND,li1,73.1400,54.4000,0.000013
FILLER_0_16_139,VGND,li1,69.6900,54.4000,0.000011
FILLER_0_16_133,VGND,li1,68.0800,54.4000,0.000011
FILLER_0_16_121,VGND,li1,63.9400,54.4000,0.000008
FILLER_0_16_109,VGND,li1,58.4200,54.4000,0.000009
FILLER_0_16_101,VGND,li1,52.2100,54.4000,0.000009
FILLER_0_16_85,VGND,li1,45.3100,54.4000,0.000008
FILLER_0_16_81,VGND,li1,43.4700,54.4000,0.000008
FILLER_0_16_73,VGND,li1,40.9400,54.4000,0.000008
FILLER_0_16_64,VGND,li1,35.6500,54.4000,0.000008
FILLER_0_16_56,VGND,li1,33.1200,54.4000,0.000009
FILLER_0_16_52,VGND,li1,29.6700,54.4000,0.000010
FILLER_0_16_27,VGND,li1,18.1700,54.4000,0.000008
FILLER_0_16_21,VGND,li1,16.5600,54.4000,0.000008
FILLER_0_16_9,VGND,li1,12.4200,54.4000,0.000006
FILLER_0_15_176,VGND,li1,86.9400,54.4000,0.000012
FILLER_0_15_169,VGND,li1,83.4900,54.4000,0.000015
FILLER_0_15_167,VGND,li1,82.5700,54.4000,0.000015
FILLER_0_15_144,VGND,li1,72.4500,54.4000,0.000013
FILLER_0_15_136,VGND,li1,68.3100,54.4000,0.000011
FILLER_0_15_130,VGND,li1,65.5500,54.4000,0.000009
FILLER_0_15_118,VGND,li1,62.5600,54.4000,0.000008
FILLER_0_15_106,VGND,li1,55.6600,54.4000,0.000009
FILLER_0_15_94,VGND,li1,51.5200,54.4000,0.000009
FILLER_0_15_82,VGND,li1,46.0000,54.4000,0.000008
FILLER_0_15_70,VGND,li1,40.4800,54.4000,0.000008
FILLER_0_15_54,VGND,li1,30.8200,54.4000,0.000010
FILLER_0_15_45,VGND,li1,26.4500,54.4000,0.000010
FILLER_0_15_39,VGND,li1,24.8400,54.4000,0.000010
FILLER_0_15_28,VGND,li1,19.0900,54.4000,0.000009
FILLER_0_15_15,VGND,li1,13.8000,54.4000,0.000006
FILLER_0_15_3,VGND,li1,9.6600,54.4000,0.000007
FILLER_0_14_161,VGND,li1,79.8100,48.9600,0.000010
FILLER_0_14_153,VGND,li1,77.7400,48.9600,0.000010
FILLER_0_14_141,VGND,li1,73.1400,48.9600,0.000010
FILLER_0_14_139,VGND,li1,69.6900,48.9600,0.000009
FILLER_0_14_133,VGND,li1,68.0800,48.9600,0.000009
FILLER_0_14_121,VGND,li1,63.9400,48.9600,0.000007
FILLER_0_14_109,VGND,li1,58.4200,48.9600,0.000008
FILLER_0_14_97,VGND,li1,52.9000,48.9600,0.000009
FILLER_0_14_85,VGND,li1,47.3800,48.9600,0.000009
FILLER_0_14_82,VGND,li1,43.7000,48.9600,0.000008
FILLER_0_14_74,VGND,li1,41.4000,48.9600,0.000008
FILLER_0_14_64,VGND,li1,35.1900,48.9600,0.000008
FILLER_0_14_60,VGND,li1,34.0400,48.9600,0.000009
FILLER_0_14_48,VGND,li1,30.3600,48.9600,0.000010
FILLER_0_14_36,VGND,li1,24.8400,48.9600,0.000012
FILLER_0_14_29,VGND,li1,19.3200,48.9600,0.000013
FILLER_0_14_27,VGND,li1,18.1700,48.9600,0.000013
FILLER_0_14_3,VGND,li1,7.8200,48.9600,0.000013
FILLER_0_13_173,VGND,li1,85.3300,48.9600,0.000009
FILLER_0_13_167,VGND,li1,82.5700,48.9600,0.000010
FILLER_0_13_163,VGND,li1,81.4200,48.9600,0.000010
FILLER_0_13_151,VGND,li1,77.7400,48.9600,0.000010
FILLER_0_13_137,VGND,li1,69.0000,48.9600,0.000009
FILLER_0_13_125,VGND,li1,65.7800,48.9600,0.000008
FILLER_0_13_113,VGND,li1,58.8800,48.9600,0.000008
FILLER_0_13_108,VGND,li1,56.1200,48.9600,0.000009
FILLER_0_13_73,VGND,li1,41.8600,48.9600,0.000008
FILLER_0_13_63,VGND,li1,34.7300,48.9600,0.000009
FILLER_0_13_57,VGND,li1,33.1200,48.9600,0.000009
FILLER_0_13_54,VGND,li1,30.8200,48.9600,0.000010
FILLER_0_13_42,VGND,li1,27.6000,48.9600,0.000011
FILLER_0_13_25,VGND,li1,17.9400,48.9600,0.000013
FILLER_0_13_11,VGND,li1,11.5000,48.9600,0.000012
FILLER_0_13_3,VGND,li1,7.8200,48.9600,0.000013
FILLER_0_12_185,VGND,li1,90.8500,43.5200,0.000007
FILLER_0_12_181,VGND,li1,89.7000,43.5200,0.000006
FILLER_0_12_175,VGND,li1,86.7100,43.5200,0.000006
FILLER_0_12_165,VGND,li1,81.8800,43.5200,0.000007
FILLER_0_12_153,VGND,li1,78.6600,43.5200,0.000006
FILLER_0_12_141,VGND,li1,73.1400,43.5200,0.000006
FILLER_0_12_134,VGND,li1,68.5400,43.5200,0.000006
FILLER_0_12_122,VGND,li1,64.4000,43.5200,0.000006
FILLER_0_12_110,VGND,li1,58.8800,43.5200,0.000010
FILLER_0_12_82,VGND,li1,43.7000,43.5200,0.000012
FILLER_0_12_67,VGND,li1,36.8000,43.5200,0.000011
FILLER_0_12_59,VGND,li1,34.5000,43.5200,0.000012
FILLER_0_12_47,VGND,li1,29.9000,43.5200,0.000013
FILLER_0_12_38,VGND,li1,23.4600,43.5200,0.000015
FILLER_0_12_15,VGND,li1,12.8800,43.5200,0.000011
FILLER_0_11_188,VGND,li1,92.4600,43.5200,0.000007
FILLER_0_11_176,VGND,li1,89.2400,43.5200,0.000006
FILLER_0_11_167,VGND,li1,82.5700,43.5200,0.000007
FILLER_0_11_161,VGND,li1,80.9600,43.5200,0.000007
FILLER_0_11_149,VGND,li1,76.8200,43.5200,0.000006
FILLER_0_11_137,VGND,li1,71.3000,43.5200,0.000006
FILLER_0_11_125,VGND,li1,65.7800,43.5200,0.000006
FILLER_0_11_113,VGND,li1,60.2600,43.5200,0.000008
FILLER_0_11_104,VGND,li1,55.2000,43.5200,0.000011
FILLER_0_11_87,VGND,li1,45.7700,43.5200,0.000013
FILLER_0_11_81,VGND,li1,44.1600,43.5200,0.000012
FILLER_0_11_69,VGND,li1,40.0200,43.5200,0.000010
FILLER_0_11_54,VGND,li1,30.8200,43.5200,0.000013
FILLER_0_11_38,VGND,li1,23.4600,43.5200,0.000015
FILLER_0_11_3,VGND,li1,8.2800,43.5200,0.000011
FILLER_0_10_189,VGND,li1,92.6900,38.0800,0.000005
FILLER_0_10_185,VGND,li1,91.5400,38.0800,0.000005
FILLER_0_10_174,VGND,li1,86.0200,38.0800,0.000006
FILLER_0_10_166,VGND,li1,83.7200,38.0800,0.000008
FILLER_0_10_149,VGND,li1,74.7500,38.0800,0.000008
FILLER_0_10_141,VGND,li1,72.2200,38.0800,0.000008
FILLER_0_10_139,VGND,li1,69.6900,38.0800,0.000007
FILLER_0_10_133,VGND,li1,68.0800,38.0800,0.000007
FILLER_0_10_127,VGND,li1,64.1700,38.0800,0.000005
FILLER_0_10_119,VGND,li1,62.1000,38.0800,0.000006
FILLER_0_10_107,VGND,li1,57.5000,38.0800,0.000007
FILLER_0_10_95,VGND,li1,51.9800,38.0800,0.000007
FILLER_0_10_85,VGND,li1,45.0800,38.0800,0.000007
FILLER_0_10_83,VGND,li1,43.9300,38.0800,0.000006
FILLER_0_10_79,VGND,li1,42.7800,38.0800,0.000006
FILLER_0_10_67,VGND,li1,39.1000,38.0800,0.000005
FILLER_0_10_58,VGND,li1,32.4300,38.0800,0.000005
FILLER_0_10_54,VGND,li1,31.2800,38.0800,0.000005
FILLER_0_10_50,VGND,li1,28.7500,38.0800,0.000005
FILLER_0_10_38,VGND,li1,25.7600,38.0800,0.000005
FILLER_0_10_33,VGND,li1,20.9300,38.0800,0.000005
FILLER_0_10_29,VGND,li1,19.7800,38.0800,0.000005
FILLER_0_10_20,VGND,li1,16.5600,38.0800,0.000005
FILLER_0_10_9,VGND,li1,11.0400,38.0800,0.000005
FILLER_0_9_188,VGND,li1,92.4600,38.0800,0.000005
FILLER_0_9_176,VGND,li1,89.2400,38.0800,0.000005
FILLER_0_9_169,VGND,li1,84.1800,38.0800,0.000008
FILLER_0_9_167,VGND,li1,82.5700,38.0800,0.000008
FILLER_0_9_163,VGND,li1,81.4200,38.0800,0.000008
FILLER_0_9_151,VGND,li1,77.7400,38.0800,0.000008
FILLER_0_9_130,VGND,li1,68.0800,38.0800,0.000007
FILLER_0_9_118,VGND,li1,62.5600,38.0800,0.000006
FILLER_0_9_110,VGND,li1,56.5800,38.0800,0.000007
FILLER_0_9_105,VGND,li1,54.0500,38.0800,0.000007
FILLER_0_9_101,VGND,li1,52.9000,38.0800,0.000007
FILLER_0_9_91,VGND,li1,47.8400,38.0800,0.000007
FILLER_0_9_57,VGND,li1,34.5000,38.0800,0.000005
FILLER_0_9_44,VGND,li1,28.5200,38.0800,0.000005
FILLER_0_9_33,VGND,li1,20.9300,38.0800,0.000005
FILLER_0_9_27,VGND,li1,19.3200,38.0800,0.000005
FILLER_0_9_15,VGND,li1,15.1800,38.0800,0.000004
FILLER_0_9_3,VGND,li1,9.6600,38.0800,0.000005
FILLER_0_8_185,VGND,li1,90.8500,32.6400,0.000005
FILLER_0_8_177,VGND,li1,88.7800,32.6400,0.000004
FILLER_0_8_165,VGND,li1,84.1800,32.6400,0.000004
FILLER_0_8_153,VGND,li1,78.6600,32.6400,0.000004
FILLER_0_8_141,VGND,li1,73.1400,32.6400,0.000004
FILLER_0_8_139,VGND,li1,69.6900,32.6400,0.000003
FILLER_0_8_131,VGND,li1,67.6200,32.6400,0.000003
FILLER_0_8_121,VGND,li1,62.1000,32.6400,0.000004
FILLER_0_8_109,VGND,li1,58.4200,32.6400,0.000004
FILLER_0_8_97,VGND,li1,52.9000,32.6400,0.000005
FILLER_0_8_85,VGND,li1,47.3800,32.6400,0.000005
FILLER_0_8_80,VGND,li1,43.2400,32.6400,0.000005
FILLER_0_8_56,VGND,li1,32.2000,32.6400,0.000009
FILLER_0_8_44,VGND,li1,28.5200,32.6400,0.000010
FILLER_0_8_29,VGND,li1,19.0900,32.6400,0.000010
FILLER_0_8_27,VGND,li1,18.1700,32.6400,0.000010
FILLER_0_8_19,VGND,li1,16.1000,32.6400,0.000008
FILLER_0_8_7,VGND,li1,11.5000,32.6400,0.000007
FILLER_0_7_189,VGND,li1,92.6900,32.6400,0.000005
FILLER_0_7_181,VGND,li1,90.6200,32.6400,0.000005
FILLER_0_7_169,VGND,li1,86.0200,32.6400,0.000004
FILLER_0_7_167,VGND,li1,82.5700,32.6400,0.000004
FILLER_0_7_159,VGND,li1,80.5000,32.6400,0.000004
FILLER_0_7_147,VGND,li1,75.9000,32.6400,0.000004
FILLER_0_7_135,VGND,li1,70.3800,32.6400,0.000003
FILLER_0_7_123,VGND,li1,64.8600,32.6400,0.000003
FILLER_0_7_119,VGND,li1,60.4900,32.6400,0.000004
FILLER_0_7_113,VGND,li1,58.8800,32.6400,0.000004
FILLER_0_7_100,VGND,li1,54.2800,32.6400,0.000005
FILLER_0_7_88,VGND,li1,46.6900,32.6400,0.000005
FILLER_0_7_80,VGND,li1,44.1600,32.6400,0.000005
FILLER_0_7_69,VGND,li1,38.1800,32.6400,0.000005
FILLER_0_7_57,VGND,li1,34.5000,32.6400,0.000008
FILLER_0_7_55,VGND,li1,31.0500,32.6400,0.000009
FILLER_0_7_51,VGND,li1,29.9000,32.6400,0.000010
FILLER_0_7_37,VGND,li1,23.2300,32.6400,0.000011
FILLER_0_7_23,VGND,li1,16.5600,32.6400,0.000008
FILLER_0_7_15,VGND,li1,14.2600,32.6400,0.000007
FILLER_0_7_3,VGND,li1,9.6600,32.6400,0.000007
FILLER_0_6_189,VGND,li1,92.6900,27.2000,0.000010
FILLER_0_6_185,VGND,li1,91.5400,27.2000,0.000010
FILLER_0_6_177,VGND,li1,87.4000,27.2000,0.000009
FILLER_0_6_173,VGND,li1,85.5600,27.2000,0.000010
FILLER_0_6_162,VGND,li1,80.9600,27.2000,0.000013
FILLER_0_6_141,VGND,li1,70.6100,27.2000,0.000010
FILLER_0_6_137,VGND,li1,69.2300,27.2000,0.000010
FILLER_0_6_125,VGND,li1,65.7800,27.2000,0.000009
FILLER_0_6_115,VGND,li1,58.6500,27.2000,0.000009
FILLER_0_6_106,VGND,li1,54.7400,27.2000,0.000010
FILLER_0_6_100,VGND,li1,51.9800,27.2000,0.000010
FILLER_0_6_92,VGND,li1,49.6800,27.2000,0.000010
FILLER_0_6_54,VGND,li1,30.5900,27.2000,0.000013
FILLER_0_6_48,VGND,li1,28.9800,27.2000,0.000013
FILLER_0_6_36,VGND,li1,24.8400,27.2000,0.000013
FILLER_0_6_18,VGND,li1,14.4900,27.2000,0.000007
FILLER_0_6_11,VGND,li1,11.2700,27.2000,0.000007
FILLER_0_6_3,VGND,li1,8.7400,27.2000,0.000007
FILLER_0_5_186,VGND,li1,91.3100,27.2000,0.000010
FILLER_0_5_180,VGND,li1,89.7000,27.2000,0.000010
FILLER_0_5_174,VGND,li1,86.2500,27.2000,0.000010
FILLER_0_5_154,VGND,li1,76.5900,27.2000,0.000012
FILLER_0_5_150,VGND,li1,75.4400,27.2000,0.000012
FILLER_0_5_138,VGND,li1,71.7600,27.2000,0.000011
FILLER_0_5_126,VGND,li1,66.2400,27.2000,0.000009
FILLER_0_5_120,VGND,li1,61.1800,27.2000,0.000009
FILLER_0_5_113,VGND,li1,57.9600,27.2000,0.000010
FILLER_0_5_109,VGND,li1,56.3500,27.2000,0.000010
FILLER_0_5_101,VGND,li1,53.8200,27.2000,0.000010
FILLER_0_5_89,VGND,li1,49.2200,27.2000,0.000010
FILLER_0_5_83,VGND,li1,43.9300,27.2000,0.000011
FILLER_0_5_79,VGND,li1,42.7800,27.2000,0.000011
FILLER_0_5_55,VGND,li1,31.0500,27.2000,0.000013
FILLER_0_5_47,VGND,li1,27.6000,27.2000,0.000013
FILLER_0_5_21,VGND,li1,15.4100,27.2000,0.000007
FILLER_0_5_15,VGND,li1,13.8000,27.2000,0.000007
FILLER_0_5_3,VGND,li1,9.6600,27.2000,0.000007
FILLER_0_4_182,VGND,li1,91.0800,21.7600,0.000007
FILLER_0_4_170,VGND,li1,86.4800,21.7600,0.000007
FILLER_0_4_158,VGND,li1,80.9600,21.7600,0.000008
FILLER_0_4_150,VGND,li1,74.7500,21.7600,0.000008
FILLER_0_4_141,VGND,li1,70.8400,21.7600,0.000008
FILLER_0_4_139,VGND,li1,69.6900,21.7600,0.000008
FILLER_0_4_131,VGND,li1,67.6200,21.7600,0.000008
FILLER_0_4_119,VGND,li1,63.0200,21.7600,0.000007
FILLER_0_4_85,VGND,li1,47.3800,21.7600,0.000010
FILLER_0_4_82,VGND,li1,43.7000,21.7600,0.000009
FILLER_0_4_74,VGND,li1,41.4000,21.7600,0.000008
FILLER_0_4_52,VGND,li1,32.2000,21.7600,0.000008
FILLER_0_4_36,VGND,li1,22.7700,21.7600,0.000008
FILLER_0_4_20,VGND,li1,16.5600,21.7600,0.000007
FILLER_0_3_185,VGND,li1,90.8500,21.7600,0.000007
FILLER_0_3_173,VGND,li1,87.8600,21.7600,0.000007
FILLER_0_3_162,VGND,li1,81.4200,21.7600,0.000008
FILLER_0_3_150,VGND,li1,77.2800,21.7600,0.000008
FILLER_0_3_138,VGND,li1,71.7600,21.7600,0.000008
FILLER_0_3_126,VGND,li1,66.2400,21.7600,0.000008
FILLER_0_3_113,VGND,li1,58.1900,21.7600,0.000009
FILLER_0_3_110,VGND,li1,56.5800,21.7600,0.000009
FILLER_0_3_98,VGND,li1,53.3600,21.7600,0.000010
FILLER_0_3_90,VGND,li1,47.1500,21.7600,0.000010
FILLER_0_3_77,VGND,li1,41.1700,21.7600,0.000008
FILLER_0_3_69,VGND,li1,39.1000,21.7600,0.000007
FILLER_0_3_57,VGND,li1,34.5000,21.7600,0.000008
FILLER_0_3_52,VGND,li1,30.3600,21.7600,0.000008
FILLER_0_3_7,VGND,li1,8.9700,21.7600,0.000007
FILLER_0_3_3,VGND,li1,7.8200,21.7600,0.000007
FILLER_0_2_186,VGND,li1,92.0000,16.3200,0.000007
FILLER_0_2_172,VGND,li1,84.8700,16.3200,0.000009
FILLER_0_2_153,VGND,li1,76.3600,16.3200,0.000010
FILLER_0_2_141,VGND,li1,73.1400,16.3200,0.000010
FILLER_0_2_138,VGND,li1,69.4600,16.3200,0.000010
FILLER_0_2_130,VGND,li1,67.1600,16.3200,0.000010
FILLER_0_2_115,VGND,li1,60.2600,16.3200,0.000013
FILLER_0_2_103,VGND,li1,55.6600,16.3200,0.000014
FILLER_0_2_91,VGND,li1,50.1400,16.3200,0.000015
FILLER_0_2_70,VGND,li1,38.1800,16.3200,0.000013
FILLER_0_2_58,VGND,li1,33.1200,16.3200,0.000014
FILLER_0_2_51,VGND,li1,29.4400,16.3200,0.000014
FILLER_0_2_39,VGND,li1,26.2200,16.3200,0.000014
FILLER_0_2_29,VGND,li1,19.3200,16.3200,0.000013
FILLER_0_2_22,VGND,li1,17.0200,16.3200,0.000013
FILLER_0_2_9,VGND,li1,9.8900,16.3200,0.000013
FILLER_0_1_188,VGND,li1,92.4600,16.3200,0.000007
FILLER_0_1_180,VGND,li1,90.1600,16.3200,0.000007
FILLER_0_1_169,VGND,li1,84.6400,16.3200,0.000009
FILLER_0_1_165,VGND,li1,82.1100,16.3200,0.000010
FILLER_0_1_157,VGND,li1,79.5800,16.3200,0.000010
FILLER_0_1_145,VGND,li1,74.9800,16.3200,0.000010
FILLER_0_1_133,VGND,li1,69.4600,16.3200,0.000010
FILLER_0_1_122,VGND,li1,62.5600,16.3200,0.000012
FILLER_0_1_118,VGND,li1,60.0300,16.3200,0.000013
FILLER_0_1_95,VGND,li1,51.9800,16.3200,0.000015
FILLER_0_1_73,VGND,li1,39.3300,16.3200,0.000013
FILLER_0_1_65,VGND,li1,37.2600,16.3200,0.000013
FILLER_0_1_48,VGND,li1,29.4400,16.3200,0.000014
FILLER_0_1_40,VGND,li1,24.3800,16.3200,0.000014
FILLER_0_1_32,VGND,li1,22.0800,16.3200,0.000013
FILLER_0_1_9,VGND,li1,10.3500,16.3200,0.000012
FILLER_0_0_177,VGND,li1,87.1700,10.8800,0.000009
FILLER_0_0_173,VGND,li1,86.0200,10.8800,0.000009
FILLER_0_0_165,VGND,li1,82.1100,10.8800,0.000009
FILLER_0_0_153,VGND,li1,78.6600,10.8800,0.000009
FILLER_0_0_141,VGND,li1,73.1400,10.8800,0.000008
FILLER_0_0_137,VGND,li1,69.2300,10.8800,0.000008
FILLER_0_0_129,VGND,li1,66.7000,10.8800,0.000008
FILLER_0_0_113,VGND,li1,57.7300,10.8800,0.000010
FILLER_0_0_103,VGND,li1,54.2800,10.8800,0.000010
FILLER_0_0_93,VGND,li1,49.2200,10.8800,0.000010
FILLER_0_0_85,VGND,li1,44.8500,10.8800,0.000009
FILLER_0_0_83,VGND,li1,43.9300,10.8800,0.000009
FILLER_0_0_75,VGND,li1,40.2500,10.8800,0.000008
FILLER_0_0_67,VGND,li1,38.1800,10.8800,0.000007
FILLER_0_0_57,VGND,li1,32.2000,10.8800,0.000009
FILLER_0_0_55,VGND,li1,31.0500,10.8800,0.000009
FILLER_0_0_47,VGND,li1,28.9800,10.8800,0.000009
FILLER_0_0_35,VGND,li1,24.3800,10.8800,0.000009
FILLER_0_0_20,VGND,li1,16.5600,10.8800,0.000009
ANTENNA_6,VGND,li1,79.5800,54.4000,0.000015
ANTENNA_5,VGND,li1,89.7000,81.6000,0.000008
ANTENNA_4,VGND,li1,86.9400,87.0400,0.000007
ANTENNA_3,VGND,li1,25.7600,65.2800,0.000014
ANTENNA_2,VGND,li1,86.4800,27.2000,0.000010
ANTENNA_1,VGND,li1,84.6400,81.6000,0.000008
rebuffer13,VGND,li1,11.7300,16.3200,0.000012
rebuffer12,VGND,li1,66.2400,76.1600,0.000011
rebuffer11,VGND,li1,28.2900,59.8400,0.000010
rebuffer10,VGND,li1,13.3400,48.9600,0.000011
rebuffer9,VGND,li1,20.4700,48.9600,0.000013
rebuffer8,VGND,li1,20.9300,43.5200,0.000015
clone7,VGND,li1,49.2200,43.5200,0.000013
rebuffer6,VGND,li1,84.8700,59.8400,0.000009
rebuffer5,VGND,li1,84.1800,21.7600,0.000008
rebuffer4,VGND,li1,23.4600,38.0800,0.000005
rebuffer3,VGND,li1,22.0800,38.0800,0.000005
rebuffer2,VGND,li1,16.7900,27.2000,0.000009
rebuffer1,VGND,li1,17.4800,43.5200,0.000014
max_cap28,VGND,li1,66.9300,59.8400,0.000009
output27,VGND,li1,90.1600,10.8800,0.000009
output26,VGND,li1,92.0000,21.7600,0.000007
output25,VGND,li1,92.0000,32.6400,0.000005
output24,VGND,li1,92.0000,43.5200,0.000007
output23,VGND,li1,81.8800,54.4000,0.000015
output22,VGND,li1,92.0000,65.2800,0.000012
output21,VGND,li1,92.0000,81.6000,0.000008
output20,VGND,li1,89.2400,87.0400,0.000006
input19,VGND,li1,20.2400,10.8800,0.000009
input18,VGND,li1,51.5200,10.8800,0.000010
input17,VGND,li1,84.1800,10.8800,0.000009
input16,VGND,li1,10.5800,81.6000,0.000005
input15,VGND,li1,20.2400,87.0400,0.000007
input14,VGND,li1,33.1200,87.0400,0.000007
input13,VGND,li1,48.3000,87.0400,0.000009
input12,VGND,li1,56.1200,87.0400,0.000009
input11,VGND,li1,71.3000,87.0400,0.000008
input10,VGND,li1,80.7300,87.0400,0.000008
input9,VGND,li1,91.5400,87.0400,0.000007
input8,VGND,li1,13.8000,10.8800,0.000009
input7,VGND,li1,8.2800,16.3200,0.000013
input6,VGND,li1,7.8200,32.6400,0.000008
input5,VGND,li1,11.0400,43.5200,0.000011
input4,VGND,li1,8.2800,54.4000,0.000007
input3,VGND,li1,8.2800,70.7200,0.000008
input2,VGND,li1,8.2800,81.6000,0.000005
input1,VGND,li1,12.8800,87.0400,0.000006
TAP_TAPCELL_ROW_27_145,VGND,li1,83.0300,86.7480,0.000007
TAP_TAPCELL_ROW_27_144,VGND,li1,70.1500,86.7480,0.000007
TAP_TAPCELL_ROW_27_143,VGND,li1,57.2700,86.7480,0.000008
TAP_TAPCELL_ROW_27_142,VGND,li1,44.3900,86.7480,0.000008
TAP_TAPCELL_ROW_27_141,VGND,li1,31.5100,86.7480,0.000007
TAP_TAPCELL_ROW_27_140,VGND,li1,18.6300,86.7480,0.000007
TAP_TAPCELL_ROW_26_139,VGND,li1,70.1500,81.8910,0.000008
TAP_TAPCELL_ROW_26_138,VGND,li1,44.3900,81.8910,0.000005
TAP_TAPCELL_ROW_26_137,VGND,li1,18.6300,81.8910,0.000005
TAP_TAPCELL_ROW_25_136,VGND,li1,83.0300,81.3080,0.000008
TAP_TAPCELL_ROW_25_135,VGND,li1,57.2700,81.3080,0.000007
TAP_TAPCELL_ROW_25_134,VGND,li1,31.5100,81.3080,0.000005
TAP_TAPCELL_ROW_24_133,VGND,li1,70.1500,76.4510,0.000012
TAP_TAPCELL_ROW_24_132,VGND,li1,44.3900,76.4510,0.000009
TAP_TAPCELL_ROW_24_131,VGND,li1,18.6300,76.4510,0.000009
TAP_TAPCELL_ROW_23_130,VGND,li1,83.0300,75.8680,0.000008
TAP_TAPCELL_ROW_23_129,VGND,li1,57.2700,75.8680,0.000011
TAP_TAPCELL_ROW_23_128,VGND,li1,31.5100,75.8680,0.000010
TAP_TAPCELL_ROW_22_127,VGND,li1,70.1500,71.0110,0.000008
TAP_TAPCELL_ROW_22_126,VGND,li1,44.3900,71.0110,0.000008
TAP_TAPCELL_ROW_22_125,VGND,li1,18.6300,71.0110,0.000008
TAP_TAPCELL_ROW_21_124,VGND,li1,83.0300,70.4280,0.000008
TAP_TAPCELL_ROW_21_123,VGND,li1,57.2700,70.4280,0.000007
TAP_TAPCELL_ROW_21_122,VGND,li1,31.5100,70.4280,0.000009
TAP_TAPCELL_ROW_20_121,VGND,li1,70.1500,65.5710,0.000010
TAP_TAPCELL_ROW_20_120,VGND,li1,44.3900,65.5710,0.000013
TAP_TAPCELL_ROW_20_119,VGND,li1,18.6300,65.5710,0.000011
TAP_TAPCELL_ROW_19_118,VGND,li1,83.0300,64.9880,0.000011
TAP_TAPCELL_ROW_19_117,VGND,li1,57.2700,64.9880,0.000012
TAP_TAPCELL_ROW_19_116,VGND,li1,31.5100,64.9880,0.000012
TAP_TAPCELL_ROW_18_115,VGND,li1,70.1500,60.1310,0.000010
TAP_TAPCELL_ROW_18_114,VGND,li1,44.3900,60.1310,0.000009
TAP_TAPCELL_ROW_18_113,VGND,li1,18.6300,60.1310,0.000010
TAP_TAPCELL_ROW_17_112,VGND,li1,83.0300,59.5480,0.000009
TAP_TAPCELL_ROW_17_111,VGND,li1,57.2700,59.5480,0.000009
TAP_TAPCELL_ROW_17_110,VGND,li1,31.5100,59.5480,0.000009
TAP_TAPCELL_ROW_16_109,VGND,li1,70.1500,54.6910,0.000012
TAP_TAPCELL_ROW_16_108,VGND,li1,44.3900,54.6910,0.000008
TAP_TAPCELL_ROW_16_107,VGND,li1,18.6300,54.6910,0.000009
TAP_TAPCELL_ROW_15_106,VGND,li1,83.0300,54.1080,0.000015
TAP_TAPCELL_ROW_15_105,VGND,li1,57.2700,54.1080,0.000009
TAP_TAPCELL_ROW_15_104,VGND,li1,31.5100,54.1080,0.000009
TAP_TAPCELL_ROW_14_103,VGND,li1,70.1500,49.2510,0.000010
TAP_TAPCELL_ROW_14_102,VGND,li1,44.3900,49.2510,0.000008
TAP_TAPCELL_ROW_14_101,VGND,li1,18.6300,49.2510,0.000013
TAP_TAPCELL_ROW_13_100,VGND,li1,83.0300,48.6680,0.000010
TAP_TAPCELL_ROW_13_99,VGND,li1,57.2700,48.6680,0.000009
TAP_TAPCELL_ROW_13_98,VGND,li1,31.5100,48.6680,0.000010
TAP_TAPCELL_ROW_12_97,VGND,li1,70.1500,43.8110,0.000006
TAP_TAPCELL_ROW_12_96,VGND,li1,44.3900,43.8110,0.000012
TAP_TAPCELL_ROW_12_95,VGND,li1,18.6300,43.8110,0.000014
TAP_TAPCELL_ROW_11_94,VGND,li1,83.0300,43.2280,0.000007
TAP_TAPCELL_ROW_11_93,VGND,li1,57.2700,43.2280,0.000010
TAP_TAPCELL_ROW_11_92,VGND,li1,31.5100,43.2280,0.000013
TAP_TAPCELL_ROW_10_91,VGND,li1,70.1500,38.3710,0.000007
TAP_TAPCELL_ROW_10_90,VGND,li1,44.3900,38.3710,0.000006
TAP_TAPCELL_ROW_10_89,VGND,li1,18.6300,38.3710,0.000005
TAP_TAPCELL_ROW_9_88,VGND,li1,83.0300,37.7880,0.000008
TAP_TAPCELL_ROW_9_87,VGND,li1,57.2700,37.7880,0.000007
TAP_TAPCELL_ROW_9_86,VGND,li1,31.5100,37.7880,0.000005
TAP_TAPCELL_ROW_8_85,VGND,li1,70.1500,32.9310,0.000003
TAP_TAPCELL_ROW_8_84,VGND,li1,44.3900,32.9310,0.000005
TAP_TAPCELL_ROW_8_83,VGND,li1,18.6300,32.9310,0.000010
TAP_TAPCELL_ROW_7_82,VGND,li1,83.0300,32.3480,0.000004
TAP_TAPCELL_ROW_7_81,VGND,li1,57.2700,32.3480,0.000004
TAP_TAPCELL_ROW_7_80,VGND,li1,31.5100,32.3480,0.000009
TAP_TAPCELL_ROW_6_79,VGND,li1,70.1500,27.4910,0.000010
TAP_TAPCELL_ROW_6_78,VGND,li1,44.3900,27.4910,0.000011
TAP_TAPCELL_ROW_6_77,VGND,li1,18.6300,27.4910,0.000010
TAP_TAPCELL_ROW_5_76,VGND,li1,83.0300,26.9080,0.000012
TAP_TAPCELL_ROW_5_75,VGND,li1,57.2700,26.9080,0.000010
TAP_TAPCELL_ROW_5_74,VGND,li1,31.5100,26.9080,0.000013
TAP_TAPCELL_ROW_4_73,VGND,li1,70.1500,22.0510,0.000008
TAP_TAPCELL_ROW_4_72,VGND,li1,44.3900,22.0510,0.000009
TAP_TAPCELL_ROW_4_71,VGND,li1,18.6300,22.0510,0.000007
TAP_TAPCELL_ROW_3_70,VGND,li1,83.0300,21.4680,0.000008
TAP_TAPCELL_ROW_3_69,VGND,li1,57.2700,21.4680,0.000009
TAP_TAPCELL_ROW_3_68,VGND,li1,31.5100,21.4680,0.000008
TAP_TAPCELL_ROW_2_67,VGND,li1,70.1500,16.6110,0.000010
TAP_TAPCELL_ROW_2_66,VGND,li1,44.3900,16.6110,0.000015
TAP_TAPCELL_ROW_2_65,VGND,li1,18.6300,16.6110,0.000013
TAP_TAPCELL_ROW_1_64,VGND,li1,83.0300,16.0280,0.000010
TAP_TAPCELL_ROW_1_63,VGND,li1,57.2700,16.0280,0.000014
TAP_TAPCELL_ROW_1_62,VGND,li1,31.5100,16.0280,0.000014
TAP_TAPCELL_ROW_0_61,VGND,li1,83.0300,11.1710,0.000009
TAP_TAPCELL_ROW_0_60,VGND,li1,70.1500,11.1710,0.000008
TAP_TAPCELL_ROW_0_59,VGND,li1,57.2700,11.1710,0.000010
TAP_TAPCELL_ROW_0_58,VGND,li1,44.3900,11.1710,0.000009
TAP_TAPCELL_ROW_0_57,VGND,li1,31.5100,11.1710,0.000009
TAP_TAPCELL_ROW_0_56,VGND,li1,18.6300,11.1710,0.000009
PHY_EDGE_ROW_27_Left_55,VGND,li1,6.2100,87.0400,0.000006
PHY_EDGE_ROW_26_Left_54,VGND,li1,6.2100,81.6000,0.000005
PHY_EDGE_ROW_25_Left_53,VGND,li1,6.2100,81.6000,0.000005
PHY_EDGE_ROW_24_Left_52,VGND,li1,6.2100,76.1600,0.000007
PHY_EDGE_ROW_23_Left_51,VGND,li1,6.2100,76.1600,0.000007
PHY_EDGE_ROW_22_Left_50,VGND,li1,6.2100,70.7200,0.000008
PHY_EDGE_ROW_21_Left_49,VGND,li1,6.2100,70.7200,0.000008
PHY_EDGE_ROW_20_Left_48,VGND,li1,6.2100,65.2800,0.000008
PHY_EDGE_ROW_19_Left_47,VGND,li1,6.2100,65.2800,0.000008
PHY_EDGE_ROW_18_Left_46,VGND,li1,6.2100,59.8400,0.000008
PHY_EDGE_ROW_17_Left_45,VGND,li1,6.2100,59.8400,0.000008
PHY_EDGE_ROW_16_Left_44,VGND,li1,6.2100,54.4000,0.000007
PHY_EDGE_ROW_15_Left_43,VGND,li1,6.2100,54.4000,0.000007
PHY_EDGE_ROW_14_Left_42,VGND,li1,6.2100,48.9600,0.000013
PHY_EDGE_ROW_13_Left_41,VGND,li1,6.2100,48.9600,0.000013
PHY_EDGE_ROW_12_Left_40,VGND,li1,6.2100,43.5200,0.000011
PHY_EDGE_ROW_11_Left_39,VGND,li1,6.2100,43.5200,0.000011
PHY_EDGE_ROW_10_Left_38,VGND,li1,6.2100,38.0800,0.000005
PHY_EDGE_ROW_9_Left_37,VGND,li1,6.2100,38.0800,0.000005
PHY_EDGE_ROW_8_Left_36,VGND,li1,6.2100,32.6400,0.000008
PHY_EDGE_ROW_7_Left_35,VGND,li1,6.2100,32.6400,0.000008
PHY_EDGE_ROW_6_Left_34,VGND,li1,6.2100,27.2000,0.000007
PHY_EDGE_ROW_5_Left_33,VGND,li1,6.2100,27.2000,0.000007
PHY_EDGE_ROW_4_Left_32,VGND,li1,6.2100,21.7600,0.000007
PHY_EDGE_ROW_3_Left_31,VGND,li1,6.2100,21.7600,0.000007
PHY_EDGE_ROW_2_Left_30,VGND,li1,6.2100,16.3200,0.000013
PHY_EDGE_ROW_1_Left_29,VGND,li1,6.2100,16.3200,0.000013
PHY_EDGE_ROW_0_Left_28,VGND,li1,6.2100,10.8800,0.000010
PHY_EDGE_ROW_27_Right_27,VGND,li1,93.6100,87.0400,0.000007
PHY_EDGE_ROW_26_Right_26,VGND,li1,93.6100,81.6000,0.000008
PHY_EDGE_ROW_25_Right_25,VGND,li1,93.6100,81.6000,0.000008
PHY_EDGE_ROW_24_Right_24,VGND,li1,93.6100,76.1600,0.000006
PHY_EDGE_ROW_23_Right_23,VGND,li1,93.6100,76.1600,0.000006
PHY_EDGE_ROW_22_Right_22,VGND,li1,93.6100,70.7200,0.000006
PHY_EDGE_ROW_21_Right_21,VGND,li1,93.6100,70.7200,0.000006
PHY_EDGE_ROW_20_Right_20,VGND,li1,93.6100,65.2800,0.000012
PHY_EDGE_ROW_19_Right_19,VGND,li1,93.6100,65.2800,0.000012
PHY_EDGE_ROW_18_Right_18,VGND,li1,93.6100,59.8400,0.000008
PHY_EDGE_ROW_17_Right_17,VGND,li1,93.6100,59.8400,0.000008
PHY_EDGE_ROW_16_Right_16,VGND,li1,93.6100,54.4000,0.000011
PHY_EDGE_ROW_15_Right_15,VGND,li1,93.6100,54.4000,0.000011
PHY_EDGE_ROW_14_Right_14,VGND,li1,93.6100,48.9600,0.000007
PHY_EDGE_ROW_13_Right_13,VGND,li1,93.6100,48.9600,0.000007
PHY_EDGE_ROW_12_Right_12,VGND,li1,93.6100,43.5200,0.000007
PHY_EDGE_ROW_11_Right_11,VGND,li1,93.6100,43.5200,0.000007
PHY_EDGE_ROW_10_Right_10,VGND,li1,93.6100,38.0800,0.000005
PHY_EDGE_ROW_9_Right_9,VGND,li1,93.6100,38.0800,0.000005
PHY_EDGE_ROW_8_Right_8,VGND,li1,93.6100,32.6400,0.000005
PHY_EDGE_ROW_7_Right_7,VGND,li1,93.6100,32.6400,0.000005
PHY_EDGE_ROW_6_Right_6,VGND,li1,93.6100,27.2000,0.000010
PHY_EDGE_ROW_5_Right_5,VGND,li1,93.6100,27.2000,0.000010
PHY_EDGE_ROW_4_Right_4,VGND,li1,93.6100,21.7600,0.000007
PHY_EDGE_ROW_3_Right_3,VGND,li1,93.6100,21.7600,0.000007
PHY_EDGE_ROW_2_Right_2,VGND,li1,93.6100,16.3200,0.000007
PHY_EDGE_ROW_1_Right_1,VGND,li1,93.6100,16.3200,0.000007
PHY_EDGE_ROW_0_Right_0,VGND,li1,93.6100,10.8800,0.000009
_503_,VGND,li1,69.9200,76.1600,0.000012
_502_,VGND,li1,46.6900,59.8400,0.000009
_501_,VGND,li1,15.8700,65.2800,0.000010
_500_,VGND,li1,37.4900,48.9600,0.000008
_499_,VGND,li1,12.8800,27.2000,0.000007
_498_,VGND,li1,15.6400,48.9600,0.000013
_497_,VGND,li1,52.4400,43.5200,0.000013
_496_,VGND,li1,54.9700,43.5200,0.000011
_495_,VGND,li1,11.9600,10.8800,0.000010
_494_,VGND,li1,26.4500,59.8400,0.000011
_493_,VGND,li1,21.3900,32.6400,0.000011
_492_,VGND,li1,9.6600,48.9600,0.000013
_491_,VGND,li1,74.7500,81.6000,0.000009
_490_,VGND,li1,55.6600,59.8400,0.000009
_489_,VGND,li1,59.3400,10.8800,0.000010
_488_,VGND,li1,60.9500,16.3200,0.000012
_487_,VGND,li1,33.5800,81.6000,0.000005
_486_,VGND,li1,89.2400,27.2000,0.000010
_485_,VGND,li1,60.4900,87.0400,0.000008
_484_,VGND,li1,44.3900,38.0800,0.000006
_483_,VGND,li1,62.7900,70.7200,0.000006
_482_,VGND,li1,61.4100,32.6400,0.000004
_481_,VGND,li1,30.5900,54.4000,0.000010
_480_,VGND,li1,72.4500,59.8400,0.000010
_479_,VGND,li1,40.7100,32.6400,0.000005
_478_,VGND,li1,16.1000,48.9600,0.000013
_477_,VGND,li1,70.8400,48.9600,0.000010
_476_,VGND,li1,88.0900,65.2800,0.000011
_475_,VGND,li1,66.4700,70.7200,0.000007
_474_,VGND,li1,91.0800,59.8400,0.000008
_473_,VGND,li1,63.0200,70.7200,0.000006
_472_,VGND,li1,37.2600,65.2800,0.000010
_471_,VGND,li1,21.1600,59.8400,0.000010
_470_,VGND,li1,22.5400,32.6400,0.000011
_469_,VGND,li1,58.1900,70.7200,0.000007
_468_,VGND,li1,35.4200,54.4000,0.000008
_467_,VGND,li1,56.3500,76.1600,0.000011
_466_,VGND,li1,47.8400,48.9600,0.000009
_465_,VGND,li1,80.0400,16.3200,0.000010
_464_,VGND,li1,82.3400,59.8400,0.000009
_463_,VGND,li1,46.2300,76.1600,0.000011
_462_,VGND,li1,73.8300,21.7600,0.000008
_461_,VGND,li1,18.8600,16.3200,0.000013
_460_,VGND,li1,64.4000,32.6400,0.000003
_459_,VGND,li1,87.6300,27.2000,0.000009
_458_,VGND,li1,31.0500,16.3200,0.000014
_457_,VGND,li1,90.3900,16.3200,0.000007
_456_,VGND,li1,63.7100,76.1600,0.000010
_455_,VGND,li1,42.0900,10.8800,0.000009
_454_,VGND,li1,55.8900,81.6000,0.000007
_453_,VGND,li1,63.4800,76.1600,0.000010
_452_,VGND,li1,85.1000,81.6000,0.000007
_451_,VGND,li1,77.2800,38.0800,0.000008
_450_,VGND,li1,84.8700,43.5200,0.000006
_449_,VGND,li1,63.9400,81.6000,0.000006
_448_,VGND,li1,28.0600,21.7600,0.000008
_447_,VGND,li1,48.5300,38.0800,0.000007
_446_,VGND,li1,20.0100,43.5200,0.000015
_445_,VGND,li1,40.2500,43.5200,0.000010
_444_,VGND,li1,14.4900,16.3200,0.000012
_443_,VGND,li1,76.5900,21.7600,0.000008
_442_,VGND,li1,42.7800,16.3200,0.000015
_441_,VGND,li1,62.7900,59.8400,0.000007
_440_,VGND,li1,22.5400,65.2800,0.000013
_439_,VGND,li1,38.4100,70.7200,0.000007
_438_,VGND,li1,87.8600,54.4000,0.000012
_437_,VGND,li1,34.5000,38.0800,0.000005
_436_,VGND,li1,83.7200,48.9600,0.000010
_435_,VGND,li1,12.6500,16.3200,0.000012
_434_,VGND,li1,48.0700,65.2800,0.000013
_433_,VGND,li1,25.9900,65.2800,0.000014
_432_,VGND,li1,72.2200,70.7200,0.000008
_431_,VGND,li1,51.0600,65.2800,0.000013
_430_,VGND,li1,25.7600,32.6400,0.000011
_429_,VGND,li1,40.9400,16.3200,0.000014
_428_,VGND,li1,20.4700,21.7600,0.000008
_427_,VGND,li1,13.3400,65.2800,0.000008
_426_,VGND,li1,35.8800,16.3200,0.000013
_425_,VGND,li1,8.9700,59.8400,0.000008
_424_,VGND,li1,53.5900,59.8400,0.000009
_423_,VGND,li1,80.9600,54.4000,0.000015
_422_,VGND,li1,50.1400,38.0800,0.000007
_421_,VGND,li1,53.3600,76.1600,0.000011
_420_,VGND,li1,87.4000,59.8400,0.000008
_419_,VGND,li1,58.8800,21.7600,0.000009
_418_,VGND,li1,26.6800,76.1600,0.000011
_417_,VGND,li1,27.1400,43.5200,0.000015
_416_,VGND,li1,19.5500,27.2000,0.000010
_415_,VGND,li1,24.1500,70.7200,0.000009
_414_,VGND,li1,65.0900,16.3200,0.000010
_413_,VGND,li1,28.0600,21.7600,0.000008
_412_,VGND,li1,83.4900,27.2000,0.000012
_411_,VGND,li1,25.3000,27.2000,0.000013
_410_,VGND,li1,63.9400,65.2800,0.000009
_409_,VGND,li1,52.9000,81.6000,0.000007
_408_,VGND,li1,36.5700,21.7600,0.000008
_407_,VGND,li1,13.3400,65.2800,0.000008
_406_,VGND,li1,33.8100,65.2800,0.000011
_405_,VGND,li1,53.3600,27.2000,0.000010
_404_,VGND,li1,84.1800,48.9600,0.000010
_403_,VGND,li1,54.2800,65.2800,0.000013
_402_,VGND,li1,61.4100,81.6000,0.000007
_401_,VGND,li1,44.3900,16.3200,0.000015
_400_,VGND,li1,45.5400,70.7200,0.000008
_399_,VGND,li1,10.8100,21.7600,0.000007
_398_,VGND,li1,14.9500,43.5200,0.000013
_397_,VGND,li1,23.4600,48.9600,0.000012
_396_,VGND,li1,89.7000,65.2800,0.000011
_395_,VGND,li1,20.2400,76.1600,0.000010
_394_,VGND,li1,39.1000,27.2000,0.000010
_393_,VGND,li1,37.7200,54.4000,0.000007
_392_,VGND,li1,40.7100,32.6400,0.000005
_391_,VGND,li1,16.7900,65.2800,0.000010
_390_,VGND,li1,83.9500,16.3200,0.000009
_389_,VGND,li1,88.7800,59.8400,0.000008
_388_,VGND,li1,15.6400,21.7600,0.000007
_387_,VGND,li1,29.6700,65.2800,0.000013
_386_,VGND,li1,40.0200,27.2000,0.000010
_385_,VGND,li1,8.2800,43.5200,0.000011
_384_,VGND,li1,27.8300,54.4000,0.000010
_383_,VGND,li1,34.9600,27.2000,0.000012
_382_,VGND,li1,22.7700,21.7600,0.000008
_381_,VGND,li1,27.8300,87.0400,0.000008
_380_,VGND,li1,65.0900,59.8400,0.000008
_379_,VGND,li1,38.8700,21.7600,0.000007
_378_,VGND,li1,58.6500,38.0800,0.000007
_377_,VGND,li1,23.6900,76.1600,0.000011
_376_,VGND,li1,75.4400,76.1600,0.000010
_375_,VGND,li1,80.5000,38.0800,0.000008
_374_,VGND,li1,13.5700,59.8400,0.000008
_373_,VGND,li1,84.1800,43.5200,0.000007
_372_,VGND,li1,48.9900,21.7600,0.000010
_371_,VGND,li1,89.2400,48.9600,0.000007
_370_,VGND,li1,14.9500,43.5200,0.000013
_369_,VGND,li1,92.0000,48.9600,0.000007
_368_,VGND,li1,58.6500,76.1600,0.000011
_367_,VGND,li1,28.2900,32.6400,0.000010
_366_,VGND,li1,40.9400,59.8400,0.000009
_365_,VGND,li1,62.7900,21.7600,0.000007
_364_,VGND,li1,88.0900,43.5200,0.000006
_363_,VGND,li1,59.5700,27.2000,0.000009
_362_,VGND,li1,56.8100,65.2800,0.000012
_361_,VGND,li1,62.7900,65.2800,0.000009
_360_,VGND,li1,83.0300,81.6000,0.000008
_359_,VGND,li1,22.5400,54.4000,0.000010
_358_,VGND,li1,74.9800,54.4000,0.000014
_357_,VGND,li1,13.5700,38.0800,0.000004
_356_,VGND,li1,87.1700,16.3200,0.000009
_355_,VGND,li1,79.8100,27.2000,0.000013
_354_,VGND,li1,29.4400,27.2000,0.000013
_353_,VGND,li1,46.0000,16.3200,0.000015
_352_,VGND,li1,88.5500,54.4000,0.000012
_351_,VGND,li1,37.0300,48.9600,0.000008
_350_,VGND,li1,20.4700,27.2000,0.000011
_349_,VGND,li1,39.3300,38.0800,0.000005
_348_,VGND,li1,87.1700,76.1600,0.000006
_347_,VGND,li1,11.2700,43.5200,0.000011
_346_,VGND,li1,46.0000,87.0400,0.000009
_345_,VGND,li1,85.7900,38.0800,0.000006
_344_,VGND,li1,33.3500,43.5200,0.000012
_343_,VGND,li1,70.1500,54.4000,0.000012
_342_,VGND,li1,53.1300,48.9600,0.000009
_341_,VGND,li1,81.1900,65.2800,0.000012
_340_,VGND,li1,44.1600,21.7600,0.000009
_339_,VGND,li1,21.6200,54.4000,0.000010
_338_,VGND,li1,15.8700,16.3200,0.000012
_337_,VGND,li1,21.6200,16.3200,0.000013
_336_,VGND,li1,63.7100,16.3200,0.000010
_335_,VGND,li1,62.5600,27.2000,0.000009
_334_,VGND,li1,84.4100,27.2000,0.000012
_333_,VGND,li1,66.9300,54.4000,0.000009
_332_,VGND,li1,77.0500,27.2000,0.000012
_331_,VGND,li1,89.2400,70.7200,0.000006
_330_,VGND,li1,8.2800,76.1600,0.000007
_329_,VGND,li1,65.5500,38.0800,0.000006
_328_,VGND,li1,10.3500,70.7200,0.000008
_327_,VGND,li1,37.4900,59.8400,0.000007
_326_,VGND,li1,91.3100,54.4000,0.000011
_325_,VGND,li1,62.7900,10.8800,0.000008
_324_,VGND,li1,10.8100,21.7600,0.000007
_323_,VGND,li1,49.4500,32.6400,0.000005
_322_,VGND,li1,58.6500,54.4000,0.000009
_321_,VGND,li1,85.7900,16.3200,0.000009
_320_,VGND,li1,26.9100,70.7200,0.000009
_319_,VGND,li1,40.0200,16.3200,0.000014
_318_,VGND,li1,58.6500,16.3200,0.000013
_317_,VGND,li1,78.2000,54.4000,0.000015
_316_,VGND,li1,71.9900,59.8400,0.000010
_315_,VGND,li1,33.5800,16.3200,0.000014
_314_,VGND,li1,39.5600,76.1600,0.000008
_313_,VGND,li1,26.2200,16.3200,0.000014
_312_,VGND,li1,33.1200,70.7200,0.000009
_311_,VGND,li1,45.3100,27.2000,0.000011
_310_,VGND,li1,17.9400,59.8400,0.000010
_309_,VGND,li1,34.5000,10.8800,0.000009
_308_,VGND,li1,25.5300,43.5200,0.000015
_307_,VGND,li1,72.4500,27.2000,0.000011
_306_,VGND,li1,88.0900,16.3200,0.000007
_305_,VGND,li1,8.2800,38.0800,0.000005
_304_,VGND,li1,60.9500,27.2000,0.000009
_303_,VGND,li1,29.9000,70.7200,0.000009
_302_,VGND,li1,56.3500,10.8800,0.000010
_301_,VGND,li1,73.6000,48.9600,0.000010
_300_,VGND,li1,36.1100,32.6400,0.000008
_299_,VGND,li1,48.9900,54.4000,0.000009
_298_,VGND,li1,54.0500,54.4000,0.000009
_297_,VGND,li1,92.2300,27.2000,0.000010
_296_,VGND,li1,43.7000,70.7200,0.000008
_295_,VGND,li1,46.6900,38.0800,0.000007
_294_,VGND,li1,69.2300,59.8400,0.000010
_293_,VGND,li1,59.3400,65.2800,0.000011
_292_,VGND,li1,46.2300,27.2000,0.000011
_291_,VGND,li1,43.0100,76.1600,0.000009
_290_,VGND,li1,48.5300,59.8400,0.000009
_289_,VGND,li1,11.5000,48.9600,0.000012
_288_,VGND,li1,47.3800,43.5200,0.000013
_287_,VGND,li1,37.2600,65.2800,0.000010
_286_,VGND,li1,18.6300,32.6400,0.000010
_285_,VGND,li1,60.4900,21.7600,0.000009
_284_,VGND,li1,47.6100,70.7200,0.000008
_283_,VGND,li1,14.9500,70.7200,0.000006
_282_,VGND,li1,56.8100,27.2000,0.000010
_281_,VGND,li1,32.4300,27.2000,0.000013
_280_,VGND,li1,85.1000,54.4000,0.000013
_279_,VGND,li1,24.6100,76.1600,0.000011
_278_,VGND,li1,47.8400,16.3200,0.000015
_277_,VGND,li1,8.9700,10.8800,0.000010
_276_,VGND,li1,14.9500,81.6000,0.000005
_275_,VGND,li1,89.2400,48.9600,0.000007
_274_,VGND,li1,9.8900,87.0400,0.000006
_273_,VGND,li1,81.8800,70.7200,0.000008
_272_,VGND,li1,46.6900,10.8800,0.000010
_271_,VGND,li1,84.1800,70.7200,0.000007
_270_,VGND,li1,55.2000,38.0800,0.000007
_269_,VGND,li1,16.7900,54.4000,0.000008
_268_,VGND,li1,48.9900,76.1600,0.000011
_267_,VGND,li1,50.1400,43.5200,0.000013
_266_,VGND,li1,53.8200,21.7600,0.000010
_265_,VGND,li1,35.8800,70.7200,0.000008
_264_,VGND,li1,29.6700,38.0800,0.000005
_263_,VGND,li1,19.3200,65.2800,0.000011
_262_,VGND,li1,28.5200,54.4000,0.000010
_261_,VGND,li1,25.0700,21.7600,0.000008
_260_,VGND,li1,33.5800,59.8400,0.000009
_259_,VGND,li1,88.5500,38.0800,0.000005
_258_,VGND,li1,72.9100,38.0800,0.000008
_257_,VGND,li1,72.2200,21.7600,0.000008
_256_,VGND,li1,76.5900,65.2800,0.000012
_255_,VGND,li1,32.4300,54.4000,0.000009
_254_,VGND,li1,20.9300,48.9600,0.000013
_253_,VGND,li1,36.1100,43.5200,0.000011
_252_,VGND,li1,61.6400,48.9600,0.000008
_251_,VGND,li1,33.3500,76.1600,0.000010
_250_,VGND,li1,91.3100,70.7200,0.000006
_249_,VGND,li1,55.8900,16.3200,0.000014
_248_,VGND,li1,8.2800,16.3200,0.000013
