
===========================================================================
report_checks -unconstrained
===========================================================================
======================= Fastest Corner ===================================

Startpoint: B[0] (input port clocked by __VIRTUAL_CLK__)
Endpoint: out[7] (output port clocked by __VIRTUAL_CLK__)
Path Group: __VIRTUAL_CLK__
Path Type: max
Corner: Fastest

Fanout     Cap    Slew   Delay    Time   Description
-----------------------------------------------------------------------------
                  0.00    0.00    0.00   clock __VIRTUAL_CLK__ (rise edge)
                          0.00    0.00   clock network delay (ideal)
                          2.00    2.00 v input external delay
     1    0.00    0.01    0.00    2.00 v B[0] (in)
                                         B[0] (net)
                  0.01    0.00    2.00 v input9/A (sky130_fd_sc_hd__buf_4)
     5    0.06    0.06    0.12    2.13 v input9/X (sky130_fd_sc_hd__buf_4)
                                         net9 (net)
                  0.06    0.00    2.13 v _251_/A (sky130_fd_sc_hd__buf_6)
    10    0.08    0.06    0.13    2.26 v _251_/X (sky130_fd_sc_hd__buf_6)
                                         _182_ (net)
                  0.06    0.00    2.26 v _252_/A (sky130_fd_sc_hd__clkbuf_4)
    10    0.06    0.09    0.17    2.42 v _252_/X (sky130_fd_sc_hd__clkbuf_4)
                                         _183_ (net)
                  0.09    0.00    2.42 v _298_/A1 (sky130_fd_sc_hd__o21a_2)
     3    0.02    0.06    0.19    2.62 v _298_/X (sky130_fd_sc_hd__o21a_2)
                                         _227_ (net)
                  0.06    0.00    2.62 v _361_/A3 (sky130_fd_sc_hd__o31a_1)
     2    0.01    0.06    0.19    2.81 v _361_/X (sky130_fd_sc_hd__o31a_1)
                                         _040_ (net)
                  0.06    0.00    2.81 v _362_/B (sky130_fd_sc_hd__xnor2_1)
     2    0.02    0.40    0.34    3.16 ^ _362_/Y (sky130_fd_sc_hd__xnor2_1)
                                         _041_ (net)
                  0.40    0.00    3.16 ^ _364_/B (sky130_fd_sc_hd__nor2_1)
     1    0.01    0.10    0.07    3.22 v _364_/Y (sky130_fd_sc_hd__nor2_1)
                                         _043_ (net)
                  0.10    0.00    3.23 v _365_/B (sky130_fd_sc_hd__nor2_1)
     3    0.04    0.44    0.37    3.60 ^ _365_/Y (sky130_fd_sc_hd__nor2_1)
                                         _044_ (net)
                  0.44    0.00    3.60 ^ _375_/A1 (sky130_fd_sc_hd__a21o_1)
     2    0.04    0.24    0.24    3.84 ^ _375_/X (sky130_fd_sc_hd__a21o_1)
                                         _053_ (net)
                  0.24    0.00    3.84 ^ _442_/A1 (sky130_fd_sc_hd__a21o_1)
     4    0.03    0.18    0.20    4.04 ^ _442_/X (sky130_fd_sc_hd__a21o_1)
                                         _119_ (net)
                  0.18    0.00    4.04 ^ _455_/A1 (sky130_fd_sc_hd__a21oi_2)
     1    0.02    0.09    0.07    4.11 v _455_/Y (sky130_fd_sc_hd__a21oi_2)
                                         _131_ (net)
                  0.09    0.00    4.11 v _464_/A1 (sky130_fd_sc_hd__o311a_1)
     1    0.01    0.06    0.27    4.38 v _464_/X (sky130_fd_sc_hd__o311a_1)
                                         _140_ (net)
                  0.06    0.00    4.38 v _503_/A1 (sky130_fd_sc_hd__o32a_4)
     1    0.02    0.06    0.27    4.65 v _503_/X (sky130_fd_sc_hd__o32a_4)
                                         net27 (net)
                  0.06    0.00    4.65 v output27/A (sky130_fd_sc_hd__buf_8)
     1    0.03    0.03    0.11    4.76 v output27/X (sky130_fd_sc_hd__buf_8)
                                         out[7] (net)
                  0.03    0.00    4.76 v out[7] (out)
                                  4.76   data arrival time

                  0.00   10.00   10.00   clock __VIRTUAL_CLK__ (rise edge)
                          0.00   10.00   clock network delay (ideal)
                         -0.25    9.75   clock uncertainty
                          0.00    9.75   clock reconvergence pessimism
                         -2.00    7.75   output external delay
                                  7.75   data required time
-----------------------------------------------------------------------------
                                  7.75   data required time
                                 -4.76   data arrival time
-----------------------------------------------------------------------------
                                  2.99   slack (MET)



======================= Slowest Corner ===================================

Startpoint: B[0] (input port clocked by __VIRTUAL_CLK__)
Endpoint: out[6] (output port clocked by __VIRTUAL_CLK__)
Path Group: __VIRTUAL_CLK__
Path Type: max
Corner: Slowest

Fanout     Cap    Slew   Delay    Time   Description
-----------------------------------------------------------------------------
                  0.00    0.00    0.00   clock __VIRTUAL_CLK__ (rise edge)
                          0.00    0.00   clock network delay (ideal)
                          2.00    2.00 v input external delay
     1    0.00    0.02    0.01    2.01 v B[0] (in)
                                         B[0] (net)
                  0.02    0.00    2.01 v input9/A (sky130_fd_sc_hd__buf_4)
     5    0.06    0.15    0.33    2.35 v input9/X (sky130_fd_sc_hd__buf_4)
                                         net9 (net)
                  0.15    0.00    2.35 v _251_/A (sky130_fd_sc_hd__buf_6)
    10    0.08    0.13    0.35    2.70 v _251_/X (sky130_fd_sc_hd__buf_6)
                                         _182_ (net)
                  0.13    0.00    2.70 v _252_/A (sky130_fd_sc_hd__clkbuf_4)
    10    0.06    0.21    0.43    3.13 v _252_/X (sky130_fd_sc_hd__clkbuf_4)
                                         _183_ (net)
                  0.21    0.00    3.13 v _298_/A1 (sky130_fd_sc_hd__o21a_2)
     3    0.02    0.15    0.57    3.70 v _298_/X (sky130_fd_sc_hd__o21a_2)
                                         _227_ (net)
                  0.15    0.00    3.70 v _361_/A3 (sky130_fd_sc_hd__o31a_1)
     2    0.01    0.17    0.61    4.31 v _361_/X (sky130_fd_sc_hd__o31a_1)
                                         _040_ (net)
                  0.17    0.00    4.31 v _362_/B (sky130_fd_sc_hd__xnor2_1)
     2    0.02    0.91    0.84    5.15 ^ _362_/Y (sky130_fd_sc_hd__xnor2_1)
                                         _041_ (net)
                  0.91    0.00    5.15 ^ _364_/B (sky130_fd_sc_hd__nor2_1)
     1    0.01    0.23    0.43    5.57 v _364_/Y (sky130_fd_sc_hd__nor2_1)
                                         _043_ (net)
                  0.23    0.00    5.57 v _365_/B (sky130_fd_sc_hd__nor2_1)
     3    0.03    1.02    0.91    6.49 ^ _365_/Y (sky130_fd_sc_hd__nor2_1)
                                         _044_ (net)
                  1.02    0.00    6.49 ^ _375_/A1 (sky130_fd_sc_hd__a21o_1)
     2    0.04    0.50    0.85    7.33 ^ _375_/X (sky130_fd_sc_hd__a21o_1)
                                         _053_ (net)
                  0.50    0.00    7.34 ^ _442_/A1 (sky130_fd_sc_hd__a21o_1)
     4    0.03    0.38    0.62    7.96 ^ _442_/X (sky130_fd_sc_hd__a21o_1)
                                         _119_ (net)
                  0.38    0.00    7.96 ^ _448_/A1 (sky130_fd_sc_hd__o21a_1)
     2    0.04    0.65    0.81    8.77 ^ _448_/X (sky130_fd_sc_hd__o21a_1)
                                         _125_ (net)
                  0.65    0.00    8.77 ^ _452_/A2 (sky130_fd_sc_hd__a21oi_1)
     1    0.01    0.21    0.43    9.20 v _452_/Y (sky130_fd_sc_hd__a21oi_1)
                                         _129_ (net)
                  0.21    0.00    9.20 v _453_/B2 (sky130_fd_sc_hd__a22oi_2)
     1    0.02    0.43    0.50    9.70 ^ _453_/Y (sky130_fd_sc_hd__a22oi_2)
                                         net26 (net)
                  0.43    0.00    9.70 ^ output26/A (sky130_fd_sc_hd__buf_2)
     1    0.03    0.27    0.52   10.22 ^ output26/X (sky130_fd_sc_hd__buf_2)
                                         out[6] (net)
                  0.27    0.00   10.22 ^ out[6] (out)
                                 10.22   data arrival time

                  0.00   10.00   10.00   clock __VIRTUAL_CLK__ (rise edge)
                          0.00   10.00   clock network delay (ideal)
                         -0.25    9.75   clock uncertainty
                          0.00    9.75   clock reconvergence pessimism
                         -2.00    7.75   output external delay
                                  7.75   data required time
-----------------------------------------------------------------------------
                                  7.75   data required time
                                -10.22   data arrival time
-----------------------------------------------------------------------------
                                 -2.47   slack (VIOLATED)



======================= Typical Corner ===================================

Startpoint: B[0] (input port clocked by __VIRTUAL_CLK__)
Endpoint: out[6] (output port clocked by __VIRTUAL_CLK__)
Path Group: __VIRTUAL_CLK__
Path Type: max
Corner: Typical

Fanout     Cap    Slew   Delay    Time   Description
-----------------------------------------------------------------------------
                  0.00    0.00    0.00   clock __VIRTUAL_CLK__ (rise edge)
                          0.00    0.00   clock network delay (ideal)
                          2.00    2.00 v input external delay
     1    0.00    0.01    0.01    2.01 v B[0] (in)
                                         B[0] (net)
                  0.01    0.00    2.01 v input9/A (sky130_fd_sc_hd__buf_4)
     5    0.06    0.08    0.18    2.19 v input9/X (sky130_fd_sc_hd__buf_4)
                                         net9 (net)
                  0.08    0.00    2.19 v _251_/A (sky130_fd_sc_hd__buf_6)
    10    0.08    0.08    0.19    2.38 v _251_/X (sky130_fd_sc_hd__buf_6)
                                         _182_ (net)
                  0.08    0.00    2.38 v _252_/A (sky130_fd_sc_hd__clkbuf_4)
    10    0.06    0.12    0.24    2.62 v _252_/X (sky130_fd_sc_hd__clkbuf_4)
                                         _183_ (net)
                  0.12    0.00    2.63 v _298_/A1 (sky130_fd_sc_hd__o21a_2)
     3    0.02    0.08    0.30    2.93 v _298_/X (sky130_fd_sc_hd__o21a_2)
                                         _227_ (net)
                  0.08    0.00    2.93 v _361_/A3 (sky130_fd_sc_hd__o31a_1)
     2    0.01    0.09    0.31    3.24 v _361_/X (sky130_fd_sc_hd__o31a_1)
                                         _040_ (net)
                  0.09    0.00    3.24 v _362_/B (sky130_fd_sc_hd__xnor2_1)
     2    0.02    0.56    0.50    3.73 ^ _362_/Y (sky130_fd_sc_hd__xnor2_1)
                                         _041_ (net)
                  0.56    0.00    3.73 ^ _364_/B (sky130_fd_sc_hd__nor2_1)
     1    0.01    0.14    0.17    3.90 v _364_/Y (sky130_fd_sc_hd__nor2_1)
                                         _043_ (net)
                  0.14    0.00    3.90 v _365_/B (sky130_fd_sc_hd__nor2_1)
     3    0.03    0.61    0.54    4.44 ^ _365_/Y (sky130_fd_sc_hd__nor2_1)
                                         _044_ (net)
                  0.61    0.00    4.44 ^ _375_/A1 (sky130_fd_sc_hd__a21o_1)
     2    0.04    0.32    0.41    4.85 ^ _375_/X (sky130_fd_sc_hd__a21o_1)
                                         _053_ (net)
                  0.32    0.00    4.85 ^ _442_/A1 (sky130_fd_sc_hd__a21o_1)
     4    0.03    0.24    0.32    5.17 ^ _442_/X (sky130_fd_sc_hd__a21o_1)
                                         _119_ (net)
                  0.24    0.00    5.18 ^ _448_/A1 (sky130_fd_sc_hd__o21a_1)
     2    0.04    0.40    0.44    5.62 ^ _448_/X (sky130_fd_sc_hd__o21a_1)
                                         _125_ (net)
                  0.40    0.00    5.62 ^ _452_/A2 (sky130_fd_sc_hd__a21oi_1)
     1    0.01    0.12    0.18    5.80 v _452_/Y (sky130_fd_sc_hd__a21oi_1)
                                         _129_ (net)
                  0.12    0.00    5.80 v _453_/B2 (sky130_fd_sc_hd__a22oi_2)
     1    0.02    0.28    0.30    6.10 ^ _453_/Y (sky130_fd_sc_hd__a22oi_2)
                                         net26 (net)
                  0.28    0.00    6.10 ^ output26/A (sky130_fd_sc_hd__buf_2)
     1    0.03    0.17    0.28    6.38 ^ output26/X (sky130_fd_sc_hd__buf_2)
                                         out[6] (net)
                  0.17    0.00    6.38 ^ out[6] (out)
                                  6.38   data arrival time

                  0.00   10.00   10.00   clock __VIRTUAL_CLK__ (rise edge)
                          0.00   10.00   clock network delay (ideal)
                         -0.25    9.75   clock uncertainty
                          0.00    9.75   clock reconvergence pessimism
                         -2.00    7.75   output external delay
                                  7.75   data required time
-----------------------------------------------------------------------------
                                  7.75   data required time
                                 -6.38   data arrival time
-----------------------------------------------------------------------------
                                  1.37   slack (MET)




===========================================================================
report_checks --slack_max -0.01
============================================================================
======================= Fastest Corner ===================================

No paths found.

======================= Slowest Corner ===================================

Startpoint: B[0] (input port clocked by __VIRTUAL_CLK__)
Endpoint: out[6] (output port clocked by __VIRTUAL_CLK__)
Path Group: __VIRTUAL_CLK__
Path Type: max
Corner: Slowest

Fanout     Cap    Slew   Delay    Time   Description
-----------------------------------------------------------------------------
                  0.00    0.00    0.00   clock __VIRTUAL_CLK__ (rise edge)
                          0.00    0.00   clock network delay (ideal)
                          2.00    2.00 v input external delay
     1    0.00    0.02    0.01    2.01 v B[0] (in)
                                         B[0] (net)
                  0.02    0.00    2.01 v input9/A (sky130_fd_sc_hd__buf_4)
     5    0.06    0.15    0.33    2.35 v input9/X (sky130_fd_sc_hd__buf_4)
                                         net9 (net)
                  0.15    0.00    2.35 v _251_/A (sky130_fd_sc_hd__buf_6)
    10    0.08    0.13    0.35    2.70 v _251_/X (sky130_fd_sc_hd__buf_6)
                                         _182_ (net)
                  0.13    0.00    2.70 v _252_/A (sky130_fd_sc_hd__clkbuf_4)
    10    0.06    0.21    0.43    3.13 v _252_/X (sky130_fd_sc_hd__clkbuf_4)
                                         _183_ (net)
                  0.21    0.00    3.13 v _298_/A1 (sky130_fd_sc_hd__o21a_2)
     3    0.02    0.15    0.57    3.70 v _298_/X (sky130_fd_sc_hd__o21a_2)
                                         _227_ (net)
                  0.15    0.00    3.70 v _361_/A3 (sky130_fd_sc_hd__o31a_1)
     2    0.01    0.17    0.61    4.31 v _361_/X (sky130_fd_sc_hd__o31a_1)
                                         _040_ (net)
                  0.17    0.00    4.31 v _362_/B (sky130_fd_sc_hd__xnor2_1)
     2    0.02    0.91    0.84    5.15 ^ _362_/Y (sky130_fd_sc_hd__xnor2_1)
                                         _041_ (net)
                  0.91    0.00    5.15 ^ _364_/B (sky130_fd_sc_hd__nor2_1)
     1    0.01    0.23    0.43    5.57 v _364_/Y (sky130_fd_sc_hd__nor2_1)
                                         _043_ (net)
                  0.23    0.00    5.57 v _365_/B (sky130_fd_sc_hd__nor2_1)
     3    0.03    1.02    0.91    6.49 ^ _365_/Y (sky130_fd_sc_hd__nor2_1)
                                         _044_ (net)
                  1.02    0.00    6.49 ^ _375_/A1 (sky130_fd_sc_hd__a21o_1)
     2    0.04    0.50    0.85    7.33 ^ _375_/X (sky130_fd_sc_hd__a21o_1)
                                         _053_ (net)
                  0.50    0.00    7.34 ^ _442_/A1 (sky130_fd_sc_hd__a21o_1)
     4    0.03    0.38    0.62    7.96 ^ _442_/X (sky130_fd_sc_hd__a21o_1)
                                         _119_ (net)
                  0.38    0.00    7.96 ^ _448_/A1 (sky130_fd_sc_hd__o21a_1)
     2    0.04    0.65    0.81    8.77 ^ _448_/X (sky130_fd_sc_hd__o21a_1)
                                         _125_ (net)
                  0.65    0.00    8.77 ^ _452_/A2 (sky130_fd_sc_hd__a21oi_1)
     1    0.01    0.21    0.43    9.20 v _452_/Y (sky130_fd_sc_hd__a21oi_1)
                                         _129_ (net)
                  0.21    0.00    9.20 v _453_/B2 (sky130_fd_sc_hd__a22oi_2)
     1    0.02    0.43    0.50    9.70 ^ _453_/Y (sky130_fd_sc_hd__a22oi_2)
                                         net26 (net)
                  0.43    0.00    9.70 ^ output26/A (sky130_fd_sc_hd__buf_2)
     1    0.03    0.27    0.52   10.22 ^ output26/X (sky130_fd_sc_hd__buf_2)
                                         out[6] (net)
                  0.27    0.00   10.22 ^ out[6] (out)
                                 10.22   data arrival time

                  0.00   10.00   10.00   clock __VIRTUAL_CLK__ (rise edge)
                          0.00   10.00   clock network delay (ideal)
                         -0.25    9.75   clock uncertainty
                          0.00    9.75   clock reconvergence pessimism
                         -2.00    7.75   output external delay
                                  7.75   data required time
-----------------------------------------------------------------------------
                                  7.75   data required time
                                -10.22   data arrival time
-----------------------------------------------------------------------------
                                 -2.47   slack (VIOLATED)



======================= Typical Corner ===================================

No paths found.


===========================================================================
 report_check_types -max_slew -max_cap -max_fanout -violators
============================================================================
======================= Fastest Corner ===================================


max slew violations count Fastest: 0
max fanout violations count Fastest: 0
max cap violations count Fastest: 0
======================= Slowest Corner ===================================

max slew

Pin                                    Limit    Slew   Slack
------------------------------------------------------------
_367_/A                                 0.75    1.02   -0.27 (VIOLATED)
_368_/A                                 0.75    1.02   -0.27 (VIOLATED)
_365_/Y                                 0.75    1.02   -0.27 (VIOLATED)
_375_/A1                                0.75    1.02   -0.27 (VIOLATED)
_264_/Y                                 0.75    1.00   -0.25 (VIOLATED)
_265_/A                                 0.75    1.00   -0.25 (VIOLATED)
_371_/B1                                0.75    1.00   -0.25 (VIOLATED)
_407_/B1                                0.75    1.00   -0.25 (VIOLATED)
_377_/Y                                 0.75    0.93   -0.18 (VIOLATED)
_378_/B                                 0.75    0.93   -0.18 (VIOLATED)
_379_/B                                 0.75    0.93   -0.18 (VIOLATED)
_363_/B                                 0.75    0.91   -0.16 (VIOLATED)
_364_/B                                 0.75    0.91   -0.16 (VIOLATED)
_362_/Y                                 0.75    0.91   -0.16 (VIOLATED)
_435_/Y                                 0.75    0.85   -0.10 (VIOLATED)
_436_/C1                                0.75    0.85   -0.10 (VIOLATED)
_437_/A2                                0.75    0.85   -0.10 (VIOLATED)
_465_/C1                                0.75    0.85   -0.10 (VIOLATED)
_296_/Y                                 0.75    0.84   -0.09 (VIOLATED)
_297_/B                                 0.75    0.84   -0.09 (VIOLATED)
_369_/Y                                 0.75    0.84   -0.09 (VIOLATED)
_370_/B2                                0.75    0.84   -0.09 (VIOLATED)


max slew violations count Slowest: 22
max fanout violations count Slowest: 0
max cap violations count Slowest: 0
======================= Typical Corner ===================================


max slew violations count Typical: 0
max fanout violations count Typical: 0
max cap violations count Typical: 0

===========================================================================
report_parasitic_annotation -report_unannotated
============================================================================
Found 0 unannotated drivers.
Found 0 partially unannotated drivers.

===========================================================================
max slew violation count 22
max fanout violation count 0
max cap violation count 0
============================================================================

===========================================================================
check_setup -verbose -unconstrained_endpoints -multiple_clock -no_clock -no_input_delay -loops -generated_clocks
===========================================================================
